[0.019s] Invoking command in '/home/shiva/Documents/robot_arm/build/robot_arm_moveit': CMAKE_PREFIX_PATH=${CMAKE_PREFIX_PATH}:/home/shiva/Documents/wrk_spc/install/my_pkg:/opt/ros/humble /usr/bin/cmake --build /home/shiva/Documents/robot_arm/build/robot_arm_moveit -- -j8 -l8
[0.052s] Invoked command in '/home/shiva/Documents/robot_arm/build/robot_arm_moveit' returned '0': CMAKE_PREFIX_PATH=${CMAKE_PREFIX_PATH}:/home/shiva/Documents/wrk_spc/install/my_pkg:/opt/ros/humble /usr/bin/cmake --build /home/shiva/Documents/robot_arm/build/robot_arm_moveit -- -j8 -l8
[0.092s] Invoking command in '/home/shiva/Documents/robot_arm/build/robot_arm_moveit': CMAKE_PREFIX_PATH=${CMAKE_PREFIX_PATH}:/home/shiva/Documents/wrk_spc/install/my_pkg:/opt/ros/humble /usr/bin/cmake --install /home/shiva/Documents/robot_arm/build/robot_arm_moveit
[0.100s] -- Install configuration: ""
[0.100s] -- Up-to-date: /home/shiva/Documents/robot_arm/install/robot_arm_moveit/share/robot_arm_moveit/launch
[0.101s] -- Up-to-date: /home/shiva/Documents/robot_arm/install/robot_arm_moveit/share/robot_arm_moveit/launch/moveit.launch.py
[0.101s] -- Up-to-date: /home/shiva/Documents/robot_arm/install/robot_arm_moveit/share/robot_arm_moveit/config
[0.101s] -- Up-to-date: /home/shiva/Documents/robot_arm/install/robot_arm_moveit/share/robot_arm_moveit/config/initial_positions.yaml
[0.101s] -- Up-to-date: /home/shiva/Documents/robot_arm/install/robot_arm_moveit/share/robot_arm_moveit/config/pilz_cartesian_limits.yaml
[0.101s] -- Up-to-date: /home/shiva/Documents/robot_arm/install/robot_arm_moveit/share/robot_arm_moveit/config/joint_limits.yaml
[0.101s] -- Up-to-date: /home/shiva/Documents/robot_arm/install/robot_arm_moveit/share/robot_arm_moveit/config/moveit_rviz_config.rviz
[0.101s] -- Up-to-date: /home/shiva/Documents/robot_arm/install/robot_arm_moveit/share/robot_arm_moveit/config/kinematics.yaml
[0.101s] -- Up-to-date: /home/shiva/Documents/robot_arm/install/robot_arm_moveit/share/robot_arm_moveit/config/robot_arm.srdf
[0.101s] -- Up-to-date: /home/shiva/Documents/robot_arm/install/robot_arm_moveit/share/robot_arm_moveit/config/moveit_controllers.yaml
[0.101s] -- Up-to-date: /home/shiva/Documents/robot_arm/install/robot_arm_moveit/share/ament_index/resource_index/package_run_dependencies/robot_arm_moveit
[0.101s] -- Up-to-date: /home/shiva/Documents/robot_arm/install/robot_arm_moveit/share/ament_index/resource_index/parent_prefix_path/robot_arm_moveit
[0.101s] -- Up-to-date: /home/shiva/Documents/robot_arm/install/robot_arm_moveit/share/robot_arm_moveit/environment/ament_prefix_path.sh
[0.101s] -- Up-to-date: /home/shiva/Documents/robot_arm/install/robot_arm_moveit/share/robot_arm_moveit/environment/ament_prefix_path.dsv
[0.101s] -- Up-to-date: /home/shiva/Documents/robot_arm/install/robot_arm_moveit/share/robot_arm_moveit/environment/path.sh
[0.102s] -- Up-to-date: /home/shiva/Documents/robot_arm/install/robot_arm_moveit/share/robot_arm_moveit/environment/path.dsv
[0.102s] -- Up-to-date: /home/shiva/Documents/robot_arm/install/robot_arm_moveit/share/robot_arm_moveit/local_setup.bash
[0.102s] -- Up-to-date: /home/shiva/Documents/robot_arm/install/robot_arm_moveit/share/robot_arm_moveit/local_setup.sh
[0.102s] -- Up-to-date: /home/shiva/Documents/robot_arm/install/robot_arm_moveit/share/robot_arm_moveit/local_setup.zsh
[0.102s] -- Up-to-date: /home/shiva/Documents/robot_arm/install/robot_arm_moveit/share/robot_arm_moveit/local_setup.dsv
[0.102s] -- Up-to-date: /home/shiva/Documents/robot_arm/install/robot_arm_moveit/share/robot_arm_moveit/package.dsv
[0.102s] -- Up-to-date: /home/shiva/Documents/robot_arm/install/robot_arm_moveit/share/ament_index/resource_index/packages/robot_arm_moveit
[0.102s] -- Up-to-date: /home/shiva/Documents/robot_arm/install/robot_arm_moveit/share/robot_arm_moveit/cmake/robot_arm_moveitConfig.cmake
[0.102s] -- Up-to-date: /home/shiva/Documents/robot_arm/install/robot_arm_moveit/share/robot_arm_moveit/cmake/robot_arm_moveitConfig-version.cmake
[0.102s] -- Up-to-date: /home/shiva/Documents/robot_arm/install/robot_arm_moveit/share/robot_arm_moveit/package.xml
[0.124s] Invoked command in '/home/shiva/Documents/robot_arm/build/robot_arm_moveit' returned '0': CMAKE_PREFIX_PATH=${CMAKE_PREFIX_PATH}:/home/shiva/Documents/wrk_spc/install/my_pkg:/opt/ros/humble /usr/bin/cmake --install /home/shiva/Documents/robot_arm/build/robot_arm_moveit
