[0.020s] Invoking command in '/home/shiva/Documents/robot_arm/build/robot_arm_controller': CMAKE_PREFIX_PATH=${CMAKE_PREFIX_PATH}:/home/shiva/Documents/wrk_spc/install/my_pkg:/opt/ros/humble /usr/bin/cmake /home/shiva/Documents/robot_arm/src/robot_arm_controller -DCMAKE_INSTALL_PREFIX=/home/shiva/Documents/robot_arm/install/robot_arm_controller
[0.114s] -- The C compiler identification is GNU 11.4.0
[0.185s] -- The CXX compiler identification is GNU 11.4.0
[0.195s] -- Detecting C compiler ABI info
[0.270s] -- Detecting C compiler ABI info - done
[0.279s] -- Check for working C compiler: /usr/bin/cc - skipped
[0.279s] -- Detecting C compile features
[0.280s] -- Detecting C compile features - done
[0.283s] -- Detecting CXX compiler ABI info
[0.365s] -- Detecting CXX compiler ABI info - done
[0.375s] -- Check for working CXX compiler: /usr/bin/c++ - skipped
[0.375s] -- Detecting CXX compile features
[0.375s] -- Detecting CXX compile features - done
[0.378s] -- Found ament_cmake: 1.3.10 (/opt/ros/humble/share/ament_cmake/cmake)
[1.365s] -- Found Python3: /home/shiva/.pyenv/shims/python3 (found version "3.10.9") found components: Interpreter 
[1.599s] -- Found ament_lint_auto: 0.12.11 (/opt/ros/humble/share/ament_lint_auto/cmake)
[1.848s] -- Added test 'flake8' to check Python code syntax and style conventions
[1.848s] -- Added test 'lint_cmake' to check CMake code style
[1.848s] -- Added test 'pep257' to check Python code against some of the docstring style conventions in PEP 257
[1.849s] -- Added test 'xmllint' to check XML markup files
[1.851s] -- Configuring done
[1.853s] -- Generating done
[1.854s] -- Build files have been written to: /home/shiva/Documents/robot_arm/build/robot_arm_controller
[1.859s] Invoked command in '/home/shiva/Documents/robot_arm/build/robot_arm_controller' returned '0': CMAKE_PREFIX_PATH=${CMAKE_PREFIX_PATH}:/home/shiva/Documents/wrk_spc/install/my_pkg:/opt/ros/humble /usr/bin/cmake /home/shiva/Documents/robot_arm/src/robot_arm_controller -DCMAKE_INSTALL_PREFIX=/home/shiva/Documents/robot_arm/install/robot_arm_controller
[1.861s] Invoking command in '/home/shiva/Documents/robot_arm/build/robot_arm_controller': CMAKE_PREFIX_PATH=${CMAKE_PREFIX_PATH}:/home/shiva/Documents/wrk_spc/install/my_pkg:/opt/ros/humble /usr/bin/cmake --build /home/shiva/Documents/robot_arm/build/robot_arm_controller -- -j8 -l8
[1.897s] Invoked command in '/home/shiva/Documents/robot_arm/build/robot_arm_controller' returned '0': CMAKE_PREFIX_PATH=${CMAKE_PREFIX_PATH}:/home/shiva/Documents/wrk_spc/install/my_pkg:/opt/ros/humble /usr/bin/cmake --build /home/shiva/Documents/robot_arm/build/robot_arm_controller -- -j8 -l8
[1.927s] Invoking command in '/home/shiva/Documents/robot_arm/build/robot_arm_controller': CMAKE_PREFIX_PATH=${CMAKE_PREFIX_PATH}:/home/shiva/Documents/wrk_spc/install/my_pkg:/opt/ros/humble /usr/bin/cmake --install /home/shiva/Documents/robot_arm/build/robot_arm_controller
[1.935s] -- Install configuration: ""
[1.935s] -- Installing: /home/shiva/Documents/robot_arm/install/robot_arm_controller/share/robot_arm_controller/launch
[1.936s] -- Installing: /home/shiva/Documents/robot_arm/install/robot_arm_controller/share/robot_arm_controller/launch/robot_arm_controller.launch.py
[1.936s] -- Installing: /home/shiva/Documents/robot_arm/install/robot_arm_controller/share/robot_arm_controller/config
[1.936s] -- Installing: /home/shiva/Documents/robot_arm/install/robot_arm_controller/share/robot_arm_controller/config/robot_arm_controller_config.yaml
[1.936s] -- Installing: /home/shiva/Documents/robot_arm/install/robot_arm_controller/share/ament_index/resource_index/package_run_dependencies/robot_arm_controller
[1.936s] -- Installing: /home/shiva/Documents/robot_arm/install/robot_arm_controller/share/ament_index/resource_index/parent_prefix_path/robot_arm_controller
[1.936s] -- Installing: /home/shiva/Documents/robot_arm/install/robot_arm_controller/share/robot_arm_controller/environment/ament_prefix_path.sh
[1.937s] -- Installing: /home/shiva/Documents/robot_arm/install/robot_arm_controller/share/robot_arm_controller/environment/ament_prefix_path.dsv
[1.937s] -- Installing: /home/shiva/Documents/robot_arm/install/robot_arm_controller/share/robot_arm_controller/environment/path.sh
[1.937s] -- Installing: /home/shiva/Documents/robot_arm/install/robot_arm_controller/share/robot_arm_controller/environment/path.dsv
[1.937s] -- Installing: /home/shiva/Documents/robot_arm/install/robot_arm_controller/share/robot_arm_controller/local_setup.bash
[1.937s] -- Installing: /home/shiva/Documents/robot_arm/install/robot_arm_controller/share/robot_arm_controller/local_setup.sh
[1.938s] -- Installing: /home/shiva/Documents/robot_arm/install/robot_arm_controller/share/robot_arm_controller/local_setup.zsh
[1.938s] -- Installing: /home/shiva/Documents/robot_arm/install/robot_arm_controller/share/robot_arm_controller/local_setup.dsv
[1.938s] -- Installing: /home/shiva/Documents/robot_arm/install/robot_arm_controller/share/robot_arm_controller/package.dsv
[1.938s] -- Installing: /home/shiva/Documents/robot_arm/install/robot_arm_controller/share/ament_index/resource_index/packages/robot_arm_controller
[1.938s] -- Installing: /home/shiva/Documents/robot_arm/install/robot_arm_controller/share/robot_arm_controller/cmake/robot_arm_controllerConfig.cmake
[1.938s] -- Installing: /home/shiva/Documents/robot_arm/install/robot_arm_controller/share/robot_arm_controller/cmake/robot_arm_controllerConfig-version.cmake
[1.938s] -- Installing: /home/shiva/Documents/robot_arm/install/robot_arm_controller/share/robot_arm_controller/package.xml
[1.940s] Invoked command in '/home/shiva/Documents/robot_arm/build/robot_arm_controller' returned '0': CMAKE_PREFIX_PATH=${CMAKE_PREFIX_PATH}:/home/shiva/Documents/wrk_spc/install/my_pkg:/opt/ros/humble /usr/bin/cmake --install /home/shiva/Documents/robot_arm/build/robot_arm_controller
