[0.028s] Invoking command in '/home/shiva/Documents/robot_arm/build/robot_arm_bringup': CMAKE_PREFIX_PATH=${CMAKE_PREFIX_PATH}:/home/shiva/Documents/wrk_spc/install/my_pkg:/opt/ros/humble /usr/bin/cmake --build /home/shiva/Documents/robot_arm/build/robot_arm_bringup -- -j8 -l8
[0.066s] Invoked command in '/home/shiva/Documents/robot_arm/build/robot_arm_bringup' returned '0': CMAKE_PREFIX_PATH=${CMAKE_PREFIX_PATH}:/home/shiva/Documents/wrk_spc/install/my_pkg:/opt/ros/humble /usr/bin/cmake --build /home/shiva/Documents/robot_arm/build/robot_arm_bringup -- -j8 -l8
[0.106s] Invoking command in '/home/shiva/Documents/robot_arm/build/robot_arm_bringup': CMAKE_PREFIX_PATH=${CMAKE_PREFIX_PATH}:/home/shiva/Documents/wrk_spc/install/my_pkg:/opt/ros/humble /usr/bin/cmake --install /home/shiva/Documents/robot_arm/build/robot_arm_bringup
[0.124s] -- Install configuration: ""
[0.124s] -- Up-to-date: /home/shiva/Documents/robot_arm/install/robot_arm_bringup/share/robot_arm_bringup/launch
[0.124s] -- Up-to-date: /home/shiva/Documents/robot_arm/install/robot_arm_bringup/share/robot_arm_bringup/launch/final_robot_arm.launch.py
[0.124s] -- Up-to-date: /home/shiva/Documents/robot_arm/install/robot_arm_bringup/share/ament_index/resource_index/package_run_dependencies/robot_arm_bringup
[0.124s] -- Up-to-date: /home/shiva/Documents/robot_arm/install/robot_arm_bringup/share/ament_index/resource_index/parent_prefix_path/robot_arm_bringup
[0.124s] -- Up-to-date: /home/shiva/Documents/robot_arm/install/robot_arm_bringup/share/robot_arm_bringup/environment/ament_prefix_path.sh
[0.124s] -- Up-to-date: /home/shiva/Documents/robot_arm/install/robot_arm_bringup/share/robot_arm_bringup/environment/ament_prefix_path.dsv
[0.124s] -- Up-to-date: /home/shiva/Documents/robot_arm/install/robot_arm_bringup/share/robot_arm_bringup/environment/path.sh
[0.126s] -- Up-to-date: /home/shiva/Documents/robot_arm/install/robot_arm_bringup/share/robot_arm_bringup/environment/path.dsv
[0.126s] -- Up-to-date: /home/shiva/Documents/robot_arm/install/robot_arm_bringup/share/robot_arm_bringup/local_setup.bash
[0.131s] -- Up-to-date: /home/shiva/Documents/robot_arm/install/robot_arm_bringup/share/robot_arm_bringup/local_setup.sh
[0.132s] -- Up-to-date: /home/shiva/Documents/robot_arm/install/robot_arm_bringup/share/robot_arm_bringup/local_setup.zsh
[0.132s] -- Up-to-date: /home/shiva/Documents/robot_arm/install/robot_arm_bringup/share/robot_arm_bringup/local_setup.dsv
[0.132s] -- Installing: /home/shiva/Documents/robot_arm/install/robot_arm_bringup/share/robot_arm_bringup/package.dsv
[0.135s] -- Up-to-date: /home/shiva/Documents/robot_arm/install/robot_arm_bringup/share/ament_index/resource_index/packages/robot_arm_bringup
[0.135s] -- Up-to-date: /home/shiva/Documents/robot_arm/install/robot_arm_bringup/share/robot_arm_bringup/cmake/robot_arm_bringupConfig.cmake
[0.135s] -- Up-to-date: /home/shiva/Documents/robot_arm/install/robot_arm_bringup/share/robot_arm_bringup/cmake/robot_arm_bringupConfig-version.cmake
[0.135s] -- Up-to-date: /home/shiva/Documents/robot_arm/install/robot_arm_bringup/share/robot_arm_bringup/package.xml
[0.153s] Invoked command in '/home/shiva/Documents/robot_arm/build/robot_arm_bringup' returned '0': CMAKE_PREFIX_PATH=${CMAKE_PREFIX_PATH}:/home/shiva/Documents/wrk_spc/install/my_pkg:/opt/ros/humble /usr/bin/cmake --install /home/shiva/Documents/robot_arm/build/robot_arm_bringup
