[0.117s] DEBUG:colcon:Command line arguments: ['/usr/bin/colcon', 'build']
[0.117s] DEBUG:colcon:Parsed command line arguments: Namespace(log_base=None, log_level=None, verb_name='build', build_base='build', install_base='install', merge_install=False, symlink_install=False, test_result_base=None, continue_on_error=False, executor='parallel', parallel_workers=8, event_handlers=None, ignore_user_meta=False, metas=['./colcon.meta'], base_paths=['.'], packages_ignore=None, packages_ignore_regex=None, paths=None, packages_up_to=None, packages_up_to_regex=None, packages_above=None, packages_above_and_dependencies=None, packages_above_depth=None, packages_select_by_dep=None, packages_skip_by_dep=None, packages_skip_up_to=None, packages_select_build_failed=False, packages_skip_build_finished=False, packages_select_test_failures=False, packages_skip_test_passed=False, packages_select=None, packages_skip=None, packages_select_regex=None, packages_skip_regex=None, packages_start=None, packages_end=None, allow_overriding=[], cmake_args=None, cmake_target=None, cmake_target_skip_unavailable=False, cmake_clean_cache=False, cmake_clean_first=False, cmake_force_configure=False, ament_cmake_args=None, catkin_cmake_args=None, catkin_skip_building_tests=False, mixin_files=None, mixin=None, verb_parser=<colcon_mixin.mixin.mixin_argument.MixinArgumentDecorator object at 0x7bf7c6c270a0>, verb_extension=<colcon_core.verb.build.BuildVerb object at 0x7bf7c6c26a10>, main=<bound method BuildVerb.main of <colcon_core.verb.build.BuildVerb object at 0x7bf7c6c26a10>>, mixin_verb=('build',))
[0.278s] Level 1:colcon.colcon_core.package_discovery:discover_packages(colcon_meta) check parameters
[0.278s] Level 1:colcon.colcon_core.package_discovery:discover_packages(recursive) check parameters
[0.278s] Level 1:colcon.colcon_core.package_discovery:discover_packages(ignore) check parameters
[0.279s] Level 1:colcon.colcon_core.package_discovery:discover_packages(path) check parameters
[0.279s] Level 1:colcon.colcon_core.package_discovery:discover_packages(colcon_meta) discover
[0.279s] Level 1:colcon.colcon_core.package_discovery:discover_packages(recursive) discover
[0.279s] INFO:colcon.colcon_core.package_discovery:Crawling recursively for packages in '/home/shiva/Documents/robot_arm'
[0.279s] Level 1:colcon.colcon_core.package_identification:_identify(.) by extensions ['ignore', 'ignore_ament_install']
[0.279s] Level 1:colcon.colcon_core.package_identification:_identify(.) by extension 'ignore'
[0.279s] Level 1:colcon.colcon_core.package_identification:_identify(.) by extension 'ignore_ament_install'
[0.279s] Level 1:colcon.colcon_core.package_identification:_identify(.) by extensions ['colcon_pkg']
[0.279s] Level 1:colcon.colcon_core.package_identification:_identify(.) by extension 'colcon_pkg'
[0.279s] Level 1:colcon.colcon_core.package_identification:_identify(.) by extensions ['colcon_meta']
[0.279s] Level 1:colcon.colcon_core.package_identification:_identify(.) by extension 'colcon_meta'
[0.279s] Level 1:colcon.colcon_core.package_identification:_identify(.) by extensions ['ros']
[0.279s] Level 1:colcon.colcon_core.package_identification:_identify(.) by extension 'ros'
[0.289s] Level 1:colcon.colcon_core.package_identification:_identify(.) by extensions ['cmake', 'python']
[0.289s] Level 1:colcon.colcon_core.package_identification:_identify(.) by extension 'cmake'
[0.289s] Level 1:colcon.colcon_core.package_identification:_identify(.) by extension 'python'
[0.289s] Level 1:colcon.colcon_core.package_identification:_identify(.) by extensions ['python_setup_py']
[0.289s] Level 1:colcon.colcon_core.package_identification:_identify(.) by extension 'python_setup_py'
[0.289s] Level 1:colcon.colcon_core.package_identification:_identify(build) by extensions ['ignore', 'ignore_ament_install']
[0.289s] Level 1:colcon.colcon_core.package_identification:_identify(build) by extension 'ignore'
[0.289s] Level 1:colcon.colcon_core.package_identification:_identify(build) ignored
[0.289s] Level 1:colcon.colcon_core.package_identification:_identify(install) by extensions ['ignore', 'ignore_ament_install']
[0.289s] Level 1:colcon.colcon_core.package_identification:_identify(install) by extension 'ignore'
[0.289s] Level 1:colcon.colcon_core.package_identification:_identify(install) ignored
[0.289s] Level 1:colcon.colcon_core.package_identification:_identify(log) by extensions ['ignore', 'ignore_ament_install']
[0.290s] Level 1:colcon.colcon_core.package_identification:_identify(log) by extension 'ignore'
[0.290s] Level 1:colcon.colcon_core.package_identification:_identify(log) ignored
[0.290s] Level 1:colcon.colcon_core.package_identification:_identify(src) by extensions ['ignore', 'ignore_ament_install']
[0.290s] Level 1:colcon.colcon_core.package_identification:_identify(src) by extension 'ignore'
[0.290s] Level 1:colcon.colcon_core.package_identification:_identify(src) by extension 'ignore_ament_install'
[0.290s] Level 1:colcon.colcon_core.package_identification:_identify(src) by extensions ['colcon_pkg']
[0.290s] Level 1:colcon.colcon_core.package_identification:_identify(src) by extension 'colcon_pkg'
[0.290s] Level 1:colcon.colcon_core.package_identification:_identify(src) by extensions ['colcon_meta']
[0.290s] Level 1:colcon.colcon_core.package_identification:_identify(src) by extension 'colcon_meta'
[0.290s] Level 1:colcon.colcon_core.package_identification:_identify(src) by extensions ['ros']
[0.290s] Level 1:colcon.colcon_core.package_identification:_identify(src) by extension 'ros'
[0.290s] Level 1:colcon.colcon_core.package_identification:_identify(src) by extensions ['cmake', 'python']
[0.290s] Level 1:colcon.colcon_core.package_identification:_identify(src) by extension 'cmake'
[0.290s] Level 1:colcon.colcon_core.package_identification:_identify(src) by extension 'python'
[0.290s] Level 1:colcon.colcon_core.package_identification:_identify(src) by extensions ['python_setup_py']
[0.290s] Level 1:colcon.colcon_core.package_identification:_identify(src) by extension 'python_setup_py'
[0.290s] Level 1:colcon.colcon_core.package_identification:_identify(src/robot_arm_bringup) by extensions ['ignore', 'ignore_ament_install']
[0.290s] Level 1:colcon.colcon_core.package_identification:_identify(src/robot_arm_bringup) by extension 'ignore'
[0.290s] Level 1:colcon.colcon_core.package_identification:_identify(src/robot_arm_bringup) by extension 'ignore_ament_install'
[0.291s] Level 1:colcon.colcon_core.package_identification:_identify(src/robot_arm_bringup) by extensions ['colcon_pkg']
[0.291s] Level 1:colcon.colcon_core.package_identification:_identify(src/robot_arm_bringup) by extension 'colcon_pkg'
[0.291s] Level 1:colcon.colcon_core.package_identification:_identify(src/robot_arm_bringup) by extensions ['colcon_meta']
[0.291s] Level 1:colcon.colcon_core.package_identification:_identify(src/robot_arm_bringup) by extension 'colcon_meta'
[0.291s] Level 1:colcon.colcon_core.package_identification:_identify(src/robot_arm_bringup) by extensions ['ros']
[0.291s] Level 1:colcon.colcon_core.package_identification:_identify(src/robot_arm_bringup) by extension 'ros'
[0.297s] DEBUG:colcon.colcon_core.package_identification:Package 'src/robot_arm_bringup' with type 'ros.ament_cmake' and name 'robot_arm_bringup'
[0.297s] Level 1:colcon.colcon_core.package_identification:_identify(src/robot_arm_controller) by extensions ['ignore', 'ignore_ament_install']
[0.297s] Level 1:colcon.colcon_core.package_identification:_identify(src/robot_arm_controller) by extension 'ignore'
[0.297s] Level 1:colcon.colcon_core.package_identification:_identify(src/robot_arm_controller) by extension 'ignore_ament_install'
[0.297s] Level 1:colcon.colcon_core.package_identification:_identify(src/robot_arm_controller) by extensions ['colcon_pkg']
[0.297s] Level 1:colcon.colcon_core.package_identification:_identify(src/robot_arm_controller) by extension 'colcon_pkg'
[0.297s] Level 1:colcon.colcon_core.package_identification:_identify(src/robot_arm_controller) by extensions ['colcon_meta']
[0.297s] Level 1:colcon.colcon_core.package_identification:_identify(src/robot_arm_controller) by extension 'colcon_meta'
[0.297s] Level 1:colcon.colcon_core.package_identification:_identify(src/robot_arm_controller) by extensions ['ros']
[0.297s] Level 1:colcon.colcon_core.package_identification:_identify(src/robot_arm_controller) by extension 'ros'
[0.298s] DEBUG:colcon.colcon_core.package_identification:Package 'src/robot_arm_controller' with type 'ros.ament_cmake' and name 'robot_arm_controller'
[0.299s] Level 1:colcon.colcon_core.package_identification:_identify(src/robot_arm_description) by extensions ['ignore', 'ignore_ament_install']
[0.299s] Level 1:colcon.colcon_core.package_identification:_identify(src/robot_arm_description) by extension 'ignore'
[0.299s] Level 1:colcon.colcon_core.package_identification:_identify(src/robot_arm_description) by extension 'ignore_ament_install'
[0.299s] Level 1:colcon.colcon_core.package_identification:_identify(src/robot_arm_description) by extensions ['colcon_pkg']
[0.299s] Level 1:colcon.colcon_core.package_identification:_identify(src/robot_arm_description) by extension 'colcon_pkg'
[0.299s] Level 1:colcon.colcon_core.package_identification:_identify(src/robot_arm_description) by extensions ['colcon_meta']
[0.299s] Level 1:colcon.colcon_core.package_identification:_identify(src/robot_arm_description) by extension 'colcon_meta'
[0.299s] Level 1:colcon.colcon_core.package_identification:_identify(src/robot_arm_description) by extensions ['ros']
[0.299s] Level 1:colcon.colcon_core.package_identification:_identify(src/robot_arm_description) by extension 'ros'
[0.300s] DEBUG:colcon.colcon_core.package_identification:Package 'src/robot_arm_description' with type 'ros.ament_cmake' and name 'robot_arm_description'
[0.300s] Level 1:colcon.colcon_core.package_identification:_identify(src/robot_arm_interfaces) by extensions ['ignore', 'ignore_ament_install']
[0.300s] Level 1:colcon.colcon_core.package_identification:_identify(src/robot_arm_interfaces) by extension 'ignore'
[0.300s] Level 1:colcon.colcon_core.package_identification:_identify(src/robot_arm_interfaces) by extension 'ignore_ament_install'
[0.300s] Level 1:colcon.colcon_core.package_identification:_identify(src/robot_arm_interfaces) by extensions ['colcon_pkg']
[0.300s] Level 1:colcon.colcon_core.package_identification:_identify(src/robot_arm_interfaces) by extension 'colcon_pkg'
[0.300s] Level 1:colcon.colcon_core.package_identification:_identify(src/robot_arm_interfaces) by extensions ['colcon_meta']
[0.300s] Level 1:colcon.colcon_core.package_identification:_identify(src/robot_arm_interfaces) by extension 'colcon_meta'
[0.300s] Level 1:colcon.colcon_core.package_identification:_identify(src/robot_arm_interfaces) by extensions ['ros']
[0.301s] Level 1:colcon.colcon_core.package_identification:_identify(src/robot_arm_interfaces) by extension 'ros'
[0.301s] DEBUG:colcon.colcon_core.package_identification:Package 'src/robot_arm_interfaces' with type 'ros.ament_cmake' and name 'robot_arm_interfaces'
[0.301s] Level 1:colcon.colcon_core.package_identification:_identify(src/robot_arm_moveit) by extensions ['ignore', 'ignore_ament_install']
[0.301s] Level 1:colcon.colcon_core.package_identification:_identify(src/robot_arm_moveit) by extension 'ignore'
[0.302s] Level 1:colcon.colcon_core.package_identification:_identify(src/robot_arm_moveit) by extension 'ignore_ament_install'
[0.302s] Level 1:colcon.colcon_core.package_identification:_identify(src/robot_arm_moveit) by extensions ['colcon_pkg']
[0.302s] Level 1:colcon.colcon_core.package_identification:_identify(src/robot_arm_moveit) by extension 'colcon_pkg'
[0.302s] Level 1:colcon.colcon_core.package_identification:_identify(src/robot_arm_moveit) by extensions ['colcon_meta']
[0.302s] Level 1:colcon.colcon_core.package_identification:_identify(src/robot_arm_moveit) by extension 'colcon_meta'
[0.302s] Level 1:colcon.colcon_core.package_identification:_identify(src/robot_arm_moveit) by extensions ['ros']
[0.302s] Level 1:colcon.colcon_core.package_identification:_identify(src/robot_arm_moveit) by extension 'ros'
[0.302s] DEBUG:colcon.colcon_core.package_identification:Package 'src/robot_arm_moveit' with type 'ros.ament_cmake' and name 'robot_arm_moveit'
[0.303s] Level 1:colcon.colcon_core.package_identification:_identify(src/robot_arm_remote) by extensions ['ignore', 'ignore_ament_install']
[0.303s] Level 1:colcon.colcon_core.package_identification:_identify(src/robot_arm_remote) by extension 'ignore'
[0.303s] Level 1:colcon.colcon_core.package_identification:_identify(src/robot_arm_remote) by extension 'ignore_ament_install'
[0.303s] Level 1:colcon.colcon_core.package_identification:_identify(src/robot_arm_remote) by extensions ['colcon_pkg']
[0.303s] Level 1:colcon.colcon_core.package_identification:_identify(src/robot_arm_remote) by extension 'colcon_pkg'
[0.303s] Level 1:colcon.colcon_core.package_identification:_identify(src/robot_arm_remote) by extensions ['colcon_meta']
[0.303s] Level 1:colcon.colcon_core.package_identification:_identify(src/robot_arm_remote) by extension 'colcon_meta'
[0.303s] Level 1:colcon.colcon_core.package_identification:_identify(src/robot_arm_remote) by extensions ['ros']
[0.303s] Level 1:colcon.colcon_core.package_identification:_identify(src/robot_arm_remote) by extension 'ros'
[0.304s] DEBUG:colcon.colcon_core.package_identification:Package 'src/robot_arm_remote' with type 'ros.ament_cmake' and name 'robot_arm_remote'
[0.304s] Level 1:colcon.colcon_core.package_discovery:discover_packages(recursive) using defaults
[0.304s] Level 1:colcon.colcon_core.package_discovery:discover_packages(ignore) discover
[0.304s] Level 1:colcon.colcon_core.package_discovery:discover_packages(ignore) using defaults
[0.304s] Level 1:colcon.colcon_core.package_discovery:discover_packages(path) discover
[0.304s] Level 1:colcon.colcon_core.package_discovery:discover_packages(path) using defaults
[0.331s] Level 1:colcon.colcon_core.package_discovery:discover_packages(prefix_path) check parameters
[0.331s] Level 1:colcon.colcon_core.package_discovery:discover_packages(prefix_path) discover
[0.334s] DEBUG:colcon.colcon_installed_package_information.package_discovery:Found 2 installed packages in /home/shiva/Documents/bumperbot_wrkspc/install
[0.335s] DEBUG:colcon.colcon_installed_package_information.package_discovery:Found 7 installed packages in /home/shiva/Documents/robot_arm/install
[0.335s] DEBUG:colcon.colcon_installed_package_information.package_discovery:Found 3 installed packages in /home/shiva/Documents/wrk_spc/install
[0.336s] DEBUG:colcon.colcon_installed_package_information.package_discovery:Found 6 installed packages in /home/shiva/Documents/ros2_projects/robot_car_V2/install
[0.336s] DEBUG:colcon.colcon_installed_package_information.package_discovery:Found 4 installed packages in /home/shiva/Documents/AGV_Kalman_Filter_Robot/robo_car/install
[0.337s] DEBUG:colcon.colcon_installed_package_information.package_discovery:Found 408 installed packages in /opt/ros/humble
[0.339s] Level 1:colcon.colcon_core.package_discovery:discover_packages(prefix_path) using defaults
[0.390s] Level 5:colcon.colcon_core.verb:set package 'robot_arm_bringup' build argument 'cmake_args' from command line to 'None'
[0.390s] Level 5:colcon.colcon_core.verb:set package 'robot_arm_bringup' build argument 'cmake_target' from command line to 'None'
[0.390s] Level 5:colcon.colcon_core.verb:set package 'robot_arm_bringup' build argument 'cmake_target_skip_unavailable' from command line to 'False'
[0.390s] Level 5:colcon.colcon_core.verb:set package 'robot_arm_bringup' build argument 'cmake_clean_cache' from command line to 'False'
[0.390s] Level 5:colcon.colcon_core.verb:set package 'robot_arm_bringup' build argument 'cmake_clean_first' from command line to 'False'
[0.390s] Level 5:colcon.colcon_core.verb:set package 'robot_arm_bringup' build argument 'cmake_force_configure' from command line to 'False'
[0.390s] Level 5:colcon.colcon_core.verb:set package 'robot_arm_bringup' build argument 'ament_cmake_args' from command line to 'None'
[0.390s] Level 5:colcon.colcon_core.verb:set package 'robot_arm_bringup' build argument 'catkin_cmake_args' from command line to 'None'
[0.390s] Level 5:colcon.colcon_core.verb:set package 'robot_arm_bringup' build argument 'catkin_skip_building_tests' from command line to 'False'
[0.390s] DEBUG:colcon.colcon_core.verb:Building package 'robot_arm_bringup' with the following arguments: {'ament_cmake_args': None, 'build_base': '/home/shiva/Documents/robot_arm/build/robot_arm_bringup', 'catkin_cmake_args': None, 'catkin_skip_building_tests': False, 'cmake_args': None, 'cmake_clean_cache': False, 'cmake_clean_first': False, 'cmake_force_configure': False, 'cmake_target': None, 'cmake_target_skip_unavailable': False, 'install_base': '/home/shiva/Documents/robot_arm/install/robot_arm_bringup', 'merge_install': False, 'path': '/home/shiva/Documents/robot_arm/src/robot_arm_bringup', 'symlink_install': False, 'test_result_base': None}
[0.390s] Level 5:colcon.colcon_core.verb:set package 'robot_arm_controller' build argument 'cmake_args' from command line to 'None'
[0.390s] Level 5:colcon.colcon_core.verb:set package 'robot_arm_controller' build argument 'cmake_target' from command line to 'None'
[0.391s] Level 5:colcon.colcon_core.verb:set package 'robot_arm_controller' build argument 'cmake_target_skip_unavailable' from command line to 'False'
[0.391s] Level 5:colcon.colcon_core.verb:set package 'robot_arm_controller' build argument 'cmake_clean_cache' from command line to 'False'
[0.391s] Level 5:colcon.colcon_core.verb:set package 'robot_arm_controller' build argument 'cmake_clean_first' from command line to 'False'
[0.391s] Level 5:colcon.colcon_core.verb:set package 'robot_arm_controller' build argument 'cmake_force_configure' from command line to 'False'
[0.391s] Level 5:colcon.colcon_core.verb:set package 'robot_arm_controller' build argument 'ament_cmake_args' from command line to 'None'
[0.391s] Level 5:colcon.colcon_core.verb:set package 'robot_arm_controller' build argument 'catkin_cmake_args' from command line to 'None'
[0.391s] Level 5:colcon.colcon_core.verb:set package 'robot_arm_controller' build argument 'catkin_skip_building_tests' from command line to 'False'
[0.391s] DEBUG:colcon.colcon_core.verb:Building package 'robot_arm_controller' with the following arguments: {'ament_cmake_args': None, 'build_base': '/home/shiva/Documents/robot_arm/build/robot_arm_controller', 'catkin_cmake_args': None, 'catkin_skip_building_tests': False, 'cmake_args': None, 'cmake_clean_cache': False, 'cmake_clean_first': False, 'cmake_force_configure': False, 'cmake_target': None, 'cmake_target_skip_unavailable': False, 'install_base': '/home/shiva/Documents/robot_arm/install/robot_arm_controller', 'merge_install': False, 'path': '/home/shiva/Documents/robot_arm/src/robot_arm_controller', 'symlink_install': False, 'test_result_base': None}
[0.391s] Level 5:colcon.colcon_core.verb:set package 'robot_arm_description' build argument 'cmake_args' from command line to 'None'
[0.391s] Level 5:colcon.colcon_core.verb:set package 'robot_arm_description' build argument 'cmake_target' from command line to 'None'
[0.391s] Level 5:colcon.colcon_core.verb:set package 'robot_arm_description' build argument 'cmake_target_skip_unavailable' from command line to 'False'
[0.391s] Level 5:colcon.colcon_core.verb:set package 'robot_arm_description' build argument 'cmake_clean_cache' from command line to 'False'
[0.391s] Level 5:colcon.colcon_core.verb:set package 'robot_arm_description' build argument 'cmake_clean_first' from command line to 'False'
[0.391s] Level 5:colcon.colcon_core.verb:set package 'robot_arm_description' build argument 'cmake_force_configure' from command line to 'False'
[0.391s] Level 5:colcon.colcon_core.verb:set package 'robot_arm_description' build argument 'ament_cmake_args' from command line to 'None'
[0.391s] Level 5:colcon.colcon_core.verb:set package 'robot_arm_description' build argument 'catkin_cmake_args' from command line to 'None'
[0.391s] Level 5:colcon.colcon_core.verb:set package 'robot_arm_description' build argument 'catkin_skip_building_tests' from command line to 'False'
[0.391s] DEBUG:colcon.colcon_core.verb:Building package 'robot_arm_description' with the following arguments: {'ament_cmake_args': None, 'build_base': '/home/shiva/Documents/robot_arm/build/robot_arm_description', 'catkin_cmake_args': None, 'catkin_skip_building_tests': False, 'cmake_args': None, 'cmake_clean_cache': False, 'cmake_clean_first': False, 'cmake_force_configure': False, 'cmake_target': None, 'cmake_target_skip_unavailable': False, 'install_base': '/home/shiva/Documents/robot_arm/install/robot_arm_description', 'merge_install': False, 'path': '/home/shiva/Documents/robot_arm/src/robot_arm_description', 'symlink_install': False, 'test_result_base': None}
[0.392s] Level 5:colcon.colcon_core.verb:set package 'robot_arm_interfaces' build argument 'cmake_args' from command line to 'None'
[0.392s] Level 5:colcon.colcon_core.verb:set package 'robot_arm_interfaces' build argument 'cmake_target' from command line to 'None'
[0.392s] Level 5:colcon.colcon_core.verb:set package 'robot_arm_interfaces' build argument 'cmake_target_skip_unavailable' from command line to 'False'
[0.392s] Level 5:colcon.colcon_core.verb:set package 'robot_arm_interfaces' build argument 'cmake_clean_cache' from command line to 'False'
[0.392s] Level 5:colcon.colcon_core.verb:set package 'robot_arm_interfaces' build argument 'cmake_clean_first' from command line to 'False'
[0.392s] Level 5:colcon.colcon_core.verb:set package 'robot_arm_interfaces' build argument 'cmake_force_configure' from command line to 'False'
[0.392s] Level 5:colcon.colcon_core.verb:set package 'robot_arm_interfaces' build argument 'ament_cmake_args' from command line to 'None'
[0.392s] Level 5:colcon.colcon_core.verb:set package 'robot_arm_interfaces' build argument 'catkin_cmake_args' from command line to 'None'
[0.392s] Level 5:colcon.colcon_core.verb:set package 'robot_arm_interfaces' build argument 'catkin_skip_building_tests' from command line to 'False'
[0.392s] DEBUG:colcon.colcon_core.verb:Building package 'robot_arm_interfaces' with the following arguments: {'ament_cmake_args': None, 'build_base': '/home/shiva/Documents/robot_arm/build/robot_arm_interfaces', 'catkin_cmake_args': None, 'catkin_skip_building_tests': False, 'cmake_args': None, 'cmake_clean_cache': False, 'cmake_clean_first': False, 'cmake_force_configure': False, 'cmake_target': None, 'cmake_target_skip_unavailable': False, 'install_base': '/home/shiva/Documents/robot_arm/install/robot_arm_interfaces', 'merge_install': False, 'path': '/home/shiva/Documents/robot_arm/src/robot_arm_interfaces', 'symlink_install': False, 'test_result_base': None}
[0.392s] Level 5:colcon.colcon_core.verb:set package 'robot_arm_moveit' build argument 'cmake_args' from command line to 'None'
[0.392s] Level 5:colcon.colcon_core.verb:set package 'robot_arm_moveit' build argument 'cmake_target' from command line to 'None'
[0.392s] Level 5:colcon.colcon_core.verb:set package 'robot_arm_moveit' build argument 'cmake_target_skip_unavailable' from command line to 'False'
[0.392s] Level 5:colcon.colcon_core.verb:set package 'robot_arm_moveit' build argument 'cmake_clean_cache' from command line to 'False'
[0.392s] Level 5:colcon.colcon_core.verb:set package 'robot_arm_moveit' build argument 'cmake_clean_first' from command line to 'False'
[0.392s] Level 5:colcon.colcon_core.verb:set package 'robot_arm_moveit' build argument 'cmake_force_configure' from command line to 'False'
[0.392s] Level 5:colcon.colcon_core.verb:set package 'robot_arm_moveit' build argument 'ament_cmake_args' from command line to 'None'
[0.392s] Level 5:colcon.colcon_core.verb:set package 'robot_arm_moveit' build argument 'catkin_cmake_args' from command line to 'None'
[0.392s] Level 5:colcon.colcon_core.verb:set package 'robot_arm_moveit' build argument 'catkin_skip_building_tests' from command line to 'False'
[0.392s] DEBUG:colcon.colcon_core.verb:Building package 'robot_arm_moveit' with the following arguments: {'ament_cmake_args': None, 'build_base': '/home/shiva/Documents/robot_arm/build/robot_arm_moveit', 'catkin_cmake_args': None, 'catkin_skip_building_tests': False, 'cmake_args': None, 'cmake_clean_cache': False, 'cmake_clean_first': False, 'cmake_force_configure': False, 'cmake_target': None, 'cmake_target_skip_unavailable': False, 'install_base': '/home/shiva/Documents/robot_arm/install/robot_arm_moveit', 'merge_install': False, 'path': '/home/shiva/Documents/robot_arm/src/robot_arm_moveit', 'symlink_install': False, 'test_result_base': None}
[0.393s] Level 5:colcon.colcon_core.verb:set package 'robot_arm_remote' build argument 'cmake_args' from command line to 'None'
[0.393s] Level 5:colcon.colcon_core.verb:set package 'robot_arm_remote' build argument 'cmake_target' from command line to 'None'
[0.393s] Level 5:colcon.colcon_core.verb:set package 'robot_arm_remote' build argument 'cmake_target_skip_unavailable' from command line to 'False'
[0.393s] Level 5:colcon.colcon_core.verb:set package 'robot_arm_remote' build argument 'cmake_clean_cache' from command line to 'False'
[0.393s] Level 5:colcon.colcon_core.verb:set package 'robot_arm_remote' build argument 'cmake_clean_first' from command line to 'False'
[0.393s] Level 5:colcon.colcon_core.verb:set package 'robot_arm_remote' build argument 'cmake_force_configure' from command line to 'False'
[0.393s] Level 5:colcon.colcon_core.verb:set package 'robot_arm_remote' build argument 'ament_cmake_args' from command line to 'None'
[0.393s] Level 5:colcon.colcon_core.verb:set package 'robot_arm_remote' build argument 'catkin_cmake_args' from command line to 'None'
[0.393s] Level 5:colcon.colcon_core.verb:set package 'robot_arm_remote' build argument 'catkin_skip_building_tests' from command line to 'False'
[0.393s] DEBUG:colcon.colcon_core.verb:Building package 'robot_arm_remote' with the following arguments: {'ament_cmake_args': None, 'build_base': '/home/shiva/Documents/robot_arm/build/robot_arm_remote', 'catkin_cmake_args': None, 'catkin_skip_building_tests': False, 'cmake_args': None, 'cmake_clean_cache': False, 'cmake_clean_first': False, 'cmake_force_configure': False, 'cmake_target': None, 'cmake_target_skip_unavailable': False, 'install_base': '/home/shiva/Documents/robot_arm/install/robot_arm_remote', 'merge_install': False, 'path': '/home/shiva/Documents/robot_arm/src/robot_arm_remote', 'symlink_install': False, 'test_result_base': None}
[0.393s] INFO:colcon.colcon_core.executor:Executing jobs using 'parallel' executor
[0.394s] DEBUG:colcon.colcon_parallel_executor.executor.parallel:run_until_complete
[0.394s] INFO:colcon.colcon_ros.task.ament_cmake.build:Building ROS package in '/home/shiva/Documents/robot_arm/src/robot_arm_interfaces' with build type 'ament_cmake'
[0.394s] INFO:colcon.colcon_cmake.task.cmake.build:Building CMake package in '/home/shiva/Documents/robot_arm/src/robot_arm_interfaces'
[0.398s] INFO:colcon.colcon_core.plugin_system:Skipping extension 'colcon_core.shell.bat': Not used on non-Windows systems
[0.398s] INFO:colcon.colcon_core.shell:Skip shell extension 'powershell' for command environment: Not usable outside of PowerShell
[0.398s] DEBUG:colcon.colcon_core.shell:Skip shell extension 'dsv' for command environment
[0.404s] INFO:colcon.colcon_ros.task.ament_cmake.build:Building ROS package in '/home/shiva/Documents/robot_arm/src/robot_arm_bringup' with build type 'ament_cmake'
[0.404s] INFO:colcon.colcon_cmake.task.cmake.build:Building CMake package in '/home/shiva/Documents/robot_arm/src/robot_arm_bringup'
[0.404s] INFO:colcon.colcon_core.shell:Skip shell extension 'powershell' for command environment: Not usable outside of PowerShell
[0.404s] DEBUG:colcon.colcon_core.shell:Skip shell extension 'dsv' for command environment
[0.410s] INFO:colcon.colcon_ros.task.ament_cmake.build:Building ROS package in '/home/shiva/Documents/robot_arm/src/robot_arm_controller' with build type 'ament_cmake'
[0.410s] INFO:colcon.colcon_cmake.task.cmake.build:Building CMake package in '/home/shiva/Documents/robot_arm/src/robot_arm_controller'
[0.411s] INFO:colcon.colcon_core.shell:Skip shell extension 'powershell' for command environment: Not usable outside of PowerShell
[0.411s] DEBUG:colcon.colcon_core.shell:Skip shell extension 'dsv' for command environment
[0.416s] INFO:colcon.colcon_ros.task.ament_cmake.build:Building ROS package in '/home/shiva/Documents/robot_arm/src/robot_arm_description' with build type 'ament_cmake'
[0.417s] INFO:colcon.colcon_cmake.task.cmake.build:Building CMake package in '/home/shiva/Documents/robot_arm/src/robot_arm_description'
[0.417s] INFO:colcon.colcon_core.shell:Skip shell extension 'powershell' for command environment: Not usable outside of PowerShell
[0.417s] DEBUG:colcon.colcon_core.shell:Skip shell extension 'dsv' for command environment
[0.422s] INFO:colcon.colcon_ros.task.ament_cmake.build:Building ROS package in '/home/shiva/Documents/robot_arm/src/robot_arm_moveit' with build type 'ament_cmake'
[0.422s] INFO:colcon.colcon_cmake.task.cmake.build:Building CMake package in '/home/shiva/Documents/robot_arm/src/robot_arm_moveit'
[0.423s] INFO:colcon.colcon_core.shell:Skip shell extension 'powershell' for command environment: Not usable outside of PowerShell
[0.423s] DEBUG:colcon.colcon_core.shell:Skip shell extension 'dsv' for command environment
[0.434s] DEBUG:colcon.colcon_core.event_handler.log_command:Invoking command in '/home/shiva/Documents/robot_arm/build/robot_arm_interfaces': CMAKE_PREFIX_PATH=${CMAKE_PREFIX_PATH}:/home/shiva/Documents/wrk_spc/install/my_pkg:/opt/ros/humble /usr/bin/cmake --build /home/shiva/Documents/robot_arm/build/robot_arm_interfaces -- -j8 -l8
[0.436s] DEBUG:colcon.colcon_core.event_handler.log_command:Invoking command in '/home/shiva/Documents/robot_arm/build/robot_arm_bringup': CMAKE_PREFIX_PATH=${CMAKE_PREFIX_PATH}:/home/shiva/Documents/wrk_spc/install/my_pkg:/opt/ros/humble /usr/bin/cmake --build /home/shiva/Documents/robot_arm/build/robot_arm_bringup -- -j8 -l8
[0.439s] DEBUG:colcon.colcon_core.event_handler.log_command:Invoking command in '/home/shiva/Documents/robot_arm/build/robot_arm_controller': CMAKE_PREFIX_PATH=${CMAKE_PREFIX_PATH}:/home/shiva/Documents/wrk_spc/install/my_pkg:/opt/ros/humble /usr/bin/cmake --build /home/shiva/Documents/robot_arm/build/robot_arm_controller -- -j8 -l8
[0.442s] DEBUG:colcon.colcon_core.event_handler.log_command:Invoking command in '/home/shiva/Documents/robot_arm/build/robot_arm_description': CMAKE_PREFIX_PATH=${CMAKE_PREFIX_PATH}:/home/shiva/Documents/wrk_spc/install/my_pkg:/opt/ros/humble /usr/bin/cmake --build /home/shiva/Documents/robot_arm/build/robot_arm_description -- -j8 -l8
[0.446s] DEBUG:colcon.colcon_core.event_handler.log_command:Invoking command in '/home/shiva/Documents/robot_arm/build/robot_arm_moveit': CMAKE_PREFIX_PATH=${CMAKE_PREFIX_PATH}:/home/shiva/Documents/wrk_spc/install/my_pkg:/opt/ros/humble /usr/bin/cmake --build /home/shiva/Documents/robot_arm/build/robot_arm_moveit -- -j8 -l8
[0.486s] DEBUG:colcon.colcon_core.event_handler.log_command:Invoked command in '/home/shiva/Documents/robot_arm/build/robot_arm_moveit' returned '0': CMAKE_PREFIX_PATH=${CMAKE_PREFIX_PATH}:/home/shiva/Documents/wrk_spc/install/my_pkg:/opt/ros/humble /usr/bin/cmake --build /home/shiva/Documents/robot_arm/build/robot_arm_moveit -- -j8 -l8
[0.488s] DEBUG:colcon.colcon_core.event_handler.log_command:Invoked command in '/home/shiva/Documents/robot_arm/build/robot_arm_controller' returned '0': CMAKE_PREFIX_PATH=${CMAKE_PREFIX_PATH}:/home/shiva/Documents/wrk_spc/install/my_pkg:/opt/ros/humble /usr/bin/cmake --build /home/shiva/Documents/robot_arm/build/robot_arm_controller -- -j8 -l8
[0.490s] DEBUG:colcon.colcon_core.event_handler.log_command:Invoked command in '/home/shiva/Documents/robot_arm/build/robot_arm_bringup' returned '0': CMAKE_PREFIX_PATH=${CMAKE_PREFIX_PATH}:/home/shiva/Documents/wrk_spc/install/my_pkg:/opt/ros/humble /usr/bin/cmake --build /home/shiva/Documents/robot_arm/build/robot_arm_bringup -- -j8 -l8
[0.492s] DEBUG:colcon.colcon_core.event_handler.log_command:Invoked command in '/home/shiva/Documents/robot_arm/build/robot_arm_description' returned '0': CMAKE_PREFIX_PATH=${CMAKE_PREFIX_PATH}:/home/shiva/Documents/wrk_spc/install/my_pkg:/opt/ros/humble /usr/bin/cmake --build /home/shiva/Documents/robot_arm/build/robot_arm_description -- -j8 -l8
[0.536s] DEBUG:colcon.colcon_core.event_handler.log_command:Invoking command in '/home/shiva/Documents/robot_arm/build/robot_arm_moveit': CMAKE_PREFIX_PATH=${CMAKE_PREFIX_PATH}:/home/shiva/Documents/wrk_spc/install/my_pkg:/opt/ros/humble /usr/bin/cmake --install /home/shiva/Documents/robot_arm/build/robot_arm_moveit
[0.544s] DEBUG:colcon.colcon_core.event_handler.log_command:Invoking command in '/home/shiva/Documents/robot_arm/build/robot_arm_controller': CMAKE_PREFIX_PATH=${CMAKE_PREFIX_PATH}:/home/shiva/Documents/wrk_spc/install/my_pkg:/opt/ros/humble /usr/bin/cmake --install /home/shiva/Documents/robot_arm/build/robot_arm_controller
[0.545s] DEBUG:colcon.colcon_core.event_handler.log_command:Invoking command in '/home/shiva/Documents/robot_arm/build/robot_arm_bringup': CMAKE_PREFIX_PATH=${CMAKE_PREFIX_PATH}:/home/shiva/Documents/wrk_spc/install/my_pkg:/opt/ros/humble /usr/bin/cmake --install /home/shiva/Documents/robot_arm/build/robot_arm_bringup
[0.551s] DEBUG:colcon.colcon_core.event_handler.log_command:Invoking command in '/home/shiva/Documents/robot_arm/build/robot_arm_description': CMAKE_PREFIX_PATH=${CMAKE_PREFIX_PATH}:/home/shiva/Documents/wrk_spc/install/my_pkg:/opt/ros/humble /usr/bin/cmake --install /home/shiva/Documents/robot_arm/build/robot_arm_description
[0.557s] Level 1:colcon.colcon_core.environment:create_environment_scripts_only(robot_arm_moveit)
[0.566s] DEBUG:colcon.colcon_core.event_handler.log_command:Invoked command in '/home/shiva/Documents/robot_arm/build/robot_arm_moveit' returned '0': CMAKE_PREFIX_PATH=${CMAKE_PREFIX_PATH}:/home/shiva/Documents/wrk_spc/install/my_pkg:/opt/ros/humble /usr/bin/cmake --install /home/shiva/Documents/robot_arm/build/robot_arm_moveit
[0.573s] Level 1:colcon.colcon_core.environment:checking '/home/shiva/Documents/robot_arm/install/robot_arm_moveit' for CMake module files
[0.574s] Level 1:colcon.colcon_core.environment:checking '/home/shiva/Documents/robot_arm/install/robot_arm_moveit' for CMake config files
[0.574s] Level 1:colcon.colcon_core.shell:create_environment_hook('robot_arm_moveit', 'cmake_prefix_path')
[0.574s] INFO:colcon.colcon_core.shell:Creating environment hook '/home/shiva/Documents/robot_arm/install/robot_arm_moveit/share/robot_arm_moveit/hook/cmake_prefix_path.ps1'
[0.575s] INFO:colcon.colcon_core.shell:Creating environment descriptor '/home/shiva/Documents/robot_arm/install/robot_arm_moveit/share/robot_arm_moveit/hook/cmake_prefix_path.dsv'
[0.576s] INFO:colcon.colcon_core.shell:Creating environment hook '/home/shiva/Documents/robot_arm/install/robot_arm_moveit/share/robot_arm_moveit/hook/cmake_prefix_path.sh'
[0.577s] Level 1:colcon.colcon_core.environment:checking '/home/shiva/Documents/robot_arm/install/robot_arm_moveit/bin'
[0.578s] Level 1:colcon.colcon_core.environment:checking '/home/shiva/Documents/robot_arm/install/robot_arm_moveit/lib/pkgconfig/robot_arm_moveit.pc'
[0.578s] Level 1:colcon.colcon_core.environment:checking '/home/shiva/Documents/robot_arm/install/robot_arm_moveit/lib/python3.10/site-packages'
[0.578s] Level 1:colcon.colcon_core.environment:checking '/home/shiva/Documents/robot_arm/install/robot_arm_moveit/bin'
[0.578s] INFO:colcon.colcon_core.shell:Creating package script '/home/shiva/Documents/robot_arm/install/robot_arm_moveit/share/robot_arm_moveit/package.ps1'
[0.579s] INFO:colcon.colcon_core.shell:Creating package descriptor '/home/shiva/Documents/robot_arm/install/robot_arm_moveit/share/robot_arm_moveit/package.dsv'
[0.580s] INFO:colcon.colcon_core.shell:Creating package script '/home/shiva/Documents/robot_arm/install/robot_arm_moveit/share/robot_arm_moveit/package.sh'
[0.581s] INFO:colcon.colcon_core.shell:Creating package script '/home/shiva/Documents/robot_arm/install/robot_arm_moveit/share/robot_arm_moveit/package.bash'
[0.582s] INFO:colcon.colcon_core.shell:Creating package script '/home/shiva/Documents/robot_arm/install/robot_arm_moveit/share/robot_arm_moveit/package.zsh'
[0.583s] Level 1:colcon.colcon_core.environment:create_file_with_runtime_dependencies(/home/shiva/Documents/robot_arm/install/robot_arm_moveit/share/colcon-core/packages/robot_arm_moveit)
[0.584s] Level 1:colcon.colcon_core.environment:create_environment_scripts_only(robot_arm_controller)
[0.584s] Level 1:colcon.colcon_core.environment:checking '/home/shiva/Documents/robot_arm/install/robot_arm_controller' for CMake module files
[0.585s] DEBUG:colcon.colcon_core.event_handler.log_command:Invoked command in '/home/shiva/Documents/robot_arm/build/robot_arm_controller' returned '0': CMAKE_PREFIX_PATH=${CMAKE_PREFIX_PATH}:/home/shiva/Documents/wrk_spc/install/my_pkg:/opt/ros/humble /usr/bin/cmake --install /home/shiva/Documents/robot_arm/build/robot_arm_controller
[0.585s] Level 1:colcon.colcon_core.environment:checking '/home/shiva/Documents/robot_arm/install/robot_arm_controller' for CMake config files
[0.586s] Level 1:colcon.colcon_core.shell:create_environment_hook('robot_arm_controller', 'cmake_prefix_path')
[0.586s] INFO:colcon.colcon_core.shell:Creating environment hook '/home/shiva/Documents/robot_arm/install/robot_arm_controller/share/robot_arm_controller/hook/cmake_prefix_path.ps1'
[0.587s] INFO:colcon.colcon_core.shell:Creating environment descriptor '/home/shiva/Documents/robot_arm/install/robot_arm_controller/share/robot_arm_controller/hook/cmake_prefix_path.dsv'
[0.587s] INFO:colcon.colcon_core.shell:Creating environment hook '/home/shiva/Documents/robot_arm/install/robot_arm_controller/share/robot_arm_controller/hook/cmake_prefix_path.sh'
[0.587s] Level 1:colcon.colcon_core.environment:checking '/home/shiva/Documents/robot_arm/install/robot_arm_controller/bin'
[0.588s] Level 1:colcon.colcon_core.environment:checking '/home/shiva/Documents/robot_arm/install/robot_arm_controller/lib/pkgconfig/robot_arm_controller.pc'
[0.588s] Level 1:colcon.colcon_core.environment:checking '/home/shiva/Documents/robot_arm/install/robot_arm_controller/lib/python3.10/site-packages'
[0.588s] Level 1:colcon.colcon_core.environment:checking '/home/shiva/Documents/robot_arm/install/robot_arm_controller/bin'
[0.588s] INFO:colcon.colcon_core.shell:Creating package script '/home/shiva/Documents/robot_arm/install/robot_arm_controller/share/robot_arm_controller/package.ps1'
[0.589s] INFO:colcon.colcon_core.shell:Creating package descriptor '/home/shiva/Documents/robot_arm/install/robot_arm_controller/share/robot_arm_controller/package.dsv'
[0.589s] INFO:colcon.colcon_core.shell:Creating package script '/home/shiva/Documents/robot_arm/install/robot_arm_controller/share/robot_arm_controller/package.sh'
[0.590s] INFO:colcon.colcon_core.shell:Creating package script '/home/shiva/Documents/robot_arm/install/robot_arm_controller/share/robot_arm_controller/package.bash'
[0.590s] INFO:colcon.colcon_core.shell:Creating package script '/home/shiva/Documents/robot_arm/install/robot_arm_controller/share/robot_arm_controller/package.zsh'
[0.590s] Level 1:colcon.colcon_core.environment:create_file_with_runtime_dependencies(/home/shiva/Documents/robot_arm/install/robot_arm_controller/share/colcon-core/packages/robot_arm_controller)
[0.592s] Level 1:colcon.colcon_core.environment:create_environment_scripts_only(robot_arm_bringup)
[0.592s] Level 1:colcon.colcon_core.environment:checking '/home/shiva/Documents/robot_arm/install/robot_arm_bringup' for CMake module files
[0.593s] DEBUG:colcon.colcon_core.event_handler.log_command:Invoked command in '/home/shiva/Documents/robot_arm/build/robot_arm_bringup' returned '0': CMAKE_PREFIX_PATH=${CMAKE_PREFIX_PATH}:/home/shiva/Documents/wrk_spc/install/my_pkg:/opt/ros/humble /usr/bin/cmake --install /home/shiva/Documents/robot_arm/build/robot_arm_bringup
[0.594s] Level 1:colcon.colcon_core.environment:checking '/home/shiva/Documents/robot_arm/install/robot_arm_bringup' for CMake config files
[0.594s] Level 1:colcon.colcon_core.shell:create_environment_hook('robot_arm_bringup', 'cmake_prefix_path')
[0.595s] INFO:colcon.colcon_core.shell:Creating environment hook '/home/shiva/Documents/robot_arm/install/robot_arm_bringup/share/robot_arm_bringup/hook/cmake_prefix_path.ps1'
[0.595s] INFO:colcon.colcon_core.shell:Creating environment descriptor '/home/shiva/Documents/robot_arm/install/robot_arm_bringup/share/robot_arm_bringup/hook/cmake_prefix_path.dsv'
[0.596s] INFO:colcon.colcon_core.shell:Creating environment hook '/home/shiva/Documents/robot_arm/install/robot_arm_bringup/share/robot_arm_bringup/hook/cmake_prefix_path.sh'
[0.597s] Level 1:colcon.colcon_core.environment:checking '/home/shiva/Documents/robot_arm/install/robot_arm_bringup/bin'
[0.597s] Level 1:colcon.colcon_core.environment:checking '/home/shiva/Documents/robot_arm/install/robot_arm_bringup/lib/pkgconfig/robot_arm_bringup.pc'
[0.597s] Level 1:colcon.colcon_core.environment:checking '/home/shiva/Documents/robot_arm/install/robot_arm_bringup/lib/python3.10/site-packages'
[0.598s] Level 1:colcon.colcon_core.environment:checking '/home/shiva/Documents/robot_arm/install/robot_arm_bringup/bin'
[0.598s] INFO:colcon.colcon_core.shell:Creating package script '/home/shiva/Documents/robot_arm/install/robot_arm_bringup/share/robot_arm_bringup/package.ps1'
[0.599s] INFO:colcon.colcon_core.shell:Creating package descriptor '/home/shiva/Documents/robot_arm/install/robot_arm_bringup/share/robot_arm_bringup/package.dsv'
[0.600s] INFO:colcon.colcon_core.shell:Creating package script '/home/shiva/Documents/robot_arm/install/robot_arm_bringup/share/robot_arm_bringup/package.sh'
[0.600s] INFO:colcon.colcon_core.shell:Creating package script '/home/shiva/Documents/robot_arm/install/robot_arm_bringup/share/robot_arm_bringup/package.bash'
[0.601s] INFO:colcon.colcon_core.shell:Creating package script '/home/shiva/Documents/robot_arm/install/robot_arm_bringup/share/robot_arm_bringup/package.zsh'
[0.601s] Level 1:colcon.colcon_core.environment:create_file_with_runtime_dependencies(/home/shiva/Documents/robot_arm/install/robot_arm_bringup/share/colcon-core/packages/robot_arm_bringup)
[0.602s] Level 1:colcon.colcon_core.environment:create_environment_scripts_only(robot_arm_description)
[0.603s] Level 1:colcon.colcon_core.environment:checking '/home/shiva/Documents/robot_arm/install/robot_arm_description' for CMake module files
[0.604s] DEBUG:colcon.colcon_core.event_handler.log_command:Invoked command in '/home/shiva/Documents/robot_arm/build/robot_arm_description' returned '0': CMAKE_PREFIX_PATH=${CMAKE_PREFIX_PATH}:/home/shiva/Documents/wrk_spc/install/my_pkg:/opt/ros/humble /usr/bin/cmake --install /home/shiva/Documents/robot_arm/build/robot_arm_description
[0.604s] Level 1:colcon.colcon_core.environment:checking '/home/shiva/Documents/robot_arm/install/robot_arm_description' for CMake config files
[0.605s] Level 1:colcon.colcon_core.shell:create_environment_hook('robot_arm_description', 'cmake_prefix_path')
[0.605s] INFO:colcon.colcon_core.shell:Creating environment hook '/home/shiva/Documents/robot_arm/install/robot_arm_description/share/robot_arm_description/hook/cmake_prefix_path.ps1'
[0.606s] INFO:colcon.colcon_core.shell:Creating environment descriptor '/home/shiva/Documents/robot_arm/install/robot_arm_description/share/robot_arm_description/hook/cmake_prefix_path.dsv'
[0.607s] INFO:colcon.colcon_core.shell:Creating environment hook '/home/shiva/Documents/robot_arm/install/robot_arm_description/share/robot_arm_description/hook/cmake_prefix_path.sh'
[0.608s] Level 1:colcon.colcon_core.environment:checking '/home/shiva/Documents/robot_arm/install/robot_arm_description/bin'
[0.608s] Level 1:colcon.colcon_core.environment:checking '/home/shiva/Documents/robot_arm/install/robot_arm_description/lib/pkgconfig/robot_arm_description.pc'
[0.608s] Level 1:colcon.colcon_core.environment:checking '/home/shiva/Documents/robot_arm/install/robot_arm_description/lib/python3.10/site-packages'
[0.609s] Level 1:colcon.colcon_core.environment:checking '/home/shiva/Documents/robot_arm/install/robot_arm_description/bin'
[0.609s] INFO:colcon.colcon_core.shell:Creating package script '/home/shiva/Documents/robot_arm/install/robot_arm_description/share/robot_arm_description/package.ps1'
[0.610s] INFO:colcon.colcon_core.shell:Creating package descriptor '/home/shiva/Documents/robot_arm/install/robot_arm_description/share/robot_arm_description/package.dsv'
[0.611s] INFO:colcon.colcon_core.shell:Creating package script '/home/shiva/Documents/robot_arm/install/robot_arm_description/share/robot_arm_description/package.sh'
[0.611s] INFO:colcon.colcon_core.shell:Creating package script '/home/shiva/Documents/robot_arm/install/robot_arm_description/share/robot_arm_description/package.bash'
[0.612s] INFO:colcon.colcon_core.shell:Creating package script '/home/shiva/Documents/robot_arm/install/robot_arm_description/share/robot_arm_description/package.zsh'
[0.613s] Level 1:colcon.colcon_core.environment:create_file_with_runtime_dependencies(/home/shiva/Documents/robot_arm/install/robot_arm_description/share/colcon-core/packages/robot_arm_description)
[0.615s] Level 1:colcon.colcon_core.environment:create_environment_scripts_only(robot_arm_moveit)
[0.615s] Level 1:colcon.colcon_core.environment:checking '/home/shiva/Documents/robot_arm/install/robot_arm_moveit' for CMake module files
[0.616s] Level 1:colcon.colcon_core.environment:checking '/home/shiva/Documents/robot_arm/install/robot_arm_moveit' for CMake config files
[0.616s] Level 1:colcon.colcon_core.shell:create_environment_hook('robot_arm_moveit', 'cmake_prefix_path')
[0.616s] INFO:colcon.colcon_core.shell:Creating environment hook '/home/shiva/Documents/robot_arm/install/robot_arm_moveit/share/robot_arm_moveit/hook/cmake_prefix_path.ps1'
[0.617s] INFO:colcon.colcon_core.shell:Creating environment descriptor '/home/shiva/Documents/robot_arm/install/robot_arm_moveit/share/robot_arm_moveit/hook/cmake_prefix_path.dsv'
[0.617s] INFO:colcon.colcon_core.shell:Creating environment hook '/home/shiva/Documents/robot_arm/install/robot_arm_moveit/share/robot_arm_moveit/hook/cmake_prefix_path.sh'
[0.618s] Level 1:colcon.colcon_core.environment:checking '/home/shiva/Documents/robot_arm/install/robot_arm_moveit/bin'
[0.618s] Level 1:colcon.colcon_core.environment:checking '/home/shiva/Documents/robot_arm/install/robot_arm_moveit/lib/pkgconfig/robot_arm_moveit.pc'
[0.618s] Level 1:colcon.colcon_core.environment:checking '/home/shiva/Documents/robot_arm/install/robot_arm_moveit/lib/python3.10/site-packages'
[0.618s] Level 1:colcon.colcon_core.environment:checking '/home/shiva/Documents/robot_arm/install/robot_arm_moveit/bin'
[0.619s] INFO:colcon.colcon_core.shell:Creating package script '/home/shiva/Documents/robot_arm/install/robot_arm_moveit/share/robot_arm_moveit/package.ps1'
[0.619s] INFO:colcon.colcon_core.shell:Creating package descriptor '/home/shiva/Documents/robot_arm/install/robot_arm_moveit/share/robot_arm_moveit/package.dsv'
[0.620s] INFO:colcon.colcon_core.shell:Creating package script '/home/shiva/Documents/robot_arm/install/robot_arm_moveit/share/robot_arm_moveit/package.sh'
[0.620s] INFO:colcon.colcon_core.shell:Creating package script '/home/shiva/Documents/robot_arm/install/robot_arm_moveit/share/robot_arm_moveit/package.bash'
[0.621s] INFO:colcon.colcon_core.shell:Creating package script '/home/shiva/Documents/robot_arm/install/robot_arm_moveit/share/robot_arm_moveit/package.zsh'
[0.621s] Level 1:colcon.colcon_core.environment:create_file_with_runtime_dependencies(/home/shiva/Documents/robot_arm/install/robot_arm_moveit/share/colcon-core/packages/robot_arm_moveit)
[0.622s] Level 1:colcon.colcon_core.environment:create_environment_scripts_only(robot_arm_controller)
[0.622s] Level 1:colcon.colcon_core.environment:checking '/home/shiva/Documents/robot_arm/install/robot_arm_controller' for CMake module files
[0.623s] Level 1:colcon.colcon_core.environment:checking '/home/shiva/Documents/robot_arm/install/robot_arm_controller' for CMake config files
[0.624s] Level 1:colcon.colcon_core.shell:create_environment_hook('robot_arm_controller', 'cmake_prefix_path')
[0.624s] INFO:colcon.colcon_core.shell:Creating environment hook '/home/shiva/Documents/robot_arm/install/robot_arm_controller/share/robot_arm_controller/hook/cmake_prefix_path.ps1'
[0.624s] INFO:colcon.colcon_core.shell:Creating environment descriptor '/home/shiva/Documents/robot_arm/install/robot_arm_controller/share/robot_arm_controller/hook/cmake_prefix_path.dsv'
[0.625s] INFO:colcon.colcon_core.shell:Creating environment hook '/home/shiva/Documents/robot_arm/install/robot_arm_controller/share/robot_arm_controller/hook/cmake_prefix_path.sh'
[0.625s] Level 1:colcon.colcon_core.environment:checking '/home/shiva/Documents/robot_arm/install/robot_arm_controller/bin'
[0.625s] Level 1:colcon.colcon_core.environment:checking '/home/shiva/Documents/robot_arm/install/robot_arm_controller/lib/pkgconfig/robot_arm_controller.pc'
[0.626s] Level 1:colcon.colcon_core.environment:checking '/home/shiva/Documents/robot_arm/install/robot_arm_controller/lib/python3.10/site-packages'
[0.626s] Level 1:colcon.colcon_core.environment:checking '/home/shiva/Documents/robot_arm/install/robot_arm_controller/bin'
[0.626s] INFO:colcon.colcon_core.shell:Creating package script '/home/shiva/Documents/robot_arm/install/robot_arm_controller/share/robot_arm_controller/package.ps1'
[0.627s] INFO:colcon.colcon_core.shell:Creating package descriptor '/home/shiva/Documents/robot_arm/install/robot_arm_controller/share/robot_arm_controller/package.dsv'
[0.627s] INFO:colcon.colcon_core.shell:Creating package script '/home/shiva/Documents/robot_arm/install/robot_arm_controller/share/robot_arm_controller/package.sh'
[0.628s] INFO:colcon.colcon_core.shell:Creating package script '/home/shiva/Documents/robot_arm/install/robot_arm_controller/share/robot_arm_controller/package.bash'
[0.629s] INFO:colcon.colcon_core.shell:Creating package script '/home/shiva/Documents/robot_arm/install/robot_arm_controller/share/robot_arm_controller/package.zsh'
[0.629s] Level 1:colcon.colcon_core.environment:create_file_with_runtime_dependencies(/home/shiva/Documents/robot_arm/install/robot_arm_controller/share/colcon-core/packages/robot_arm_controller)
[0.630s] Level 1:colcon.colcon_core.environment:create_environment_scripts_only(robot_arm_bringup)
[0.630s] Level 1:colcon.colcon_core.environment:checking '/home/shiva/Documents/robot_arm/install/robot_arm_bringup' for CMake module files
[0.631s] Level 1:colcon.colcon_core.environment:checking '/home/shiva/Documents/robot_arm/install/robot_arm_bringup' for CMake config files
[0.632s] Level 1:colcon.colcon_core.shell:create_environment_hook('robot_arm_bringup', 'cmake_prefix_path')
[0.632s] INFO:colcon.colcon_core.shell:Creating environment hook '/home/shiva/Documents/robot_arm/install/robot_arm_bringup/share/robot_arm_bringup/hook/cmake_prefix_path.ps1'
[0.633s] INFO:colcon.colcon_core.shell:Creating environment descriptor '/home/shiva/Documents/robot_arm/install/robot_arm_bringup/share/robot_arm_bringup/hook/cmake_prefix_path.dsv'
[0.633s] INFO:colcon.colcon_core.shell:Creating environment hook '/home/shiva/Documents/robot_arm/install/robot_arm_bringup/share/robot_arm_bringup/hook/cmake_prefix_path.sh'
[0.634s] Level 1:colcon.colcon_core.environment:checking '/home/shiva/Documents/robot_arm/install/robot_arm_bringup/bin'
[0.634s] Level 1:colcon.colcon_core.environment:checking '/home/shiva/Documents/robot_arm/install/robot_arm_bringup/lib/pkgconfig/robot_arm_bringup.pc'
[0.634s] Level 1:colcon.colcon_core.environment:checking '/home/shiva/Documents/robot_arm/install/robot_arm_bringup/lib/python3.10/site-packages'
[0.635s] Level 1:colcon.colcon_core.environment:checking '/home/shiva/Documents/robot_arm/install/robot_arm_bringup/bin'
[0.635s] INFO:colcon.colcon_core.shell:Creating package script '/home/shiva/Documents/robot_arm/install/robot_arm_bringup/share/robot_arm_bringup/package.ps1'
[0.636s] INFO:colcon.colcon_core.shell:Creating package descriptor '/home/shiva/Documents/robot_arm/install/robot_arm_bringup/share/robot_arm_bringup/package.dsv'
[0.637s] INFO:colcon.colcon_core.shell:Creating package script '/home/shiva/Documents/robot_arm/install/robot_arm_bringup/share/robot_arm_bringup/package.sh'
[0.638s] INFO:colcon.colcon_core.shell:Creating package script '/home/shiva/Documents/robot_arm/install/robot_arm_bringup/share/robot_arm_bringup/package.bash'
[0.638s] INFO:colcon.colcon_core.shell:Creating package script '/home/shiva/Documents/robot_arm/install/robot_arm_bringup/share/robot_arm_bringup/package.zsh'
[0.639s] Level 1:colcon.colcon_core.environment:create_file_with_runtime_dependencies(/home/shiva/Documents/robot_arm/install/robot_arm_bringup/share/colcon-core/packages/robot_arm_bringup)
[0.641s] Level 1:colcon.colcon_core.environment:create_environment_scripts_only(robot_arm_description)
[0.641s] Level 1:colcon.colcon_core.environment:checking '/home/shiva/Documents/robot_arm/install/robot_arm_description' for CMake module files
[0.642s] Level 1:colcon.colcon_core.environment:checking '/home/shiva/Documents/robot_arm/install/robot_arm_description' for CMake config files
[0.643s] Level 1:colcon.colcon_core.shell:create_environment_hook('robot_arm_description', 'cmake_prefix_path')
[0.643s] INFO:colcon.colcon_core.shell:Creating environment hook '/home/shiva/Documents/robot_arm/install/robot_arm_description/share/robot_arm_description/hook/cmake_prefix_path.ps1'
[0.644s] INFO:colcon.colcon_core.shell:Creating environment descriptor '/home/shiva/Documents/robot_arm/install/robot_arm_description/share/robot_arm_description/hook/cmake_prefix_path.dsv'
[0.644s] INFO:colcon.colcon_core.shell:Creating environment hook '/home/shiva/Documents/robot_arm/install/robot_arm_description/share/robot_arm_description/hook/cmake_prefix_path.sh'
[0.645s] Level 1:colcon.colcon_core.environment:checking '/home/shiva/Documents/robot_arm/install/robot_arm_description/bin'
[0.645s] Level 1:colcon.colcon_core.environment:checking '/home/shiva/Documents/robot_arm/install/robot_arm_description/lib/pkgconfig/robot_arm_description.pc'
[0.645s] Level 1:colcon.colcon_core.environment:checking '/home/shiva/Documents/robot_arm/install/robot_arm_description/lib/python3.10/site-packages'
[0.646s] Level 1:colcon.colcon_core.environment:checking '/home/shiva/Documents/robot_arm/install/robot_arm_description/bin'
[0.646s] INFO:colcon.colcon_core.shell:Creating package script '/home/shiva/Documents/robot_arm/install/robot_arm_description/share/robot_arm_description/package.ps1'
[0.647s] INFO:colcon.colcon_core.shell:Creating package descriptor '/home/shiva/Documents/robot_arm/install/robot_arm_description/share/robot_arm_description/package.dsv'
[0.648s] INFO:colcon.colcon_core.shell:Creating package script '/home/shiva/Documents/robot_arm/install/robot_arm_description/share/robot_arm_description/package.sh'
[0.649s] INFO:colcon.colcon_core.shell:Creating package script '/home/shiva/Documents/robot_arm/install/robot_arm_description/share/robot_arm_description/package.bash'
[0.649s] INFO:colcon.colcon_core.shell:Creating package script '/home/shiva/Documents/robot_arm/install/robot_arm_description/share/robot_arm_description/package.zsh'
[0.650s] Level 1:colcon.colcon_core.environment:create_file_with_runtime_dependencies(/home/shiva/Documents/robot_arm/install/robot_arm_description/share/colcon-core/packages/robot_arm_description)
[0.966s] DEBUG:colcon.colcon_core.event_handler.log_command:Invoked command in '/home/shiva/Documents/robot_arm/build/robot_arm_interfaces' returned '0': CMAKE_PREFIX_PATH=${CMAKE_PREFIX_PATH}:/home/shiva/Documents/wrk_spc/install/my_pkg:/opt/ros/humble /usr/bin/cmake --build /home/shiva/Documents/robot_arm/build/robot_arm_interfaces -- -j8 -l8
[1.012s] DEBUG:colcon.colcon_core.event_handler.log_command:Invoking command in '/home/shiva/Documents/robot_arm/build/robot_arm_interfaces': CMAKE_PREFIX_PATH=${CMAKE_PREFIX_PATH}:/home/shiva/Documents/wrk_spc/install/my_pkg:/opt/ros/humble /usr/bin/cmake --install /home/shiva/Documents/robot_arm/build/robot_arm_interfaces
[1.117s] Level 1:colcon.colcon_core.environment:create_environment_scripts_only(robot_arm_interfaces)
[1.118s] Level 1:colcon.colcon_core.environment:checking '/home/shiva/Documents/robot_arm/install/robot_arm_interfaces' for CMake module files
[1.118s] DEBUG:colcon.colcon_core.event_handler.log_command:Invoked command in '/home/shiva/Documents/robot_arm/build/robot_arm_interfaces' returned '0': CMAKE_PREFIX_PATH=${CMAKE_PREFIX_PATH}:/home/shiva/Documents/wrk_spc/install/my_pkg:/opt/ros/humble /usr/bin/cmake --install /home/shiva/Documents/robot_arm/build/robot_arm_interfaces
[1.119s] Level 1:colcon.colcon_core.environment:checking '/home/shiva/Documents/robot_arm/install/robot_arm_interfaces' for CMake config files
[1.119s] Level 1:colcon.colcon_core.shell:create_environment_hook('robot_arm_interfaces', 'cmake_prefix_path')
[1.119s] INFO:colcon.colcon_core.shell:Creating environment hook '/home/shiva/Documents/robot_arm/install/robot_arm_interfaces/share/robot_arm_interfaces/hook/cmake_prefix_path.ps1'
[1.120s] INFO:colcon.colcon_core.shell:Creating environment descriptor '/home/shiva/Documents/robot_arm/install/robot_arm_interfaces/share/robot_arm_interfaces/hook/cmake_prefix_path.dsv'
[1.120s] INFO:colcon.colcon_core.shell:Creating environment hook '/home/shiva/Documents/robot_arm/install/robot_arm_interfaces/share/robot_arm_interfaces/hook/cmake_prefix_path.sh'
[1.121s] Level 1:colcon.colcon_core.environment:checking '/home/shiva/Documents/robot_arm/install/robot_arm_interfaces/lib'
[1.121s] Level 1:colcon.colcon_core.shell:create_environment_hook('robot_arm_interfaces', 'ld_library_path_lib')
[1.121s] INFO:colcon.colcon_core.shell:Creating environment hook '/home/shiva/Documents/robot_arm/install/robot_arm_interfaces/share/robot_arm_interfaces/hook/ld_library_path_lib.ps1'
[1.122s] INFO:colcon.colcon_core.shell:Creating environment descriptor '/home/shiva/Documents/robot_arm/install/robot_arm_interfaces/share/robot_arm_interfaces/hook/ld_library_path_lib.dsv'
[1.122s] INFO:colcon.colcon_core.shell:Creating environment hook '/home/shiva/Documents/robot_arm/install/robot_arm_interfaces/share/robot_arm_interfaces/hook/ld_library_path_lib.sh'
[1.123s] Level 1:colcon.colcon_core.environment:checking '/home/shiva/Documents/robot_arm/install/robot_arm_interfaces/bin'
[1.123s] Level 1:colcon.colcon_core.environment:checking '/home/shiva/Documents/robot_arm/install/robot_arm_interfaces/lib/pkgconfig/robot_arm_interfaces.pc'
[1.123s] Level 1:colcon.colcon_core.environment:checking '/home/shiva/Documents/robot_arm/install/robot_arm_interfaces/lib/python3.10/site-packages'
[1.123s] Level 1:colcon.colcon_core.shell:create_environment_hook('robot_arm_interfaces', 'pythonpath')
[1.123s] INFO:colcon.colcon_core.shell:Creating environment hook '/home/shiva/Documents/robot_arm/install/robot_arm_interfaces/share/robot_arm_interfaces/hook/pythonpath.ps1'
[1.124s] INFO:colcon.colcon_core.shell:Creating environment descriptor '/home/shiva/Documents/robot_arm/install/robot_arm_interfaces/share/robot_arm_interfaces/hook/pythonpath.dsv'
[1.124s] INFO:colcon.colcon_core.shell:Creating environment hook '/home/shiva/Documents/robot_arm/install/robot_arm_interfaces/share/robot_arm_interfaces/hook/pythonpath.sh'
[1.125s] Level 1:colcon.colcon_core.environment:checking '/home/shiva/Documents/robot_arm/install/robot_arm_interfaces/bin'
[1.125s] INFO:colcon.colcon_core.shell:Creating package script '/home/shiva/Documents/robot_arm/install/robot_arm_interfaces/share/robot_arm_interfaces/package.ps1'
[1.126s] INFO:colcon.colcon_core.shell:Creating package descriptor '/home/shiva/Documents/robot_arm/install/robot_arm_interfaces/share/robot_arm_interfaces/package.dsv'
[1.127s] INFO:colcon.colcon_core.shell:Creating package script '/home/shiva/Documents/robot_arm/install/robot_arm_interfaces/share/robot_arm_interfaces/package.sh'
[1.127s] INFO:colcon.colcon_core.shell:Creating package script '/home/shiva/Documents/robot_arm/install/robot_arm_interfaces/share/robot_arm_interfaces/package.bash'
[1.128s] INFO:colcon.colcon_core.shell:Creating package script '/home/shiva/Documents/robot_arm/install/robot_arm_interfaces/share/robot_arm_interfaces/package.zsh'
[1.128s] Level 1:colcon.colcon_core.environment:create_file_with_runtime_dependencies(/home/shiva/Documents/robot_arm/install/robot_arm_interfaces/share/colcon-core/packages/robot_arm_interfaces)
[1.173s] Level 1:colcon.colcon_core.environment:create_environment_scripts_only(robot_arm_interfaces)
[1.174s] Level 1:colcon.colcon_core.environment:checking '/home/shiva/Documents/robot_arm/install/robot_arm_interfaces' for CMake module files
[1.174s] Level 1:colcon.colcon_core.environment:checking '/home/shiva/Documents/robot_arm/install/robot_arm_interfaces' for CMake config files
[1.174s] Level 1:colcon.colcon_core.shell:create_environment_hook('robot_arm_interfaces', 'cmake_prefix_path')
[1.174s] INFO:colcon.colcon_core.shell:Creating environment hook '/home/shiva/Documents/robot_arm/install/robot_arm_interfaces/share/robot_arm_interfaces/hook/cmake_prefix_path.ps1'
[1.175s] INFO:colcon.colcon_core.shell:Creating environment descriptor '/home/shiva/Documents/robot_arm/install/robot_arm_interfaces/share/robot_arm_interfaces/hook/cmake_prefix_path.dsv'
[1.175s] INFO:colcon.colcon_core.shell:Creating environment hook '/home/shiva/Documents/robot_arm/install/robot_arm_interfaces/share/robot_arm_interfaces/hook/cmake_prefix_path.sh'
[1.175s] Level 1:colcon.colcon_core.environment:checking '/home/shiva/Documents/robot_arm/install/robot_arm_interfaces/lib'
[1.175s] Level 1:colcon.colcon_core.shell:create_environment_hook('robot_arm_interfaces', 'ld_library_path_lib')
[1.176s] INFO:colcon.colcon_core.shell:Creating environment hook '/home/shiva/Documents/robot_arm/install/robot_arm_interfaces/share/robot_arm_interfaces/hook/ld_library_path_lib.ps1'
[1.176s] INFO:colcon.colcon_core.shell:Creating environment descriptor '/home/shiva/Documents/robot_arm/install/robot_arm_interfaces/share/robot_arm_interfaces/hook/ld_library_path_lib.dsv'
[1.176s] INFO:colcon.colcon_core.shell:Creating environment hook '/home/shiva/Documents/robot_arm/install/robot_arm_interfaces/share/robot_arm_interfaces/hook/ld_library_path_lib.sh'
[1.176s] Level 1:colcon.colcon_core.environment:checking '/home/shiva/Documents/robot_arm/install/robot_arm_interfaces/bin'
[1.177s] Level 1:colcon.colcon_core.environment:checking '/home/shiva/Documents/robot_arm/install/robot_arm_interfaces/lib/pkgconfig/robot_arm_interfaces.pc'
[1.177s] Level 1:colcon.colcon_core.environment:checking '/home/shiva/Documents/robot_arm/install/robot_arm_interfaces/lib/python3.10/site-packages'
[1.177s] Level 1:colcon.colcon_core.shell:create_environment_hook('robot_arm_interfaces', 'pythonpath')
[1.177s] INFO:colcon.colcon_core.shell:Creating environment hook '/home/shiva/Documents/robot_arm/install/robot_arm_interfaces/share/robot_arm_interfaces/hook/pythonpath.ps1'
[1.177s] INFO:colcon.colcon_core.shell:Creating environment descriptor '/home/shiva/Documents/robot_arm/install/robot_arm_interfaces/share/robot_arm_interfaces/hook/pythonpath.dsv'
[1.177s] INFO:colcon.colcon_core.shell:Creating environment hook '/home/shiva/Documents/robot_arm/install/robot_arm_interfaces/share/robot_arm_interfaces/hook/pythonpath.sh'
[1.178s] Level 1:colcon.colcon_core.environment:checking '/home/shiva/Documents/robot_arm/install/robot_arm_interfaces/bin'
[1.178s] INFO:colcon.colcon_core.shell:Creating package script '/home/shiva/Documents/robot_arm/install/robot_arm_interfaces/share/robot_arm_interfaces/package.ps1'
[1.179s] INFO:colcon.colcon_core.shell:Creating package descriptor '/home/shiva/Documents/robot_arm/install/robot_arm_interfaces/share/robot_arm_interfaces/package.dsv'
[1.179s] INFO:colcon.colcon_core.shell:Creating package script '/home/shiva/Documents/robot_arm/install/robot_arm_interfaces/share/robot_arm_interfaces/package.sh'
[1.180s] INFO:colcon.colcon_core.shell:Creating package script '/home/shiva/Documents/robot_arm/install/robot_arm_interfaces/share/robot_arm_interfaces/package.bash'
[1.180s] INFO:colcon.colcon_core.shell:Creating package script '/home/shiva/Documents/robot_arm/install/robot_arm_interfaces/share/robot_arm_interfaces/package.zsh'
[1.180s] Level 1:colcon.colcon_core.environment:create_file_with_runtime_dependencies(/home/shiva/Documents/robot_arm/install/robot_arm_interfaces/share/colcon-core/packages/robot_arm_interfaces)
[1.180s] INFO:colcon.colcon_ros.task.ament_cmake.build:Building ROS package in '/home/shiva/Documents/robot_arm/src/robot_arm_remote' with build type 'ament_cmake'
[1.180s] INFO:colcon.colcon_cmake.task.cmake.build:Building CMake package in '/home/shiva/Documents/robot_arm/src/robot_arm_remote'
[1.181s] INFO:colcon.colcon_core.shell:Skip shell extension 'powershell' for command environment: Not usable outside of PowerShell
[1.181s] DEBUG:colcon.colcon_core.shell:Skip shell extension 'dsv' for command environment
[1.193s] DEBUG:colcon.colcon_core.event_handler.log_command:Invoking command in '/home/shiva/Documents/robot_arm/build/robot_arm_remote': CMAKE_PREFIX_PATH=/home/shiva/Documents/robot_arm/install/robot_arm_interfaces:/home/shiva/Documents/ros2_projects/robot_car_V2/install/robot_car_v2_utils:/home/shiva/Documents/ros2_projects/robot_car_V2/install/robot_car_v2_mapping:/home/shiva/Documents/ros2_projects/robot_car_V2/install/robot_car_v2_localization_planning:/home/shiva/Documents/ros2_projects/robot_car_V2/install/robot_car_v2_description:/home/shiva/Documents/ros2_projects/robot_car_V2/install/robot_car_v2_controller:/home/shiva/Documents/ros2_projects/robot_car_V2/install/robot_car_v2_bringup:/home/shiva/Documents/robot_arm/install/robot_arm_remote:/home/shiva/Documents/robot_arm/install/robot_arm_moveit:/home/shiva/Documents/robot_arm/install/robot_arm_description:/home/shiva/Documents/robot_arm/install/robot_arm_controller:/home/shiva/Documents/robot_arm/install/robot_arm_bringup:/home/shiva/Documents/robot_arm/install/cpp_examples:/home/shiva/Documents/bumperbot_wrkspc/install/bumperbot_description:/home/shiva/Documents/bumperbot_wrkspc/install/bumperbot_controller:/home/shiva/Documents/AGV_Kalman_Filter_Robot/robo_car/install/robot_car_localization:/home/shiva/Documents/AGV_Kalman_Filter_Robot/robo_car/install/robot_car_description:/home/shiva/Documents/AGV_Kalman_Filter_Robot/robo_car/install/robot_car_controller:/home/shiva/Documents/AGV_Kalman_Filter_Robot/robo_car/install/robot_car_bringup:/home/shiva/Documents/wrk_spc/install/my_robot_bringup:/home/shiva/Documents/wrk_spc/install/my_robot_interfaces:/home/shiva/Documents/wrk_spc/install/my_pkg:/opt/ros/humble LD_LIBRARY_PATH=/home/shiva/Documents/robot_arm/install/robot_arm_interfaces/lib:/home/shiva/Documents/robot_arm/install/robot_arm_remote/lib:/home/shiva/Documents/wrk_spc/install/my_robot_interfaces/lib:/usr/lib/x86_64-linux-gnu/gazebo-11/plugins:/opt/ros/humble/opt/rviz_ogre_vendor/lib:/opt/ros/humble/lib/x86_64-linux-gnu:/opt/ros/humble/lib:/usr/share/gazebo/../../lib/x86_64-linux-gnu/gazebo-11/plugins PYTHONPATH=/home/shiva/Documents/robot_arm/install/robot_arm_interfaces/lib/python3.10/site-packages:/home/shiva/Documents/ros2_projects/robot_car_V2/install/robot_car_v2_utils/lib/python3.10/site-packages:/home/shiva/Documents/ros2_projects/robot_car_V2/install/robot_car_v2_mapping/lib/python3.10/site-packages:/home/shiva/Documents/ros2_projects/robot_car_V2/install/robot_car_v2_localization_planning/lib/python3.10/site-packages:/home/shiva/Documents/ros2_projects/robot_car_V2/install/robot_car_v2_description/lib/python3.10/site-packages:/home/shiva/Documents/ros2_projects/robot_car_V2/install/robot_car_v2_controller/lib/python3.10/site-packages:/home/shiva/Documents/robot_arm/install/robot_arm_remote/lib/python3.10/site-packages:/home/shiva/Documents/AGV_Kalman_Filter_Robot/robo_car/install/robot_car_localization/lib/python3.10/site-packages:/home/shiva/Documents/AGV_Kalman_Filter_Robot/robo_car/install/robot_car_controller/lib/python3.10/site-packages:/home/shiva/Documents/wrk_spc/install/my_pkg/lib/python3.10/site-packages:/home/shiva/Documents/wrk_spc/install/my_robot_interfaces/lib/python3.10/site-packages:/opt/ros/humble/lib/python3.10/site-packages:/opt/ros/humble/local/lib/python3.10/dist-packages /usr/bin/cmake --build /home/shiva/Documents/robot_arm/build/robot_arm_remote -- -j8 -l8
[1.598s] DEBUG:colcon.colcon_core.event_handler.log_command:Invoked command in '/home/shiva/Documents/robot_arm/build/robot_arm_remote' returned '0': CMAKE_PREFIX_PATH=/home/shiva/Documents/robot_arm/install/robot_arm_interfaces:/home/shiva/Documents/ros2_projects/robot_car_V2/install/robot_car_v2_utils:/home/shiva/Documents/ros2_projects/robot_car_V2/install/robot_car_v2_mapping:/home/shiva/Documents/ros2_projects/robot_car_V2/install/robot_car_v2_localization_planning:/home/shiva/Documents/ros2_projects/robot_car_V2/install/robot_car_v2_description:/home/shiva/Documents/ros2_projects/robot_car_V2/install/robot_car_v2_controller:/home/shiva/Documents/ros2_projects/robot_car_V2/install/robot_car_v2_bringup:/home/shiva/Documents/robot_arm/install/robot_arm_remote:/home/shiva/Documents/robot_arm/install/robot_arm_moveit:/home/shiva/Documents/robot_arm/install/robot_arm_description:/home/shiva/Documents/robot_arm/install/robot_arm_controller:/home/shiva/Documents/robot_arm/install/robot_arm_bringup:/home/shiva/Documents/robot_arm/install/cpp_examples:/home/shiva/Documents/bumperbot_wrkspc/install/bumperbot_description:/home/shiva/Documents/bumperbot_wrkspc/install/bumperbot_controller:/home/shiva/Documents/AGV_Kalman_Filter_Robot/robo_car/install/robot_car_localization:/home/shiva/Documents/AGV_Kalman_Filter_Robot/robo_car/install/robot_car_description:/home/shiva/Documents/AGV_Kalman_Filter_Robot/robo_car/install/robot_car_controller:/home/shiva/Documents/AGV_Kalman_Filter_Robot/robo_car/install/robot_car_bringup:/home/shiva/Documents/wrk_spc/install/my_robot_bringup:/home/shiva/Documents/wrk_spc/install/my_robot_interfaces:/home/shiva/Documents/wrk_spc/install/my_pkg:/opt/ros/humble LD_LIBRARY_PATH=/home/shiva/Documents/robot_arm/install/robot_arm_interfaces/lib:/home/shiva/Documents/robot_arm/install/robot_arm_remote/lib:/home/shiva/Documents/wrk_spc/install/my_robot_interfaces/lib:/usr/lib/x86_64-linux-gnu/gazebo-11/plugins:/opt/ros/humble/opt/rviz_ogre_vendor/lib:/opt/ros/humble/lib/x86_64-linux-gnu:/opt/ros/humble/lib:/usr/share/gazebo/../../lib/x86_64-linux-gnu/gazebo-11/plugins PYTHONPATH=/home/shiva/Documents/robot_arm/install/robot_arm_interfaces/lib/python3.10/site-packages:/home/shiva/Documents/ros2_projects/robot_car_V2/install/robot_car_v2_utils/lib/python3.10/site-packages:/home/shiva/Documents/ros2_projects/robot_car_V2/install/robot_car_v2_mapping/lib/python3.10/site-packages:/home/shiva/Documents/ros2_projects/robot_car_V2/install/robot_car_v2_localization_planning/lib/python3.10/site-packages:/home/shiva/Documents/ros2_projects/robot_car_V2/install/robot_car_v2_description/lib/python3.10/site-packages:/home/shiva/Documents/ros2_projects/robot_car_V2/install/robot_car_v2_controller/lib/python3.10/site-packages:/home/shiva/Documents/robot_arm/install/robot_arm_remote/lib/python3.10/site-packages:/home/shiva/Documents/AGV_Kalman_Filter_Robot/robo_car/install/robot_car_localization/lib/python3.10/site-packages:/home/shiva/Documents/AGV_Kalman_Filter_Robot/robo_car/install/robot_car_controller/lib/python3.10/site-packages:/home/shiva/Documents/wrk_spc/install/my_pkg/lib/python3.10/site-packages:/home/shiva/Documents/wrk_spc/install/my_robot_interfaces/lib/python3.10/site-packages:/opt/ros/humble/lib/python3.10/site-packages:/opt/ros/humble/local/lib/python3.10/dist-packages /usr/bin/cmake --build /home/shiva/Documents/robot_arm/build/robot_arm_remote -- -j8 -l8
[1.621s] DEBUG:colcon.colcon_core.event_handler.log_command:Invoking command in '/home/shiva/Documents/robot_arm/build/robot_arm_remote': CMAKE_PREFIX_PATH=/home/shiva/Documents/robot_arm/install/robot_arm_interfaces:/home/shiva/Documents/ros2_projects/robot_car_V2/install/robot_car_v2_utils:/home/shiva/Documents/ros2_projects/robot_car_V2/install/robot_car_v2_mapping:/home/shiva/Documents/ros2_projects/robot_car_V2/install/robot_car_v2_localization_planning:/home/shiva/Documents/ros2_projects/robot_car_V2/install/robot_car_v2_description:/home/shiva/Documents/ros2_projects/robot_car_V2/install/robot_car_v2_controller:/home/shiva/Documents/ros2_projects/robot_car_V2/install/robot_car_v2_bringup:/home/shiva/Documents/robot_arm/install/robot_arm_remote:/home/shiva/Documents/robot_arm/install/robot_arm_moveit:/home/shiva/Documents/robot_arm/install/robot_arm_description:/home/shiva/Documents/robot_arm/install/robot_arm_controller:/home/shiva/Documents/robot_arm/install/robot_arm_bringup:/home/shiva/Documents/robot_arm/install/cpp_examples:/home/shiva/Documents/bumperbot_wrkspc/install/bumperbot_description:/home/shiva/Documents/bumperbot_wrkspc/install/bumperbot_controller:/home/shiva/Documents/AGV_Kalman_Filter_Robot/robo_car/install/robot_car_localization:/home/shiva/Documents/AGV_Kalman_Filter_Robot/robo_car/install/robot_car_description:/home/shiva/Documents/AGV_Kalman_Filter_Robot/robo_car/install/robot_car_controller:/home/shiva/Documents/AGV_Kalman_Filter_Robot/robo_car/install/robot_car_bringup:/home/shiva/Documents/wrk_spc/install/my_robot_bringup:/home/shiva/Documents/wrk_spc/install/my_robot_interfaces:/home/shiva/Documents/wrk_spc/install/my_pkg:/opt/ros/humble LD_LIBRARY_PATH=/home/shiva/Documents/robot_arm/install/robot_arm_interfaces/lib:/home/shiva/Documents/robot_arm/install/robot_arm_remote/lib:/home/shiva/Documents/wrk_spc/install/my_robot_interfaces/lib:/usr/lib/x86_64-linux-gnu/gazebo-11/plugins:/opt/ros/humble/opt/rviz_ogre_vendor/lib:/opt/ros/humble/lib/x86_64-linux-gnu:/opt/ros/humble/lib:/usr/share/gazebo/../../lib/x86_64-linux-gnu/gazebo-11/plugins PYTHONPATH=/home/shiva/Documents/robot_arm/install/robot_arm_interfaces/lib/python3.10/site-packages:/home/shiva/Documents/ros2_projects/robot_car_V2/install/robot_car_v2_utils/lib/python3.10/site-packages:/home/shiva/Documents/ros2_projects/robot_car_V2/install/robot_car_v2_mapping/lib/python3.10/site-packages:/home/shiva/Documents/ros2_projects/robot_car_V2/install/robot_car_v2_localization_planning/lib/python3.10/site-packages:/home/shiva/Documents/ros2_projects/robot_car_V2/install/robot_car_v2_description/lib/python3.10/site-packages:/home/shiva/Documents/ros2_projects/robot_car_V2/install/robot_car_v2_controller/lib/python3.10/site-packages:/home/shiva/Documents/robot_arm/install/robot_arm_remote/lib/python3.10/site-packages:/home/shiva/Documents/AGV_Kalman_Filter_Robot/robo_car/install/robot_car_localization/lib/python3.10/site-packages:/home/shiva/Documents/AGV_Kalman_Filter_Robot/robo_car/install/robot_car_controller/lib/python3.10/site-packages:/home/shiva/Documents/wrk_spc/install/my_pkg/lib/python3.10/site-packages:/home/shiva/Documents/wrk_spc/install/my_robot_interfaces/lib/python3.10/site-packages:/opt/ros/humble/lib/python3.10/site-packages:/opt/ros/humble/local/lib/python3.10/dist-packages /usr/bin/cmake --install /home/shiva/Documents/robot_arm/build/robot_arm_remote
[1.710s] Level 1:colcon.colcon_core.environment:create_environment_scripts_only(robot_arm_remote)
[1.710s] Level 1:colcon.colcon_core.environment:checking '/home/shiva/Documents/robot_arm/install/robot_arm_remote' for CMake module files
[1.711s] DEBUG:colcon.colcon_core.event_handler.log_command:Invoked command in '/home/shiva/Documents/robot_arm/build/robot_arm_remote' returned '0': CMAKE_PREFIX_PATH=/home/shiva/Documents/robot_arm/install/robot_arm_interfaces:/home/shiva/Documents/ros2_projects/robot_car_V2/install/robot_car_v2_utils:/home/shiva/Documents/ros2_projects/robot_car_V2/install/robot_car_v2_mapping:/home/shiva/Documents/ros2_projects/robot_car_V2/install/robot_car_v2_localization_planning:/home/shiva/Documents/ros2_projects/robot_car_V2/install/robot_car_v2_description:/home/shiva/Documents/ros2_projects/robot_car_V2/install/robot_car_v2_controller:/home/shiva/Documents/ros2_projects/robot_car_V2/install/robot_car_v2_bringup:/home/shiva/Documents/robot_arm/install/robot_arm_remote:/home/shiva/Documents/robot_arm/install/robot_arm_moveit:/home/shiva/Documents/robot_arm/install/robot_arm_description:/home/shiva/Documents/robot_arm/install/robot_arm_controller:/home/shiva/Documents/robot_arm/install/robot_arm_bringup:/home/shiva/Documents/robot_arm/install/cpp_examples:/home/shiva/Documents/bumperbot_wrkspc/install/bumperbot_description:/home/shiva/Documents/bumperbot_wrkspc/install/bumperbot_controller:/home/shiva/Documents/AGV_Kalman_Filter_Robot/robo_car/install/robot_car_localization:/home/shiva/Documents/AGV_Kalman_Filter_Robot/robo_car/install/robot_car_description:/home/shiva/Documents/AGV_Kalman_Filter_Robot/robo_car/install/robot_car_controller:/home/shiva/Documents/AGV_Kalman_Filter_Robot/robo_car/install/robot_car_bringup:/home/shiva/Documents/wrk_spc/install/my_robot_bringup:/home/shiva/Documents/wrk_spc/install/my_robot_interfaces:/home/shiva/Documents/wrk_spc/install/my_pkg:/opt/ros/humble LD_LIBRARY_PATH=/home/shiva/Documents/robot_arm/install/robot_arm_interfaces/lib:/home/shiva/Documents/robot_arm/install/robot_arm_remote/lib:/home/shiva/Documents/wrk_spc/install/my_robot_interfaces/lib:/usr/lib/x86_64-linux-gnu/gazebo-11/plugins:/opt/ros/humble/opt/rviz_ogre_vendor/lib:/opt/ros/humble/lib/x86_64-linux-gnu:/opt/ros/humble/lib:/usr/share/gazebo/../../lib/x86_64-linux-gnu/gazebo-11/plugins PYTHONPATH=/home/shiva/Documents/robot_arm/install/robot_arm_interfaces/lib/python3.10/site-packages:/home/shiva/Documents/ros2_projects/robot_car_V2/install/robot_car_v2_utils/lib/python3.10/site-packages:/home/shiva/Documents/ros2_projects/robot_car_V2/install/robot_car_v2_mapping/lib/python3.10/site-packages:/home/shiva/Documents/ros2_projects/robot_car_V2/install/robot_car_v2_localization_planning/lib/python3.10/site-packages:/home/shiva/Documents/ros2_projects/robot_car_V2/install/robot_car_v2_description/lib/python3.10/site-packages:/home/shiva/Documents/ros2_projects/robot_car_V2/install/robot_car_v2_controller/lib/python3.10/site-packages:/home/shiva/Documents/robot_arm/install/robot_arm_remote/lib/python3.10/site-packages:/home/shiva/Documents/AGV_Kalman_Filter_Robot/robo_car/install/robot_car_localization/lib/python3.10/site-packages:/home/shiva/Documents/AGV_Kalman_Filter_Robot/robo_car/install/robot_car_controller/lib/python3.10/site-packages:/home/shiva/Documents/wrk_spc/install/my_pkg/lib/python3.10/site-packages:/home/shiva/Documents/wrk_spc/install/my_robot_interfaces/lib/python3.10/site-packages:/opt/ros/humble/lib/python3.10/site-packages:/opt/ros/humble/local/lib/python3.10/dist-packages /usr/bin/cmake --install /home/shiva/Documents/robot_arm/build/robot_arm_remote
[1.711s] Level 1:colcon.colcon_core.environment:checking '/home/shiva/Documents/robot_arm/install/robot_arm_remote' for CMake config files
[1.711s] Level 1:colcon.colcon_core.shell:create_environment_hook('robot_arm_remote', 'cmake_prefix_path')
[1.712s] INFO:colcon.colcon_core.shell:Creating environment hook '/home/shiva/Documents/robot_arm/install/robot_arm_remote/share/robot_arm_remote/hook/cmake_prefix_path.ps1'
[1.712s] INFO:colcon.colcon_core.shell:Creating environment descriptor '/home/shiva/Documents/robot_arm/install/robot_arm_remote/share/robot_arm_remote/hook/cmake_prefix_path.dsv'
[1.712s] INFO:colcon.colcon_core.shell:Creating environment hook '/home/shiva/Documents/robot_arm/install/robot_arm_remote/share/robot_arm_remote/hook/cmake_prefix_path.sh'
[1.713s] Level 1:colcon.colcon_core.environment:checking '/home/shiva/Documents/robot_arm/install/robot_arm_remote/lib'
[1.713s] Level 1:colcon.colcon_core.shell:create_environment_hook('robot_arm_remote', 'ld_library_path_lib')
[1.713s] INFO:colcon.colcon_core.shell:Creating environment hook '/home/shiva/Documents/robot_arm/install/robot_arm_remote/share/robot_arm_remote/hook/ld_library_path_lib.ps1'
[1.713s] INFO:colcon.colcon_core.shell:Creating environment descriptor '/home/shiva/Documents/robot_arm/install/robot_arm_remote/share/robot_arm_remote/hook/ld_library_path_lib.dsv'
[1.713s] INFO:colcon.colcon_core.shell:Creating environment hook '/home/shiva/Documents/robot_arm/install/robot_arm_remote/share/robot_arm_remote/hook/ld_library_path_lib.sh'
[1.714s] Level 1:colcon.colcon_core.environment:checking '/home/shiva/Documents/robot_arm/install/robot_arm_remote/bin'
[1.714s] Level 1:colcon.colcon_core.environment:checking '/home/shiva/Documents/robot_arm/install/robot_arm_remote/lib/pkgconfig/robot_arm_remote.pc'
[1.714s] Level 1:colcon.colcon_core.environment:checking '/home/shiva/Documents/robot_arm/install/robot_arm_remote/lib/python3.10/site-packages'
[1.714s] Level 1:colcon.colcon_core.shell:create_environment_hook('robot_arm_remote', 'pythonpath')
[1.714s] INFO:colcon.colcon_core.shell:Creating environment hook '/home/shiva/Documents/robot_arm/install/robot_arm_remote/share/robot_arm_remote/hook/pythonpath.ps1'
[1.714s] INFO:colcon.colcon_core.shell:Creating environment descriptor '/home/shiva/Documents/robot_arm/install/robot_arm_remote/share/robot_arm_remote/hook/pythonpath.dsv'
[1.715s] INFO:colcon.colcon_core.shell:Creating environment hook '/home/shiva/Documents/robot_arm/install/robot_arm_remote/share/robot_arm_remote/hook/pythonpath.sh'
[1.715s] Level 1:colcon.colcon_core.environment:checking '/home/shiva/Documents/robot_arm/install/robot_arm_remote/bin'
[1.715s] INFO:colcon.colcon_core.shell:Creating package script '/home/shiva/Documents/robot_arm/install/robot_arm_remote/share/robot_arm_remote/package.ps1'
[1.716s] INFO:colcon.colcon_core.shell:Creating package descriptor '/home/shiva/Documents/robot_arm/install/robot_arm_remote/share/robot_arm_remote/package.dsv'
[1.716s] INFO:colcon.colcon_core.shell:Creating package script '/home/shiva/Documents/robot_arm/install/robot_arm_remote/share/robot_arm_remote/package.sh'
[1.717s] INFO:colcon.colcon_core.shell:Creating package script '/home/shiva/Documents/robot_arm/install/robot_arm_remote/share/robot_arm_remote/package.bash'
[1.717s] INFO:colcon.colcon_core.shell:Creating package script '/home/shiva/Documents/robot_arm/install/robot_arm_remote/share/robot_arm_remote/package.zsh'
[1.717s] Level 1:colcon.colcon_core.environment:create_file_with_runtime_dependencies(/home/shiva/Documents/robot_arm/install/robot_arm_remote/share/colcon-core/packages/robot_arm_remote)
[1.740s] Level 1:colcon.colcon_core.environment:create_environment_scripts_only(robot_arm_remote)
[1.740s] Level 1:colcon.colcon_core.environment:checking '/home/shiva/Documents/robot_arm/install/robot_arm_remote' for CMake module files
[1.740s] Level 1:colcon.colcon_core.environment:checking '/home/shiva/Documents/robot_arm/install/robot_arm_remote' for CMake config files
[1.741s] Level 1:colcon.colcon_core.shell:create_environment_hook('robot_arm_remote', 'cmake_prefix_path')
[1.741s] INFO:colcon.colcon_core.shell:Creating environment hook '/home/shiva/Documents/robot_arm/install/robot_arm_remote/share/robot_arm_remote/hook/cmake_prefix_path.ps1'
[1.741s] INFO:colcon.colcon_core.shell:Creating environment descriptor '/home/shiva/Documents/robot_arm/install/robot_arm_remote/share/robot_arm_remote/hook/cmake_prefix_path.dsv'
[1.741s] INFO:colcon.colcon_core.shell:Creating environment hook '/home/shiva/Documents/robot_arm/install/robot_arm_remote/share/robot_arm_remote/hook/cmake_prefix_path.sh'
[1.742s] Level 1:colcon.colcon_core.environment:checking '/home/shiva/Documents/robot_arm/install/robot_arm_remote/lib'
[1.742s] Level 1:colcon.colcon_core.shell:create_environment_hook('robot_arm_remote', 'ld_library_path_lib')
[1.742s] INFO:colcon.colcon_core.shell:Creating environment hook '/home/shiva/Documents/robot_arm/install/robot_arm_remote/share/robot_arm_remote/hook/ld_library_path_lib.ps1'
[1.742s] INFO:colcon.colcon_core.shell:Creating environment descriptor '/home/shiva/Documents/robot_arm/install/robot_arm_remote/share/robot_arm_remote/hook/ld_library_path_lib.dsv'
[1.743s] INFO:colcon.colcon_core.shell:Creating environment hook '/home/shiva/Documents/robot_arm/install/robot_arm_remote/share/robot_arm_remote/hook/ld_library_path_lib.sh'
[1.743s] Level 1:colcon.colcon_core.environment:checking '/home/shiva/Documents/robot_arm/install/robot_arm_remote/bin'
[1.743s] Level 1:colcon.colcon_core.environment:checking '/home/shiva/Documents/robot_arm/install/robot_arm_remote/lib/pkgconfig/robot_arm_remote.pc'
[1.743s] Level 1:colcon.colcon_core.environment:checking '/home/shiva/Documents/robot_arm/install/robot_arm_remote/lib/python3.10/site-packages'
[1.743s] Level 1:colcon.colcon_core.shell:create_environment_hook('robot_arm_remote', 'pythonpath')
[1.743s] INFO:colcon.colcon_core.shell:Creating environment hook '/home/shiva/Documents/robot_arm/install/robot_arm_remote/share/robot_arm_remote/hook/pythonpath.ps1'
[1.744s] INFO:colcon.colcon_core.shell:Creating environment descriptor '/home/shiva/Documents/robot_arm/install/robot_arm_remote/share/robot_arm_remote/hook/pythonpath.dsv'
[1.744s] INFO:colcon.colcon_core.shell:Creating environment hook '/home/shiva/Documents/robot_arm/install/robot_arm_remote/share/robot_arm_remote/hook/pythonpath.sh'
[1.744s] Level 1:colcon.colcon_core.environment:checking '/home/shiva/Documents/robot_arm/install/robot_arm_remote/bin'
[1.745s] INFO:colcon.colcon_core.shell:Creating package script '/home/shiva/Documents/robot_arm/install/robot_arm_remote/share/robot_arm_remote/package.ps1'
[1.745s] INFO:colcon.colcon_core.shell:Creating package descriptor '/home/shiva/Documents/robot_arm/install/robot_arm_remote/share/robot_arm_remote/package.dsv'
[1.746s] INFO:colcon.colcon_core.shell:Creating package script '/home/shiva/Documents/robot_arm/install/robot_arm_remote/share/robot_arm_remote/package.sh'
[1.746s] INFO:colcon.colcon_core.shell:Creating package script '/home/shiva/Documents/robot_arm/install/robot_arm_remote/share/robot_arm_remote/package.bash'
[1.746s] INFO:colcon.colcon_core.shell:Creating package script '/home/shiva/Documents/robot_arm/install/robot_arm_remote/share/robot_arm_remote/package.zsh'
[1.747s] Level 1:colcon.colcon_core.environment:create_file_with_runtime_dependencies(/home/shiva/Documents/robot_arm/install/robot_arm_remote/share/colcon-core/packages/robot_arm_remote)
[1.747s] DEBUG:colcon.colcon_parallel_executor.executor.parallel:closing loop
[1.747s] DEBUG:colcon.colcon_parallel_executor.executor.parallel:loop closed
[1.747s] DEBUG:colcon.colcon_parallel_executor.executor.parallel:run_until_complete finished with '0'
[1.747s] DEBUG:colcon.colcon_core.event_reactor:joining thread
[1.752s] INFO:colcon.colcon_core.plugin_system:Skipping extension 'colcon_notification.desktop_notification.terminal_notifier': Not used on non-Darwin systems
[1.752s] INFO:colcon.colcon_core.plugin_system:Skipping extension 'colcon_notification.desktop_notification.win32': Not used on non-Windows systems
[1.752s] INFO:colcon.colcon_notification.desktop_notification:Sending desktop notification using 'notify2'
[1.762s] DEBUG:colcon.colcon_core.event_reactor:joined thread
[1.763s] INFO:colcon.colcon_core.shell:Creating prefix script '/home/shiva/Documents/robot_arm/install/local_setup.ps1'
[1.764s] INFO:colcon.colcon_core.shell:Creating prefix util module '/home/shiva/Documents/robot_arm/install/_local_setup_util_ps1.py'
[1.765s] INFO:colcon.colcon_core.shell:Creating prefix chain script '/home/shiva/Documents/robot_arm/install/setup.ps1'
[1.767s] INFO:colcon.colcon_core.shell:Creating prefix script '/home/shiva/Documents/robot_arm/install/local_setup.sh'
[1.768s] INFO:colcon.colcon_core.shell:Creating prefix util module '/home/shiva/Documents/robot_arm/install/_local_setup_util_sh.py'
[1.768s] INFO:colcon.colcon_core.shell:Creating prefix chain script '/home/shiva/Documents/robot_arm/install/setup.sh'
[1.770s] INFO:colcon.colcon_core.shell:Creating prefix script '/home/shiva/Documents/robot_arm/install/local_setup.bash'
[1.770s] INFO:colcon.colcon_core.shell:Creating prefix chain script '/home/shiva/Documents/robot_arm/install/setup.bash'
[1.772s] INFO:colcon.colcon_core.shell:Creating prefix script '/home/shiva/Documents/robot_arm/install/local_setup.zsh'
[1.772s] INFO:colcon.colcon_core.shell:Creating prefix chain script '/home/shiva/Documents/robot_arm/install/setup.zsh'
