[0.096s] DEBUG:colcon:Command line arguments: ['/usr/bin/colcon', 'build']
[0.096s] DEBUG:colcon:Parsed command line arguments: Namespace(log_base=None, log_level=None, verb_name='build', build_base='build', install_base='install', merge_install=False, symlink_install=False, test_result_base=None, continue_on_error=False, executor='parallel', parallel_workers=8, event_handlers=None, ignore_user_meta=False, metas=['./colcon.meta'], base_paths=['.'], packages_ignore=None, packages_ignore_regex=None, paths=None, packages_up_to=None, packages_up_to_regex=None, packages_above=None, packages_above_and_dependencies=None, packages_above_depth=None, packages_select_by_dep=None, packages_skip_by_dep=None, packages_skip_up_to=None, packages_select_build_failed=False, packages_skip_build_finished=False, packages_select_test_failures=False, packages_skip_test_passed=False, packages_select=None, packages_skip=None, packages_select_regex=None, packages_skip_regex=None, packages_start=None, packages_end=None, allow_overriding=[], cmake_args=None, cmake_target=None, cmake_target_skip_unavailable=False, cmake_clean_cache=False, cmake_clean_first=False, cmake_force_configure=False, ament_cmake_args=None, catkin_cmake_args=None, catkin_skip_building_tests=False, mixin_files=None, mixin=None, verb_parser=<colcon_mixin.mixin.mixin_argument.MixinArgumentDecorator object at 0x75539242e110>, verb_extension=<colcon_core.verb.build.BuildVerb object at 0x75539242da80>, main=<bound method BuildVerb.main of <colcon_core.verb.build.BuildVerb object at 0x75539242da80>>, mixin_verb=('build',))
[0.243s] Level 1:colcon.colcon_core.package_discovery:discover_packages(colcon_meta) check parameters
[0.243s] Level 1:colcon.colcon_core.package_discovery:discover_packages(recursive) check parameters
[0.243s] Level 1:colcon.colcon_core.package_discovery:discover_packages(ignore) check parameters
[0.243s] Level 1:colcon.colcon_core.package_discovery:discover_packages(path) check parameters
[0.243s] Level 1:colcon.colcon_core.package_discovery:discover_packages(colcon_meta) discover
[0.243s] Level 1:colcon.colcon_core.package_discovery:discover_packages(recursive) discover
[0.243s] INFO:colcon.colcon_core.package_discovery:Crawling recursively for packages in '/home/shiva/Documents/robot_arm'
[0.243s] Level 1:colcon.colcon_core.package_identification:_identify(.) by extensions ['ignore', 'ignore_ament_install']
[0.243s] Level 1:colcon.colcon_core.package_identification:_identify(.) by extension 'ignore'
[0.243s] Level 1:colcon.colcon_core.package_identification:_identify(.) by extension 'ignore_ament_install'
[0.243s] Level 1:colcon.colcon_core.package_identification:_identify(.) by extensions ['colcon_pkg']
[0.243s] Level 1:colcon.colcon_core.package_identification:_identify(.) by extension 'colcon_pkg'
[0.243s] Level 1:colcon.colcon_core.package_identification:_identify(.) by extensions ['colcon_meta']
[0.243s] Level 1:colcon.colcon_core.package_identification:_identify(.) by extension 'colcon_meta'
[0.243s] Level 1:colcon.colcon_core.package_identification:_identify(.) by extensions ['ros']
[0.244s] Level 1:colcon.colcon_core.package_identification:_identify(.) by extension 'ros'
[0.253s] Level 1:colcon.colcon_core.package_identification:_identify(.) by extensions ['cmake', 'python']
[0.253s] Level 1:colcon.colcon_core.package_identification:_identify(.) by extension 'cmake'
[0.253s] Level 1:colcon.colcon_core.package_identification:_identify(.) by extension 'python'
[0.253s] Level 1:colcon.colcon_core.package_identification:_identify(.) by extensions ['python_setup_py']
[0.253s] Level 1:colcon.colcon_core.package_identification:_identify(.) by extension 'python_setup_py'
[0.253s] Level 1:colcon.colcon_core.package_identification:_identify(build) by extensions ['ignore', 'ignore_ament_install']
[0.253s] Level 1:colcon.colcon_core.package_identification:_identify(build) by extension 'ignore'
[0.253s] Level 1:colcon.colcon_core.package_identification:_identify(build) ignored
[0.253s] Level 1:colcon.colcon_core.package_identification:_identify(install) by extensions ['ignore', 'ignore_ament_install']
[0.253s] Level 1:colcon.colcon_core.package_identification:_identify(install) by extension 'ignore'
[0.253s] Level 1:colcon.colcon_core.package_identification:_identify(install) ignored
[0.253s] Level 1:colcon.colcon_core.package_identification:_identify(log) by extensions ['ignore', 'ignore_ament_install']
[0.253s] Level 1:colcon.colcon_core.package_identification:_identify(log) by extension 'ignore'
[0.253s] Level 1:colcon.colcon_core.package_identification:_identify(log) ignored
[0.254s] Level 1:colcon.colcon_core.package_identification:_identify(src) by extensions ['ignore', 'ignore_ament_install']
[0.254s] Level 1:colcon.colcon_core.package_identification:_identify(src) by extension 'ignore'
[0.254s] Level 1:colcon.colcon_core.package_identification:_identify(src) by extension 'ignore_ament_install'
[0.254s] Level 1:colcon.colcon_core.package_identification:_identify(src) by extensions ['colcon_pkg']
[0.254s] Level 1:colcon.colcon_core.package_identification:_identify(src) by extension 'colcon_pkg'
[0.254s] Level 1:colcon.colcon_core.package_identification:_identify(src) by extensions ['colcon_meta']
[0.254s] Level 1:colcon.colcon_core.package_identification:_identify(src) by extension 'colcon_meta'
[0.254s] Level 1:colcon.colcon_core.package_identification:_identify(src) by extensions ['ros']
[0.254s] Level 1:colcon.colcon_core.package_identification:_identify(src) by extension 'ros'
[0.254s] Level 1:colcon.colcon_core.package_identification:_identify(src) by extensions ['cmake', 'python']
[0.254s] Level 1:colcon.colcon_core.package_identification:_identify(src) by extension 'cmake'
[0.254s] Level 1:colcon.colcon_core.package_identification:_identify(src) by extension 'python'
[0.254s] Level 1:colcon.colcon_core.package_identification:_identify(src) by extensions ['python_setup_py']
[0.254s] Level 1:colcon.colcon_core.package_identification:_identify(src) by extension 'python_setup_py'
[0.254s] Level 1:colcon.colcon_core.package_identification:_identify(src/robot_arm_bringup) by extensions ['ignore', 'ignore_ament_install']
[0.254s] Level 1:colcon.colcon_core.package_identification:_identify(src/robot_arm_bringup) by extension 'ignore'
[0.254s] Level 1:colcon.colcon_core.package_identification:_identify(src/robot_arm_bringup) by extension 'ignore_ament_install'
[0.254s] Level 1:colcon.colcon_core.package_identification:_identify(src/robot_arm_bringup) by extensions ['colcon_pkg']
[0.254s] Level 1:colcon.colcon_core.package_identification:_identify(src/robot_arm_bringup) by extension 'colcon_pkg'
[0.254s] Level 1:colcon.colcon_core.package_identification:_identify(src/robot_arm_bringup) by extensions ['colcon_meta']
[0.254s] Level 1:colcon.colcon_core.package_identification:_identify(src/robot_arm_bringup) by extension 'colcon_meta'
[0.254s] Level 1:colcon.colcon_core.package_identification:_identify(src/robot_arm_bringup) by extensions ['ros']
[0.254s] Level 1:colcon.colcon_core.package_identification:_identify(src/robot_arm_bringup) by extension 'ros'
[0.256s] DEBUG:colcon.colcon_core.package_identification:Package 'src/robot_arm_bringup' with type 'ros.ament_cmake' and name 'robot_arm_bringup'
[0.257s] Level 1:colcon.colcon_core.package_identification:_identify(src/robot_arm_controller) by extensions ['ignore', 'ignore_ament_install']
[0.257s] Level 1:colcon.colcon_core.package_identification:_identify(src/robot_arm_controller) by extension 'ignore'
[0.257s] Level 1:colcon.colcon_core.package_identification:_identify(src/robot_arm_controller) by extension 'ignore_ament_install'
[0.257s] Level 1:colcon.colcon_core.package_identification:_identify(src/robot_arm_controller) by extensions ['colcon_pkg']
[0.257s] Level 1:colcon.colcon_core.package_identification:_identify(src/robot_arm_controller) by extension 'colcon_pkg'
[0.257s] Level 1:colcon.colcon_core.package_identification:_identify(src/robot_arm_controller) by extensions ['colcon_meta']
[0.257s] Level 1:colcon.colcon_core.package_identification:_identify(src/robot_arm_controller) by extension 'colcon_meta'
[0.257s] Level 1:colcon.colcon_core.package_identification:_identify(src/robot_arm_controller) by extensions ['ros']
[0.257s] Level 1:colcon.colcon_core.package_identification:_identify(src/robot_arm_controller) by extension 'ros'
[0.257s] DEBUG:colcon.colcon_core.package_identification:Package 'src/robot_arm_controller' with type 'ros.ament_cmake' and name 'robot_arm_controller'
[0.257s] Level 1:colcon.colcon_core.package_identification:_identify(src/robot_arm_description) by extensions ['ignore', 'ignore_ament_install']
[0.257s] Level 1:colcon.colcon_core.package_identification:_identify(src/robot_arm_description) by extension 'ignore'
[0.258s] Level 1:colcon.colcon_core.package_identification:_identify(src/robot_arm_description) by extension 'ignore_ament_install'
[0.258s] Level 1:colcon.colcon_core.package_identification:_identify(src/robot_arm_description) by extensions ['colcon_pkg']
[0.258s] Level 1:colcon.colcon_core.package_identification:_identify(src/robot_arm_description) by extension 'colcon_pkg'
[0.258s] Level 1:colcon.colcon_core.package_identification:_identify(src/robot_arm_description) by extensions ['colcon_meta']
[0.258s] Level 1:colcon.colcon_core.package_identification:_identify(src/robot_arm_description) by extension 'colcon_meta'
[0.258s] Level 1:colcon.colcon_core.package_identification:_identify(src/robot_arm_description) by extensions ['ros']
[0.258s] Level 1:colcon.colcon_core.package_identification:_identify(src/robot_arm_description) by extension 'ros'
[0.258s] DEBUG:colcon.colcon_core.package_identification:Package 'src/robot_arm_description' with type 'ros.ament_cmake' and name 'robot_arm_description'
[0.258s] Level 1:colcon.colcon_core.package_identification:_identify(src/robot_arm_interfaces) by extensions ['ignore', 'ignore_ament_install']
[0.258s] Level 1:colcon.colcon_core.package_identification:_identify(src/robot_arm_interfaces) by extension 'ignore'
[0.258s] Level 1:colcon.colcon_core.package_identification:_identify(src/robot_arm_interfaces) by extension 'ignore_ament_install'
[0.258s] Level 1:colcon.colcon_core.package_identification:_identify(src/robot_arm_interfaces) by extensions ['colcon_pkg']
[0.258s] Level 1:colcon.colcon_core.package_identification:_identify(src/robot_arm_interfaces) by extension 'colcon_pkg'
[0.259s] Level 1:colcon.colcon_core.package_identification:_identify(src/robot_arm_interfaces) by extensions ['colcon_meta']
[0.259s] Level 1:colcon.colcon_core.package_identification:_identify(src/robot_arm_interfaces) by extension 'colcon_meta'
[0.259s] Level 1:colcon.colcon_core.package_identification:_identify(src/robot_arm_interfaces) by extensions ['ros']
[0.259s] Level 1:colcon.colcon_core.package_identification:_identify(src/robot_arm_interfaces) by extension 'ros'
[0.259s] DEBUG:colcon.colcon_core.package_identification:Package 'src/robot_arm_interfaces' with type 'ros.ament_cmake' and name 'robot_arm_interfaces'
[0.259s] Level 1:colcon.colcon_core.package_identification:_identify(src/robot_arm_moveit) by extensions ['ignore', 'ignore_ament_install']
[0.259s] Level 1:colcon.colcon_core.package_identification:_identify(src/robot_arm_moveit) by extension 'ignore'
[0.259s] Level 1:colcon.colcon_core.package_identification:_identify(src/robot_arm_moveit) by extension 'ignore_ament_install'
[0.259s] Level 1:colcon.colcon_core.package_identification:_identify(src/robot_arm_moveit) by extensions ['colcon_pkg']
[0.259s] Level 1:colcon.colcon_core.package_identification:_identify(src/robot_arm_moveit) by extension 'colcon_pkg'
[0.259s] Level 1:colcon.colcon_core.package_identification:_identify(src/robot_arm_moveit) by extensions ['colcon_meta']
[0.260s] Level 1:colcon.colcon_core.package_identification:_identify(src/robot_arm_moveit) by extension 'colcon_meta'
[0.260s] Level 1:colcon.colcon_core.package_identification:_identify(src/robot_arm_moveit) by extensions ['ros']
[0.260s] Level 1:colcon.colcon_core.package_identification:_identify(src/robot_arm_moveit) by extension 'ros'
[0.260s] DEBUG:colcon.colcon_core.package_identification:Package 'src/robot_arm_moveit' with type 'ros.ament_cmake' and name 'robot_arm_moveit'
[0.260s] Level 1:colcon.colcon_core.package_identification:_identify(src/robot_arm_remote) by extensions ['ignore', 'ignore_ament_install']
[0.260s] Level 1:colcon.colcon_core.package_identification:_identify(src/robot_arm_remote) by extension 'ignore'
[0.260s] Level 1:colcon.colcon_core.package_identification:_identify(src/robot_arm_remote) by extension 'ignore_ament_install'
[0.260s] Level 1:colcon.colcon_core.package_identification:_identify(src/robot_arm_remote) by extensions ['colcon_pkg']
[0.260s] Level 1:colcon.colcon_core.package_identification:_identify(src/robot_arm_remote) by extension 'colcon_pkg'
[0.260s] Level 1:colcon.colcon_core.package_identification:_identify(src/robot_arm_remote) by extensions ['colcon_meta']
[0.260s] Level 1:colcon.colcon_core.package_identification:_identify(src/robot_arm_remote) by extension 'colcon_meta'
[0.260s] Level 1:colcon.colcon_core.package_identification:_identify(src/robot_arm_remote) by extensions ['ros']
[0.260s] Level 1:colcon.colcon_core.package_identification:_identify(src/robot_arm_remote) by extension 'ros'
[0.261s] DEBUG:colcon.colcon_core.package_identification:Package 'src/robot_arm_remote' with type 'ros.ament_cmake' and name 'robot_arm_remote'
[0.261s] Level 1:colcon.colcon_core.package_discovery:discover_packages(recursive) using defaults
[0.261s] Level 1:colcon.colcon_core.package_discovery:discover_packages(ignore) discover
[0.261s] Level 1:colcon.colcon_core.package_discovery:discover_packages(ignore) using defaults
[0.261s] Level 1:colcon.colcon_core.package_discovery:discover_packages(path) discover
[0.261s] Level 1:colcon.colcon_core.package_discovery:discover_packages(path) using defaults
[0.288s] Level 1:colcon.colcon_core.package_discovery:discover_packages(prefix_path) check parameters
[0.288s] Level 1:colcon.colcon_core.package_discovery:discover_packages(prefix_path) discover
[0.289s] DEBUG:colcon.colcon_installed_package_information.package_discovery:Found 2 installed packages in /home/shiva/Documents/bumperbot_wrkspc/install
[0.290s] DEBUG:colcon.colcon_installed_package_information.package_discovery:Found 6 installed packages in /home/shiva/Documents/robot_arm/install
[0.290s] DEBUG:colcon.colcon_installed_package_information.package_discovery:Found 3 installed packages in /home/shiva/Documents/wrk_spc/install
[0.291s] DEBUG:colcon.colcon_installed_package_information.package_discovery:Found 4 installed packages in /home/shiva/Documents/AGV_Kalman_Filter_Robot/robo_car/install
[0.292s] DEBUG:colcon.colcon_installed_package_information.package_discovery:Found 333 installed packages in /opt/ros/humble
[0.293s] Level 1:colcon.colcon_core.package_discovery:discover_packages(prefix_path) using defaults
[0.329s] Level 5:colcon.colcon_core.verb:set package 'robot_arm_bringup' build argument 'cmake_args' from command line to 'None'
[0.329s] Level 5:colcon.colcon_core.verb:set package 'robot_arm_bringup' build argument 'cmake_target' from command line to 'None'
[0.329s] Level 5:colcon.colcon_core.verb:set package 'robot_arm_bringup' build argument 'cmake_target_skip_unavailable' from command line to 'False'
[0.329s] Level 5:colcon.colcon_core.verb:set package 'robot_arm_bringup' build argument 'cmake_clean_cache' from command line to 'False'
[0.329s] Level 5:colcon.colcon_core.verb:set package 'robot_arm_bringup' build argument 'cmake_clean_first' from command line to 'False'
[0.329s] Level 5:colcon.colcon_core.verb:set package 'robot_arm_bringup' build argument 'cmake_force_configure' from command line to 'False'
[0.329s] Level 5:colcon.colcon_core.verb:set package 'robot_arm_bringup' build argument 'ament_cmake_args' from command line to 'None'
[0.329s] Level 5:colcon.colcon_core.verb:set package 'robot_arm_bringup' build argument 'catkin_cmake_args' from command line to 'None'
[0.329s] Level 5:colcon.colcon_core.verb:set package 'robot_arm_bringup' build argument 'catkin_skip_building_tests' from command line to 'False'
[0.329s] DEBUG:colcon.colcon_core.verb:Building package 'robot_arm_bringup' with the following arguments: {'ament_cmake_args': None, 'build_base': '/home/shiva/Documents/robot_arm/build/robot_arm_bringup', 'catkin_cmake_args': None, 'catkin_skip_building_tests': False, 'cmake_args': None, 'cmake_clean_cache': False, 'cmake_clean_first': False, 'cmake_force_configure': False, 'cmake_target': None, 'cmake_target_skip_unavailable': False, 'install_base': '/home/shiva/Documents/robot_arm/install/robot_arm_bringup', 'merge_install': False, 'path': '/home/shiva/Documents/robot_arm/src/robot_arm_bringup', 'symlink_install': False, 'test_result_base': None}
[0.330s] Level 5:colcon.colcon_core.verb:set package 'robot_arm_controller' build argument 'cmake_args' from command line to 'None'
[0.330s] Level 5:colcon.colcon_core.verb:set package 'robot_arm_controller' build argument 'cmake_target' from command line to 'None'
[0.330s] Level 5:colcon.colcon_core.verb:set package 'robot_arm_controller' build argument 'cmake_target_skip_unavailable' from command line to 'False'
[0.330s] Level 5:colcon.colcon_core.verb:set package 'robot_arm_controller' build argument 'cmake_clean_cache' from command line to 'False'
[0.330s] Level 5:colcon.colcon_core.verb:set package 'robot_arm_controller' build argument 'cmake_clean_first' from command line to 'False'
[0.330s] Level 5:colcon.colcon_core.verb:set package 'robot_arm_controller' build argument 'cmake_force_configure' from command line to 'False'
[0.330s] Level 5:colcon.colcon_core.verb:set package 'robot_arm_controller' build argument 'ament_cmake_args' from command line to 'None'
[0.330s] Level 5:colcon.colcon_core.verb:set package 'robot_arm_controller' build argument 'catkin_cmake_args' from command line to 'None'
[0.330s] Level 5:colcon.colcon_core.verb:set package 'robot_arm_controller' build argument 'catkin_skip_building_tests' from command line to 'False'
[0.330s] DEBUG:colcon.colcon_core.verb:Building package 'robot_arm_controller' with the following arguments: {'ament_cmake_args': None, 'build_base': '/home/shiva/Documents/robot_arm/build/robot_arm_controller', 'catkin_cmake_args': None, 'catkin_skip_building_tests': False, 'cmake_args': None, 'cmake_clean_cache': False, 'cmake_clean_first': False, 'cmake_force_configure': False, 'cmake_target': None, 'cmake_target_skip_unavailable': False, 'install_base': '/home/shiva/Documents/robot_arm/install/robot_arm_controller', 'merge_install': False, 'path': '/home/shiva/Documents/robot_arm/src/robot_arm_controller', 'symlink_install': False, 'test_result_base': None}
[0.330s] Level 5:colcon.colcon_core.verb:set package 'robot_arm_description' build argument 'cmake_args' from command line to 'None'
[0.330s] Level 5:colcon.colcon_core.verb:set package 'robot_arm_description' build argument 'cmake_target' from command line to 'None'
[0.330s] Level 5:colcon.colcon_core.verb:set package 'robot_arm_description' build argument 'cmake_target_skip_unavailable' from command line to 'False'
[0.330s] Level 5:colcon.colcon_core.verb:set package 'robot_arm_description' build argument 'cmake_clean_cache' from command line to 'False'
[0.330s] Level 5:colcon.colcon_core.verb:set package 'robot_arm_description' build argument 'cmake_clean_first' from command line to 'False'
[0.330s] Level 5:colcon.colcon_core.verb:set package 'robot_arm_description' build argument 'cmake_force_configure' from command line to 'False'
[0.330s] Level 5:colcon.colcon_core.verb:set package 'robot_arm_description' build argument 'ament_cmake_args' from command line to 'None'
[0.330s] Level 5:colcon.colcon_core.verb:set package 'robot_arm_description' build argument 'catkin_cmake_args' from command line to 'None'
[0.330s] Level 5:colcon.colcon_core.verb:set package 'robot_arm_description' build argument 'catkin_skip_building_tests' from command line to 'False'
[0.330s] DEBUG:colcon.colcon_core.verb:Building package 'robot_arm_description' with the following arguments: {'ament_cmake_args': None, 'build_base': '/home/shiva/Documents/robot_arm/build/robot_arm_description', 'catkin_cmake_args': None, 'catkin_skip_building_tests': False, 'cmake_args': None, 'cmake_clean_cache': False, 'cmake_clean_first': False, 'cmake_force_configure': False, 'cmake_target': None, 'cmake_target_skip_unavailable': False, 'install_base': '/home/shiva/Documents/robot_arm/install/robot_arm_description', 'merge_install': False, 'path': '/home/shiva/Documents/robot_arm/src/robot_arm_description', 'symlink_install': False, 'test_result_base': None}
[0.331s] Level 5:colcon.colcon_core.verb:set package 'robot_arm_interfaces' build argument 'cmake_args' from command line to 'None'
[0.331s] Level 5:colcon.colcon_core.verb:set package 'robot_arm_interfaces' build argument 'cmake_target' from command line to 'None'
[0.331s] Level 5:colcon.colcon_core.verb:set package 'robot_arm_interfaces' build argument 'cmake_target_skip_unavailable' from command line to 'False'
[0.331s] Level 5:colcon.colcon_core.verb:set package 'robot_arm_interfaces' build argument 'cmake_clean_cache' from command line to 'False'
[0.331s] Level 5:colcon.colcon_core.verb:set package 'robot_arm_interfaces' build argument 'cmake_clean_first' from command line to 'False'
[0.331s] Level 5:colcon.colcon_core.verb:set package 'robot_arm_interfaces' build argument 'cmake_force_configure' from command line to 'False'
[0.331s] Level 5:colcon.colcon_core.verb:set package 'robot_arm_interfaces' build argument 'ament_cmake_args' from command line to 'None'
[0.331s] Level 5:colcon.colcon_core.verb:set package 'robot_arm_interfaces' build argument 'catkin_cmake_args' from command line to 'None'
[0.331s] Level 5:colcon.colcon_core.verb:set package 'robot_arm_interfaces' build argument 'catkin_skip_building_tests' from command line to 'False'
[0.331s] DEBUG:colcon.colcon_core.verb:Building package 'robot_arm_interfaces' with the following arguments: {'ament_cmake_args': None, 'build_base': '/home/shiva/Documents/robot_arm/build/robot_arm_interfaces', 'catkin_cmake_args': None, 'catkin_skip_building_tests': False, 'cmake_args': None, 'cmake_clean_cache': False, 'cmake_clean_first': False, 'cmake_force_configure': False, 'cmake_target': None, 'cmake_target_skip_unavailable': False, 'install_base': '/home/shiva/Documents/robot_arm/install/robot_arm_interfaces', 'merge_install': False, 'path': '/home/shiva/Documents/robot_arm/src/robot_arm_interfaces', 'symlink_install': False, 'test_result_base': None}
[0.331s] Level 5:colcon.colcon_core.verb:set package 'robot_arm_moveit' build argument 'cmake_args' from command line to 'None'
[0.331s] Level 5:colcon.colcon_core.verb:set package 'robot_arm_moveit' build argument 'cmake_target' from command line to 'None'
[0.331s] Level 5:colcon.colcon_core.verb:set package 'robot_arm_moveit' build argument 'cmake_target_skip_unavailable' from command line to 'False'
[0.331s] Level 5:colcon.colcon_core.verb:set package 'robot_arm_moveit' build argument 'cmake_clean_cache' from command line to 'False'
[0.331s] Level 5:colcon.colcon_core.verb:set package 'robot_arm_moveit' build argument 'cmake_clean_first' from command line to 'False'
[0.331s] Level 5:colcon.colcon_core.verb:set package 'robot_arm_moveit' build argument 'cmake_force_configure' from command line to 'False'
[0.331s] Level 5:colcon.colcon_core.verb:set package 'robot_arm_moveit' build argument 'ament_cmake_args' from command line to 'None'
[0.331s] Level 5:colcon.colcon_core.verb:set package 'robot_arm_moveit' build argument 'catkin_cmake_args' from command line to 'None'
[0.331s] Level 5:colcon.colcon_core.verb:set package 'robot_arm_moveit' build argument 'catkin_skip_building_tests' from command line to 'False'
[0.332s] DEBUG:colcon.colcon_core.verb:Building package 'robot_arm_moveit' with the following arguments: {'ament_cmake_args': None, 'build_base': '/home/shiva/Documents/robot_arm/build/robot_arm_moveit', 'catkin_cmake_args': None, 'catkin_skip_building_tests': False, 'cmake_args': None, 'cmake_clean_cache': False, 'cmake_clean_first': False, 'cmake_force_configure': False, 'cmake_target': None, 'cmake_target_skip_unavailable': False, 'install_base': '/home/shiva/Documents/robot_arm/install/robot_arm_moveit', 'merge_install': False, 'path': '/home/shiva/Documents/robot_arm/src/robot_arm_moveit', 'symlink_install': False, 'test_result_base': None}
[0.332s] Level 5:colcon.colcon_core.verb:set package 'robot_arm_remote' build argument 'cmake_args' from command line to 'None'
[0.332s] Level 5:colcon.colcon_core.verb:set package 'robot_arm_remote' build argument 'cmake_target' from command line to 'None'
[0.332s] Level 5:colcon.colcon_core.verb:set package 'robot_arm_remote' build argument 'cmake_target_skip_unavailable' from command line to 'False'
[0.332s] Level 5:colcon.colcon_core.verb:set package 'robot_arm_remote' build argument 'cmake_clean_cache' from command line to 'False'
[0.332s] Level 5:colcon.colcon_core.verb:set package 'robot_arm_remote' build argument 'cmake_clean_first' from command line to 'False'
[0.332s] Level 5:colcon.colcon_core.verb:set package 'robot_arm_remote' build argument 'cmake_force_configure' from command line to 'False'
[0.332s] Level 5:colcon.colcon_core.verb:set package 'robot_arm_remote' build argument 'ament_cmake_args' from command line to 'None'
[0.332s] Level 5:colcon.colcon_core.verb:set package 'robot_arm_remote' build argument 'catkin_cmake_args' from command line to 'None'
[0.332s] Level 5:colcon.colcon_core.verb:set package 'robot_arm_remote' build argument 'catkin_skip_building_tests' from command line to 'False'
[0.332s] DEBUG:colcon.colcon_core.verb:Building package 'robot_arm_remote' with the following arguments: {'ament_cmake_args': None, 'build_base': '/home/shiva/Documents/robot_arm/build/robot_arm_remote', 'catkin_cmake_args': None, 'catkin_skip_building_tests': False, 'cmake_args': None, 'cmake_clean_cache': False, 'cmake_clean_first': False, 'cmake_force_configure': False, 'cmake_target': None, 'cmake_target_skip_unavailable': False, 'install_base': '/home/shiva/Documents/robot_arm/install/robot_arm_remote', 'merge_install': False, 'path': '/home/shiva/Documents/robot_arm/src/robot_arm_remote', 'symlink_install': False, 'test_result_base': None}
[0.332s] INFO:colcon.colcon_core.executor:Executing jobs using 'parallel' executor
[0.333s] DEBUG:colcon.colcon_parallel_executor.executor.parallel:run_until_complete
[0.333s] INFO:colcon.colcon_ros.task.ament_cmake.build:Building ROS package in '/home/shiva/Documents/robot_arm/src/robot_arm_interfaces' with build type 'ament_cmake'
[0.333s] INFO:colcon.colcon_cmake.task.cmake.build:Building CMake package in '/home/shiva/Documents/robot_arm/src/robot_arm_interfaces'
[0.335s] INFO:colcon.colcon_core.plugin_system:Skipping extension 'colcon_core.shell.bat': Not used on non-Windows systems
[0.335s] INFO:colcon.colcon_core.shell:Skip shell extension 'powershell' for command environment: Not usable outside of PowerShell
[0.335s] DEBUG:colcon.colcon_core.shell:Skip shell extension 'dsv' for command environment
[0.339s] INFO:colcon.colcon_ros.task.ament_cmake.build:Building ROS package in '/home/shiva/Documents/robot_arm/src/robot_arm_bringup' with build type 'ament_cmake'
[0.339s] INFO:colcon.colcon_cmake.task.cmake.build:Building CMake package in '/home/shiva/Documents/robot_arm/src/robot_arm_bringup'
[0.340s] INFO:colcon.colcon_core.shell:Skip shell extension 'powershell' for command environment: Not usable outside of PowerShell
[0.340s] DEBUG:colcon.colcon_core.shell:Skip shell extension 'dsv' for command environment
[0.343s] INFO:colcon.colcon_ros.task.ament_cmake.build:Building ROS package in '/home/shiva/Documents/robot_arm/src/robot_arm_controller' with build type 'ament_cmake'
[0.344s] INFO:colcon.colcon_cmake.task.cmake.build:Building CMake package in '/home/shiva/Documents/robot_arm/src/robot_arm_controller'
[0.344s] INFO:colcon.colcon_core.shell:Skip shell extension 'powershell' for command environment: Not usable outside of PowerShell
[0.344s] DEBUG:colcon.colcon_core.shell:Skip shell extension 'dsv' for command environment
[0.348s] INFO:colcon.colcon_ros.task.ament_cmake.build:Building ROS package in '/home/shiva/Documents/robot_arm/src/robot_arm_description' with build type 'ament_cmake'
[0.348s] INFO:colcon.colcon_cmake.task.cmake.build:Building CMake package in '/home/shiva/Documents/robot_arm/src/robot_arm_description'
[0.348s] INFO:colcon.colcon_core.shell:Skip shell extension 'powershell' for command environment: Not usable outside of PowerShell
[0.348s] DEBUG:colcon.colcon_core.shell:Skip shell extension 'dsv' for command environment
[0.352s] INFO:colcon.colcon_ros.task.ament_cmake.build:Building ROS package in '/home/shiva/Documents/robot_arm/src/robot_arm_moveit' with build type 'ament_cmake'
[0.352s] INFO:colcon.colcon_cmake.task.cmake.build:Building CMake package in '/home/shiva/Documents/robot_arm/src/robot_arm_moveit'
[0.352s] INFO:colcon.colcon_core.shell:Skip shell extension 'powershell' for command environment: Not usable outside of PowerShell
[0.352s] DEBUG:colcon.colcon_core.shell:Skip shell extension 'dsv' for command environment
[0.361s] DEBUG:colcon.colcon_core.event_handler.log_command:Invoking command in '/home/shiva/Documents/robot_arm/build/robot_arm_interfaces': CMAKE_PREFIX_PATH=${CMAKE_PREFIX_PATH}:/home/shiva/Documents/wrk_spc/install/my_pkg:/opt/ros/humble /usr/bin/cmake --build /home/shiva/Documents/robot_arm/build/robot_arm_interfaces -- -j8 -l8
[0.364s] DEBUG:colcon.colcon_core.event_handler.log_command:Invoking command in '/home/shiva/Documents/robot_arm/build/robot_arm_bringup': CMAKE_PREFIX_PATH=${CMAKE_PREFIX_PATH}:/home/shiva/Documents/wrk_spc/install/my_pkg:/opt/ros/humble /usr/bin/cmake --build /home/shiva/Documents/robot_arm/build/robot_arm_bringup -- -j8 -l8
[0.367s] DEBUG:colcon.colcon_core.event_handler.log_command:Invoking command in '/home/shiva/Documents/robot_arm/build/robot_arm_controller': CMAKE_PREFIX_PATH=${CMAKE_PREFIX_PATH}:/home/shiva/Documents/wrk_spc/install/my_pkg:/opt/ros/humble /usr/bin/cmake --build /home/shiva/Documents/robot_arm/build/robot_arm_controller -- -j8 -l8
[0.371s] DEBUG:colcon.colcon_core.event_handler.log_command:Invoking command in '/home/shiva/Documents/robot_arm/build/robot_arm_description': CMAKE_PREFIX_PATH=${CMAKE_PREFIX_PATH}:/home/shiva/Documents/wrk_spc/install/my_pkg:/opt/ros/humble /usr/bin/cmake --build /home/shiva/Documents/robot_arm/build/robot_arm_description -- -j8 -l8
[0.375s] DEBUG:colcon.colcon_core.event_handler.log_command:Invoking command in '/home/shiva/Documents/robot_arm/build/robot_arm_moveit': CMAKE_PREFIX_PATH=${CMAKE_PREFIX_PATH}:/home/shiva/Documents/wrk_spc/install/my_pkg:/opt/ros/humble /usr/bin/cmake --build /home/shiva/Documents/robot_arm/build/robot_arm_moveit -- -j8 -l8
[0.401s] DEBUG:colcon.colcon_core.event_handler.log_command:Invoked command in '/home/shiva/Documents/robot_arm/build/robot_arm_bringup' returned '0': CMAKE_PREFIX_PATH=${CMAKE_PREFIX_PATH}:/home/shiva/Documents/wrk_spc/install/my_pkg:/opt/ros/humble /usr/bin/cmake --build /home/shiva/Documents/robot_arm/build/robot_arm_bringup -- -j8 -l8
[0.409s] DEBUG:colcon.colcon_core.event_handler.log_command:Invoked command in '/home/shiva/Documents/robot_arm/build/robot_arm_controller' returned '0': CMAKE_PREFIX_PATH=${CMAKE_PREFIX_PATH}:/home/shiva/Documents/wrk_spc/install/my_pkg:/opt/ros/humble /usr/bin/cmake --build /home/shiva/Documents/robot_arm/build/robot_arm_controller -- -j8 -l8
[0.410s] DEBUG:colcon.colcon_core.event_handler.log_command:Invoked command in '/home/shiva/Documents/robot_arm/build/robot_arm_description' returned '0': CMAKE_PREFIX_PATH=${CMAKE_PREFIX_PATH}:/home/shiva/Documents/wrk_spc/install/my_pkg:/opt/ros/humble /usr/bin/cmake --build /home/shiva/Documents/robot_arm/build/robot_arm_description -- -j8 -l8
[0.421s] DEBUG:colcon.colcon_core.event_handler.log_command:Invoked command in '/home/shiva/Documents/robot_arm/build/robot_arm_moveit' returned '0': CMAKE_PREFIX_PATH=${CMAKE_PREFIX_PATH}:/home/shiva/Documents/wrk_spc/install/my_pkg:/opt/ros/humble /usr/bin/cmake --build /home/shiva/Documents/robot_arm/build/robot_arm_moveit -- -j8 -l8
[0.451s] DEBUG:colcon.colcon_core.event_handler.log_command:Invoking command in '/home/shiva/Documents/robot_arm/build/robot_arm_bringup': CMAKE_PREFIX_PATH=${CMAKE_PREFIX_PATH}:/home/shiva/Documents/wrk_spc/install/my_pkg:/opt/ros/humble /usr/bin/cmake --install /home/shiva/Documents/robot_arm/build/robot_arm_bringup
[0.457s] DEBUG:colcon.colcon_core.event_handler.log_command:Invoking command in '/home/shiva/Documents/robot_arm/build/robot_arm_controller': CMAKE_PREFIX_PATH=${CMAKE_PREFIX_PATH}:/home/shiva/Documents/wrk_spc/install/my_pkg:/opt/ros/humble /usr/bin/cmake --install /home/shiva/Documents/robot_arm/build/robot_arm_controller
[0.459s] DEBUG:colcon.colcon_core.event_handler.log_command:Invoking command in '/home/shiva/Documents/robot_arm/build/robot_arm_description': CMAKE_PREFIX_PATH=${CMAKE_PREFIX_PATH}:/home/shiva/Documents/wrk_spc/install/my_pkg:/opt/ros/humble /usr/bin/cmake --install /home/shiva/Documents/robot_arm/build/robot_arm_description
[0.462s] DEBUG:colcon.colcon_core.event_handler.log_command:Invoking command in '/home/shiva/Documents/robot_arm/build/robot_arm_moveit': CMAKE_PREFIX_PATH=${CMAKE_PREFIX_PATH}:/home/shiva/Documents/wrk_spc/install/my_pkg:/opt/ros/humble /usr/bin/cmake --install /home/shiva/Documents/robot_arm/build/robot_arm_moveit
[0.466s] Level 1:colcon.colcon_core.environment:create_environment_scripts_only(robot_arm_bringup)
[0.468s] DEBUG:colcon.colcon_core.event_handler.log_command:Invoked command in '/home/shiva/Documents/robot_arm/build/robot_arm_bringup' returned '0': CMAKE_PREFIX_PATH=${CMAKE_PREFIX_PATH}:/home/shiva/Documents/wrk_spc/install/my_pkg:/opt/ros/humble /usr/bin/cmake --install /home/shiva/Documents/robot_arm/build/robot_arm_bringup
[0.479s] Level 1:colcon.colcon_core.environment:checking '/home/shiva/Documents/robot_arm/install/robot_arm_bringup' for CMake module files
[0.479s] Level 1:colcon.colcon_core.environment:checking '/home/shiva/Documents/robot_arm/install/robot_arm_bringup' for CMake config files
[0.480s] Level 1:colcon.colcon_core.shell:create_environment_hook('robot_arm_bringup', 'cmake_prefix_path')
[0.480s] INFO:colcon.colcon_core.shell:Creating environment hook '/home/shiva/Documents/robot_arm/install/robot_arm_bringup/share/robot_arm_bringup/hook/cmake_prefix_path.ps1'
[0.481s] INFO:colcon.colcon_core.shell:Creating environment descriptor '/home/shiva/Documents/robot_arm/install/robot_arm_bringup/share/robot_arm_bringup/hook/cmake_prefix_path.dsv'
[0.481s] INFO:colcon.colcon_core.shell:Creating environment hook '/home/shiva/Documents/robot_arm/install/robot_arm_bringup/share/robot_arm_bringup/hook/cmake_prefix_path.sh'
[0.482s] Level 1:colcon.colcon_core.environment:checking '/home/shiva/Documents/robot_arm/install/robot_arm_bringup/bin'
[0.482s] Level 1:colcon.colcon_core.environment:checking '/home/shiva/Documents/robot_arm/install/robot_arm_bringup/lib/pkgconfig/robot_arm_bringup.pc'
[0.482s] Level 1:colcon.colcon_core.environment:checking '/home/shiva/Documents/robot_arm/install/robot_arm_bringup/lib/python3.10/site-packages'
[0.483s] Level 1:colcon.colcon_core.environment:checking '/home/shiva/Documents/robot_arm/install/robot_arm_bringup/bin'
[0.483s] INFO:colcon.colcon_core.shell:Creating package script '/home/shiva/Documents/robot_arm/install/robot_arm_bringup/share/robot_arm_bringup/package.ps1'
[0.484s] INFO:colcon.colcon_core.shell:Creating package descriptor '/home/shiva/Documents/robot_arm/install/robot_arm_bringup/share/robot_arm_bringup/package.dsv'
[0.484s] INFO:colcon.colcon_core.shell:Creating package script '/home/shiva/Documents/robot_arm/install/robot_arm_bringup/share/robot_arm_bringup/package.sh'
[0.485s] INFO:colcon.colcon_core.shell:Creating package script '/home/shiva/Documents/robot_arm/install/robot_arm_bringup/share/robot_arm_bringup/package.bash'
[0.485s] INFO:colcon.colcon_core.shell:Creating package script '/home/shiva/Documents/robot_arm/install/robot_arm_bringup/share/robot_arm_bringup/package.zsh'
[0.486s] Level 1:colcon.colcon_core.environment:create_file_with_runtime_dependencies(/home/shiva/Documents/robot_arm/install/robot_arm_bringup/share/colcon-core/packages/robot_arm_bringup)
[0.488s] Level 1:colcon.colcon_core.environment:create_environment_scripts_only(robot_arm_controller)
[0.488s] Level 1:colcon.colcon_core.environment:checking '/home/shiva/Documents/robot_arm/install/robot_arm_controller' for CMake module files
[0.489s] DEBUG:colcon.colcon_core.event_handler.log_command:Invoked command in '/home/shiva/Documents/robot_arm/build/robot_arm_controller' returned '0': CMAKE_PREFIX_PATH=${CMAKE_PREFIX_PATH}:/home/shiva/Documents/wrk_spc/install/my_pkg:/opt/ros/humble /usr/bin/cmake --install /home/shiva/Documents/robot_arm/build/robot_arm_controller
[0.489s] Level 1:colcon.colcon_core.environment:checking '/home/shiva/Documents/robot_arm/install/robot_arm_controller' for CMake config files
[0.489s] Level 1:colcon.colcon_core.shell:create_environment_hook('robot_arm_controller', 'cmake_prefix_path')
[0.490s] INFO:colcon.colcon_core.shell:Creating environment hook '/home/shiva/Documents/robot_arm/install/robot_arm_controller/share/robot_arm_controller/hook/cmake_prefix_path.ps1'
[0.490s] INFO:colcon.colcon_core.shell:Creating environment descriptor '/home/shiva/Documents/robot_arm/install/robot_arm_controller/share/robot_arm_controller/hook/cmake_prefix_path.dsv'
[0.491s] INFO:colcon.colcon_core.shell:Creating environment hook '/home/shiva/Documents/robot_arm/install/robot_arm_controller/share/robot_arm_controller/hook/cmake_prefix_path.sh'
[0.491s] Level 1:colcon.colcon_core.environment:checking '/home/shiva/Documents/robot_arm/install/robot_arm_controller/bin'
[0.492s] Level 1:colcon.colcon_core.environment:checking '/home/shiva/Documents/robot_arm/install/robot_arm_controller/lib/pkgconfig/robot_arm_controller.pc'
[0.492s] Level 1:colcon.colcon_core.environment:checking '/home/shiva/Documents/robot_arm/install/robot_arm_controller/lib/python3.10/site-packages'
[0.492s] Level 1:colcon.colcon_core.environment:checking '/home/shiva/Documents/robot_arm/install/robot_arm_controller/bin'
[0.493s] INFO:colcon.colcon_core.shell:Creating package script '/home/shiva/Documents/robot_arm/install/robot_arm_controller/share/robot_arm_controller/package.ps1'
[0.493s] INFO:colcon.colcon_core.shell:Creating package descriptor '/home/shiva/Documents/robot_arm/install/robot_arm_controller/share/robot_arm_controller/package.dsv'
[0.494s] INFO:colcon.colcon_core.shell:Creating package script '/home/shiva/Documents/robot_arm/install/robot_arm_controller/share/robot_arm_controller/package.sh'
[0.494s] INFO:colcon.colcon_core.shell:Creating package script '/home/shiva/Documents/robot_arm/install/robot_arm_controller/share/robot_arm_controller/package.bash'
[0.495s] INFO:colcon.colcon_core.shell:Creating package script '/home/shiva/Documents/robot_arm/install/robot_arm_controller/share/robot_arm_controller/package.zsh'
[0.496s] Level 1:colcon.colcon_core.environment:create_file_with_runtime_dependencies(/home/shiva/Documents/robot_arm/install/robot_arm_controller/share/colcon-core/packages/robot_arm_controller)
[0.496s] Level 1:colcon.colcon_core.environment:create_environment_scripts_only(robot_arm_description)
[0.497s] Level 1:colcon.colcon_core.environment:checking '/home/shiva/Documents/robot_arm/install/robot_arm_description' for CMake module files
[0.498s] DEBUG:colcon.colcon_core.event_handler.log_command:Invoked command in '/home/shiva/Documents/robot_arm/build/robot_arm_description' returned '0': CMAKE_PREFIX_PATH=${CMAKE_PREFIX_PATH}:/home/shiva/Documents/wrk_spc/install/my_pkg:/opt/ros/humble /usr/bin/cmake --install /home/shiva/Documents/robot_arm/build/robot_arm_description
[0.498s] Level 1:colcon.colcon_core.environment:checking '/home/shiva/Documents/robot_arm/install/robot_arm_description' for CMake config files
[0.498s] Level 1:colcon.colcon_core.shell:create_environment_hook('robot_arm_description', 'cmake_prefix_path')
[0.499s] INFO:colcon.colcon_core.shell:Creating environment hook '/home/shiva/Documents/robot_arm/install/robot_arm_description/share/robot_arm_description/hook/cmake_prefix_path.ps1'
[0.499s] INFO:colcon.colcon_core.shell:Creating environment descriptor '/home/shiva/Documents/robot_arm/install/robot_arm_description/share/robot_arm_description/hook/cmake_prefix_path.dsv'
[0.500s] INFO:colcon.colcon_core.shell:Creating environment hook '/home/shiva/Documents/robot_arm/install/robot_arm_description/share/robot_arm_description/hook/cmake_prefix_path.sh'
[0.501s] Level 1:colcon.colcon_core.environment:checking '/home/shiva/Documents/robot_arm/install/robot_arm_description/bin'
[0.501s] Level 1:colcon.colcon_core.environment:checking '/home/shiva/Documents/robot_arm/install/robot_arm_description/lib/pkgconfig/robot_arm_description.pc'
[0.501s] Level 1:colcon.colcon_core.environment:checking '/home/shiva/Documents/robot_arm/install/robot_arm_description/lib/python3.10/site-packages'
[0.502s] Level 1:colcon.colcon_core.environment:checking '/home/shiva/Documents/robot_arm/install/robot_arm_description/bin'
[0.502s] INFO:colcon.colcon_core.shell:Creating package script '/home/shiva/Documents/robot_arm/install/robot_arm_description/share/robot_arm_description/package.ps1'
[0.503s] INFO:colcon.colcon_core.shell:Creating package descriptor '/home/shiva/Documents/robot_arm/install/robot_arm_description/share/robot_arm_description/package.dsv'
[0.503s] INFO:colcon.colcon_core.shell:Creating package script '/home/shiva/Documents/robot_arm/install/robot_arm_description/share/robot_arm_description/package.sh'
[0.504s] INFO:colcon.colcon_core.shell:Creating package script '/home/shiva/Documents/robot_arm/install/robot_arm_description/share/robot_arm_description/package.bash'
[0.504s] INFO:colcon.colcon_core.shell:Creating package script '/home/shiva/Documents/robot_arm/install/robot_arm_description/share/robot_arm_description/package.zsh'
[0.505s] Level 1:colcon.colcon_core.environment:create_file_with_runtime_dependencies(/home/shiva/Documents/robot_arm/install/robot_arm_description/share/colcon-core/packages/robot_arm_description)
[0.506s] Level 1:colcon.colcon_core.environment:create_environment_scripts_only(robot_arm_moveit)
[0.507s] Level 1:colcon.colcon_core.environment:checking '/home/shiva/Documents/robot_arm/install/robot_arm_moveit' for CMake module files
[0.507s] DEBUG:colcon.colcon_core.event_handler.log_command:Invoked command in '/home/shiva/Documents/robot_arm/build/robot_arm_moveit' returned '0': CMAKE_PREFIX_PATH=${CMAKE_PREFIX_PATH}:/home/shiva/Documents/wrk_spc/install/my_pkg:/opt/ros/humble /usr/bin/cmake --install /home/shiva/Documents/robot_arm/build/robot_arm_moveit
[0.508s] Level 1:colcon.colcon_core.environment:checking '/home/shiva/Documents/robot_arm/install/robot_arm_moveit' for CMake config files
[0.508s] Level 1:colcon.colcon_core.shell:create_environment_hook('robot_arm_moveit', 'cmake_prefix_path')
[0.508s] INFO:colcon.colcon_core.shell:Creating environment hook '/home/shiva/Documents/robot_arm/install/robot_arm_moveit/share/robot_arm_moveit/hook/cmake_prefix_path.ps1'
[0.509s] INFO:colcon.colcon_core.shell:Creating environment descriptor '/home/shiva/Documents/robot_arm/install/robot_arm_moveit/share/robot_arm_moveit/hook/cmake_prefix_path.dsv'
[0.509s] INFO:colcon.colcon_core.shell:Creating environment hook '/home/shiva/Documents/robot_arm/install/robot_arm_moveit/share/robot_arm_moveit/hook/cmake_prefix_path.sh'
[0.510s] Level 1:colcon.colcon_core.environment:checking '/home/shiva/Documents/robot_arm/install/robot_arm_moveit/bin'
[0.510s] Level 1:colcon.colcon_core.environment:checking '/home/shiva/Documents/robot_arm/install/robot_arm_moveit/lib/pkgconfig/robot_arm_moveit.pc'
[0.510s] Level 1:colcon.colcon_core.environment:checking '/home/shiva/Documents/robot_arm/install/robot_arm_moveit/lib/python3.10/site-packages'
[0.510s] Level 1:colcon.colcon_core.environment:checking '/home/shiva/Documents/robot_arm/install/robot_arm_moveit/bin'
[0.510s] INFO:colcon.colcon_core.shell:Creating package script '/home/shiva/Documents/robot_arm/install/robot_arm_moveit/share/robot_arm_moveit/package.ps1'
[0.511s] INFO:colcon.colcon_core.shell:Creating package descriptor '/home/shiva/Documents/robot_arm/install/robot_arm_moveit/share/robot_arm_moveit/package.dsv'
[0.511s] INFO:colcon.colcon_core.shell:Creating package script '/home/shiva/Documents/robot_arm/install/robot_arm_moveit/share/robot_arm_moveit/package.sh'
[0.512s] INFO:colcon.colcon_core.shell:Creating package script '/home/shiva/Documents/robot_arm/install/robot_arm_moveit/share/robot_arm_moveit/package.bash'
[0.512s] INFO:colcon.colcon_core.shell:Creating package script '/home/shiva/Documents/robot_arm/install/robot_arm_moveit/share/robot_arm_moveit/package.zsh'
[0.513s] Level 1:colcon.colcon_core.environment:create_file_with_runtime_dependencies(/home/shiva/Documents/robot_arm/install/robot_arm_moveit/share/colcon-core/packages/robot_arm_moveit)
[0.515s] Level 1:colcon.colcon_core.environment:create_environment_scripts_only(robot_arm_bringup)
[0.515s] Level 1:colcon.colcon_core.environment:checking '/home/shiva/Documents/robot_arm/install/robot_arm_bringup' for CMake module files
[0.516s] Level 1:colcon.colcon_core.environment:checking '/home/shiva/Documents/robot_arm/install/robot_arm_bringup' for CMake config files
[0.517s] Level 1:colcon.colcon_core.shell:create_environment_hook('robot_arm_bringup', 'cmake_prefix_path')
[0.517s] INFO:colcon.colcon_core.shell:Creating environment hook '/home/shiva/Documents/robot_arm/install/robot_arm_bringup/share/robot_arm_bringup/hook/cmake_prefix_path.ps1'
[0.518s] INFO:colcon.colcon_core.shell:Creating environment descriptor '/home/shiva/Documents/robot_arm/install/robot_arm_bringup/share/robot_arm_bringup/hook/cmake_prefix_path.dsv'
[0.518s] INFO:colcon.colcon_core.shell:Creating environment hook '/home/shiva/Documents/robot_arm/install/robot_arm_bringup/share/robot_arm_bringup/hook/cmake_prefix_path.sh'
[0.519s] Level 1:colcon.colcon_core.environment:checking '/home/shiva/Documents/robot_arm/install/robot_arm_bringup/bin'
[0.519s] Level 1:colcon.colcon_core.environment:checking '/home/shiva/Documents/robot_arm/install/robot_arm_bringup/lib/pkgconfig/robot_arm_bringup.pc'
[0.520s] Level 1:colcon.colcon_core.environment:checking '/home/shiva/Documents/robot_arm/install/robot_arm_bringup/lib/python3.10/site-packages'
[0.520s] Level 1:colcon.colcon_core.environment:checking '/home/shiva/Documents/robot_arm/install/robot_arm_bringup/bin'
[0.521s] INFO:colcon.colcon_core.shell:Creating package script '/home/shiva/Documents/robot_arm/install/robot_arm_bringup/share/robot_arm_bringup/package.ps1'
[0.521s] INFO:colcon.colcon_core.shell:Creating package descriptor '/home/shiva/Documents/robot_arm/install/robot_arm_bringup/share/robot_arm_bringup/package.dsv'
[0.522s] INFO:colcon.colcon_core.shell:Creating package script '/home/shiva/Documents/robot_arm/install/robot_arm_bringup/share/robot_arm_bringup/package.sh'
[0.523s] INFO:colcon.colcon_core.shell:Creating package script '/home/shiva/Documents/robot_arm/install/robot_arm_bringup/share/robot_arm_bringup/package.bash'
[0.524s] INFO:colcon.colcon_core.shell:Creating package script '/home/shiva/Documents/robot_arm/install/robot_arm_bringup/share/robot_arm_bringup/package.zsh'
[0.524s] Level 1:colcon.colcon_core.environment:create_file_with_runtime_dependencies(/home/shiva/Documents/robot_arm/install/robot_arm_bringup/share/colcon-core/packages/robot_arm_bringup)
[0.526s] Level 1:colcon.colcon_core.environment:create_environment_scripts_only(robot_arm_controller)
[0.526s] Level 1:colcon.colcon_core.environment:checking '/home/shiva/Documents/robot_arm/install/robot_arm_controller' for CMake module files
[0.527s] Level 1:colcon.colcon_core.environment:checking '/home/shiva/Documents/robot_arm/install/robot_arm_controller' for CMake config files
[0.527s] Level 1:colcon.colcon_core.shell:create_environment_hook('robot_arm_controller', 'cmake_prefix_path')
[0.528s] INFO:colcon.colcon_core.shell:Creating environment hook '/home/shiva/Documents/robot_arm/install/robot_arm_controller/share/robot_arm_controller/hook/cmake_prefix_path.ps1'
[0.528s] INFO:colcon.colcon_core.shell:Creating environment descriptor '/home/shiva/Documents/robot_arm/install/robot_arm_controller/share/robot_arm_controller/hook/cmake_prefix_path.dsv'
[0.529s] INFO:colcon.colcon_core.shell:Creating environment hook '/home/shiva/Documents/robot_arm/install/robot_arm_controller/share/robot_arm_controller/hook/cmake_prefix_path.sh'
[0.529s] Level 1:colcon.colcon_core.environment:checking '/home/shiva/Documents/robot_arm/install/robot_arm_controller/bin'
[0.530s] Level 1:colcon.colcon_core.environment:checking '/home/shiva/Documents/robot_arm/install/robot_arm_controller/lib/pkgconfig/robot_arm_controller.pc'
[0.530s] Level 1:colcon.colcon_core.environment:checking '/home/shiva/Documents/robot_arm/install/robot_arm_controller/lib/python3.10/site-packages'
[0.530s] Level 1:colcon.colcon_core.environment:checking '/home/shiva/Documents/robot_arm/install/robot_arm_controller/bin'
[0.530s] INFO:colcon.colcon_core.shell:Creating package script '/home/shiva/Documents/robot_arm/install/robot_arm_controller/share/robot_arm_controller/package.ps1'
[0.531s] INFO:colcon.colcon_core.shell:Creating package descriptor '/home/shiva/Documents/robot_arm/install/robot_arm_controller/share/robot_arm_controller/package.dsv'
[0.532s] INFO:colcon.colcon_core.shell:Creating package script '/home/shiva/Documents/robot_arm/install/robot_arm_controller/share/robot_arm_controller/package.sh'
[0.532s] INFO:colcon.colcon_core.shell:Creating package script '/home/shiva/Documents/robot_arm/install/robot_arm_controller/share/robot_arm_controller/package.bash'
[0.533s] INFO:colcon.colcon_core.shell:Creating package script '/home/shiva/Documents/robot_arm/install/robot_arm_controller/share/robot_arm_controller/package.zsh'
[0.533s] Level 1:colcon.colcon_core.environment:create_file_with_runtime_dependencies(/home/shiva/Documents/robot_arm/install/robot_arm_controller/share/colcon-core/packages/robot_arm_controller)
[0.535s] Level 1:colcon.colcon_core.environment:create_environment_scripts_only(robot_arm_description)
[0.535s] Level 1:colcon.colcon_core.environment:checking '/home/shiva/Documents/robot_arm/install/robot_arm_description' for CMake module files
[0.536s] Level 1:colcon.colcon_core.environment:checking '/home/shiva/Documents/robot_arm/install/robot_arm_description' for CMake config files
[0.537s] Level 1:colcon.colcon_core.shell:create_environment_hook('robot_arm_description', 'cmake_prefix_path')
[0.537s] INFO:colcon.colcon_core.shell:Creating environment hook '/home/shiva/Documents/robot_arm/install/robot_arm_description/share/robot_arm_description/hook/cmake_prefix_path.ps1'
[0.538s] INFO:colcon.colcon_core.shell:Creating environment descriptor '/home/shiva/Documents/robot_arm/install/robot_arm_description/share/robot_arm_description/hook/cmake_prefix_path.dsv'
[0.538s] INFO:colcon.colcon_core.shell:Creating environment hook '/home/shiva/Documents/robot_arm/install/robot_arm_description/share/robot_arm_description/hook/cmake_prefix_path.sh'
[0.539s] Level 1:colcon.colcon_core.environment:checking '/home/shiva/Documents/robot_arm/install/robot_arm_description/bin'
[0.539s] Level 1:colcon.colcon_core.environment:checking '/home/shiva/Documents/robot_arm/install/robot_arm_description/lib/pkgconfig/robot_arm_description.pc'
[0.539s] Level 1:colcon.colcon_core.environment:checking '/home/shiva/Documents/robot_arm/install/robot_arm_description/lib/python3.10/site-packages'
[0.540s] Level 1:colcon.colcon_core.environment:checking '/home/shiva/Documents/robot_arm/install/robot_arm_description/bin'
[0.540s] INFO:colcon.colcon_core.shell:Creating package script '/home/shiva/Documents/robot_arm/install/robot_arm_description/share/robot_arm_description/package.ps1'
[0.541s] INFO:colcon.colcon_core.shell:Creating package descriptor '/home/shiva/Documents/robot_arm/install/robot_arm_description/share/robot_arm_description/package.dsv'
[0.541s] INFO:colcon.colcon_core.shell:Creating package script '/home/shiva/Documents/robot_arm/install/robot_arm_description/share/robot_arm_description/package.sh'
[0.542s] INFO:colcon.colcon_core.shell:Creating package script '/home/shiva/Documents/robot_arm/install/robot_arm_description/share/robot_arm_description/package.bash'
[0.542s] INFO:colcon.colcon_core.shell:Creating package script '/home/shiva/Documents/robot_arm/install/robot_arm_description/share/robot_arm_description/package.zsh'
[0.542s] Level 1:colcon.colcon_core.environment:create_file_with_runtime_dependencies(/home/shiva/Documents/robot_arm/install/robot_arm_description/share/colcon-core/packages/robot_arm_description)
[0.543s] Level 1:colcon.colcon_core.environment:create_environment_scripts_only(robot_arm_moveit)
[0.544s] Level 1:colcon.colcon_core.environment:checking '/home/shiva/Documents/robot_arm/install/robot_arm_moveit' for CMake module files
[0.545s] Level 1:colcon.colcon_core.environment:checking '/home/shiva/Documents/robot_arm/install/robot_arm_moveit' for CMake config files
[0.545s] Level 1:colcon.colcon_core.shell:create_environment_hook('robot_arm_moveit', 'cmake_prefix_path')
[0.545s] INFO:colcon.colcon_core.shell:Creating environment hook '/home/shiva/Documents/robot_arm/install/robot_arm_moveit/share/robot_arm_moveit/hook/cmake_prefix_path.ps1'
[0.546s] INFO:colcon.colcon_core.shell:Creating environment descriptor '/home/shiva/Documents/robot_arm/install/robot_arm_moveit/share/robot_arm_moveit/hook/cmake_prefix_path.dsv'
[0.547s] INFO:colcon.colcon_core.shell:Creating environment hook '/home/shiva/Documents/robot_arm/install/robot_arm_moveit/share/robot_arm_moveit/hook/cmake_prefix_path.sh'
[0.548s] Level 1:colcon.colcon_core.environment:checking '/home/shiva/Documents/robot_arm/install/robot_arm_moveit/bin'
[0.548s] Level 1:colcon.colcon_core.environment:checking '/home/shiva/Documents/robot_arm/install/robot_arm_moveit/lib/pkgconfig/robot_arm_moveit.pc'
[0.548s] Level 1:colcon.colcon_core.environment:checking '/home/shiva/Documents/robot_arm/install/robot_arm_moveit/lib/python3.10/site-packages'
[0.548s] Level 1:colcon.colcon_core.environment:checking '/home/shiva/Documents/robot_arm/install/robot_arm_moveit/bin'
[0.549s] INFO:colcon.colcon_core.shell:Creating package script '/home/shiva/Documents/robot_arm/install/robot_arm_moveit/share/robot_arm_moveit/package.ps1'
[0.549s] INFO:colcon.colcon_core.shell:Creating package descriptor '/home/shiva/Documents/robot_arm/install/robot_arm_moveit/share/robot_arm_moveit/package.dsv'
[0.550s] INFO:colcon.colcon_core.shell:Creating package script '/home/shiva/Documents/robot_arm/install/robot_arm_moveit/share/robot_arm_moveit/package.sh'
[0.550s] INFO:colcon.colcon_core.shell:Creating package script '/home/shiva/Documents/robot_arm/install/robot_arm_moveit/share/robot_arm_moveit/package.bash'
[0.551s] INFO:colcon.colcon_core.shell:Creating package script '/home/shiva/Documents/robot_arm/install/robot_arm_moveit/share/robot_arm_moveit/package.zsh'
[0.551s] Level 1:colcon.colcon_core.environment:create_file_with_runtime_dependencies(/home/shiva/Documents/robot_arm/install/robot_arm_moveit/share/colcon-core/packages/robot_arm_moveit)
[0.796s] DEBUG:colcon.colcon_core.event_handler.log_command:Invoked command in '/home/shiva/Documents/robot_arm/build/robot_arm_interfaces' returned '0': CMAKE_PREFIX_PATH=${CMAKE_PREFIX_PATH}:/home/shiva/Documents/wrk_spc/install/my_pkg:/opt/ros/humble /usr/bin/cmake --build /home/shiva/Documents/robot_arm/build/robot_arm_interfaces -- -j8 -l8
[0.839s] DEBUG:colcon.colcon_core.event_handler.log_command:Invoking command in '/home/shiva/Documents/robot_arm/build/robot_arm_interfaces': CMAKE_PREFIX_PATH=${CMAKE_PREFIX_PATH}:/home/shiva/Documents/wrk_spc/install/my_pkg:/opt/ros/humble /usr/bin/cmake --install /home/shiva/Documents/robot_arm/build/robot_arm_interfaces
[0.927s] Level 1:colcon.colcon_core.environment:create_environment_scripts_only(robot_arm_interfaces)
[0.928s] Level 1:colcon.colcon_core.environment:checking '/home/shiva/Documents/robot_arm/install/robot_arm_interfaces' for CMake module files
[0.928s] DEBUG:colcon.colcon_core.event_handler.log_command:Invoked command in '/home/shiva/Documents/robot_arm/build/robot_arm_interfaces' returned '0': CMAKE_PREFIX_PATH=${CMAKE_PREFIX_PATH}:/home/shiva/Documents/wrk_spc/install/my_pkg:/opt/ros/humble /usr/bin/cmake --install /home/shiva/Documents/robot_arm/build/robot_arm_interfaces
[0.928s] Level 1:colcon.colcon_core.environment:checking '/home/shiva/Documents/robot_arm/install/robot_arm_interfaces' for CMake config files
[0.929s] Level 1:colcon.colcon_core.shell:create_environment_hook('robot_arm_interfaces', 'cmake_prefix_path')
[0.929s] INFO:colcon.colcon_core.shell:Creating environment hook '/home/shiva/Documents/robot_arm/install/robot_arm_interfaces/share/robot_arm_interfaces/hook/cmake_prefix_path.ps1'
[0.929s] INFO:colcon.colcon_core.shell:Creating environment descriptor '/home/shiva/Documents/robot_arm/install/robot_arm_interfaces/share/robot_arm_interfaces/hook/cmake_prefix_path.dsv'
[0.930s] INFO:colcon.colcon_core.shell:Creating environment hook '/home/shiva/Documents/robot_arm/install/robot_arm_interfaces/share/robot_arm_interfaces/hook/cmake_prefix_path.sh'
[0.930s] Level 1:colcon.colcon_core.environment:checking '/home/shiva/Documents/robot_arm/install/robot_arm_interfaces/lib'
[0.930s] Level 1:colcon.colcon_core.shell:create_environment_hook('robot_arm_interfaces', 'ld_library_path_lib')
[0.930s] INFO:colcon.colcon_core.shell:Creating environment hook '/home/shiva/Documents/robot_arm/install/robot_arm_interfaces/share/robot_arm_interfaces/hook/ld_library_path_lib.ps1'
[0.931s] INFO:colcon.colcon_core.shell:Creating environment descriptor '/home/shiva/Documents/robot_arm/install/robot_arm_interfaces/share/robot_arm_interfaces/hook/ld_library_path_lib.dsv'
[0.931s] INFO:colcon.colcon_core.shell:Creating environment hook '/home/shiva/Documents/robot_arm/install/robot_arm_interfaces/share/robot_arm_interfaces/hook/ld_library_path_lib.sh'
[0.931s] Level 1:colcon.colcon_core.environment:checking '/home/shiva/Documents/robot_arm/install/robot_arm_interfaces/bin'
[0.931s] Level 1:colcon.colcon_core.environment:checking '/home/shiva/Documents/robot_arm/install/robot_arm_interfaces/lib/pkgconfig/robot_arm_interfaces.pc'
[0.931s] Level 1:colcon.colcon_core.environment:checking '/home/shiva/Documents/robot_arm/install/robot_arm_interfaces/lib/python3.10/site-packages'
[0.931s] Level 1:colcon.colcon_core.shell:create_environment_hook('robot_arm_interfaces', 'pythonpath')
[0.932s] INFO:colcon.colcon_core.shell:Creating environment hook '/home/shiva/Documents/robot_arm/install/robot_arm_interfaces/share/robot_arm_interfaces/hook/pythonpath.ps1'
[0.932s] INFO:colcon.colcon_core.shell:Creating environment descriptor '/home/shiva/Documents/robot_arm/install/robot_arm_interfaces/share/robot_arm_interfaces/hook/pythonpath.dsv'
[0.932s] INFO:colcon.colcon_core.shell:Creating environment hook '/home/shiva/Documents/robot_arm/install/robot_arm_interfaces/share/robot_arm_interfaces/hook/pythonpath.sh'
[0.933s] Level 1:colcon.colcon_core.environment:checking '/home/shiva/Documents/robot_arm/install/robot_arm_interfaces/bin'
[0.933s] INFO:colcon.colcon_core.shell:Creating package script '/home/shiva/Documents/robot_arm/install/robot_arm_interfaces/share/robot_arm_interfaces/package.ps1'
[0.933s] INFO:colcon.colcon_core.shell:Creating package descriptor '/home/shiva/Documents/robot_arm/install/robot_arm_interfaces/share/robot_arm_interfaces/package.dsv'
[0.934s] INFO:colcon.colcon_core.shell:Creating package script '/home/shiva/Documents/robot_arm/install/robot_arm_interfaces/share/robot_arm_interfaces/package.sh'
[0.934s] INFO:colcon.colcon_core.shell:Creating package script '/home/shiva/Documents/robot_arm/install/robot_arm_interfaces/share/robot_arm_interfaces/package.bash'
[0.934s] INFO:colcon.colcon_core.shell:Creating package script '/home/shiva/Documents/robot_arm/install/robot_arm_interfaces/share/robot_arm_interfaces/package.zsh'
[0.935s] Level 1:colcon.colcon_core.environment:create_file_with_runtime_dependencies(/home/shiva/Documents/robot_arm/install/robot_arm_interfaces/share/colcon-core/packages/robot_arm_interfaces)
[0.978s] Level 1:colcon.colcon_core.environment:create_environment_scripts_only(robot_arm_interfaces)
[0.978s] Level 1:colcon.colcon_core.environment:checking '/home/shiva/Documents/robot_arm/install/robot_arm_interfaces' for CMake module files
[0.979s] Level 1:colcon.colcon_core.environment:checking '/home/shiva/Documents/robot_arm/install/robot_arm_interfaces' for CMake config files
[0.979s] Level 1:colcon.colcon_core.shell:create_environment_hook('robot_arm_interfaces', 'cmake_prefix_path')
[0.979s] INFO:colcon.colcon_core.shell:Creating environment hook '/home/shiva/Documents/robot_arm/install/robot_arm_interfaces/share/robot_arm_interfaces/hook/cmake_prefix_path.ps1'
[0.980s] INFO:colcon.colcon_core.shell:Creating environment descriptor '/home/shiva/Documents/robot_arm/install/robot_arm_interfaces/share/robot_arm_interfaces/hook/cmake_prefix_path.dsv'
[0.980s] INFO:colcon.colcon_core.shell:Creating environment hook '/home/shiva/Documents/robot_arm/install/robot_arm_interfaces/share/robot_arm_interfaces/hook/cmake_prefix_path.sh'
[0.980s] Level 1:colcon.colcon_core.environment:checking '/home/shiva/Documents/robot_arm/install/robot_arm_interfaces/lib'
[0.981s] Level 1:colcon.colcon_core.shell:create_environment_hook('robot_arm_interfaces', 'ld_library_path_lib')
[0.981s] INFO:colcon.colcon_core.shell:Creating environment hook '/home/shiva/Documents/robot_arm/install/robot_arm_interfaces/share/robot_arm_interfaces/hook/ld_library_path_lib.ps1'
[0.981s] INFO:colcon.colcon_core.shell:Creating environment descriptor '/home/shiva/Documents/robot_arm/install/robot_arm_interfaces/share/robot_arm_interfaces/hook/ld_library_path_lib.dsv'
[0.981s] INFO:colcon.colcon_core.shell:Creating environment hook '/home/shiva/Documents/robot_arm/install/robot_arm_interfaces/share/robot_arm_interfaces/hook/ld_library_path_lib.sh'
[0.982s] Level 1:colcon.colcon_core.environment:checking '/home/shiva/Documents/robot_arm/install/robot_arm_interfaces/bin'
[0.982s] Level 1:colcon.colcon_core.environment:checking '/home/shiva/Documents/robot_arm/install/robot_arm_interfaces/lib/pkgconfig/robot_arm_interfaces.pc'
[0.982s] Level 1:colcon.colcon_core.environment:checking '/home/shiva/Documents/robot_arm/install/robot_arm_interfaces/lib/python3.10/site-packages'
[0.982s] Level 1:colcon.colcon_core.shell:create_environment_hook('robot_arm_interfaces', 'pythonpath')
[0.982s] INFO:colcon.colcon_core.shell:Creating environment hook '/home/shiva/Documents/robot_arm/install/robot_arm_interfaces/share/robot_arm_interfaces/hook/pythonpath.ps1'
[0.982s] INFO:colcon.colcon_core.shell:Creating environment descriptor '/home/shiva/Documents/robot_arm/install/robot_arm_interfaces/share/robot_arm_interfaces/hook/pythonpath.dsv'
[0.983s] INFO:colcon.colcon_core.shell:Creating environment hook '/home/shiva/Documents/robot_arm/install/robot_arm_interfaces/share/robot_arm_interfaces/hook/pythonpath.sh'
[0.983s] Level 1:colcon.colcon_core.environment:checking '/home/shiva/Documents/robot_arm/install/robot_arm_interfaces/bin'
[0.983s] INFO:colcon.colcon_core.shell:Creating package script '/home/shiva/Documents/robot_arm/install/robot_arm_interfaces/share/robot_arm_interfaces/package.ps1'
[0.984s] INFO:colcon.colcon_core.shell:Creating package descriptor '/home/shiva/Documents/robot_arm/install/robot_arm_interfaces/share/robot_arm_interfaces/package.dsv'
[0.984s] INFO:colcon.colcon_core.shell:Creating package script '/home/shiva/Documents/robot_arm/install/robot_arm_interfaces/share/robot_arm_interfaces/package.sh'
[0.985s] INFO:colcon.colcon_core.shell:Creating package script '/home/shiva/Documents/robot_arm/install/robot_arm_interfaces/share/robot_arm_interfaces/package.bash'
[0.985s] INFO:colcon.colcon_core.shell:Creating package script '/home/shiva/Documents/robot_arm/install/robot_arm_interfaces/share/robot_arm_interfaces/package.zsh'
[0.985s] Level 1:colcon.colcon_core.environment:create_file_with_runtime_dependencies(/home/shiva/Documents/robot_arm/install/robot_arm_interfaces/share/colcon-core/packages/robot_arm_interfaces)
[0.985s] INFO:colcon.colcon_ros.task.ament_cmake.build:Building ROS package in '/home/shiva/Documents/robot_arm/src/robot_arm_remote' with build type 'ament_cmake'
[0.986s] INFO:colcon.colcon_cmake.task.cmake.build:Building CMake package in '/home/shiva/Documents/robot_arm/src/robot_arm_remote'
[0.986s] INFO:colcon.colcon_core.shell:Skip shell extension 'powershell' for command environment: Not usable outside of PowerShell
[0.986s] DEBUG:colcon.colcon_core.shell:Skip shell extension 'dsv' for command environment
[0.996s] DEBUG:colcon.colcon_core.event_handler.log_command:Invoking command in '/home/shiva/Documents/robot_arm/build/robot_arm_remote': CMAKE_PREFIX_PATH=/home/shiva/Documents/robot_arm/install/robot_arm_interfaces:/home/shiva/Documents/robot_arm/install/robot_arm_remote:/home/shiva/Documents/robot_arm/install/robot_arm_moveit:/home/shiva/Documents/robot_arm/install/robot_arm_description:/home/shiva/Documents/robot_arm/install/robot_arm_controller:/home/shiva/Documents/robot_arm/install/robot_arm_bringup:/home/shiva/Documents/bumperbot_wrkspc/install/bumperbot_description:/home/shiva/Documents/bumperbot_wrkspc/install/bumperbot_controller:/home/shiva/Documents/AGV_Kalman_Filter_Robot/robo_car/install/robot_car_localization:/home/shiva/Documents/AGV_Kalman_Filter_Robot/robo_car/install/robot_car_description:/home/shiva/Documents/AGV_Kalman_Filter_Robot/robo_car/install/robot_car_controller:/home/shiva/Documents/AGV_Kalman_Filter_Robot/robo_car/install/robot_car_bringup:/home/shiva/Documents/wrk_spc/install/my_robot_bringup:/home/shiva/Documents/wrk_spc/install/my_robot_interfaces:/home/shiva/Documents/wrk_spc/install/my_pkg:/opt/ros/humble LD_LIBRARY_PATH=/home/shiva/Documents/robot_arm/install/robot_arm_interfaces/lib:/home/shiva/Documents/robot_arm/install/robot_arm_remote/lib:/home/shiva/Documents/wrk_spc/install/my_robot_interfaces/lib:/opt/ros/humble/opt/rviz_ogre_vendor/lib:/opt/ros/humble/lib/x86_64-linux-gnu:/opt/ros/humble/lib:/usr/share/gazebo/../../lib/x86_64-linux-gnu/gazebo-11/plugins:/usr/share/gazebo/../../lib/x86_64-linux-gnu/gazebo-11/plugins:/usr/share/gazebo/../../lib/x86_64-linux-gnu/gazebo-11/plugins PYTHONPATH=/home/shiva/Documents/robot_arm/install/robot_arm_interfaces/lib/python3.10/site-packages:/home/shiva/Documents/robot_arm/install/robot_arm_remote/lib/python3.10/site-packages:/home/shiva/Documents/AGV_Kalman_Filter_Robot/robo_car/install/robot_car_localization/lib/python3.10/site-packages:/home/shiva/Documents/AGV_Kalman_Filter_Robot/robo_car/install/robot_car_controller/lib/python3.10/site-packages:/home/shiva/Documents/wrk_spc/install/my_pkg/lib/python3.10/site-packages:/home/shiva/Documents/wrk_spc/install/my_robot_interfaces/lib/python3.10/site-packages:/opt/ros/humble/lib/python3.10/site-packages:/opt/ros/humble/local/lib/python3.10/dist-packages /usr/bin/cmake --build /home/shiva/Documents/robot_arm/build/robot_arm_remote -- -j8 -l8
[1.380s] DEBUG:colcon.colcon_core.event_handler.log_command:Invoked command in '/home/shiva/Documents/robot_arm/build/robot_arm_remote' returned '0': CMAKE_PREFIX_PATH=/home/shiva/Documents/robot_arm/install/robot_arm_interfaces:/home/shiva/Documents/robot_arm/install/robot_arm_remote:/home/shiva/Documents/robot_arm/install/robot_arm_moveit:/home/shiva/Documents/robot_arm/install/robot_arm_description:/home/shiva/Documents/robot_arm/install/robot_arm_controller:/home/shiva/Documents/robot_arm/install/robot_arm_bringup:/home/shiva/Documents/bumperbot_wrkspc/install/bumperbot_description:/home/shiva/Documents/bumperbot_wrkspc/install/bumperbot_controller:/home/shiva/Documents/AGV_Kalman_Filter_Robot/robo_car/install/robot_car_localization:/home/shiva/Documents/AGV_Kalman_Filter_Robot/robo_car/install/robot_car_description:/home/shiva/Documents/AGV_Kalman_Filter_Robot/robo_car/install/robot_car_controller:/home/shiva/Documents/AGV_Kalman_Filter_Robot/robo_car/install/robot_car_bringup:/home/shiva/Documents/wrk_spc/install/my_robot_bringup:/home/shiva/Documents/wrk_spc/install/my_robot_interfaces:/home/shiva/Documents/wrk_spc/install/my_pkg:/opt/ros/humble LD_LIBRARY_PATH=/home/shiva/Documents/robot_arm/install/robot_arm_interfaces/lib:/home/shiva/Documents/robot_arm/install/robot_arm_remote/lib:/home/shiva/Documents/wrk_spc/install/my_robot_interfaces/lib:/opt/ros/humble/opt/rviz_ogre_vendor/lib:/opt/ros/humble/lib/x86_64-linux-gnu:/opt/ros/humble/lib:/usr/share/gazebo/../../lib/x86_64-linux-gnu/gazebo-11/plugins:/usr/share/gazebo/../../lib/x86_64-linux-gnu/gazebo-11/plugins:/usr/share/gazebo/../../lib/x86_64-linux-gnu/gazebo-11/plugins PYTHONPATH=/home/shiva/Documents/robot_arm/install/robot_arm_interfaces/lib/python3.10/site-packages:/home/shiva/Documents/robot_arm/install/robot_arm_remote/lib/python3.10/site-packages:/home/shiva/Documents/AGV_Kalman_Filter_Robot/robo_car/install/robot_car_localization/lib/python3.10/site-packages:/home/shiva/Documents/AGV_Kalman_Filter_Robot/robo_car/install/robot_car_controller/lib/python3.10/site-packages:/home/shiva/Documents/wrk_spc/install/my_pkg/lib/python3.10/site-packages:/home/shiva/Documents/wrk_spc/install/my_robot_interfaces/lib/python3.10/site-packages:/opt/ros/humble/lib/python3.10/site-packages:/opt/ros/humble/local/lib/python3.10/dist-packages /usr/bin/cmake --build /home/shiva/Documents/robot_arm/build/robot_arm_remote -- -j8 -l8
[1.403s] DEBUG:colcon.colcon_core.event_handler.log_command:Invoking command in '/home/shiva/Documents/robot_arm/build/robot_arm_remote': CMAKE_PREFIX_PATH=/home/shiva/Documents/robot_arm/install/robot_arm_interfaces:/home/shiva/Documents/robot_arm/install/robot_arm_remote:/home/shiva/Documents/robot_arm/install/robot_arm_moveit:/home/shiva/Documents/robot_arm/install/robot_arm_description:/home/shiva/Documents/robot_arm/install/robot_arm_controller:/home/shiva/Documents/robot_arm/install/robot_arm_bringup:/home/shiva/Documents/bumperbot_wrkspc/install/bumperbot_description:/home/shiva/Documents/bumperbot_wrkspc/install/bumperbot_controller:/home/shiva/Documents/AGV_Kalman_Filter_Robot/robo_car/install/robot_car_localization:/home/shiva/Documents/AGV_Kalman_Filter_Robot/robo_car/install/robot_car_description:/home/shiva/Documents/AGV_Kalman_Filter_Robot/robo_car/install/robot_car_controller:/home/shiva/Documents/AGV_Kalman_Filter_Robot/robo_car/install/robot_car_bringup:/home/shiva/Documents/wrk_spc/install/my_robot_bringup:/home/shiva/Documents/wrk_spc/install/my_robot_interfaces:/home/shiva/Documents/wrk_spc/install/my_pkg:/opt/ros/humble LD_LIBRARY_PATH=/home/shiva/Documents/robot_arm/install/robot_arm_interfaces/lib:/home/shiva/Documents/robot_arm/install/robot_arm_remote/lib:/home/shiva/Documents/wrk_spc/install/my_robot_interfaces/lib:/opt/ros/humble/opt/rviz_ogre_vendor/lib:/opt/ros/humble/lib/x86_64-linux-gnu:/opt/ros/humble/lib:/usr/share/gazebo/../../lib/x86_64-linux-gnu/gazebo-11/plugins:/usr/share/gazebo/../../lib/x86_64-linux-gnu/gazebo-11/plugins:/usr/share/gazebo/../../lib/x86_64-linux-gnu/gazebo-11/plugins PYTHONPATH=/home/shiva/Documents/robot_arm/install/robot_arm_interfaces/lib/python3.10/site-packages:/home/shiva/Documents/robot_arm/install/robot_arm_remote/lib/python3.10/site-packages:/home/shiva/Documents/AGV_Kalman_Filter_Robot/robo_car/install/robot_car_localization/lib/python3.10/site-packages:/home/shiva/Documents/AGV_Kalman_Filter_Robot/robo_car/install/robot_car_controller/lib/python3.10/site-packages:/home/shiva/Documents/wrk_spc/install/my_pkg/lib/python3.10/site-packages:/home/shiva/Documents/wrk_spc/install/my_robot_interfaces/lib/python3.10/site-packages:/opt/ros/humble/lib/python3.10/site-packages:/opt/ros/humble/local/lib/python3.10/dist-packages /usr/bin/cmake --install /home/shiva/Documents/robot_arm/build/robot_arm_remote
[1.486s] Level 1:colcon.colcon_core.environment:create_environment_scripts_only(robot_arm_remote)
[1.486s] Level 1:colcon.colcon_core.environment:checking '/home/shiva/Documents/robot_arm/install/robot_arm_remote' for CMake module files
[1.487s] DEBUG:colcon.colcon_core.event_handler.log_command:Invoked command in '/home/shiva/Documents/robot_arm/build/robot_arm_remote' returned '0': CMAKE_PREFIX_PATH=/home/shiva/Documents/robot_arm/install/robot_arm_interfaces:/home/shiva/Documents/robot_arm/install/robot_arm_remote:/home/shiva/Documents/robot_arm/install/robot_arm_moveit:/home/shiva/Documents/robot_arm/install/robot_arm_description:/home/shiva/Documents/robot_arm/install/robot_arm_controller:/home/shiva/Documents/robot_arm/install/robot_arm_bringup:/home/shiva/Documents/bumperbot_wrkspc/install/bumperbot_description:/home/shiva/Documents/bumperbot_wrkspc/install/bumperbot_controller:/home/shiva/Documents/AGV_Kalman_Filter_Robot/robo_car/install/robot_car_localization:/home/shiva/Documents/AGV_Kalman_Filter_Robot/robo_car/install/robot_car_description:/home/shiva/Documents/AGV_Kalman_Filter_Robot/robo_car/install/robot_car_controller:/home/shiva/Documents/AGV_Kalman_Filter_Robot/robo_car/install/robot_car_bringup:/home/shiva/Documents/wrk_spc/install/my_robot_bringup:/home/shiva/Documents/wrk_spc/install/my_robot_interfaces:/home/shiva/Documents/wrk_spc/install/my_pkg:/opt/ros/humble LD_LIBRARY_PATH=/home/shiva/Documents/robot_arm/install/robot_arm_interfaces/lib:/home/shiva/Documents/robot_arm/install/robot_arm_remote/lib:/home/shiva/Documents/wrk_spc/install/my_robot_interfaces/lib:/opt/ros/humble/opt/rviz_ogre_vendor/lib:/opt/ros/humble/lib/x86_64-linux-gnu:/opt/ros/humble/lib:/usr/share/gazebo/../../lib/x86_64-linux-gnu/gazebo-11/plugins:/usr/share/gazebo/../../lib/x86_64-linux-gnu/gazebo-11/plugins:/usr/share/gazebo/../../lib/x86_64-linux-gnu/gazebo-11/plugins PYTHONPATH=/home/shiva/Documents/robot_arm/install/robot_arm_interfaces/lib/python3.10/site-packages:/home/shiva/Documents/robot_arm/install/robot_arm_remote/lib/python3.10/site-packages:/home/shiva/Documents/AGV_Kalman_Filter_Robot/robo_car/install/robot_car_localization/lib/python3.10/site-packages:/home/shiva/Documents/AGV_Kalman_Filter_Robot/robo_car/install/robot_car_controller/lib/python3.10/site-packages:/home/shiva/Documents/wrk_spc/install/my_pkg/lib/python3.10/site-packages:/home/shiva/Documents/wrk_spc/install/my_robot_interfaces/lib/python3.10/site-packages:/opt/ros/humble/lib/python3.10/site-packages:/opt/ros/humble/local/lib/python3.10/dist-packages /usr/bin/cmake --install /home/shiva/Documents/robot_arm/build/robot_arm_remote
[1.487s] Level 1:colcon.colcon_core.environment:checking '/home/shiva/Documents/robot_arm/install/robot_arm_remote' for CMake config files
[1.487s] Level 1:colcon.colcon_core.shell:create_environment_hook('robot_arm_remote', 'cmake_prefix_path')
[1.487s] INFO:colcon.colcon_core.shell:Creating environment hook '/home/shiva/Documents/robot_arm/install/robot_arm_remote/share/robot_arm_remote/hook/cmake_prefix_path.ps1'
[1.488s] INFO:colcon.colcon_core.shell:Creating environment descriptor '/home/shiva/Documents/robot_arm/install/robot_arm_remote/share/robot_arm_remote/hook/cmake_prefix_path.dsv'
[1.488s] INFO:colcon.colcon_core.shell:Creating environment hook '/home/shiva/Documents/robot_arm/install/robot_arm_remote/share/robot_arm_remote/hook/cmake_prefix_path.sh'
[1.489s] Level 1:colcon.colcon_core.environment:checking '/home/shiva/Documents/robot_arm/install/robot_arm_remote/lib'
[1.489s] Level 1:colcon.colcon_core.shell:create_environment_hook('robot_arm_remote', 'ld_library_path_lib')
[1.489s] INFO:colcon.colcon_core.shell:Creating environment hook '/home/shiva/Documents/robot_arm/install/robot_arm_remote/share/robot_arm_remote/hook/ld_library_path_lib.ps1'
[1.489s] INFO:colcon.colcon_core.shell:Creating environment descriptor '/home/shiva/Documents/robot_arm/install/robot_arm_remote/share/robot_arm_remote/hook/ld_library_path_lib.dsv'
[1.489s] INFO:colcon.colcon_core.shell:Creating environment hook '/home/shiva/Documents/robot_arm/install/robot_arm_remote/share/robot_arm_remote/hook/ld_library_path_lib.sh'
[1.490s] Level 1:colcon.colcon_core.environment:checking '/home/shiva/Documents/robot_arm/install/robot_arm_remote/bin'
[1.490s] Level 1:colcon.colcon_core.environment:checking '/home/shiva/Documents/robot_arm/install/robot_arm_remote/lib/pkgconfig/robot_arm_remote.pc'
[1.490s] Level 1:colcon.colcon_core.environment:checking '/home/shiva/Documents/robot_arm/install/robot_arm_remote/lib/python3.10/site-packages'
[1.490s] Level 1:colcon.colcon_core.shell:create_environment_hook('robot_arm_remote', 'pythonpath')
[1.490s] INFO:colcon.colcon_core.shell:Creating environment hook '/home/shiva/Documents/robot_arm/install/robot_arm_remote/share/robot_arm_remote/hook/pythonpath.ps1'
[1.490s] INFO:colcon.colcon_core.shell:Creating environment descriptor '/home/shiva/Documents/robot_arm/install/robot_arm_remote/share/robot_arm_remote/hook/pythonpath.dsv'
[1.491s] INFO:colcon.colcon_core.shell:Creating environment hook '/home/shiva/Documents/robot_arm/install/robot_arm_remote/share/robot_arm_remote/hook/pythonpath.sh'
[1.491s] Level 1:colcon.colcon_core.environment:checking '/home/shiva/Documents/robot_arm/install/robot_arm_remote/bin'
[1.491s] INFO:colcon.colcon_core.shell:Creating package script '/home/shiva/Documents/robot_arm/install/robot_arm_remote/share/robot_arm_remote/package.ps1'
[1.492s] INFO:colcon.colcon_core.shell:Creating package descriptor '/home/shiva/Documents/robot_arm/install/robot_arm_remote/share/robot_arm_remote/package.dsv'
[1.492s] INFO:colcon.colcon_core.shell:Creating package script '/home/shiva/Documents/robot_arm/install/robot_arm_remote/share/robot_arm_remote/package.sh'
[1.493s] INFO:colcon.colcon_core.shell:Creating package script '/home/shiva/Documents/robot_arm/install/robot_arm_remote/share/robot_arm_remote/package.bash'
[1.493s] INFO:colcon.colcon_core.shell:Creating package script '/home/shiva/Documents/robot_arm/install/robot_arm_remote/share/robot_arm_remote/package.zsh'
[1.493s] Level 1:colcon.colcon_core.environment:create_file_with_runtime_dependencies(/home/shiva/Documents/robot_arm/install/robot_arm_remote/share/colcon-core/packages/robot_arm_remote)
[1.515s] Level 1:colcon.colcon_core.environment:create_environment_scripts_only(robot_arm_remote)
[1.515s] Level 1:colcon.colcon_core.environment:checking '/home/shiva/Documents/robot_arm/install/robot_arm_remote' for CMake module files
[1.516s] Level 1:colcon.colcon_core.environment:checking '/home/shiva/Documents/robot_arm/install/robot_arm_remote' for CMake config files
[1.516s] Level 1:colcon.colcon_core.shell:create_environment_hook('robot_arm_remote', 'cmake_prefix_path')
[1.516s] INFO:colcon.colcon_core.shell:Creating environment hook '/home/shiva/Documents/robot_arm/install/robot_arm_remote/share/robot_arm_remote/hook/cmake_prefix_path.ps1'
[1.517s] INFO:colcon.colcon_core.shell:Creating environment descriptor '/home/shiva/Documents/robot_arm/install/robot_arm_remote/share/robot_arm_remote/hook/cmake_prefix_path.dsv'
[1.517s] INFO:colcon.colcon_core.shell:Creating environment hook '/home/shiva/Documents/robot_arm/install/robot_arm_remote/share/robot_arm_remote/hook/cmake_prefix_path.sh'
[1.517s] Level 1:colcon.colcon_core.environment:checking '/home/shiva/Documents/robot_arm/install/robot_arm_remote/lib'
[1.518s] Level 1:colcon.colcon_core.shell:create_environment_hook('robot_arm_remote', 'ld_library_path_lib')
[1.518s] INFO:colcon.colcon_core.shell:Creating environment hook '/home/shiva/Documents/robot_arm/install/robot_arm_remote/share/robot_arm_remote/hook/ld_library_path_lib.ps1'
[1.518s] INFO:colcon.colcon_core.shell:Creating environment descriptor '/home/shiva/Documents/robot_arm/install/robot_arm_remote/share/robot_arm_remote/hook/ld_library_path_lib.dsv'
[1.518s] INFO:colcon.colcon_core.shell:Creating environment hook '/home/shiva/Documents/robot_arm/install/robot_arm_remote/share/robot_arm_remote/hook/ld_library_path_lib.sh'
[1.519s] Level 1:colcon.colcon_core.environment:checking '/home/shiva/Documents/robot_arm/install/robot_arm_remote/bin'
[1.519s] Level 1:colcon.colcon_core.environment:checking '/home/shiva/Documents/robot_arm/install/robot_arm_remote/lib/pkgconfig/robot_arm_remote.pc'
[1.519s] Level 1:colcon.colcon_core.environment:checking '/home/shiva/Documents/robot_arm/install/robot_arm_remote/lib/python3.10/site-packages'
[1.519s] Level 1:colcon.colcon_core.shell:create_environment_hook('robot_arm_remote', 'pythonpath')
[1.519s] INFO:colcon.colcon_core.shell:Creating environment hook '/home/shiva/Documents/robot_arm/install/robot_arm_remote/share/robot_arm_remote/hook/pythonpath.ps1'
[1.519s] INFO:colcon.colcon_core.shell:Creating environment descriptor '/home/shiva/Documents/robot_arm/install/robot_arm_remote/share/robot_arm_remote/hook/pythonpath.dsv'
[1.520s] INFO:colcon.colcon_core.shell:Creating environment hook '/home/shiva/Documents/robot_arm/install/robot_arm_remote/share/robot_arm_remote/hook/pythonpath.sh'
[1.520s] Level 1:colcon.colcon_core.environment:checking '/home/shiva/Documents/robot_arm/install/robot_arm_remote/bin'
[1.520s] INFO:colcon.colcon_core.shell:Creating package script '/home/shiva/Documents/robot_arm/install/robot_arm_remote/share/robot_arm_remote/package.ps1'
[1.521s] INFO:colcon.colcon_core.shell:Creating package descriptor '/home/shiva/Documents/robot_arm/install/robot_arm_remote/share/robot_arm_remote/package.dsv'
[1.521s] INFO:colcon.colcon_core.shell:Creating package script '/home/shiva/Documents/robot_arm/install/robot_arm_remote/share/robot_arm_remote/package.sh'
[1.522s] INFO:colcon.colcon_core.shell:Creating package script '/home/shiva/Documents/robot_arm/install/robot_arm_remote/share/robot_arm_remote/package.bash'
[1.522s] INFO:colcon.colcon_core.shell:Creating package script '/home/shiva/Documents/robot_arm/install/robot_arm_remote/share/robot_arm_remote/package.zsh'
[1.522s] Level 1:colcon.colcon_core.environment:create_file_with_runtime_dependencies(/home/shiva/Documents/robot_arm/install/robot_arm_remote/share/colcon-core/packages/robot_arm_remote)
[1.522s] DEBUG:colcon.colcon_parallel_executor.executor.parallel:closing loop
[1.523s] DEBUG:colcon.colcon_parallel_executor.executor.parallel:loop closed
[1.523s] DEBUG:colcon.colcon_parallel_executor.executor.parallel:run_until_complete finished with '0'
[1.523s] DEBUG:colcon.colcon_core.event_reactor:joining thread
[1.527s] INFO:colcon.colcon_core.plugin_system:Skipping extension 'colcon_notification.desktop_notification.terminal_notifier': Not used on non-Darwin systems
[1.527s] INFO:colcon.colcon_core.plugin_system:Skipping extension 'colcon_notification.desktop_notification.win32': Not used on non-Windows systems
[1.527s] INFO:colcon.colcon_notification.desktop_notification:Sending desktop notification using 'notify2'
[1.536s] DEBUG:colcon.colcon_core.event_reactor:joined thread
[1.536s] INFO:colcon.colcon_core.shell:Creating prefix script '/home/shiva/Documents/robot_arm/install/local_setup.ps1'
[1.537s] INFO:colcon.colcon_core.shell:Creating prefix util module '/home/shiva/Documents/robot_arm/install/_local_setup_util_ps1.py'
[1.538s] INFO:colcon.colcon_core.shell:Creating prefix chain script '/home/shiva/Documents/robot_arm/install/setup.ps1'
[1.540s] INFO:colcon.colcon_core.shell:Creating prefix script '/home/shiva/Documents/robot_arm/install/local_setup.sh'
[1.540s] INFO:colcon.colcon_core.shell:Creating prefix util module '/home/shiva/Documents/robot_arm/install/_local_setup_util_sh.py'
[1.541s] INFO:colcon.colcon_core.shell:Creating prefix chain script '/home/shiva/Documents/robot_arm/install/setup.sh'
[1.542s] INFO:colcon.colcon_core.shell:Creating prefix script '/home/shiva/Documents/robot_arm/install/local_setup.bash'
[1.542s] INFO:colcon.colcon_core.shell:Creating prefix chain script '/home/shiva/Documents/robot_arm/install/setup.bash'
[1.543s] INFO:colcon.colcon_core.shell:Creating prefix script '/home/shiva/Documents/robot_arm/install/local_setup.zsh'
[1.544s] INFO:colcon.colcon_core.shell:Creating prefix chain script '/home/shiva/Documents/robot_arm/install/setup.zsh'
