[0.096s] DEBUG:colcon:Command line arguments: ['/usr/bin/colcon', 'build']
[0.096s] DEBUG:colcon:Parsed command line arguments: Namespace(log_base=None, log_level=None, verb_name='build', build_base='build', install_base='install', merge_install=False, symlink_install=False, test_result_base=None, continue_on_error=False, executor='parallel', parallel_workers=8, event_handlers=None, ignore_user_meta=False, metas=['./colcon.meta'], base_paths=['.'], packages_ignore=None, packages_ignore_regex=None, paths=None, packages_up_to=None, packages_up_to_regex=None, packages_above=None, packages_above_and_dependencies=None, packages_above_depth=None, packages_select_by_dep=None, packages_skip_by_dep=None, packages_skip_up_to=None, packages_select_build_failed=False, packages_skip_build_finished=False, packages_select_test_failures=False, packages_skip_test_passed=False, packages_select=None, packages_skip=None, packages_select_regex=None, packages_skip_regex=None, packages_start=None, packages_end=None, allow_overriding=[], cmake_args=None, cmake_target=None, cmake_target_skip_unavailable=False, cmake_clean_cache=False, cmake_clean_first=False, cmake_force_configure=False, ament_cmake_args=None, catkin_cmake_args=None, catkin_skip_building_tests=False, mixin_files=None, mixin=None, verb_parser=<colcon_mixin.mixin.mixin_argument.MixinArgumentDecorator object at 0x7f2b39936110>, verb_extension=<colcon_core.verb.build.BuildVerb object at 0x7f2b39935a80>, main=<bound method BuildVerb.main of <colcon_core.verb.build.BuildVerb object at 0x7f2b39935a80>>, mixin_verb=('build',))
[0.259s] Level 1:colcon.colcon_core.package_discovery:discover_packages(colcon_meta) check parameters
[0.259s] Level 1:colcon.colcon_core.package_discovery:discover_packages(recursive) check parameters
[0.259s] Level 1:colcon.colcon_core.package_discovery:discover_packages(ignore) check parameters
[0.259s] Level 1:colcon.colcon_core.package_discovery:discover_packages(path) check parameters
[0.259s] Level 1:colcon.colcon_core.package_discovery:discover_packages(colcon_meta) discover
[0.259s] Level 1:colcon.colcon_core.package_discovery:discover_packages(recursive) discover
[0.259s] INFO:colcon.colcon_core.package_discovery:Crawling recursively for packages in '/home/shiva/Documents/robot_arm'
[0.259s] Level 1:colcon.colcon_core.package_identification:_identify(.) by extensions ['ignore', 'ignore_ament_install']
[0.259s] Level 1:colcon.colcon_core.package_identification:_identify(.) by extension 'ignore'
[0.259s] Level 1:colcon.colcon_core.package_identification:_identify(.) by extension 'ignore_ament_install'
[0.259s] Level 1:colcon.colcon_core.package_identification:_identify(.) by extensions ['colcon_pkg']
[0.259s] Level 1:colcon.colcon_core.package_identification:_identify(.) by extension 'colcon_pkg'
[0.259s] Level 1:colcon.colcon_core.package_identification:_identify(.) by extensions ['colcon_meta']
[0.259s] Level 1:colcon.colcon_core.package_identification:_identify(.) by extension 'colcon_meta'
[0.259s] Level 1:colcon.colcon_core.package_identification:_identify(.) by extensions ['ros']
[0.259s] Level 1:colcon.colcon_core.package_identification:_identify(.) by extension 'ros'
[0.269s] Level 1:colcon.colcon_core.package_identification:_identify(.) by extensions ['cmake', 'python']
[0.269s] Level 1:colcon.colcon_core.package_identification:_identify(.) by extension 'cmake'
[0.269s] Level 1:colcon.colcon_core.package_identification:_identify(.) by extension 'python'
[0.269s] Level 1:colcon.colcon_core.package_identification:_identify(.) by extensions ['python_setup_py']
[0.269s] Level 1:colcon.colcon_core.package_identification:_identify(.) by extension 'python_setup_py'
[0.269s] Level 1:colcon.colcon_core.package_identification:_identify(build) by extensions ['ignore', 'ignore_ament_install']
[0.270s] Level 1:colcon.colcon_core.package_identification:_identify(build) by extension 'ignore'
[0.270s] Level 1:colcon.colcon_core.package_identification:_identify(build) ignored
[0.270s] Level 1:colcon.colcon_core.package_identification:_identify(install) by extensions ['ignore', 'ignore_ament_install']
[0.270s] Level 1:colcon.colcon_core.package_identification:_identify(install) by extension 'ignore'
[0.270s] Level 1:colcon.colcon_core.package_identification:_identify(install) ignored
[0.270s] Level 1:colcon.colcon_core.package_identification:_identify(log) by extensions ['ignore', 'ignore_ament_install']
[0.270s] Level 1:colcon.colcon_core.package_identification:_identify(log) by extension 'ignore'
[0.270s] Level 1:colcon.colcon_core.package_identification:_identify(log) ignored
[0.270s] Level 1:colcon.colcon_core.package_identification:_identify(src) by extensions ['ignore', 'ignore_ament_install']
[0.270s] Level 1:colcon.colcon_core.package_identification:_identify(src) by extension 'ignore'
[0.270s] Level 1:colcon.colcon_core.package_identification:_identify(src) by extension 'ignore_ament_install'
[0.270s] Level 1:colcon.colcon_core.package_identification:_identify(src) by extensions ['colcon_pkg']
[0.270s] Level 1:colcon.colcon_core.package_identification:_identify(src) by extension 'colcon_pkg'
[0.270s] Level 1:colcon.colcon_core.package_identification:_identify(src) by extensions ['colcon_meta']
[0.270s] Level 1:colcon.colcon_core.package_identification:_identify(src) by extension 'colcon_meta'
[0.270s] Level 1:colcon.colcon_core.package_identification:_identify(src) by extensions ['ros']
[0.271s] Level 1:colcon.colcon_core.package_identification:_identify(src) by extension 'ros'
[0.271s] Level 1:colcon.colcon_core.package_identification:_identify(src) by extensions ['cmake', 'python']
[0.271s] Level 1:colcon.colcon_core.package_identification:_identify(src) by extension 'cmake'
[0.271s] Level 1:colcon.colcon_core.package_identification:_identify(src) by extension 'python'
[0.271s] Level 1:colcon.colcon_core.package_identification:_identify(src) by extensions ['python_setup_py']
[0.271s] Level 1:colcon.colcon_core.package_identification:_identify(src) by extension 'python_setup_py'
[0.271s] Level 1:colcon.colcon_core.package_identification:_identify(src/robot_arm_bringup) by extensions ['ignore', 'ignore_ament_install']
[0.271s] Level 1:colcon.colcon_core.package_identification:_identify(src/robot_arm_bringup) by extension 'ignore'
[0.271s] Level 1:colcon.colcon_core.package_identification:_identify(src/robot_arm_bringup) by extension 'ignore_ament_install'
[0.271s] Level 1:colcon.colcon_core.package_identification:_identify(src/robot_arm_bringup) by extensions ['colcon_pkg']
[0.271s] Level 1:colcon.colcon_core.package_identification:_identify(src/robot_arm_bringup) by extension 'colcon_pkg'
[0.271s] Level 1:colcon.colcon_core.package_identification:_identify(src/robot_arm_bringup) by extensions ['colcon_meta']
[0.271s] Level 1:colcon.colcon_core.package_identification:_identify(src/robot_arm_bringup) by extension 'colcon_meta'
[0.271s] Level 1:colcon.colcon_core.package_identification:_identify(src/robot_arm_bringup) by extensions ['ros']
[0.271s] Level 1:colcon.colcon_core.package_identification:_identify(src/robot_arm_bringup) by extension 'ros'
[0.273s] DEBUG:colcon.colcon_core.package_identification:Package 'src/robot_arm_bringup' with type 'ros.ament_cmake' and name 'robot_arm_bringup'
[0.273s] Level 1:colcon.colcon_core.package_identification:_identify(src/robot_arm_controller) by extensions ['ignore', 'ignore_ament_install']
[0.273s] Level 1:colcon.colcon_core.package_identification:_identify(src/robot_arm_controller) by extension 'ignore'
[0.274s] Level 1:colcon.colcon_core.package_identification:_identify(src/robot_arm_controller) by extension 'ignore_ament_install'
[0.274s] Level 1:colcon.colcon_core.package_identification:_identify(src/robot_arm_controller) by extensions ['colcon_pkg']
[0.274s] Level 1:colcon.colcon_core.package_identification:_identify(src/robot_arm_controller) by extension 'colcon_pkg'
[0.274s] Level 1:colcon.colcon_core.package_identification:_identify(src/robot_arm_controller) by extensions ['colcon_meta']
[0.274s] Level 1:colcon.colcon_core.package_identification:_identify(src/robot_arm_controller) by extension 'colcon_meta'
[0.274s] Level 1:colcon.colcon_core.package_identification:_identify(src/robot_arm_controller) by extensions ['ros']
[0.274s] Level 1:colcon.colcon_core.package_identification:_identify(src/robot_arm_controller) by extension 'ros'
[0.279s] DEBUG:colcon.colcon_core.package_identification:Package 'src/robot_arm_controller' with type 'ros.ament_cmake' and name 'robot_arm_controller'
[0.279s] Level 1:colcon.colcon_core.package_identification:_identify(src/robot_arm_description) by extensions ['ignore', 'ignore_ament_install']
[0.279s] Level 1:colcon.colcon_core.package_identification:_identify(src/robot_arm_description) by extension 'ignore'
[0.279s] Level 1:colcon.colcon_core.package_identification:_identify(src/robot_arm_description) by extension 'ignore_ament_install'
[0.279s] Level 1:colcon.colcon_core.package_identification:_identify(src/robot_arm_description) by extensions ['colcon_pkg']
[0.279s] Level 1:colcon.colcon_core.package_identification:_identify(src/robot_arm_description) by extension 'colcon_pkg'
[0.279s] Level 1:colcon.colcon_core.package_identification:_identify(src/robot_arm_description) by extensions ['colcon_meta']
[0.279s] Level 1:colcon.colcon_core.package_identification:_identify(src/robot_arm_description) by extension 'colcon_meta'
[0.279s] Level 1:colcon.colcon_core.package_identification:_identify(src/robot_arm_description) by extensions ['ros']
[0.279s] Level 1:colcon.colcon_core.package_identification:_identify(src/robot_arm_description) by extension 'ros'
[0.280s] DEBUG:colcon.colcon_core.package_identification:Package 'src/robot_arm_description' with type 'ros.ament_cmake' and name 'robot_arm_description'
[0.280s] Level 1:colcon.colcon_core.package_identification:_identify(src/robot_arm_interfaces) by extensions ['ignore', 'ignore_ament_install']
[0.280s] Level 1:colcon.colcon_core.package_identification:_identify(src/robot_arm_interfaces) by extension 'ignore'
[0.280s] Level 1:colcon.colcon_core.package_identification:_identify(src/robot_arm_interfaces) by extension 'ignore_ament_install'
[0.280s] Level 1:colcon.colcon_core.package_identification:_identify(src/robot_arm_interfaces) by extensions ['colcon_pkg']
[0.280s] Level 1:colcon.colcon_core.package_identification:_identify(src/robot_arm_interfaces) by extension 'colcon_pkg'
[0.280s] Level 1:colcon.colcon_core.package_identification:_identify(src/robot_arm_interfaces) by extensions ['colcon_meta']
[0.280s] Level 1:colcon.colcon_core.package_identification:_identify(src/robot_arm_interfaces) by extension 'colcon_meta'
[0.280s] Level 1:colcon.colcon_core.package_identification:_identify(src/robot_arm_interfaces) by extensions ['ros']
[0.280s] Level 1:colcon.colcon_core.package_identification:_identify(src/robot_arm_interfaces) by extension 'ros'
[0.283s] DEBUG:colcon.colcon_core.package_identification:Package 'src/robot_arm_interfaces' with type 'ros.ament_cmake' and name 'robot_arm_interfaces'
[0.283s] Level 1:colcon.colcon_core.package_identification:_identify(src/robot_arm_moveit) by extensions ['ignore', 'ignore_ament_install']
[0.284s] Level 1:colcon.colcon_core.package_identification:_identify(src/robot_arm_moveit) by extension 'ignore'
[0.284s] Level 1:colcon.colcon_core.package_identification:_identify(src/robot_arm_moveit) by extension 'ignore_ament_install'
[0.284s] Level 1:colcon.colcon_core.package_identification:_identify(src/robot_arm_moveit) by extensions ['colcon_pkg']
[0.284s] Level 1:colcon.colcon_core.package_identification:_identify(src/robot_arm_moveit) by extension 'colcon_pkg'
[0.284s] Level 1:colcon.colcon_core.package_identification:_identify(src/robot_arm_moveit) by extensions ['colcon_meta']
[0.284s] Level 1:colcon.colcon_core.package_identification:_identify(src/robot_arm_moveit) by extension 'colcon_meta'
[0.284s] Level 1:colcon.colcon_core.package_identification:_identify(src/robot_arm_moveit) by extensions ['ros']
[0.284s] Level 1:colcon.colcon_core.package_identification:_identify(src/robot_arm_moveit) by extension 'ros'
[0.286s] DEBUG:colcon.colcon_core.package_identification:Package 'src/robot_arm_moveit' with type 'ros.ament_cmake' and name 'robot_arm_moveit'
[0.287s] Level 1:colcon.colcon_core.package_identification:_identify(src/robot_arm_remote) by extensions ['ignore', 'ignore_ament_install']
[0.287s] Level 1:colcon.colcon_core.package_identification:_identify(src/robot_arm_remote) by extension 'ignore'
[0.287s] Level 1:colcon.colcon_core.package_identification:_identify(src/robot_arm_remote) by extension 'ignore_ament_install'
[0.287s] Level 1:colcon.colcon_core.package_identification:_identify(src/robot_arm_remote) by extensions ['colcon_pkg']
[0.287s] Level 1:colcon.colcon_core.package_identification:_identify(src/robot_arm_remote) by extension 'colcon_pkg'
[0.287s] Level 1:colcon.colcon_core.package_identification:_identify(src/robot_arm_remote) by extensions ['colcon_meta']
[0.287s] Level 1:colcon.colcon_core.package_identification:_identify(src/robot_arm_remote) by extension 'colcon_meta'
[0.287s] Level 1:colcon.colcon_core.package_identification:_identify(src/robot_arm_remote) by extensions ['ros']
[0.288s] Level 1:colcon.colcon_core.package_identification:_identify(src/robot_arm_remote) by extension 'ros'
[0.290s] DEBUG:colcon.colcon_core.package_identification:Package 'src/robot_arm_remote' with type 'ros.ament_cmake' and name 'robot_arm_remote'
[0.290s] Level 1:colcon.colcon_core.package_discovery:discover_packages(recursive) using defaults
[0.290s] Level 1:colcon.colcon_core.package_discovery:discover_packages(ignore) discover
[0.290s] Level 1:colcon.colcon_core.package_discovery:discover_packages(ignore) using defaults
[0.290s] Level 1:colcon.colcon_core.package_discovery:discover_packages(path) discover
[0.290s] Level 1:colcon.colcon_core.package_discovery:discover_packages(path) using defaults
[0.323s] Level 1:colcon.colcon_core.package_discovery:discover_packages(prefix_path) check parameters
[0.323s] Level 1:colcon.colcon_core.package_discovery:discover_packages(prefix_path) discover
[0.324s] DEBUG:colcon.colcon_installed_package_information.package_discovery:Found 2 installed packages in /home/shiva/Documents/bumperbot_wrkspc/install
[0.325s] DEBUG:colcon.colcon_installed_package_information.package_discovery:Found 7 installed packages in /home/shiva/Documents/robot_arm/install
[0.325s] DEBUG:colcon.colcon_installed_package_information.package_discovery:Found 3 installed packages in /home/shiva/Documents/wrk_spc/install
[0.326s] DEBUG:colcon.colcon_installed_package_information.package_discovery:Found 4 installed packages in /home/shiva/Documents/AGV_Kalman_Filter_Robot/robo_car/install
[0.327s] DEBUG:colcon.colcon_installed_package_information.package_discovery:Found 333 installed packages in /opt/ros/humble
[0.328s] Level 1:colcon.colcon_core.package_discovery:discover_packages(prefix_path) using defaults
[0.366s] Level 5:colcon.colcon_core.verb:set package 'robot_arm_bringup' build argument 'cmake_args' from command line to 'None'
[0.366s] Level 5:colcon.colcon_core.verb:set package 'robot_arm_bringup' build argument 'cmake_target' from command line to 'None'
[0.366s] Level 5:colcon.colcon_core.verb:set package 'robot_arm_bringup' build argument 'cmake_target_skip_unavailable' from command line to 'False'
[0.366s] Level 5:colcon.colcon_core.verb:set package 'robot_arm_bringup' build argument 'cmake_clean_cache' from command line to 'False'
[0.366s] Level 5:colcon.colcon_core.verb:set package 'robot_arm_bringup' build argument 'cmake_clean_first' from command line to 'False'
[0.366s] Level 5:colcon.colcon_core.verb:set package 'robot_arm_bringup' build argument 'cmake_force_configure' from command line to 'False'
[0.366s] Level 5:colcon.colcon_core.verb:set package 'robot_arm_bringup' build argument 'ament_cmake_args' from command line to 'None'
[0.366s] Level 5:colcon.colcon_core.verb:set package 'robot_arm_bringup' build argument 'catkin_cmake_args' from command line to 'None'
[0.366s] Level 5:colcon.colcon_core.verb:set package 'robot_arm_bringup' build argument 'catkin_skip_building_tests' from command line to 'False'
[0.366s] DEBUG:colcon.colcon_core.verb:Building package 'robot_arm_bringup' with the following arguments: {'ament_cmake_args': None, 'build_base': '/home/shiva/Documents/robot_arm/build/robot_arm_bringup', 'catkin_cmake_args': None, 'catkin_skip_building_tests': False, 'cmake_args': None, 'cmake_clean_cache': False, 'cmake_clean_first': False, 'cmake_force_configure': False, 'cmake_target': None, 'cmake_target_skip_unavailable': False, 'install_base': '/home/shiva/Documents/robot_arm/install/robot_arm_bringup', 'merge_install': False, 'path': '/home/shiva/Documents/robot_arm/src/robot_arm_bringup', 'symlink_install': False, 'test_result_base': None}
[0.366s] Level 5:colcon.colcon_core.verb:set package 'robot_arm_controller' build argument 'cmake_args' from command line to 'None'
[0.366s] Level 5:colcon.colcon_core.verb:set package 'robot_arm_controller' build argument 'cmake_target' from command line to 'None'
[0.366s] Level 5:colcon.colcon_core.verb:set package 'robot_arm_controller' build argument 'cmake_target_skip_unavailable' from command line to 'False'
[0.366s] Level 5:colcon.colcon_core.verb:set package 'robot_arm_controller' build argument 'cmake_clean_cache' from command line to 'False'
[0.366s] Level 5:colcon.colcon_core.verb:set package 'robot_arm_controller' build argument 'cmake_clean_first' from command line to 'False'
[0.366s] Level 5:colcon.colcon_core.verb:set package 'robot_arm_controller' build argument 'cmake_force_configure' from command line to 'False'
[0.366s] Level 5:colcon.colcon_core.verb:set package 'robot_arm_controller' build argument 'ament_cmake_args' from command line to 'None'
[0.366s] Level 5:colcon.colcon_core.verb:set package 'robot_arm_controller' build argument 'catkin_cmake_args' from command line to 'None'
[0.366s] Level 5:colcon.colcon_core.verb:set package 'robot_arm_controller' build argument 'catkin_skip_building_tests' from command line to 'False'
[0.367s] DEBUG:colcon.colcon_core.verb:Building package 'robot_arm_controller' with the following arguments: {'ament_cmake_args': None, 'build_base': '/home/shiva/Documents/robot_arm/build/robot_arm_controller', 'catkin_cmake_args': None, 'catkin_skip_building_tests': False, 'cmake_args': None, 'cmake_clean_cache': False, 'cmake_clean_first': False, 'cmake_force_configure': False, 'cmake_target': None, 'cmake_target_skip_unavailable': False, 'install_base': '/home/shiva/Documents/robot_arm/install/robot_arm_controller', 'merge_install': False, 'path': '/home/shiva/Documents/robot_arm/src/robot_arm_controller', 'symlink_install': False, 'test_result_base': None}
[0.367s] Level 5:colcon.colcon_core.verb:set package 'robot_arm_description' build argument 'cmake_args' from command line to 'None'
[0.367s] Level 5:colcon.colcon_core.verb:set package 'robot_arm_description' build argument 'cmake_target' from command line to 'None'
[0.367s] Level 5:colcon.colcon_core.verb:set package 'robot_arm_description' build argument 'cmake_target_skip_unavailable' from command line to 'False'
[0.367s] Level 5:colcon.colcon_core.verb:set package 'robot_arm_description' build argument 'cmake_clean_cache' from command line to 'False'
[0.367s] Level 5:colcon.colcon_core.verb:set package 'robot_arm_description' build argument 'cmake_clean_first' from command line to 'False'
[0.367s] Level 5:colcon.colcon_core.verb:set package 'robot_arm_description' build argument 'cmake_force_configure' from command line to 'False'
[0.367s] Level 5:colcon.colcon_core.verb:set package 'robot_arm_description' build argument 'ament_cmake_args' from command line to 'None'
[0.367s] Level 5:colcon.colcon_core.verb:set package 'robot_arm_description' build argument 'catkin_cmake_args' from command line to 'None'
[0.367s] Level 5:colcon.colcon_core.verb:set package 'robot_arm_description' build argument 'catkin_skip_building_tests' from command line to 'False'
[0.367s] DEBUG:colcon.colcon_core.verb:Building package 'robot_arm_description' with the following arguments: {'ament_cmake_args': None, 'build_base': '/home/shiva/Documents/robot_arm/build/robot_arm_description', 'catkin_cmake_args': None, 'catkin_skip_building_tests': False, 'cmake_args': None, 'cmake_clean_cache': False, 'cmake_clean_first': False, 'cmake_force_configure': False, 'cmake_target': None, 'cmake_target_skip_unavailable': False, 'install_base': '/home/shiva/Documents/robot_arm/install/robot_arm_description', 'merge_install': False, 'path': '/home/shiva/Documents/robot_arm/src/robot_arm_description', 'symlink_install': False, 'test_result_base': None}
[0.367s] Level 5:colcon.colcon_core.verb:set package 'robot_arm_interfaces' build argument 'cmake_args' from command line to 'None'
[0.367s] Level 5:colcon.colcon_core.verb:set package 'robot_arm_interfaces' build argument 'cmake_target' from command line to 'None'
[0.368s] Level 5:colcon.colcon_core.verb:set package 'robot_arm_interfaces' build argument 'cmake_target_skip_unavailable' from command line to 'False'
[0.368s] Level 5:colcon.colcon_core.verb:set package 'robot_arm_interfaces' build argument 'cmake_clean_cache' from command line to 'False'
[0.368s] Level 5:colcon.colcon_core.verb:set package 'robot_arm_interfaces' build argument 'cmake_clean_first' from command line to 'False'
[0.368s] Level 5:colcon.colcon_core.verb:set package 'robot_arm_interfaces' build argument 'cmake_force_configure' from command line to 'False'
[0.368s] Level 5:colcon.colcon_core.verb:set package 'robot_arm_interfaces' build argument 'ament_cmake_args' from command line to 'None'
[0.368s] Level 5:colcon.colcon_core.verb:set package 'robot_arm_interfaces' build argument 'catkin_cmake_args' from command line to 'None'
[0.368s] Level 5:colcon.colcon_core.verb:set package 'robot_arm_interfaces' build argument 'catkin_skip_building_tests' from command line to 'False'
[0.368s] DEBUG:colcon.colcon_core.verb:Building package 'robot_arm_interfaces' with the following arguments: {'ament_cmake_args': None, 'build_base': '/home/shiva/Documents/robot_arm/build/robot_arm_interfaces', 'catkin_cmake_args': None, 'catkin_skip_building_tests': False, 'cmake_args': None, 'cmake_clean_cache': False, 'cmake_clean_first': False, 'cmake_force_configure': False, 'cmake_target': None, 'cmake_target_skip_unavailable': False, 'install_base': '/home/shiva/Documents/robot_arm/install/robot_arm_interfaces', 'merge_install': False, 'path': '/home/shiva/Documents/robot_arm/src/robot_arm_interfaces', 'symlink_install': False, 'test_result_base': None}
[0.368s] Level 5:colcon.colcon_core.verb:set package 'robot_arm_moveit' build argument 'cmake_args' from command line to 'None'
[0.368s] Level 5:colcon.colcon_core.verb:set package 'robot_arm_moveit' build argument 'cmake_target' from command line to 'None'
[0.368s] Level 5:colcon.colcon_core.verb:set package 'robot_arm_moveit' build argument 'cmake_target_skip_unavailable' from command line to 'False'
[0.368s] Level 5:colcon.colcon_core.verb:set package 'robot_arm_moveit' build argument 'cmake_clean_cache' from command line to 'False'
[0.368s] Level 5:colcon.colcon_core.verb:set package 'robot_arm_moveit' build argument 'cmake_clean_first' from command line to 'False'
[0.368s] Level 5:colcon.colcon_core.verb:set package 'robot_arm_moveit' build argument 'cmake_force_configure' from command line to 'False'
[0.368s] Level 5:colcon.colcon_core.verb:set package 'robot_arm_moveit' build argument 'ament_cmake_args' from command line to 'None'
[0.368s] Level 5:colcon.colcon_core.verb:set package 'robot_arm_moveit' build argument 'catkin_cmake_args' from command line to 'None'
[0.368s] Level 5:colcon.colcon_core.verb:set package 'robot_arm_moveit' build argument 'catkin_skip_building_tests' from command line to 'False'
[0.368s] DEBUG:colcon.colcon_core.verb:Building package 'robot_arm_moveit' with the following arguments: {'ament_cmake_args': None, 'build_base': '/home/shiva/Documents/robot_arm/build/robot_arm_moveit', 'catkin_cmake_args': None, 'catkin_skip_building_tests': False, 'cmake_args': None, 'cmake_clean_cache': False, 'cmake_clean_first': False, 'cmake_force_configure': False, 'cmake_target': None, 'cmake_target_skip_unavailable': False, 'install_base': '/home/shiva/Documents/robot_arm/install/robot_arm_moveit', 'merge_install': False, 'path': '/home/shiva/Documents/robot_arm/src/robot_arm_moveit', 'symlink_install': False, 'test_result_base': None}
[0.369s] Level 5:colcon.colcon_core.verb:set package 'robot_arm_remote' build argument 'cmake_args' from command line to 'None'
[0.369s] Level 5:colcon.colcon_core.verb:set package 'robot_arm_remote' build argument 'cmake_target' from command line to 'None'
[0.369s] Level 5:colcon.colcon_core.verb:set package 'robot_arm_remote' build argument 'cmake_target_skip_unavailable' from command line to 'False'
[0.369s] Level 5:colcon.colcon_core.verb:set package 'robot_arm_remote' build argument 'cmake_clean_cache' from command line to 'False'
[0.369s] Level 5:colcon.colcon_core.verb:set package 'robot_arm_remote' build argument 'cmake_clean_first' from command line to 'False'
[0.369s] Level 5:colcon.colcon_core.verb:set package 'robot_arm_remote' build argument 'cmake_force_configure' from command line to 'False'
[0.369s] Level 5:colcon.colcon_core.verb:set package 'robot_arm_remote' build argument 'ament_cmake_args' from command line to 'None'
[0.369s] Level 5:colcon.colcon_core.verb:set package 'robot_arm_remote' build argument 'catkin_cmake_args' from command line to 'None'
[0.369s] Level 5:colcon.colcon_core.verb:set package 'robot_arm_remote' build argument 'catkin_skip_building_tests' from command line to 'False'
[0.369s] DEBUG:colcon.colcon_core.verb:Building package 'robot_arm_remote' with the following arguments: {'ament_cmake_args': None, 'build_base': '/home/shiva/Documents/robot_arm/build/robot_arm_remote', 'catkin_cmake_args': None, 'catkin_skip_building_tests': False, 'cmake_args': None, 'cmake_clean_cache': False, 'cmake_clean_first': False, 'cmake_force_configure': False, 'cmake_target': None, 'cmake_target_skip_unavailable': False, 'install_base': '/home/shiva/Documents/robot_arm/install/robot_arm_remote', 'merge_install': False, 'path': '/home/shiva/Documents/robot_arm/src/robot_arm_remote', 'symlink_install': False, 'test_result_base': None}
[0.369s] INFO:colcon.colcon_core.executor:Executing jobs using 'parallel' executor
[0.370s] DEBUG:colcon.colcon_parallel_executor.executor.parallel:run_until_complete
[0.370s] INFO:colcon.colcon_ros.task.ament_cmake.build:Building ROS package in '/home/shiva/Documents/robot_arm/src/robot_arm_interfaces' with build type 'ament_cmake'
[0.370s] INFO:colcon.colcon_cmake.task.cmake.build:Building CMake package in '/home/shiva/Documents/robot_arm/src/robot_arm_interfaces'
[0.372s] INFO:colcon.colcon_core.plugin_system:Skipping extension 'colcon_core.shell.bat': Not used on non-Windows systems
[0.372s] INFO:colcon.colcon_core.shell:Skip shell extension 'powershell' for command environment: Not usable outside of PowerShell
[0.372s] DEBUG:colcon.colcon_core.shell:Skip shell extension 'dsv' for command environment
[0.377s] INFO:colcon.colcon_ros.task.ament_cmake.build:Building ROS package in '/home/shiva/Documents/robot_arm/src/robot_arm_bringup' with build type 'ament_cmake'
[0.377s] INFO:colcon.colcon_cmake.task.cmake.build:Building CMake package in '/home/shiva/Documents/robot_arm/src/robot_arm_bringup'
[0.377s] INFO:colcon.colcon_core.shell:Skip shell extension 'powershell' for command environment: Not usable outside of PowerShell
[0.377s] DEBUG:colcon.colcon_core.shell:Skip shell extension 'dsv' for command environment
[0.382s] INFO:colcon.colcon_ros.task.ament_cmake.build:Building ROS package in '/home/shiva/Documents/robot_arm/src/robot_arm_controller' with build type 'ament_cmake'
[0.382s] INFO:colcon.colcon_cmake.task.cmake.build:Building CMake package in '/home/shiva/Documents/robot_arm/src/robot_arm_controller'
[0.382s] INFO:colcon.colcon_core.shell:Skip shell extension 'powershell' for command environment: Not usable outside of PowerShell
[0.382s] DEBUG:colcon.colcon_core.shell:Skip shell extension 'dsv' for command environment
[0.386s] INFO:colcon.colcon_ros.task.ament_cmake.build:Building ROS package in '/home/shiva/Documents/robot_arm/src/robot_arm_description' with build type 'ament_cmake'
[0.386s] INFO:colcon.colcon_cmake.task.cmake.build:Building CMake package in '/home/shiva/Documents/robot_arm/src/robot_arm_description'
[0.387s] INFO:colcon.colcon_core.shell:Skip shell extension 'powershell' for command environment: Not usable outside of PowerShell
[0.387s] DEBUG:colcon.colcon_core.shell:Skip shell extension 'dsv' for command environment
[0.391s] INFO:colcon.colcon_ros.task.ament_cmake.build:Building ROS package in '/home/shiva/Documents/robot_arm/src/robot_arm_moveit' with build type 'ament_cmake'
[0.391s] INFO:colcon.colcon_cmake.task.cmake.build:Building CMake package in '/home/shiva/Documents/robot_arm/src/robot_arm_moveit'
[0.391s] INFO:colcon.colcon_core.shell:Skip shell extension 'powershell' for command environment: Not usable outside of PowerShell
[0.391s] DEBUG:colcon.colcon_core.shell:Skip shell extension 'dsv' for command environment
[0.400s] DEBUG:colcon.colcon_core.event_handler.log_command:Invoking command in '/home/shiva/Documents/robot_arm/build/robot_arm_interfaces': CMAKE_PREFIX_PATH=${CMAKE_PREFIX_PATH}:/home/shiva/Documents/wrk_spc/install/my_pkg:/opt/ros/humble /usr/bin/cmake --build /home/shiva/Documents/robot_arm/build/robot_arm_interfaces -- -j8 -l8
[0.404s] DEBUG:colcon.colcon_core.event_handler.log_command:Invoking command in '/home/shiva/Documents/robot_arm/build/robot_arm_bringup': CMAKE_PREFIX_PATH=${CMAKE_PREFIX_PATH}:/home/shiva/Documents/wrk_spc/install/my_pkg:/opt/ros/humble /usr/bin/cmake --build /home/shiva/Documents/robot_arm/build/robot_arm_bringup -- -j8 -l8
[0.407s] DEBUG:colcon.colcon_core.event_handler.log_command:Invoking command in '/home/shiva/Documents/robot_arm/build/robot_arm_controller': CMAKE_PREFIX_PATH=${CMAKE_PREFIX_PATH}:/home/shiva/Documents/wrk_spc/install/my_pkg:/opt/ros/humble /usr/bin/cmake --build /home/shiva/Documents/robot_arm/build/robot_arm_controller -- -j8 -l8
[0.410s] DEBUG:colcon.colcon_core.event_handler.log_command:Invoking command in '/home/shiva/Documents/robot_arm/build/robot_arm_description': CMAKE_PREFIX_PATH=${CMAKE_PREFIX_PATH}:/home/shiva/Documents/wrk_spc/install/my_pkg:/opt/ros/humble /usr/bin/cmake --build /home/shiva/Documents/robot_arm/build/robot_arm_description -- -j8 -l8
[0.415s] DEBUG:colcon.colcon_core.event_handler.log_command:Invoking command in '/home/shiva/Documents/robot_arm/build/robot_arm_moveit': CMAKE_PREFIX_PATH=${CMAKE_PREFIX_PATH}:/home/shiva/Documents/wrk_spc/install/my_pkg:/opt/ros/humble /usr/bin/cmake --build /home/shiva/Documents/robot_arm/build/robot_arm_moveit -- -j8 -l8
[0.441s] DEBUG:colcon.colcon_core.event_handler.log_command:Invoked command in '/home/shiva/Documents/robot_arm/build/robot_arm_bringup' returned '0': CMAKE_PREFIX_PATH=${CMAKE_PREFIX_PATH}:/home/shiva/Documents/wrk_spc/install/my_pkg:/opt/ros/humble /usr/bin/cmake --build /home/shiva/Documents/robot_arm/build/robot_arm_bringup -- -j8 -l8
[0.443s] DEBUG:colcon.colcon_core.event_handler.log_command:Invoked command in '/home/shiva/Documents/robot_arm/build/robot_arm_controller' returned '0': CMAKE_PREFIX_PATH=${CMAKE_PREFIX_PATH}:/home/shiva/Documents/wrk_spc/install/my_pkg:/opt/ros/humble /usr/bin/cmake --build /home/shiva/Documents/robot_arm/build/robot_arm_controller -- -j8 -l8
[0.451s] DEBUG:colcon.colcon_core.event_handler.log_command:Invoked command in '/home/shiva/Documents/robot_arm/build/robot_arm_description' returned '0': CMAKE_PREFIX_PATH=${CMAKE_PREFIX_PATH}:/home/shiva/Documents/wrk_spc/install/my_pkg:/opt/ros/humble /usr/bin/cmake --build /home/shiva/Documents/robot_arm/build/robot_arm_description -- -j8 -l8
[0.467s] DEBUG:colcon.colcon_core.event_handler.log_command:Invoked command in '/home/shiva/Documents/robot_arm/build/robot_arm_moveit' returned '0': CMAKE_PREFIX_PATH=${CMAKE_PREFIX_PATH}:/home/shiva/Documents/wrk_spc/install/my_pkg:/opt/ros/humble /usr/bin/cmake --build /home/shiva/Documents/robot_arm/build/robot_arm_moveit -- -j8 -l8
[0.496s] DEBUG:colcon.colcon_core.event_handler.log_command:Invoking command in '/home/shiva/Documents/robot_arm/build/robot_arm_bringup': CMAKE_PREFIX_PATH=${CMAKE_PREFIX_PATH}:/home/shiva/Documents/wrk_spc/install/my_pkg:/opt/ros/humble /usr/bin/cmake --install /home/shiva/Documents/robot_arm/build/robot_arm_bringup
[0.502s] DEBUG:colcon.colcon_core.event_handler.log_command:Invoking command in '/home/shiva/Documents/robot_arm/build/robot_arm_controller': CMAKE_PREFIX_PATH=${CMAKE_PREFIX_PATH}:/home/shiva/Documents/wrk_spc/install/my_pkg:/opt/ros/humble /usr/bin/cmake --install /home/shiva/Documents/robot_arm/build/robot_arm_controller
[0.513s] Level 1:colcon.colcon_core.environment:create_environment_scripts_only(robot_arm_bringup)
[0.517s] DEBUG:colcon.colcon_core.event_handler.log_command:Invoking command in '/home/shiva/Documents/robot_arm/build/robot_arm_description': CMAKE_PREFIX_PATH=${CMAKE_PREFIX_PATH}:/home/shiva/Documents/wrk_spc/install/my_pkg:/opt/ros/humble /usr/bin/cmake --install /home/shiva/Documents/robot_arm/build/robot_arm_description
[0.518s] DEBUG:colcon.colcon_core.event_handler.log_command:Invoking command in '/home/shiva/Documents/robot_arm/build/robot_arm_moveit': CMAKE_PREFIX_PATH=${CMAKE_PREFIX_PATH}:/home/shiva/Documents/wrk_spc/install/my_pkg:/opt/ros/humble /usr/bin/cmake --install /home/shiva/Documents/robot_arm/build/robot_arm_moveit
[0.519s] DEBUG:colcon.colcon_core.event_handler.log_command:Invoked command in '/home/shiva/Documents/robot_arm/build/robot_arm_bringup' returned '0': CMAKE_PREFIX_PATH=${CMAKE_PREFIX_PATH}:/home/shiva/Documents/wrk_spc/install/my_pkg:/opt/ros/humble /usr/bin/cmake --install /home/shiva/Documents/robot_arm/build/robot_arm_bringup
[0.525s] Level 1:colcon.colcon_core.environment:checking '/home/shiva/Documents/robot_arm/install/robot_arm_bringup' for CMake module files
[0.528s] Level 1:colcon.colcon_core.environment:checking '/home/shiva/Documents/robot_arm/install/robot_arm_bringup' for CMake config files
[0.532s] Level 1:colcon.colcon_core.shell:create_environment_hook('robot_arm_bringup', 'cmake_prefix_path')
[0.533s] INFO:colcon.colcon_core.shell:Creating environment hook '/home/shiva/Documents/robot_arm/install/robot_arm_bringup/share/robot_arm_bringup/hook/cmake_prefix_path.ps1'
[0.534s] INFO:colcon.colcon_core.shell:Creating environment descriptor '/home/shiva/Documents/robot_arm/install/robot_arm_bringup/share/robot_arm_bringup/hook/cmake_prefix_path.dsv'
[0.534s] INFO:colcon.colcon_core.shell:Creating environment hook '/home/shiva/Documents/robot_arm/install/robot_arm_bringup/share/robot_arm_bringup/hook/cmake_prefix_path.sh'
[0.536s] Level 1:colcon.colcon_core.environment:checking '/home/shiva/Documents/robot_arm/install/robot_arm_bringup/bin'
[0.536s] Level 1:colcon.colcon_core.environment:checking '/home/shiva/Documents/robot_arm/install/robot_arm_bringup/lib/pkgconfig/robot_arm_bringup.pc'
[0.536s] Level 1:colcon.colcon_core.environment:checking '/home/shiva/Documents/robot_arm/install/robot_arm_bringup/lib/python3.10/site-packages'
[0.537s] Level 1:colcon.colcon_core.environment:checking '/home/shiva/Documents/robot_arm/install/robot_arm_bringup/bin'
[0.537s] INFO:colcon.colcon_core.shell:Creating package script '/home/shiva/Documents/robot_arm/install/robot_arm_bringup/share/robot_arm_bringup/package.ps1'
[0.539s] INFO:colcon.colcon_core.shell:Creating package descriptor '/home/shiva/Documents/robot_arm/install/robot_arm_bringup/share/robot_arm_bringup/package.dsv'
[0.539s] INFO:colcon.colcon_core.shell:Creating package script '/home/shiva/Documents/robot_arm/install/robot_arm_bringup/share/robot_arm_bringup/package.sh'
[0.540s] INFO:colcon.colcon_core.shell:Creating package script '/home/shiva/Documents/robot_arm/install/robot_arm_bringup/share/robot_arm_bringup/package.bash'
[0.542s] INFO:colcon.colcon_core.shell:Creating package script '/home/shiva/Documents/robot_arm/install/robot_arm_bringup/share/robot_arm_bringup/package.zsh'
[0.543s] Level 1:colcon.colcon_core.environment:create_file_with_runtime_dependencies(/home/shiva/Documents/robot_arm/install/robot_arm_bringup/share/colcon-core/packages/robot_arm_bringup)
[0.545s] Level 1:colcon.colcon_core.environment:create_environment_scripts_only(robot_arm_description)
[0.546s] Level 1:colcon.colcon_core.environment:checking '/home/shiva/Documents/robot_arm/install/robot_arm_description' for CMake module files
[0.547s] DEBUG:colcon.colcon_core.event_handler.log_command:Invoked command in '/home/shiva/Documents/robot_arm/build/robot_arm_description' returned '0': CMAKE_PREFIX_PATH=${CMAKE_PREFIX_PATH}:/home/shiva/Documents/wrk_spc/install/my_pkg:/opt/ros/humble /usr/bin/cmake --install /home/shiva/Documents/robot_arm/build/robot_arm_description
[0.547s] Level 1:colcon.colcon_core.environment:checking '/home/shiva/Documents/robot_arm/install/robot_arm_description' for CMake config files
[0.547s] Level 1:colcon.colcon_core.shell:create_environment_hook('robot_arm_description', 'cmake_prefix_path')
[0.548s] INFO:colcon.colcon_core.shell:Creating environment hook '/home/shiva/Documents/robot_arm/install/robot_arm_description/share/robot_arm_description/hook/cmake_prefix_path.ps1'
[0.549s] INFO:colcon.colcon_core.shell:Creating environment descriptor '/home/shiva/Documents/robot_arm/install/robot_arm_description/share/robot_arm_description/hook/cmake_prefix_path.dsv'
[0.549s] INFO:colcon.colcon_core.shell:Creating environment hook '/home/shiva/Documents/robot_arm/install/robot_arm_description/share/robot_arm_description/hook/cmake_prefix_path.sh'
[0.550s] Level 1:colcon.colcon_core.environment:checking '/home/shiva/Documents/robot_arm/install/robot_arm_description/bin'
[0.550s] Level 1:colcon.colcon_core.environment:checking '/home/shiva/Documents/robot_arm/install/robot_arm_description/lib/pkgconfig/robot_arm_description.pc'
[0.550s] Level 1:colcon.colcon_core.environment:checking '/home/shiva/Documents/robot_arm/install/robot_arm_description/lib/python3.10/site-packages'
[0.551s] Level 1:colcon.colcon_core.environment:checking '/home/shiva/Documents/robot_arm/install/robot_arm_description/bin'
[0.551s] INFO:colcon.colcon_core.shell:Creating package script '/home/shiva/Documents/robot_arm/install/robot_arm_description/share/robot_arm_description/package.ps1'
[0.552s] INFO:colcon.colcon_core.shell:Creating package descriptor '/home/shiva/Documents/robot_arm/install/robot_arm_description/share/robot_arm_description/package.dsv'
[0.553s] INFO:colcon.colcon_core.shell:Creating package script '/home/shiva/Documents/robot_arm/install/robot_arm_description/share/robot_arm_description/package.sh'
[0.553s] INFO:colcon.colcon_core.shell:Creating package script '/home/shiva/Documents/robot_arm/install/robot_arm_description/share/robot_arm_description/package.bash'
[0.554s] INFO:colcon.colcon_core.shell:Creating package script '/home/shiva/Documents/robot_arm/install/robot_arm_description/share/robot_arm_description/package.zsh'
[0.554s] Level 1:colcon.colcon_core.environment:create_file_with_runtime_dependencies(/home/shiva/Documents/robot_arm/install/robot_arm_description/share/colcon-core/packages/robot_arm_description)
[0.555s] Level 1:colcon.colcon_core.environment:create_environment_scripts_only(robot_arm_controller)
[0.556s] Level 1:colcon.colcon_core.environment:checking '/home/shiva/Documents/robot_arm/install/robot_arm_controller' for CMake module files
[0.557s] DEBUG:colcon.colcon_core.event_handler.log_command:Invoked command in '/home/shiva/Documents/robot_arm/build/robot_arm_controller' returned '0': CMAKE_PREFIX_PATH=${CMAKE_PREFIX_PATH}:/home/shiva/Documents/wrk_spc/install/my_pkg:/opt/ros/humble /usr/bin/cmake --install /home/shiva/Documents/robot_arm/build/robot_arm_controller
[0.557s] Level 1:colcon.colcon_core.environment:checking '/home/shiva/Documents/robot_arm/install/robot_arm_controller' for CMake config files
[0.557s] Level 1:colcon.colcon_core.shell:create_environment_hook('robot_arm_controller', 'cmake_prefix_path')
[0.558s] INFO:colcon.colcon_core.shell:Creating environment hook '/home/shiva/Documents/robot_arm/install/robot_arm_controller/share/robot_arm_controller/hook/cmake_prefix_path.ps1'
[0.558s] INFO:colcon.colcon_core.shell:Creating environment descriptor '/home/shiva/Documents/robot_arm/install/robot_arm_controller/share/robot_arm_controller/hook/cmake_prefix_path.dsv'
[0.559s] INFO:colcon.colcon_core.shell:Creating environment hook '/home/shiva/Documents/robot_arm/install/robot_arm_controller/share/robot_arm_controller/hook/cmake_prefix_path.sh'
[0.560s] Level 1:colcon.colcon_core.environment:checking '/home/shiva/Documents/robot_arm/install/robot_arm_controller/bin'
[0.560s] Level 1:colcon.colcon_core.environment:checking '/home/shiva/Documents/robot_arm/install/robot_arm_controller/lib/pkgconfig/robot_arm_controller.pc'
[0.561s] Level 1:colcon.colcon_core.environment:checking '/home/shiva/Documents/robot_arm/install/robot_arm_controller/lib/python3.10/site-packages'
[0.561s] Level 1:colcon.colcon_core.environment:checking '/home/shiva/Documents/robot_arm/install/robot_arm_controller/bin'
[0.562s] INFO:colcon.colcon_core.shell:Creating package script '/home/shiva/Documents/robot_arm/install/robot_arm_controller/share/robot_arm_controller/package.ps1'
[0.562s] INFO:colcon.colcon_core.shell:Creating package descriptor '/home/shiva/Documents/robot_arm/install/robot_arm_controller/share/robot_arm_controller/package.dsv'
[0.563s] INFO:colcon.colcon_core.shell:Creating package script '/home/shiva/Documents/robot_arm/install/robot_arm_controller/share/robot_arm_controller/package.sh'
[0.564s] INFO:colcon.colcon_core.shell:Creating package script '/home/shiva/Documents/robot_arm/install/robot_arm_controller/share/robot_arm_controller/package.bash'
[0.564s] INFO:colcon.colcon_core.shell:Creating package script '/home/shiva/Documents/robot_arm/install/robot_arm_controller/share/robot_arm_controller/package.zsh'
[0.565s] Level 1:colcon.colcon_core.environment:create_file_with_runtime_dependencies(/home/shiva/Documents/robot_arm/install/robot_arm_controller/share/colcon-core/packages/robot_arm_controller)
[0.566s] Level 1:colcon.colcon_core.environment:create_environment_scripts_only(robot_arm_moveit)
[0.566s] Level 1:colcon.colcon_core.environment:checking '/home/shiva/Documents/robot_arm/install/robot_arm_moveit' for CMake module files
[0.567s] DEBUG:colcon.colcon_core.event_handler.log_command:Invoked command in '/home/shiva/Documents/robot_arm/build/robot_arm_moveit' returned '0': CMAKE_PREFIX_PATH=${CMAKE_PREFIX_PATH}:/home/shiva/Documents/wrk_spc/install/my_pkg:/opt/ros/humble /usr/bin/cmake --install /home/shiva/Documents/robot_arm/build/robot_arm_moveit
[0.568s] Level 1:colcon.colcon_core.environment:checking '/home/shiva/Documents/robot_arm/install/robot_arm_moveit' for CMake config files
[0.568s] Level 1:colcon.colcon_core.shell:create_environment_hook('robot_arm_moveit', 'cmake_prefix_path')
[0.568s] INFO:colcon.colcon_core.shell:Creating environment hook '/home/shiva/Documents/robot_arm/install/robot_arm_moveit/share/robot_arm_moveit/hook/cmake_prefix_path.ps1'
[0.569s] INFO:colcon.colcon_core.shell:Creating environment descriptor '/home/shiva/Documents/robot_arm/install/robot_arm_moveit/share/robot_arm_moveit/hook/cmake_prefix_path.dsv'
[0.569s] INFO:colcon.colcon_core.shell:Creating environment hook '/home/shiva/Documents/robot_arm/install/robot_arm_moveit/share/robot_arm_moveit/hook/cmake_prefix_path.sh'
[0.570s] Level 1:colcon.colcon_core.environment:checking '/home/shiva/Documents/robot_arm/install/robot_arm_moveit/bin'
[0.570s] Level 1:colcon.colcon_core.environment:checking '/home/shiva/Documents/robot_arm/install/robot_arm_moveit/lib/pkgconfig/robot_arm_moveit.pc'
[0.571s] Level 1:colcon.colcon_core.environment:checking '/home/shiva/Documents/robot_arm/install/robot_arm_moveit/lib/python3.10/site-packages'
[0.571s] Level 1:colcon.colcon_core.environment:checking '/home/shiva/Documents/robot_arm/install/robot_arm_moveit/bin'
[0.572s] INFO:colcon.colcon_core.shell:Creating package script '/home/shiva/Documents/robot_arm/install/robot_arm_moveit/share/robot_arm_moveit/package.ps1'
[0.573s] INFO:colcon.colcon_core.shell:Creating package descriptor '/home/shiva/Documents/robot_arm/install/robot_arm_moveit/share/robot_arm_moveit/package.dsv'
[0.574s] INFO:colcon.colcon_core.shell:Creating package script '/home/shiva/Documents/robot_arm/install/robot_arm_moveit/share/robot_arm_moveit/package.sh'
[0.574s] INFO:colcon.colcon_core.shell:Creating package script '/home/shiva/Documents/robot_arm/install/robot_arm_moveit/share/robot_arm_moveit/package.bash'
[0.575s] INFO:colcon.colcon_core.shell:Creating package script '/home/shiva/Documents/robot_arm/install/robot_arm_moveit/share/robot_arm_moveit/package.zsh'
[0.575s] Level 1:colcon.colcon_core.environment:create_file_with_runtime_dependencies(/home/shiva/Documents/robot_arm/install/robot_arm_moveit/share/colcon-core/packages/robot_arm_moveit)
[0.579s] Level 1:colcon.colcon_core.environment:create_environment_scripts_only(robot_arm_bringup)
[0.580s] Level 1:colcon.colcon_core.environment:checking '/home/shiva/Documents/robot_arm/install/robot_arm_bringup' for CMake module files
[0.580s] Level 1:colcon.colcon_core.environment:checking '/home/shiva/Documents/robot_arm/install/robot_arm_bringup' for CMake config files
[0.581s] Level 1:colcon.colcon_core.shell:create_environment_hook('robot_arm_bringup', 'cmake_prefix_path')
[0.581s] INFO:colcon.colcon_core.shell:Creating environment hook '/home/shiva/Documents/robot_arm/install/robot_arm_bringup/share/robot_arm_bringup/hook/cmake_prefix_path.ps1'
[0.582s] INFO:colcon.colcon_core.shell:Creating environment descriptor '/home/shiva/Documents/robot_arm/install/robot_arm_bringup/share/robot_arm_bringup/hook/cmake_prefix_path.dsv'
[0.582s] INFO:colcon.colcon_core.shell:Creating environment hook '/home/shiva/Documents/robot_arm/install/robot_arm_bringup/share/robot_arm_bringup/hook/cmake_prefix_path.sh'
[0.584s] Level 1:colcon.colcon_core.environment:checking '/home/shiva/Documents/robot_arm/install/robot_arm_bringup/bin'
[0.584s] Level 1:colcon.colcon_core.environment:checking '/home/shiva/Documents/robot_arm/install/robot_arm_bringup/lib/pkgconfig/robot_arm_bringup.pc'
[0.584s] Level 1:colcon.colcon_core.environment:checking '/home/shiva/Documents/robot_arm/install/robot_arm_bringup/lib/python3.10/site-packages'
[0.585s] Level 1:colcon.colcon_core.environment:checking '/home/shiva/Documents/robot_arm/install/robot_arm_bringup/bin'
[0.585s] INFO:colcon.colcon_core.shell:Creating package script '/home/shiva/Documents/robot_arm/install/robot_arm_bringup/share/robot_arm_bringup/package.ps1'
[0.586s] INFO:colcon.colcon_core.shell:Creating package descriptor '/home/shiva/Documents/robot_arm/install/robot_arm_bringup/share/robot_arm_bringup/package.dsv'
[0.587s] INFO:colcon.colcon_core.shell:Creating package script '/home/shiva/Documents/robot_arm/install/robot_arm_bringup/share/robot_arm_bringup/package.sh'
[0.587s] INFO:colcon.colcon_core.shell:Creating package script '/home/shiva/Documents/robot_arm/install/robot_arm_bringup/share/robot_arm_bringup/package.bash'
[0.588s] INFO:colcon.colcon_core.shell:Creating package script '/home/shiva/Documents/robot_arm/install/robot_arm_bringup/share/robot_arm_bringup/package.zsh'
[0.589s] Level 1:colcon.colcon_core.environment:create_file_with_runtime_dependencies(/home/shiva/Documents/robot_arm/install/robot_arm_bringup/share/colcon-core/packages/robot_arm_bringup)
[0.590s] Level 1:colcon.colcon_core.environment:create_environment_scripts_only(robot_arm_description)
[0.590s] Level 1:colcon.colcon_core.environment:checking '/home/shiva/Documents/robot_arm/install/robot_arm_description' for CMake module files
[0.591s] Level 1:colcon.colcon_core.environment:checking '/home/shiva/Documents/robot_arm/install/robot_arm_description' for CMake config files
[0.592s] Level 1:colcon.colcon_core.shell:create_environment_hook('robot_arm_description', 'cmake_prefix_path')
[0.592s] INFO:colcon.colcon_core.shell:Creating environment hook '/home/shiva/Documents/robot_arm/install/robot_arm_description/share/robot_arm_description/hook/cmake_prefix_path.ps1'
[0.593s] INFO:colcon.colcon_core.shell:Creating environment descriptor '/home/shiva/Documents/robot_arm/install/robot_arm_description/share/robot_arm_description/hook/cmake_prefix_path.dsv'
[0.593s] INFO:colcon.colcon_core.shell:Creating environment hook '/home/shiva/Documents/robot_arm/install/robot_arm_description/share/robot_arm_description/hook/cmake_prefix_path.sh'
[0.594s] Level 1:colcon.colcon_core.environment:checking '/home/shiva/Documents/robot_arm/install/robot_arm_description/bin'
[0.594s] Level 1:colcon.colcon_core.environment:checking '/home/shiva/Documents/robot_arm/install/robot_arm_description/lib/pkgconfig/robot_arm_description.pc'
[0.595s] Level 1:colcon.colcon_core.environment:checking '/home/shiva/Documents/robot_arm/install/robot_arm_description/lib/python3.10/site-packages'
[0.595s] Level 1:colcon.colcon_core.environment:checking '/home/shiva/Documents/robot_arm/install/robot_arm_description/bin'
[0.595s] INFO:colcon.colcon_core.shell:Creating package script '/home/shiva/Documents/robot_arm/install/robot_arm_description/share/robot_arm_description/package.ps1'
[0.596s] INFO:colcon.colcon_core.shell:Creating package descriptor '/home/shiva/Documents/robot_arm/install/robot_arm_description/share/robot_arm_description/package.dsv'
[0.596s] INFO:colcon.colcon_core.shell:Creating package script '/home/shiva/Documents/robot_arm/install/robot_arm_description/share/robot_arm_description/package.sh'
[0.597s] INFO:colcon.colcon_core.shell:Creating package script '/home/shiva/Documents/robot_arm/install/robot_arm_description/share/robot_arm_description/package.bash'
[0.597s] INFO:colcon.colcon_core.shell:Creating package script '/home/shiva/Documents/robot_arm/install/robot_arm_description/share/robot_arm_description/package.zsh'
[0.598s] Level 1:colcon.colcon_core.environment:create_file_with_runtime_dependencies(/home/shiva/Documents/robot_arm/install/robot_arm_description/share/colcon-core/packages/robot_arm_description)
[0.599s] Level 1:colcon.colcon_core.environment:create_environment_scripts_only(robot_arm_controller)
[0.600s] Level 1:colcon.colcon_core.environment:checking '/home/shiva/Documents/robot_arm/install/robot_arm_controller' for CMake module files
[0.600s] Level 1:colcon.colcon_core.environment:checking '/home/shiva/Documents/robot_arm/install/robot_arm_controller' for CMake config files
[0.601s] Level 1:colcon.colcon_core.shell:create_environment_hook('robot_arm_controller', 'cmake_prefix_path')
[0.602s] INFO:colcon.colcon_core.shell:Creating environment hook '/home/shiva/Documents/robot_arm/install/robot_arm_controller/share/robot_arm_controller/hook/cmake_prefix_path.ps1'
[0.602s] INFO:colcon.colcon_core.shell:Creating environment descriptor '/home/shiva/Documents/robot_arm/install/robot_arm_controller/share/robot_arm_controller/hook/cmake_prefix_path.dsv'
[0.603s] INFO:colcon.colcon_core.shell:Creating environment hook '/home/shiva/Documents/robot_arm/install/robot_arm_controller/share/robot_arm_controller/hook/cmake_prefix_path.sh'
[0.604s] Level 1:colcon.colcon_core.environment:checking '/home/shiva/Documents/robot_arm/install/robot_arm_controller/bin'
[0.604s] Level 1:colcon.colcon_core.environment:checking '/home/shiva/Documents/robot_arm/install/robot_arm_controller/lib/pkgconfig/robot_arm_controller.pc'
[0.604s] Level 1:colcon.colcon_core.environment:checking '/home/shiva/Documents/robot_arm/install/robot_arm_controller/lib/python3.10/site-packages'
[0.605s] Level 1:colcon.colcon_core.environment:checking '/home/shiva/Documents/robot_arm/install/robot_arm_controller/bin'
[0.605s] INFO:colcon.colcon_core.shell:Creating package script '/home/shiva/Documents/robot_arm/install/robot_arm_controller/share/robot_arm_controller/package.ps1'
[0.606s] INFO:colcon.colcon_core.shell:Creating package descriptor '/home/shiva/Documents/robot_arm/install/robot_arm_controller/share/robot_arm_controller/package.dsv'
[0.607s] INFO:colcon.colcon_core.shell:Creating package script '/home/shiva/Documents/robot_arm/install/robot_arm_controller/share/robot_arm_controller/package.sh'
[0.608s] INFO:colcon.colcon_core.shell:Creating package script '/home/shiva/Documents/robot_arm/install/robot_arm_controller/share/robot_arm_controller/package.bash'
[0.609s] INFO:colcon.colcon_core.shell:Creating package script '/home/shiva/Documents/robot_arm/install/robot_arm_controller/share/robot_arm_controller/package.zsh'
[0.609s] Level 1:colcon.colcon_core.environment:create_file_with_runtime_dependencies(/home/shiva/Documents/robot_arm/install/robot_arm_controller/share/colcon-core/packages/robot_arm_controller)
[0.611s] Level 1:colcon.colcon_core.environment:create_environment_scripts_only(robot_arm_moveit)
[0.611s] Level 1:colcon.colcon_core.environment:checking '/home/shiva/Documents/robot_arm/install/robot_arm_moveit' for CMake module files
[0.612s] Level 1:colcon.colcon_core.environment:checking '/home/shiva/Documents/robot_arm/install/robot_arm_moveit' for CMake config files
[0.612s] Level 1:colcon.colcon_core.shell:create_environment_hook('robot_arm_moveit', 'cmake_prefix_path')
[0.612s] INFO:colcon.colcon_core.shell:Creating environment hook '/home/shiva/Documents/robot_arm/install/robot_arm_moveit/share/robot_arm_moveit/hook/cmake_prefix_path.ps1'
[0.613s] INFO:colcon.colcon_core.shell:Creating environment descriptor '/home/shiva/Documents/robot_arm/install/robot_arm_moveit/share/robot_arm_moveit/hook/cmake_prefix_path.dsv'
[0.613s] INFO:colcon.colcon_core.shell:Creating environment hook '/home/shiva/Documents/robot_arm/install/robot_arm_moveit/share/robot_arm_moveit/hook/cmake_prefix_path.sh'
[0.614s] Level 1:colcon.colcon_core.environment:checking '/home/shiva/Documents/robot_arm/install/robot_arm_moveit/bin'
[0.614s] Level 1:colcon.colcon_core.environment:checking '/home/shiva/Documents/robot_arm/install/robot_arm_moveit/lib/pkgconfig/robot_arm_moveit.pc'
[0.614s] Level 1:colcon.colcon_core.environment:checking '/home/shiva/Documents/robot_arm/install/robot_arm_moveit/lib/python3.10/site-packages'
[0.615s] Level 1:colcon.colcon_core.environment:checking '/home/shiva/Documents/robot_arm/install/robot_arm_moveit/bin'
[0.615s] INFO:colcon.colcon_core.shell:Creating package script '/home/shiva/Documents/robot_arm/install/robot_arm_moveit/share/robot_arm_moveit/package.ps1'
[0.616s] INFO:colcon.colcon_core.shell:Creating package descriptor '/home/shiva/Documents/robot_arm/install/robot_arm_moveit/share/robot_arm_moveit/package.dsv'
[0.616s] INFO:colcon.colcon_core.shell:Creating package script '/home/shiva/Documents/robot_arm/install/robot_arm_moveit/share/robot_arm_moveit/package.sh'
[0.617s] INFO:colcon.colcon_core.shell:Creating package script '/home/shiva/Documents/robot_arm/install/robot_arm_moveit/share/robot_arm_moveit/package.bash'
[0.618s] INFO:colcon.colcon_core.shell:Creating package script '/home/shiva/Documents/robot_arm/install/robot_arm_moveit/share/robot_arm_moveit/package.zsh'
[0.618s] Level 1:colcon.colcon_core.environment:create_file_with_runtime_dependencies(/home/shiva/Documents/robot_arm/install/robot_arm_moveit/share/colcon-core/packages/robot_arm_moveit)
[0.954s] DEBUG:colcon.colcon_core.event_handler.log_command:Invoked command in '/home/shiva/Documents/robot_arm/build/robot_arm_interfaces' returned '0': CMAKE_PREFIX_PATH=${CMAKE_PREFIX_PATH}:/home/shiva/Documents/wrk_spc/install/my_pkg:/opt/ros/humble /usr/bin/cmake --build /home/shiva/Documents/robot_arm/build/robot_arm_interfaces -- -j8 -l8
[1.000s] DEBUG:colcon.colcon_core.event_handler.log_command:Invoking command in '/home/shiva/Documents/robot_arm/build/robot_arm_interfaces': CMAKE_PREFIX_PATH=${CMAKE_PREFIX_PATH}:/home/shiva/Documents/wrk_spc/install/my_pkg:/opt/ros/humble /usr/bin/cmake --install /home/shiva/Documents/robot_arm/build/robot_arm_interfaces
[1.102s] Level 1:colcon.colcon_core.environment:create_environment_scripts_only(robot_arm_interfaces)
[1.102s] DEBUG:colcon.colcon_core.event_handler.log_command:Invoked command in '/home/shiva/Documents/robot_arm/build/robot_arm_interfaces' returned '0': CMAKE_PREFIX_PATH=${CMAKE_PREFIX_PATH}:/home/shiva/Documents/wrk_spc/install/my_pkg:/opt/ros/humble /usr/bin/cmake --install /home/shiva/Documents/robot_arm/build/robot_arm_interfaces
[1.103s] Level 1:colcon.colcon_core.environment:checking '/home/shiva/Documents/robot_arm/install/robot_arm_interfaces' for CMake module files
[1.104s] Level 1:colcon.colcon_core.environment:checking '/home/shiva/Documents/robot_arm/install/robot_arm_interfaces' for CMake config files
[1.104s] Level 1:colcon.colcon_core.shell:create_environment_hook('robot_arm_interfaces', 'cmake_prefix_path')
[1.105s] INFO:colcon.colcon_core.shell:Creating environment hook '/home/shiva/Documents/robot_arm/install/robot_arm_interfaces/share/robot_arm_interfaces/hook/cmake_prefix_path.ps1'
[1.105s] INFO:colcon.colcon_core.shell:Creating environment descriptor '/home/shiva/Documents/robot_arm/install/robot_arm_interfaces/share/robot_arm_interfaces/hook/cmake_prefix_path.dsv'
[1.106s] INFO:colcon.colcon_core.shell:Creating environment hook '/home/shiva/Documents/robot_arm/install/robot_arm_interfaces/share/robot_arm_interfaces/hook/cmake_prefix_path.sh'
[1.107s] Level 1:colcon.colcon_core.environment:checking '/home/shiva/Documents/robot_arm/install/robot_arm_interfaces/lib'
[1.107s] Level 1:colcon.colcon_core.shell:create_environment_hook('robot_arm_interfaces', 'ld_library_path_lib')
[1.107s] INFO:colcon.colcon_core.shell:Creating environment hook '/home/shiva/Documents/robot_arm/install/robot_arm_interfaces/share/robot_arm_interfaces/hook/ld_library_path_lib.ps1'
[1.108s] INFO:colcon.colcon_core.shell:Creating environment descriptor '/home/shiva/Documents/robot_arm/install/robot_arm_interfaces/share/robot_arm_interfaces/hook/ld_library_path_lib.dsv'
[1.108s] INFO:colcon.colcon_core.shell:Creating environment hook '/home/shiva/Documents/robot_arm/install/robot_arm_interfaces/share/robot_arm_interfaces/hook/ld_library_path_lib.sh'
[1.109s] Level 1:colcon.colcon_core.environment:checking '/home/shiva/Documents/robot_arm/install/robot_arm_interfaces/bin'
[1.109s] Level 1:colcon.colcon_core.environment:checking '/home/shiva/Documents/robot_arm/install/robot_arm_interfaces/lib/pkgconfig/robot_arm_interfaces.pc'
[1.109s] Level 1:colcon.colcon_core.environment:checking '/home/shiva/Documents/robot_arm/install/robot_arm_interfaces/lib/python3.10/site-packages'
[1.109s] Level 1:colcon.colcon_core.shell:create_environment_hook('robot_arm_interfaces', 'pythonpath')
[1.110s] INFO:colcon.colcon_core.shell:Creating environment hook '/home/shiva/Documents/robot_arm/install/robot_arm_interfaces/share/robot_arm_interfaces/hook/pythonpath.ps1'
[1.110s] INFO:colcon.colcon_core.shell:Creating environment descriptor '/home/shiva/Documents/robot_arm/install/robot_arm_interfaces/share/robot_arm_interfaces/hook/pythonpath.dsv'
[1.111s] INFO:colcon.colcon_core.shell:Creating environment hook '/home/shiva/Documents/robot_arm/install/robot_arm_interfaces/share/robot_arm_interfaces/hook/pythonpath.sh'
[1.112s] Level 1:colcon.colcon_core.environment:checking '/home/shiva/Documents/robot_arm/install/robot_arm_interfaces/bin'
[1.113s] INFO:colcon.colcon_core.shell:Creating package script '/home/shiva/Documents/robot_arm/install/robot_arm_interfaces/share/robot_arm_interfaces/package.ps1'
[1.113s] INFO:colcon.colcon_core.shell:Creating package descriptor '/home/shiva/Documents/robot_arm/install/robot_arm_interfaces/share/robot_arm_interfaces/package.dsv'
[1.114s] INFO:colcon.colcon_core.shell:Creating package script '/home/shiva/Documents/robot_arm/install/robot_arm_interfaces/share/robot_arm_interfaces/package.sh'
[1.115s] INFO:colcon.colcon_core.shell:Creating package script '/home/shiva/Documents/robot_arm/install/robot_arm_interfaces/share/robot_arm_interfaces/package.bash'
[1.115s] INFO:colcon.colcon_core.shell:Creating package script '/home/shiva/Documents/robot_arm/install/robot_arm_interfaces/share/robot_arm_interfaces/package.zsh'
[1.116s] Level 1:colcon.colcon_core.environment:create_file_with_runtime_dependencies(/home/shiva/Documents/robot_arm/install/robot_arm_interfaces/share/colcon-core/packages/robot_arm_interfaces)
[1.162s] Level 1:colcon.colcon_core.environment:create_environment_scripts_only(robot_arm_interfaces)
[1.162s] Level 1:colcon.colcon_core.environment:checking '/home/shiva/Documents/robot_arm/install/robot_arm_interfaces' for CMake module files
[1.163s] Level 1:colcon.colcon_core.environment:checking '/home/shiva/Documents/robot_arm/install/robot_arm_interfaces' for CMake config files
[1.163s] Level 1:colcon.colcon_core.shell:create_environment_hook('robot_arm_interfaces', 'cmake_prefix_path')
[1.163s] INFO:colcon.colcon_core.shell:Creating environment hook '/home/shiva/Documents/robot_arm/install/robot_arm_interfaces/share/robot_arm_interfaces/hook/cmake_prefix_path.ps1'
[1.164s] INFO:colcon.colcon_core.shell:Creating environment descriptor '/home/shiva/Documents/robot_arm/install/robot_arm_interfaces/share/robot_arm_interfaces/hook/cmake_prefix_path.dsv'
[1.164s] INFO:colcon.colcon_core.shell:Creating environment hook '/home/shiva/Documents/robot_arm/install/robot_arm_interfaces/share/robot_arm_interfaces/hook/cmake_prefix_path.sh'
[1.164s] Level 1:colcon.colcon_core.environment:checking '/home/shiva/Documents/robot_arm/install/robot_arm_interfaces/lib'
[1.164s] Level 1:colcon.colcon_core.shell:create_environment_hook('robot_arm_interfaces', 'ld_library_path_lib')
[1.165s] INFO:colcon.colcon_core.shell:Creating environment hook '/home/shiva/Documents/robot_arm/install/robot_arm_interfaces/share/robot_arm_interfaces/hook/ld_library_path_lib.ps1'
[1.165s] INFO:colcon.colcon_core.shell:Creating environment descriptor '/home/shiva/Documents/robot_arm/install/robot_arm_interfaces/share/robot_arm_interfaces/hook/ld_library_path_lib.dsv'
[1.165s] INFO:colcon.colcon_core.shell:Creating environment hook '/home/shiva/Documents/robot_arm/install/robot_arm_interfaces/share/robot_arm_interfaces/hook/ld_library_path_lib.sh'
[1.165s] Level 1:colcon.colcon_core.environment:checking '/home/shiva/Documents/robot_arm/install/robot_arm_interfaces/bin'
[1.166s] Level 1:colcon.colcon_core.environment:checking '/home/shiva/Documents/robot_arm/install/robot_arm_interfaces/lib/pkgconfig/robot_arm_interfaces.pc'
[1.166s] Level 1:colcon.colcon_core.environment:checking '/home/shiva/Documents/robot_arm/install/robot_arm_interfaces/lib/python3.10/site-packages'
[1.166s] Level 1:colcon.colcon_core.shell:create_environment_hook('robot_arm_interfaces', 'pythonpath')
[1.166s] INFO:colcon.colcon_core.shell:Creating environment hook '/home/shiva/Documents/robot_arm/install/robot_arm_interfaces/share/robot_arm_interfaces/hook/pythonpath.ps1'
[1.166s] INFO:colcon.colcon_core.shell:Creating environment descriptor '/home/shiva/Documents/robot_arm/install/robot_arm_interfaces/share/robot_arm_interfaces/hook/pythonpath.dsv'
[1.167s] INFO:colcon.colcon_core.shell:Creating environment hook '/home/shiva/Documents/robot_arm/install/robot_arm_interfaces/share/robot_arm_interfaces/hook/pythonpath.sh'
[1.167s] Level 1:colcon.colcon_core.environment:checking '/home/shiva/Documents/robot_arm/install/robot_arm_interfaces/bin'
[1.167s] INFO:colcon.colcon_core.shell:Creating package script '/home/shiva/Documents/robot_arm/install/robot_arm_interfaces/share/robot_arm_interfaces/package.ps1'
[1.168s] INFO:colcon.colcon_core.shell:Creating package descriptor '/home/shiva/Documents/robot_arm/install/robot_arm_interfaces/share/robot_arm_interfaces/package.dsv'
[1.168s] INFO:colcon.colcon_core.shell:Creating package script '/home/shiva/Documents/robot_arm/install/robot_arm_interfaces/share/robot_arm_interfaces/package.sh'
[1.169s] INFO:colcon.colcon_core.shell:Creating package script '/home/shiva/Documents/robot_arm/install/robot_arm_interfaces/share/robot_arm_interfaces/package.bash'
[1.169s] INFO:colcon.colcon_core.shell:Creating package script '/home/shiva/Documents/robot_arm/install/robot_arm_interfaces/share/robot_arm_interfaces/package.zsh'
[1.170s] Level 1:colcon.colcon_core.environment:create_file_with_runtime_dependencies(/home/shiva/Documents/robot_arm/install/robot_arm_interfaces/share/colcon-core/packages/robot_arm_interfaces)
[1.170s] INFO:colcon.colcon_ros.task.ament_cmake.build:Building ROS package in '/home/shiva/Documents/robot_arm/src/robot_arm_remote' with build type 'ament_cmake'
[1.170s] INFO:colcon.colcon_cmake.task.cmake.build:Building CMake package in '/home/shiva/Documents/robot_arm/src/robot_arm_remote'
[1.170s] INFO:colcon.colcon_core.shell:Skip shell extension 'powershell' for command environment: Not usable outside of PowerShell
[1.170s] DEBUG:colcon.colcon_core.shell:Skip shell extension 'dsv' for command environment
[1.183s] DEBUG:colcon.colcon_core.event_handler.log_command:Invoking command in '/home/shiva/Documents/robot_arm/build/robot_arm_remote': CMAKE_PREFIX_PATH=/home/shiva/Documents/robot_arm/install/robot_arm_interfaces:/home/shiva/Documents/robot_arm/install/robot_arm_remote:/home/shiva/Documents/robot_arm/install/robot_arm_moveit:/home/shiva/Documents/robot_arm/install/robot_arm_description:/home/shiva/Documents/robot_arm/install/robot_arm_controller:/home/shiva/Documents/robot_arm/install/robot_arm_bringup:/home/shiva/Documents/bumperbot_wrkspc/install/bumperbot_description:/home/shiva/Documents/bumperbot_wrkspc/install/bumperbot_controller:/home/shiva/Documents/AGV_Kalman_Filter_Robot/robo_car/install/robot_car_localization:/home/shiva/Documents/AGV_Kalman_Filter_Robot/robo_car/install/robot_car_description:/home/shiva/Documents/AGV_Kalman_Filter_Robot/robo_car/install/robot_car_controller:/home/shiva/Documents/AGV_Kalman_Filter_Robot/robo_car/install/robot_car_bringup:/home/shiva/Documents/wrk_spc/install/my_robot_bringup:/home/shiva/Documents/wrk_spc/install/my_robot_interfaces:/home/shiva/Documents/wrk_spc/install/my_pkg:/opt/ros/humble LD_LIBRARY_PATH=/home/shiva/Documents/robot_arm/install/robot_arm_interfaces/lib:/home/shiva/Documents/robot_arm/install/robot_arm_remote/lib:/home/shiva/Documents/wrk_spc/install/my_robot_interfaces/lib:/opt/ros/humble/opt/rviz_ogre_vendor/lib:/opt/ros/humble/lib/x86_64-linux-gnu:/opt/ros/humble/lib:/usr/share/gazebo/../../lib/x86_64-linux-gnu/gazebo-11/plugins:/usr/share/gazebo/../../lib/x86_64-linux-gnu/gazebo-11/plugins:/usr/share/gazebo/../../lib/x86_64-linux-gnu/gazebo-11/plugins PYTHONPATH=/home/shiva/Documents/robot_arm/install/robot_arm_interfaces/lib/python3.10/site-packages:/home/shiva/Documents/robot_arm/install/robot_arm_remote/lib/python3.10/site-packages:/home/shiva/Documents/AGV_Kalman_Filter_Robot/robo_car/install/robot_car_localization/lib/python3.10/site-packages:/home/shiva/Documents/AGV_Kalman_Filter_Robot/robo_car/install/robot_car_controller/lib/python3.10/site-packages:/home/shiva/Documents/wrk_spc/install/my_pkg/lib/python3.10/site-packages:/home/shiva/Documents/wrk_spc/install/my_robot_interfaces/lib/python3.10/site-packages:/opt/ros/humble/lib/python3.10/site-packages:/opt/ros/humble/local/lib/python3.10/dist-packages /usr/bin/cmake --build /home/shiva/Documents/robot_arm/build/robot_arm_remote -- -j8 -l8
[1.656s] DEBUG:colcon.colcon_core.event_handler.log_command:Invoked command in '/home/shiva/Documents/robot_arm/build/robot_arm_remote' returned '0': CMAKE_PREFIX_PATH=/home/shiva/Documents/robot_arm/install/robot_arm_interfaces:/home/shiva/Documents/robot_arm/install/robot_arm_remote:/home/shiva/Documents/robot_arm/install/robot_arm_moveit:/home/shiva/Documents/robot_arm/install/robot_arm_description:/home/shiva/Documents/robot_arm/install/robot_arm_controller:/home/shiva/Documents/robot_arm/install/robot_arm_bringup:/home/shiva/Documents/bumperbot_wrkspc/install/bumperbot_description:/home/shiva/Documents/bumperbot_wrkspc/install/bumperbot_controller:/home/shiva/Documents/AGV_Kalman_Filter_Robot/robo_car/install/robot_car_localization:/home/shiva/Documents/AGV_Kalman_Filter_Robot/robo_car/install/robot_car_description:/home/shiva/Documents/AGV_Kalman_Filter_Robot/robo_car/install/robot_car_controller:/home/shiva/Documents/AGV_Kalman_Filter_Robot/robo_car/install/robot_car_bringup:/home/shiva/Documents/wrk_spc/install/my_robot_bringup:/home/shiva/Documents/wrk_spc/install/my_robot_interfaces:/home/shiva/Documents/wrk_spc/install/my_pkg:/opt/ros/humble LD_LIBRARY_PATH=/home/shiva/Documents/robot_arm/install/robot_arm_interfaces/lib:/home/shiva/Documents/robot_arm/install/robot_arm_remote/lib:/home/shiva/Documents/wrk_spc/install/my_robot_interfaces/lib:/opt/ros/humble/opt/rviz_ogre_vendor/lib:/opt/ros/humble/lib/x86_64-linux-gnu:/opt/ros/humble/lib:/usr/share/gazebo/../../lib/x86_64-linux-gnu/gazebo-11/plugins:/usr/share/gazebo/../../lib/x86_64-linux-gnu/gazebo-11/plugins:/usr/share/gazebo/../../lib/x86_64-linux-gnu/gazebo-11/plugins PYTHONPATH=/home/shiva/Documents/robot_arm/install/robot_arm_interfaces/lib/python3.10/site-packages:/home/shiva/Documents/robot_arm/install/robot_arm_remote/lib/python3.10/site-packages:/home/shiva/Documents/AGV_Kalman_Filter_Robot/robo_car/install/robot_car_localization/lib/python3.10/site-packages:/home/shiva/Documents/AGV_Kalman_Filter_Robot/robo_car/install/robot_car_controller/lib/python3.10/site-packages:/home/shiva/Documents/wrk_spc/install/my_pkg/lib/python3.10/site-packages:/home/shiva/Documents/wrk_spc/install/my_robot_interfaces/lib/python3.10/site-packages:/opt/ros/humble/lib/python3.10/site-packages:/opt/ros/humble/local/lib/python3.10/dist-packages /usr/bin/cmake --build /home/shiva/Documents/robot_arm/build/robot_arm_remote -- -j8 -l8
[1.679s] DEBUG:colcon.colcon_core.event_handler.log_command:Invoking command in '/home/shiva/Documents/robot_arm/build/robot_arm_remote': CMAKE_PREFIX_PATH=/home/shiva/Documents/robot_arm/install/robot_arm_interfaces:/home/shiva/Documents/robot_arm/install/robot_arm_remote:/home/shiva/Documents/robot_arm/install/robot_arm_moveit:/home/shiva/Documents/robot_arm/install/robot_arm_description:/home/shiva/Documents/robot_arm/install/robot_arm_controller:/home/shiva/Documents/robot_arm/install/robot_arm_bringup:/home/shiva/Documents/bumperbot_wrkspc/install/bumperbot_description:/home/shiva/Documents/bumperbot_wrkspc/install/bumperbot_controller:/home/shiva/Documents/AGV_Kalman_Filter_Robot/robo_car/install/robot_car_localization:/home/shiva/Documents/AGV_Kalman_Filter_Robot/robo_car/install/robot_car_description:/home/shiva/Documents/AGV_Kalman_Filter_Robot/robo_car/install/robot_car_controller:/home/shiva/Documents/AGV_Kalman_Filter_Robot/robo_car/install/robot_car_bringup:/home/shiva/Documents/wrk_spc/install/my_robot_bringup:/home/shiva/Documents/wrk_spc/install/my_robot_interfaces:/home/shiva/Documents/wrk_spc/install/my_pkg:/opt/ros/humble LD_LIBRARY_PATH=/home/shiva/Documents/robot_arm/install/robot_arm_interfaces/lib:/home/shiva/Documents/robot_arm/install/robot_arm_remote/lib:/home/shiva/Documents/wrk_spc/install/my_robot_interfaces/lib:/opt/ros/humble/opt/rviz_ogre_vendor/lib:/opt/ros/humble/lib/x86_64-linux-gnu:/opt/ros/humble/lib:/usr/share/gazebo/../../lib/x86_64-linux-gnu/gazebo-11/plugins:/usr/share/gazebo/../../lib/x86_64-linux-gnu/gazebo-11/plugins:/usr/share/gazebo/../../lib/x86_64-linux-gnu/gazebo-11/plugins PYTHONPATH=/home/shiva/Documents/robot_arm/install/robot_arm_interfaces/lib/python3.10/site-packages:/home/shiva/Documents/robot_arm/install/robot_arm_remote/lib/python3.10/site-packages:/home/shiva/Documents/AGV_Kalman_Filter_Robot/robo_car/install/robot_car_localization/lib/python3.10/site-packages:/home/shiva/Documents/AGV_Kalman_Filter_Robot/robo_car/install/robot_car_controller/lib/python3.10/site-packages:/home/shiva/Documents/wrk_spc/install/my_pkg/lib/python3.10/site-packages:/home/shiva/Documents/wrk_spc/install/my_robot_interfaces/lib/python3.10/site-packages:/opt/ros/humble/lib/python3.10/site-packages:/opt/ros/humble/local/lib/python3.10/dist-packages /usr/bin/cmake --install /home/shiva/Documents/robot_arm/build/robot_arm_remote
[1.772s] Level 1:colcon.colcon_core.environment:create_environment_scripts_only(robot_arm_remote)
[1.772s] Level 1:colcon.colcon_core.environment:checking '/home/shiva/Documents/robot_arm/install/robot_arm_remote' for CMake module files
[1.773s] DEBUG:colcon.colcon_core.event_handler.log_command:Invoked command in '/home/shiva/Documents/robot_arm/build/robot_arm_remote' returned '0': CMAKE_PREFIX_PATH=/home/shiva/Documents/robot_arm/install/robot_arm_interfaces:/home/shiva/Documents/robot_arm/install/robot_arm_remote:/home/shiva/Documents/robot_arm/install/robot_arm_moveit:/home/shiva/Documents/robot_arm/install/robot_arm_description:/home/shiva/Documents/robot_arm/install/robot_arm_controller:/home/shiva/Documents/robot_arm/install/robot_arm_bringup:/home/shiva/Documents/bumperbot_wrkspc/install/bumperbot_description:/home/shiva/Documents/bumperbot_wrkspc/install/bumperbot_controller:/home/shiva/Documents/AGV_Kalman_Filter_Robot/robo_car/install/robot_car_localization:/home/shiva/Documents/AGV_Kalman_Filter_Robot/robo_car/install/robot_car_description:/home/shiva/Documents/AGV_Kalman_Filter_Robot/robo_car/install/robot_car_controller:/home/shiva/Documents/AGV_Kalman_Filter_Robot/robo_car/install/robot_car_bringup:/home/shiva/Documents/wrk_spc/install/my_robot_bringup:/home/shiva/Documents/wrk_spc/install/my_robot_interfaces:/home/shiva/Documents/wrk_spc/install/my_pkg:/opt/ros/humble LD_LIBRARY_PATH=/home/shiva/Documents/robot_arm/install/robot_arm_interfaces/lib:/home/shiva/Documents/robot_arm/install/robot_arm_remote/lib:/home/shiva/Documents/wrk_spc/install/my_robot_interfaces/lib:/opt/ros/humble/opt/rviz_ogre_vendor/lib:/opt/ros/humble/lib/x86_64-linux-gnu:/opt/ros/humble/lib:/usr/share/gazebo/../../lib/x86_64-linux-gnu/gazebo-11/plugins:/usr/share/gazebo/../../lib/x86_64-linux-gnu/gazebo-11/plugins:/usr/share/gazebo/../../lib/x86_64-linux-gnu/gazebo-11/plugins PYTHONPATH=/home/shiva/Documents/robot_arm/install/robot_arm_interfaces/lib/python3.10/site-packages:/home/shiva/Documents/robot_arm/install/robot_arm_remote/lib/python3.10/site-packages:/home/shiva/Documents/AGV_Kalman_Filter_Robot/robo_car/install/robot_car_localization/lib/python3.10/site-packages:/home/shiva/Documents/AGV_Kalman_Filter_Robot/robo_car/install/robot_car_controller/lib/python3.10/site-packages:/home/shiva/Documents/wrk_spc/install/my_pkg/lib/python3.10/site-packages:/home/shiva/Documents/wrk_spc/install/my_robot_interfaces/lib/python3.10/site-packages:/opt/ros/humble/lib/python3.10/site-packages:/opt/ros/humble/local/lib/python3.10/dist-packages /usr/bin/cmake --install /home/shiva/Documents/robot_arm/build/robot_arm_remote
[1.773s] Level 1:colcon.colcon_core.environment:checking '/home/shiva/Documents/robot_arm/install/robot_arm_remote' for CMake config files
[1.773s] Level 1:colcon.colcon_core.shell:create_environment_hook('robot_arm_remote', 'cmake_prefix_path')
[1.773s] INFO:colcon.colcon_core.shell:Creating environment hook '/home/shiva/Documents/robot_arm/install/robot_arm_remote/share/robot_arm_remote/hook/cmake_prefix_path.ps1'
[1.774s] INFO:colcon.colcon_core.shell:Creating environment descriptor '/home/shiva/Documents/robot_arm/install/robot_arm_remote/share/robot_arm_remote/hook/cmake_prefix_path.dsv'
[1.774s] INFO:colcon.colcon_core.shell:Creating environment hook '/home/shiva/Documents/robot_arm/install/robot_arm_remote/share/robot_arm_remote/hook/cmake_prefix_path.sh'
[1.775s] Level 1:colcon.colcon_core.environment:checking '/home/shiva/Documents/robot_arm/install/robot_arm_remote/lib'
[1.775s] Level 1:colcon.colcon_core.shell:create_environment_hook('robot_arm_remote', 'ld_library_path_lib')
[1.775s] INFO:colcon.colcon_core.shell:Creating environment hook '/home/shiva/Documents/robot_arm/install/robot_arm_remote/share/robot_arm_remote/hook/ld_library_path_lib.ps1'
[1.775s] INFO:colcon.colcon_core.shell:Creating environment descriptor '/home/shiva/Documents/robot_arm/install/robot_arm_remote/share/robot_arm_remote/hook/ld_library_path_lib.dsv'
[1.776s] INFO:colcon.colcon_core.shell:Creating environment hook '/home/shiva/Documents/robot_arm/install/robot_arm_remote/share/robot_arm_remote/hook/ld_library_path_lib.sh'
[1.776s] Level 1:colcon.colcon_core.environment:checking '/home/shiva/Documents/robot_arm/install/robot_arm_remote/bin'
[1.776s] Level 1:colcon.colcon_core.environment:checking '/home/shiva/Documents/robot_arm/install/robot_arm_remote/lib/pkgconfig/robot_arm_remote.pc'
[1.776s] Level 1:colcon.colcon_core.environment:checking '/home/shiva/Documents/robot_arm/install/robot_arm_remote/lib/python3.10/site-packages'
[1.776s] Level 1:colcon.colcon_core.shell:create_environment_hook('robot_arm_remote', 'pythonpath')
[1.777s] INFO:colcon.colcon_core.shell:Creating environment hook '/home/shiva/Documents/robot_arm/install/robot_arm_remote/share/robot_arm_remote/hook/pythonpath.ps1'
[1.777s] INFO:colcon.colcon_core.shell:Creating environment descriptor '/home/shiva/Documents/robot_arm/install/robot_arm_remote/share/robot_arm_remote/hook/pythonpath.dsv'
[1.777s] INFO:colcon.colcon_core.shell:Creating environment hook '/home/shiva/Documents/robot_arm/install/robot_arm_remote/share/robot_arm_remote/hook/pythonpath.sh'
[1.778s] Level 1:colcon.colcon_core.environment:checking '/home/shiva/Documents/robot_arm/install/robot_arm_remote/bin'
[1.778s] INFO:colcon.colcon_core.shell:Creating package script '/home/shiva/Documents/robot_arm/install/robot_arm_remote/share/robot_arm_remote/package.ps1'
[1.778s] INFO:colcon.colcon_core.shell:Creating package descriptor '/home/shiva/Documents/robot_arm/install/robot_arm_remote/share/robot_arm_remote/package.dsv'
[1.779s] INFO:colcon.colcon_core.shell:Creating package script '/home/shiva/Documents/robot_arm/install/robot_arm_remote/share/robot_arm_remote/package.sh'
[1.779s] INFO:colcon.colcon_core.shell:Creating package script '/home/shiva/Documents/robot_arm/install/robot_arm_remote/share/robot_arm_remote/package.bash'
[1.780s] INFO:colcon.colcon_core.shell:Creating package script '/home/shiva/Documents/robot_arm/install/robot_arm_remote/share/robot_arm_remote/package.zsh'
[1.780s] Level 1:colcon.colcon_core.environment:create_file_with_runtime_dependencies(/home/shiva/Documents/robot_arm/install/robot_arm_remote/share/colcon-core/packages/robot_arm_remote)
[1.804s] Level 1:colcon.colcon_core.environment:create_environment_scripts_only(robot_arm_remote)
[1.804s] Level 1:colcon.colcon_core.environment:checking '/home/shiva/Documents/robot_arm/install/robot_arm_remote' for CMake module files
[1.805s] Level 1:colcon.colcon_core.environment:checking '/home/shiva/Documents/robot_arm/install/robot_arm_remote' for CMake config files
[1.805s] Level 1:colcon.colcon_core.shell:create_environment_hook('robot_arm_remote', 'cmake_prefix_path')
[1.805s] INFO:colcon.colcon_core.shell:Creating environment hook '/home/shiva/Documents/robot_arm/install/robot_arm_remote/share/robot_arm_remote/hook/cmake_prefix_path.ps1'
[1.806s] INFO:colcon.colcon_core.shell:Creating environment descriptor '/home/shiva/Documents/robot_arm/install/robot_arm_remote/share/robot_arm_remote/hook/cmake_prefix_path.dsv'
[1.806s] INFO:colcon.colcon_core.shell:Creating environment hook '/home/shiva/Documents/robot_arm/install/robot_arm_remote/share/robot_arm_remote/hook/cmake_prefix_path.sh'
[1.807s] Level 1:colcon.colcon_core.environment:checking '/home/shiva/Documents/robot_arm/install/robot_arm_remote/lib'
[1.807s] Level 1:colcon.colcon_core.shell:create_environment_hook('robot_arm_remote', 'ld_library_path_lib')
[1.807s] INFO:colcon.colcon_core.shell:Creating environment hook '/home/shiva/Documents/robot_arm/install/robot_arm_remote/share/robot_arm_remote/hook/ld_library_path_lib.ps1'
[1.808s] INFO:colcon.colcon_core.shell:Creating environment descriptor '/home/shiva/Documents/robot_arm/install/robot_arm_remote/share/robot_arm_remote/hook/ld_library_path_lib.dsv'
[1.808s] INFO:colcon.colcon_core.shell:Creating environment hook '/home/shiva/Documents/robot_arm/install/robot_arm_remote/share/robot_arm_remote/hook/ld_library_path_lib.sh'
[1.809s] Level 1:colcon.colcon_core.environment:checking '/home/shiva/Documents/robot_arm/install/robot_arm_remote/bin'
[1.809s] Level 1:colcon.colcon_core.environment:checking '/home/shiva/Documents/robot_arm/install/robot_arm_remote/lib/pkgconfig/robot_arm_remote.pc'
[1.809s] Level 1:colcon.colcon_core.environment:checking '/home/shiva/Documents/robot_arm/install/robot_arm_remote/lib/python3.10/site-packages'
[1.809s] Level 1:colcon.colcon_core.shell:create_environment_hook('robot_arm_remote', 'pythonpath')
[1.809s] INFO:colcon.colcon_core.shell:Creating environment hook '/home/shiva/Documents/robot_arm/install/robot_arm_remote/share/robot_arm_remote/hook/pythonpath.ps1'
[1.810s] INFO:colcon.colcon_core.shell:Creating environment descriptor '/home/shiva/Documents/robot_arm/install/robot_arm_remote/share/robot_arm_remote/hook/pythonpath.dsv'
[1.810s] INFO:colcon.colcon_core.shell:Creating environment hook '/home/shiva/Documents/robot_arm/install/robot_arm_remote/share/robot_arm_remote/hook/pythonpath.sh'
[1.811s] Level 1:colcon.colcon_core.environment:checking '/home/shiva/Documents/robot_arm/install/robot_arm_remote/bin'
[1.811s] INFO:colcon.colcon_core.shell:Creating package script '/home/shiva/Documents/robot_arm/install/robot_arm_remote/share/robot_arm_remote/package.ps1'
[1.812s] INFO:colcon.colcon_core.shell:Creating package descriptor '/home/shiva/Documents/robot_arm/install/robot_arm_remote/share/robot_arm_remote/package.dsv'
[1.813s] INFO:colcon.colcon_core.shell:Creating package script '/home/shiva/Documents/robot_arm/install/robot_arm_remote/share/robot_arm_remote/package.sh'
[1.814s] INFO:colcon.colcon_core.shell:Creating package script '/home/shiva/Documents/robot_arm/install/robot_arm_remote/share/robot_arm_remote/package.bash'
[1.814s] INFO:colcon.colcon_core.shell:Creating package script '/home/shiva/Documents/robot_arm/install/robot_arm_remote/share/robot_arm_remote/package.zsh'
[1.815s] Level 1:colcon.colcon_core.environment:create_file_with_runtime_dependencies(/home/shiva/Documents/robot_arm/install/robot_arm_remote/share/colcon-core/packages/robot_arm_remote)
[1.815s] DEBUG:colcon.colcon_parallel_executor.executor.parallel:closing loop
[1.815s] DEBUG:colcon.colcon_parallel_executor.executor.parallel:loop closed
[1.816s] DEBUG:colcon.colcon_parallel_executor.executor.parallel:run_until_complete finished with '0'
[1.816s] DEBUG:colcon.colcon_core.event_reactor:joining thread
[1.822s] INFO:colcon.colcon_core.plugin_system:Skipping extension 'colcon_notification.desktop_notification.terminal_notifier': Not used on non-Darwin systems
[1.822s] INFO:colcon.colcon_core.plugin_system:Skipping extension 'colcon_notification.desktop_notification.win32': Not used on non-Windows systems
[1.822s] INFO:colcon.colcon_notification.desktop_notification:Sending desktop notification using 'notify2'
[1.831s] DEBUG:colcon.colcon_core.event_reactor:joined thread
[1.831s] INFO:colcon.colcon_core.shell:Creating prefix script '/home/shiva/Documents/robot_arm/install/local_setup.ps1'
[1.832s] INFO:colcon.colcon_core.shell:Creating prefix util module '/home/shiva/Documents/robot_arm/install/_local_setup_util_ps1.py'
[1.834s] INFO:colcon.colcon_core.shell:Creating prefix chain script '/home/shiva/Documents/robot_arm/install/setup.ps1'
[1.835s] INFO:colcon.colcon_core.shell:Creating prefix script '/home/shiva/Documents/robot_arm/install/local_setup.sh'
[1.836s] INFO:colcon.colcon_core.shell:Creating prefix util module '/home/shiva/Documents/robot_arm/install/_local_setup_util_sh.py'
[1.836s] INFO:colcon.colcon_core.shell:Creating prefix chain script '/home/shiva/Documents/robot_arm/install/setup.sh'
[1.838s] INFO:colcon.colcon_core.shell:Creating prefix script '/home/shiva/Documents/robot_arm/install/local_setup.bash'
[1.838s] INFO:colcon.colcon_core.shell:Creating prefix chain script '/home/shiva/Documents/robot_arm/install/setup.bash'
[1.840s] INFO:colcon.colcon_core.shell:Creating prefix script '/home/shiva/Documents/robot_arm/install/local_setup.zsh'
[1.840s] INFO:colcon.colcon_core.shell:Creating prefix chain script '/home/shiva/Documents/robot_arm/install/setup.zsh'
