[0.094s] DEBUG:colcon:Command line arguments: ['/usr/bin/colcon', 'build']
[0.094s] DEBUG:colcon:Parsed command line arguments: Namespace(log_base=None, log_level=None, verb_name='build', build_base='build', install_base='install', merge_install=False, symlink_install=False, test_result_base=None, continue_on_error=False, executor='parallel', parallel_workers=8, event_handlers=None, ignore_user_meta=False, metas=['./colcon.meta'], base_paths=['.'], packages_ignore=None, packages_ignore_regex=None, paths=None, packages_up_to=None, packages_up_to_regex=None, packages_above=None, packages_above_and_dependencies=None, packages_above_depth=None, packages_select_by_dep=None, packages_skip_by_dep=None, packages_skip_up_to=None, packages_select_build_failed=False, packages_skip_build_finished=False, packages_select_test_failures=False, packages_skip_test_passed=False, packages_select=None, packages_skip=None, packages_select_regex=None, packages_skip_regex=None, packages_start=None, packages_end=None, allow_overriding=[], cmake_args=None, cmake_target=None, cmake_target_skip_unavailable=False, cmake_clean_cache=False, cmake_clean_first=False, cmake_force_configure=False, ament_cmake_args=None, catkin_cmake_args=None, catkin_skip_building_tests=False, mixin_files=None, mixin=None, verb_parser=<colcon_mixin.mixin.mixin_argument.MixinArgumentDecorator object at 0x7de13162e140>, verb_extension=<colcon_core.verb.build.BuildVerb object at 0x7de13162dab0>, main=<bound method BuildVerb.main of <colcon_core.verb.build.BuildVerb object at 0x7de13162dab0>>, mixin_verb=('build',))
[0.239s] Level 1:colcon.colcon_core.package_discovery:discover_packages(colcon_meta) check parameters
[0.239s] Level 1:colcon.colcon_core.package_discovery:discover_packages(recursive) check parameters
[0.242s] Level 1:colcon.colcon_core.package_discovery:discover_packages(ignore) check parameters
[0.242s] Level 1:colcon.colcon_core.package_discovery:discover_packages(path) check parameters
[0.242s] Level 1:colcon.colcon_core.package_discovery:discover_packages(colcon_meta) discover
[0.242s] Level 1:colcon.colcon_core.package_discovery:discover_packages(recursive) discover
[0.243s] INFO:colcon.colcon_core.package_discovery:Crawling recursively for packages in '/home/shiva/Documents/robot_arm'
[0.243s] Level 1:colcon.colcon_core.package_identification:_identify(.) by extensions ['ignore', 'ignore_ament_install']
[0.243s] Level 1:colcon.colcon_core.package_identification:_identify(.) by extension 'ignore'
[0.243s] Level 1:colcon.colcon_core.package_identification:_identify(.) by extension 'ignore_ament_install'
[0.243s] Level 1:colcon.colcon_core.package_identification:_identify(.) by extensions ['colcon_pkg']
[0.244s] Level 1:colcon.colcon_core.package_identification:_identify(.) by extension 'colcon_pkg'
[0.244s] Level 1:colcon.colcon_core.package_identification:_identify(.) by extensions ['colcon_meta']
[0.244s] Level 1:colcon.colcon_core.package_identification:_identify(.) by extension 'colcon_meta'
[0.244s] Level 1:colcon.colcon_core.package_identification:_identify(.) by extensions ['ros']
[0.244s] Level 1:colcon.colcon_core.package_identification:_identify(.) by extension 'ros'
[0.263s] Level 1:colcon.colcon_core.package_identification:_identify(.) by extensions ['cmake', 'python']
[0.263s] Level 1:colcon.colcon_core.package_identification:_identify(.) by extension 'cmake'
[0.263s] Level 1:colcon.colcon_core.package_identification:_identify(.) by extension 'python'
[0.263s] Level 1:colcon.colcon_core.package_identification:_identify(.) by extensions ['python_setup_py']
[0.263s] Level 1:colcon.colcon_core.package_identification:_identify(.) by extension 'python_setup_py'
[0.263s] Level 1:colcon.colcon_core.package_identification:_identify(build) by extensions ['ignore', 'ignore_ament_install']
[0.263s] Level 1:colcon.colcon_core.package_identification:_identify(build) by extension 'ignore'
[0.263s] Level 1:colcon.colcon_core.package_identification:_identify(build) ignored
[0.264s] Level 1:colcon.colcon_core.package_identification:_identify(install) by extensions ['ignore', 'ignore_ament_install']
[0.264s] Level 1:colcon.colcon_core.package_identification:_identify(install) by extension 'ignore'
[0.264s] Level 1:colcon.colcon_core.package_identification:_identify(install) ignored
[0.264s] Level 1:colcon.colcon_core.package_identification:_identify(log) by extensions ['ignore', 'ignore_ament_install']
[0.264s] Level 1:colcon.colcon_core.package_identification:_identify(log) by extension 'ignore'
[0.264s] Level 1:colcon.colcon_core.package_identification:_identify(log) ignored
[0.264s] Level 1:colcon.colcon_core.package_identification:_identify(src) by extensions ['ignore', 'ignore_ament_install']
[0.264s] Level 1:colcon.colcon_core.package_identification:_identify(src) by extension 'ignore'
[0.264s] Level 1:colcon.colcon_core.package_identification:_identify(src) by extension 'ignore_ament_install'
[0.264s] Level 1:colcon.colcon_core.package_identification:_identify(src) by extensions ['colcon_pkg']
[0.264s] Level 1:colcon.colcon_core.package_identification:_identify(src) by extension 'colcon_pkg'
[0.264s] Level 1:colcon.colcon_core.package_identification:_identify(src) by extensions ['colcon_meta']
[0.264s] Level 1:colcon.colcon_core.package_identification:_identify(src) by extension 'colcon_meta'
[0.265s] Level 1:colcon.colcon_core.package_identification:_identify(src) by extensions ['ros']
[0.265s] Level 1:colcon.colcon_core.package_identification:_identify(src) by extension 'ros'
[0.265s] Level 1:colcon.colcon_core.package_identification:_identify(src) by extensions ['cmake', 'python']
[0.265s] Level 1:colcon.colcon_core.package_identification:_identify(src) by extension 'cmake'
[0.265s] Level 1:colcon.colcon_core.package_identification:_identify(src) by extension 'python'
[0.265s] Level 1:colcon.colcon_core.package_identification:_identify(src) by extensions ['python_setup_py']
[0.265s] Level 1:colcon.colcon_core.package_identification:_identify(src) by extension 'python_setup_py'
[0.265s] Level 1:colcon.colcon_core.package_identification:_identify(src/robot_arm_bringup) by extensions ['ignore', 'ignore_ament_install']
[0.265s] Level 1:colcon.colcon_core.package_identification:_identify(src/robot_arm_bringup) by extension 'ignore'
[0.265s] Level 1:colcon.colcon_core.package_identification:_identify(src/robot_arm_bringup) by extension 'ignore_ament_install'
[0.265s] Level 1:colcon.colcon_core.package_identification:_identify(src/robot_arm_bringup) by extensions ['colcon_pkg']
[0.265s] Level 1:colcon.colcon_core.package_identification:_identify(src/robot_arm_bringup) by extension 'colcon_pkg'
[0.265s] Level 1:colcon.colcon_core.package_identification:_identify(src/robot_arm_bringup) by extensions ['colcon_meta']
[0.265s] Level 1:colcon.colcon_core.package_identification:_identify(src/robot_arm_bringup) by extension 'colcon_meta'
[0.265s] Level 1:colcon.colcon_core.package_identification:_identify(src/robot_arm_bringup) by extensions ['ros']
[0.265s] Level 1:colcon.colcon_core.package_identification:_identify(src/robot_arm_bringup) by extension 'ros'
[0.268s] DEBUG:colcon.colcon_core.package_identification:Package 'src/robot_arm_bringup' with type 'ros.ament_cmake' and name 'robot_arm_bringup'
[0.268s] Level 1:colcon.colcon_core.package_identification:_identify(src/robot_arm_controller) by extensions ['ignore', 'ignore_ament_install']
[0.268s] Level 1:colcon.colcon_core.package_identification:_identify(src/robot_arm_controller) by extension 'ignore'
[0.268s] Level 1:colcon.colcon_core.package_identification:_identify(src/robot_arm_controller) by extension 'ignore_ament_install'
[0.268s] Level 1:colcon.colcon_core.package_identification:_identify(src/robot_arm_controller) by extensions ['colcon_pkg']
[0.268s] Level 1:colcon.colcon_core.package_identification:_identify(src/robot_arm_controller) by extension 'colcon_pkg'
[0.268s] Level 1:colcon.colcon_core.package_identification:_identify(src/robot_arm_controller) by extensions ['colcon_meta']
[0.268s] Level 1:colcon.colcon_core.package_identification:_identify(src/robot_arm_controller) by extension 'colcon_meta'
[0.268s] Level 1:colcon.colcon_core.package_identification:_identify(src/robot_arm_controller) by extensions ['ros']
[0.269s] Level 1:colcon.colcon_core.package_identification:_identify(src/robot_arm_controller) by extension 'ros'
[0.269s] DEBUG:colcon.colcon_core.package_identification:Package 'src/robot_arm_controller' with type 'ros.ament_cmake' and name 'robot_arm_controller'
[0.269s] Level 1:colcon.colcon_core.package_identification:_identify(src/robot_arm_description) by extensions ['ignore', 'ignore_ament_install']
[0.269s] Level 1:colcon.colcon_core.package_identification:_identify(src/robot_arm_description) by extension 'ignore'
[0.269s] Level 1:colcon.colcon_core.package_identification:_identify(src/robot_arm_description) by extension 'ignore_ament_install'
[0.269s] Level 1:colcon.colcon_core.package_identification:_identify(src/robot_arm_description) by extensions ['colcon_pkg']
[0.269s] Level 1:colcon.colcon_core.package_identification:_identify(src/robot_arm_description) by extension 'colcon_pkg'
[0.269s] Level 1:colcon.colcon_core.package_identification:_identify(src/robot_arm_description) by extensions ['colcon_meta']
[0.270s] Level 1:colcon.colcon_core.package_identification:_identify(src/robot_arm_description) by extension 'colcon_meta'
[0.270s] Level 1:colcon.colcon_core.package_identification:_identify(src/robot_arm_description) by extensions ['ros']
[0.270s] Level 1:colcon.colcon_core.package_identification:_identify(src/robot_arm_description) by extension 'ros'
[0.270s] DEBUG:colcon.colcon_core.package_identification:Package 'src/robot_arm_description' with type 'ros.ament_cmake' and name 'robot_arm_description'
[0.270s] Level 1:colcon.colcon_core.package_identification:_identify(src/robot_arm_interfaces) by extensions ['ignore', 'ignore_ament_install']
[0.270s] Level 1:colcon.colcon_core.package_identification:_identify(src/robot_arm_interfaces) by extension 'ignore'
[0.270s] Level 1:colcon.colcon_core.package_identification:_identify(src/robot_arm_interfaces) by extension 'ignore_ament_install'
[0.270s] Level 1:colcon.colcon_core.package_identification:_identify(src/robot_arm_interfaces) by extensions ['colcon_pkg']
[0.271s] Level 1:colcon.colcon_core.package_identification:_identify(src/robot_arm_interfaces) by extension 'colcon_pkg'
[0.271s] Level 1:colcon.colcon_core.package_identification:_identify(src/robot_arm_interfaces) by extensions ['colcon_meta']
[0.271s] Level 1:colcon.colcon_core.package_identification:_identify(src/robot_arm_interfaces) by extension 'colcon_meta'
[0.271s] Level 1:colcon.colcon_core.package_identification:_identify(src/robot_arm_interfaces) by extensions ['ros']
[0.271s] Level 1:colcon.colcon_core.package_identification:_identify(src/robot_arm_interfaces) by extension 'ros'
[0.271s] DEBUG:colcon.colcon_core.package_identification:Package 'src/robot_arm_interfaces' with type 'ros.ament_cmake' and name 'robot_arm_interfaces'
[0.271s] Level 1:colcon.colcon_core.package_identification:_identify(src/robot_arm_moveit) by extensions ['ignore', 'ignore_ament_install']
[0.272s] Level 1:colcon.colcon_core.package_identification:_identify(src/robot_arm_moveit) by extension 'ignore'
[0.272s] Level 1:colcon.colcon_core.package_identification:_identify(src/robot_arm_moveit) by extension 'ignore_ament_install'
[0.272s] Level 1:colcon.colcon_core.package_identification:_identify(src/robot_arm_moveit) by extensions ['colcon_pkg']
[0.272s] Level 1:colcon.colcon_core.package_identification:_identify(src/robot_arm_moveit) by extension 'colcon_pkg'
[0.272s] Level 1:colcon.colcon_core.package_identification:_identify(src/robot_arm_moveit) by extensions ['colcon_meta']
[0.272s] Level 1:colcon.colcon_core.package_identification:_identify(src/robot_arm_moveit) by extension 'colcon_meta'
[0.272s] Level 1:colcon.colcon_core.package_identification:_identify(src/robot_arm_moveit) by extensions ['ros']
[0.272s] Level 1:colcon.colcon_core.package_identification:_identify(src/robot_arm_moveit) by extension 'ros'
[0.272s] DEBUG:colcon.colcon_core.package_identification:Package 'src/robot_arm_moveit' with type 'ros.ament_cmake' and name 'robot_arm_moveit'
[0.273s] Level 1:colcon.colcon_core.package_identification:_identify(src/robot_arm_remote) by extensions ['ignore', 'ignore_ament_install']
[0.273s] Level 1:colcon.colcon_core.package_identification:_identify(src/robot_arm_remote) by extension 'ignore'
[0.273s] Level 1:colcon.colcon_core.package_identification:_identify(src/robot_arm_remote) by extension 'ignore_ament_install'
[0.273s] Level 1:colcon.colcon_core.package_identification:_identify(src/robot_arm_remote) by extensions ['colcon_pkg']
[0.273s] Level 1:colcon.colcon_core.package_identification:_identify(src/robot_arm_remote) by extension 'colcon_pkg'
[0.273s] Level 1:colcon.colcon_core.package_identification:_identify(src/robot_arm_remote) by extensions ['colcon_meta']
[0.273s] Level 1:colcon.colcon_core.package_identification:_identify(src/robot_arm_remote) by extension 'colcon_meta'
[0.273s] Level 1:colcon.colcon_core.package_identification:_identify(src/robot_arm_remote) by extensions ['ros']
[0.273s] Level 1:colcon.colcon_core.package_identification:_identify(src/robot_arm_remote) by extension 'ros'
[0.274s] DEBUG:colcon.colcon_core.package_identification:Package 'src/robot_arm_remote' with type 'ros.ament_cmake' and name 'robot_arm_remote'
[0.274s] Level 1:colcon.colcon_core.package_discovery:discover_packages(recursive) using defaults
[0.274s] Level 1:colcon.colcon_core.package_discovery:discover_packages(ignore) discover
[0.274s] Level 1:colcon.colcon_core.package_discovery:discover_packages(ignore) using defaults
[0.274s] Level 1:colcon.colcon_core.package_discovery:discover_packages(path) discover
[0.274s] Level 1:colcon.colcon_core.package_discovery:discover_packages(path) using defaults
[0.299s] Level 1:colcon.colcon_core.package_discovery:discover_packages(prefix_path) check parameters
[0.299s] Level 1:colcon.colcon_core.package_discovery:discover_packages(prefix_path) discover
[0.300s] WARNING:colcon.colcon_ros.prefix_path.ament:The path '/home/shiva/Documents/robot_arm/install/cpp_examples' in the environment variable AMENT_PREFIX_PATH doesn't exist
[0.300s] WARNING:colcon.colcon_ros.prefix_path.catkin:The path '/home/shiva/Documents/robot_arm/install/cpp_examples' in the environment variable CMAKE_PREFIX_PATH doesn't exist
[0.301s] DEBUG:colcon.colcon_installed_package_information.package_discovery:Found 2 installed packages in /home/shiva/Documents/bumperbot_wrkspc/install
[0.301s] DEBUG:colcon.colcon_installed_package_information.package_discovery:Found 6 installed packages in /home/shiva/Documents/robot_arm/install
[0.302s] DEBUG:colcon.colcon_installed_package_information.package_discovery:Found 3 installed packages in /home/shiva/Documents/wrk_spc/install
[0.302s] DEBUG:colcon.colcon_installed_package_information.package_discovery:Found 4 installed packages in /home/shiva/Documents/AGV_Kalman_Filter_Robot/robo_car/install
[0.303s] DEBUG:colcon.colcon_installed_package_information.package_discovery:Found 333 installed packages in /opt/ros/humble
[0.304s] Level 1:colcon.colcon_core.package_discovery:discover_packages(prefix_path) using defaults
[0.339s] Level 5:colcon.colcon_core.verb:set package 'robot_arm_bringup' build argument 'cmake_args' from command line to 'None'
[0.339s] Level 5:colcon.colcon_core.verb:set package 'robot_arm_bringup' build argument 'cmake_target' from command line to 'None'
[0.339s] Level 5:colcon.colcon_core.verb:set package 'robot_arm_bringup' build argument 'cmake_target_skip_unavailable' from command line to 'False'
[0.339s] Level 5:colcon.colcon_core.verb:set package 'robot_arm_bringup' build argument 'cmake_clean_cache' from command line to 'False'
[0.339s] Level 5:colcon.colcon_core.verb:set package 'robot_arm_bringup' build argument 'cmake_clean_first' from command line to 'False'
[0.339s] Level 5:colcon.colcon_core.verb:set package 'robot_arm_bringup' build argument 'cmake_force_configure' from command line to 'False'
[0.339s] Level 5:colcon.colcon_core.verb:set package 'robot_arm_bringup' build argument 'ament_cmake_args' from command line to 'None'
[0.339s] Level 5:colcon.colcon_core.verb:set package 'robot_arm_bringup' build argument 'catkin_cmake_args' from command line to 'None'
[0.339s] Level 5:colcon.colcon_core.verb:set package 'robot_arm_bringup' build argument 'catkin_skip_building_tests' from command line to 'False'
[0.339s] DEBUG:colcon.colcon_core.verb:Building package 'robot_arm_bringup' with the following arguments: {'ament_cmake_args': None, 'build_base': '/home/shiva/Documents/robot_arm/build/robot_arm_bringup', 'catkin_cmake_args': None, 'catkin_skip_building_tests': False, 'cmake_args': None, 'cmake_clean_cache': False, 'cmake_clean_first': False, 'cmake_force_configure': False, 'cmake_target': None, 'cmake_target_skip_unavailable': False, 'install_base': '/home/shiva/Documents/robot_arm/install/robot_arm_bringup', 'merge_install': False, 'path': '/home/shiva/Documents/robot_arm/src/robot_arm_bringup', 'symlink_install': False, 'test_result_base': None}
[0.339s] Level 5:colcon.colcon_core.verb:set package 'robot_arm_controller' build argument 'cmake_args' from command line to 'None'
[0.339s] Level 5:colcon.colcon_core.verb:set package 'robot_arm_controller' build argument 'cmake_target' from command line to 'None'
[0.340s] Level 5:colcon.colcon_core.verb:set package 'robot_arm_controller' build argument 'cmake_target_skip_unavailable' from command line to 'False'
[0.340s] Level 5:colcon.colcon_core.verb:set package 'robot_arm_controller' build argument 'cmake_clean_cache' from command line to 'False'
[0.340s] Level 5:colcon.colcon_core.verb:set package 'robot_arm_controller' build argument 'cmake_clean_first' from command line to 'False'
[0.340s] Level 5:colcon.colcon_core.verb:set package 'robot_arm_controller' build argument 'cmake_force_configure' from command line to 'False'
[0.340s] Level 5:colcon.colcon_core.verb:set package 'robot_arm_controller' build argument 'ament_cmake_args' from command line to 'None'
[0.340s] Level 5:colcon.colcon_core.verb:set package 'robot_arm_controller' build argument 'catkin_cmake_args' from command line to 'None'
[0.340s] Level 5:colcon.colcon_core.verb:set package 'robot_arm_controller' build argument 'catkin_skip_building_tests' from command line to 'False'
[0.340s] DEBUG:colcon.colcon_core.verb:Building package 'robot_arm_controller' with the following arguments: {'ament_cmake_args': None, 'build_base': '/home/shiva/Documents/robot_arm/build/robot_arm_controller', 'catkin_cmake_args': None, 'catkin_skip_building_tests': False, 'cmake_args': None, 'cmake_clean_cache': False, 'cmake_clean_first': False, 'cmake_force_configure': False, 'cmake_target': None, 'cmake_target_skip_unavailable': False, 'install_base': '/home/shiva/Documents/robot_arm/install/robot_arm_controller', 'merge_install': False, 'path': '/home/shiva/Documents/robot_arm/src/robot_arm_controller', 'symlink_install': False, 'test_result_base': None}
[0.340s] Level 5:colcon.colcon_core.verb:set package 'robot_arm_description' build argument 'cmake_args' from command line to 'None'
[0.340s] Level 5:colcon.colcon_core.verb:set package 'robot_arm_description' build argument 'cmake_target' from command line to 'None'
[0.340s] Level 5:colcon.colcon_core.verb:set package 'robot_arm_description' build argument 'cmake_target_skip_unavailable' from command line to 'False'
[0.340s] Level 5:colcon.colcon_core.verb:set package 'robot_arm_description' build argument 'cmake_clean_cache' from command line to 'False'
[0.340s] Level 5:colcon.colcon_core.verb:set package 'robot_arm_description' build argument 'cmake_clean_first' from command line to 'False'
[0.340s] Level 5:colcon.colcon_core.verb:set package 'robot_arm_description' build argument 'cmake_force_configure' from command line to 'False'
[0.340s] Level 5:colcon.colcon_core.verb:set package 'robot_arm_description' build argument 'ament_cmake_args' from command line to 'None'
[0.340s] Level 5:colcon.colcon_core.verb:set package 'robot_arm_description' build argument 'catkin_cmake_args' from command line to 'None'
[0.340s] Level 5:colcon.colcon_core.verb:set package 'robot_arm_description' build argument 'catkin_skip_building_tests' from command line to 'False'
[0.340s] DEBUG:colcon.colcon_core.verb:Building package 'robot_arm_description' with the following arguments: {'ament_cmake_args': None, 'build_base': '/home/shiva/Documents/robot_arm/build/robot_arm_description', 'catkin_cmake_args': None, 'catkin_skip_building_tests': False, 'cmake_args': None, 'cmake_clean_cache': False, 'cmake_clean_first': False, 'cmake_force_configure': False, 'cmake_target': None, 'cmake_target_skip_unavailable': False, 'install_base': '/home/shiva/Documents/robot_arm/install/robot_arm_description', 'merge_install': False, 'path': '/home/shiva/Documents/robot_arm/src/robot_arm_description', 'symlink_install': False, 'test_result_base': None}
[0.340s] Level 5:colcon.colcon_core.verb:set package 'robot_arm_interfaces' build argument 'cmake_args' from command line to 'None'
[0.340s] Level 5:colcon.colcon_core.verb:set package 'robot_arm_interfaces' build argument 'cmake_target' from command line to 'None'
[0.341s] Level 5:colcon.colcon_core.verb:set package 'robot_arm_interfaces' build argument 'cmake_target_skip_unavailable' from command line to 'False'
[0.341s] Level 5:colcon.colcon_core.verb:set package 'robot_arm_interfaces' build argument 'cmake_clean_cache' from command line to 'False'
[0.341s] Level 5:colcon.colcon_core.verb:set package 'robot_arm_interfaces' build argument 'cmake_clean_first' from command line to 'False'
[0.341s] Level 5:colcon.colcon_core.verb:set package 'robot_arm_interfaces' build argument 'cmake_force_configure' from command line to 'False'
[0.341s] Level 5:colcon.colcon_core.verb:set package 'robot_arm_interfaces' build argument 'ament_cmake_args' from command line to 'None'
[0.341s] Level 5:colcon.colcon_core.verb:set package 'robot_arm_interfaces' build argument 'catkin_cmake_args' from command line to 'None'
[0.341s] Level 5:colcon.colcon_core.verb:set package 'robot_arm_interfaces' build argument 'catkin_skip_building_tests' from command line to 'False'
[0.341s] DEBUG:colcon.colcon_core.verb:Building package 'robot_arm_interfaces' with the following arguments: {'ament_cmake_args': None, 'build_base': '/home/shiva/Documents/robot_arm/build/robot_arm_interfaces', 'catkin_cmake_args': None, 'catkin_skip_building_tests': False, 'cmake_args': None, 'cmake_clean_cache': False, 'cmake_clean_first': False, 'cmake_force_configure': False, 'cmake_target': None, 'cmake_target_skip_unavailable': False, 'install_base': '/home/shiva/Documents/robot_arm/install/robot_arm_interfaces', 'merge_install': False, 'path': '/home/shiva/Documents/robot_arm/src/robot_arm_interfaces', 'symlink_install': False, 'test_result_base': None}
[0.341s] Level 5:colcon.colcon_core.verb:set package 'robot_arm_moveit' build argument 'cmake_args' from command line to 'None'
[0.341s] Level 5:colcon.colcon_core.verb:set package 'robot_arm_moveit' build argument 'cmake_target' from command line to 'None'
[0.341s] Level 5:colcon.colcon_core.verb:set package 'robot_arm_moveit' build argument 'cmake_target_skip_unavailable' from command line to 'False'
[0.341s] Level 5:colcon.colcon_core.verb:set package 'robot_arm_moveit' build argument 'cmake_clean_cache' from command line to 'False'
[0.341s] Level 5:colcon.colcon_core.verb:set package 'robot_arm_moveit' build argument 'cmake_clean_first' from command line to 'False'
[0.341s] Level 5:colcon.colcon_core.verb:set package 'robot_arm_moveit' build argument 'cmake_force_configure' from command line to 'False'
[0.341s] Level 5:colcon.colcon_core.verb:set package 'robot_arm_moveit' build argument 'ament_cmake_args' from command line to 'None'
[0.341s] Level 5:colcon.colcon_core.verb:set package 'robot_arm_moveit' build argument 'catkin_cmake_args' from command line to 'None'
[0.341s] Level 5:colcon.colcon_core.verb:set package 'robot_arm_moveit' build argument 'catkin_skip_building_tests' from command line to 'False'
[0.341s] DEBUG:colcon.colcon_core.verb:Building package 'robot_arm_moveit' with the following arguments: {'ament_cmake_args': None, 'build_base': '/home/shiva/Documents/robot_arm/build/robot_arm_moveit', 'catkin_cmake_args': None, 'catkin_skip_building_tests': False, 'cmake_args': None, 'cmake_clean_cache': False, 'cmake_clean_first': False, 'cmake_force_configure': False, 'cmake_target': None, 'cmake_target_skip_unavailable': False, 'install_base': '/home/shiva/Documents/robot_arm/install/robot_arm_moveit', 'merge_install': False, 'path': '/home/shiva/Documents/robot_arm/src/robot_arm_moveit', 'symlink_install': False, 'test_result_base': None}
[0.341s] Level 5:colcon.colcon_core.verb:set package 'robot_arm_remote' build argument 'cmake_args' from command line to 'None'
[0.341s] Level 5:colcon.colcon_core.verb:set package 'robot_arm_remote' build argument 'cmake_target' from command line to 'None'
[0.342s] Level 5:colcon.colcon_core.verb:set package 'robot_arm_remote' build argument 'cmake_target_skip_unavailable' from command line to 'False'
[0.342s] Level 5:colcon.colcon_core.verb:set package 'robot_arm_remote' build argument 'cmake_clean_cache' from command line to 'False'
[0.342s] Level 5:colcon.colcon_core.verb:set package 'robot_arm_remote' build argument 'cmake_clean_first' from command line to 'False'
[0.342s] Level 5:colcon.colcon_core.verb:set package 'robot_arm_remote' build argument 'cmake_force_configure' from command line to 'False'
[0.342s] Level 5:colcon.colcon_core.verb:set package 'robot_arm_remote' build argument 'ament_cmake_args' from command line to 'None'
[0.342s] Level 5:colcon.colcon_core.verb:set package 'robot_arm_remote' build argument 'catkin_cmake_args' from command line to 'None'
[0.342s] Level 5:colcon.colcon_core.verb:set package 'robot_arm_remote' build argument 'catkin_skip_building_tests' from command line to 'False'
[0.342s] DEBUG:colcon.colcon_core.verb:Building package 'robot_arm_remote' with the following arguments: {'ament_cmake_args': None, 'build_base': '/home/shiva/Documents/robot_arm/build/robot_arm_remote', 'catkin_cmake_args': None, 'catkin_skip_building_tests': False, 'cmake_args': None, 'cmake_clean_cache': False, 'cmake_clean_first': False, 'cmake_force_configure': False, 'cmake_target': None, 'cmake_target_skip_unavailable': False, 'install_base': '/home/shiva/Documents/robot_arm/install/robot_arm_remote', 'merge_install': False, 'path': '/home/shiva/Documents/robot_arm/src/robot_arm_remote', 'symlink_install': False, 'test_result_base': None}
[0.342s] INFO:colcon.colcon_core.executor:Executing jobs using 'parallel' executor
[0.343s] DEBUG:colcon.colcon_parallel_executor.executor.parallel:run_until_complete
[0.343s] INFO:colcon.colcon_ros.task.ament_cmake.build:Building ROS package in '/home/shiva/Documents/robot_arm/src/robot_arm_interfaces' with build type 'ament_cmake'
[0.343s] INFO:colcon.colcon_cmake.task.cmake.build:Building CMake package in '/home/shiva/Documents/robot_arm/src/robot_arm_interfaces'
[0.345s] INFO:colcon.colcon_core.plugin_system:Skipping extension 'colcon_core.shell.bat': Not used on non-Windows systems
[0.345s] INFO:colcon.colcon_core.shell:Skip shell extension 'powershell' for command environment: Not usable outside of PowerShell
[0.345s] DEBUG:colcon.colcon_core.shell:Skip shell extension 'dsv' for command environment
[0.349s] INFO:colcon.colcon_ros.task.ament_cmake.build:Building ROS package in '/home/shiva/Documents/robot_arm/src/robot_arm_bringup' with build type 'ament_cmake'
[0.349s] INFO:colcon.colcon_cmake.task.cmake.build:Building CMake package in '/home/shiva/Documents/robot_arm/src/robot_arm_bringup'
[0.349s] INFO:colcon.colcon_core.shell:Skip shell extension 'powershell' for command environment: Not usable outside of PowerShell
[0.349s] DEBUG:colcon.colcon_core.shell:Skip shell extension 'dsv' for command environment
[0.353s] INFO:colcon.colcon_ros.task.ament_cmake.build:Building ROS package in '/home/shiva/Documents/robot_arm/src/robot_arm_controller' with build type 'ament_cmake'
[0.353s] INFO:colcon.colcon_cmake.task.cmake.build:Building CMake package in '/home/shiva/Documents/robot_arm/src/robot_arm_controller'
[0.353s] INFO:colcon.colcon_core.shell:Skip shell extension 'powershell' for command environment: Not usable outside of PowerShell
[0.353s] DEBUG:colcon.colcon_core.shell:Skip shell extension 'dsv' for command environment
[0.357s] INFO:colcon.colcon_ros.task.ament_cmake.build:Building ROS package in '/home/shiva/Documents/robot_arm/src/robot_arm_description' with build type 'ament_cmake'
[0.357s] INFO:colcon.colcon_cmake.task.cmake.build:Building CMake package in '/home/shiva/Documents/robot_arm/src/robot_arm_description'
[0.357s] INFO:colcon.colcon_core.shell:Skip shell extension 'powershell' for command environment: Not usable outside of PowerShell
[0.357s] DEBUG:colcon.colcon_core.shell:Skip shell extension 'dsv' for command environment
[0.362s] INFO:colcon.colcon_ros.task.ament_cmake.build:Building ROS package in '/home/shiva/Documents/robot_arm/src/robot_arm_moveit' with build type 'ament_cmake'
[0.362s] INFO:colcon.colcon_cmake.task.cmake.build:Building CMake package in '/home/shiva/Documents/robot_arm/src/robot_arm_moveit'
[0.362s] INFO:colcon.colcon_core.shell:Skip shell extension 'powershell' for command environment: Not usable outside of PowerShell
[0.362s] DEBUG:colcon.colcon_core.shell:Skip shell extension 'dsv' for command environment
[0.371s] DEBUG:colcon.colcon_core.event_handler.log_command:Invoking command in '/home/shiva/Documents/robot_arm/build/robot_arm_interfaces': CMAKE_PREFIX_PATH=${CMAKE_PREFIX_PATH}:/home/shiva/Documents/wrk_spc/install/my_pkg:/opt/ros/humble /usr/bin/cmake --build /home/shiva/Documents/robot_arm/build/robot_arm_interfaces -- -j8 -l8
[0.373s] DEBUG:colcon.colcon_core.event_handler.log_command:Invoking command in '/home/shiva/Documents/robot_arm/build/robot_arm_bringup': CMAKE_PREFIX_PATH=${CMAKE_PREFIX_PATH}:/home/shiva/Documents/wrk_spc/install/my_pkg:/opt/ros/humble /usr/bin/cmake --build /home/shiva/Documents/robot_arm/build/robot_arm_bringup -- -j8 -l8
[0.375s] DEBUG:colcon.colcon_core.event_handler.log_command:Invoking command in '/home/shiva/Documents/robot_arm/build/robot_arm_controller': CMAKE_PREFIX_PATH=${CMAKE_PREFIX_PATH}:/home/shiva/Documents/wrk_spc/install/my_pkg:/opt/ros/humble /usr/bin/cmake --build /home/shiva/Documents/robot_arm/build/robot_arm_controller -- -j8 -l8
[0.379s] DEBUG:colcon.colcon_core.event_handler.log_command:Invoking command in '/home/shiva/Documents/robot_arm/build/robot_arm_description': CMAKE_PREFIX_PATH=${CMAKE_PREFIX_PATH}:/home/shiva/Documents/wrk_spc/install/my_pkg:/opt/ros/humble /usr/bin/cmake --build /home/shiva/Documents/robot_arm/build/robot_arm_description -- -j8 -l8
[0.382s] DEBUG:colcon.colcon_core.event_handler.log_command:Invoking command in '/home/shiva/Documents/robot_arm/build/robot_arm_moveit': CMAKE_PREFIX_PATH=${CMAKE_PREFIX_PATH}:/home/shiva/Documents/wrk_spc/install/my_pkg:/opt/ros/humble /usr/bin/cmake --build /home/shiva/Documents/robot_arm/build/robot_arm_moveit -- -j8 -l8
[0.403s] DEBUG:colcon.colcon_core.event_handler.log_command:Invoked command in '/home/shiva/Documents/robot_arm/build/robot_arm_bringup' returned '0': CMAKE_PREFIX_PATH=${CMAKE_PREFIX_PATH}:/home/shiva/Documents/wrk_spc/install/my_pkg:/opt/ros/humble /usr/bin/cmake --build /home/shiva/Documents/robot_arm/build/robot_arm_bringup -- -j8 -l8
[0.406s] DEBUG:colcon.colcon_core.event_handler.log_command:Invoked command in '/home/shiva/Documents/robot_arm/build/robot_arm_controller' returned '0': CMAKE_PREFIX_PATH=${CMAKE_PREFIX_PATH}:/home/shiva/Documents/wrk_spc/install/my_pkg:/opt/ros/humble /usr/bin/cmake --build /home/shiva/Documents/robot_arm/build/robot_arm_controller -- -j8 -l8
[0.415s] DEBUG:colcon.colcon_core.event_handler.log_command:Invoked command in '/home/shiva/Documents/robot_arm/build/robot_arm_moveit' returned '0': CMAKE_PREFIX_PATH=${CMAKE_PREFIX_PATH}:/home/shiva/Documents/wrk_spc/install/my_pkg:/opt/ros/humble /usr/bin/cmake --build /home/shiva/Documents/robot_arm/build/robot_arm_moveit -- -j8 -l8
[0.421s] DEBUG:colcon.colcon_core.event_handler.log_command:Invoked command in '/home/shiva/Documents/robot_arm/build/robot_arm_description' returned '0': CMAKE_PREFIX_PATH=${CMAKE_PREFIX_PATH}:/home/shiva/Documents/wrk_spc/install/my_pkg:/opt/ros/humble /usr/bin/cmake --build /home/shiva/Documents/robot_arm/build/robot_arm_description -- -j8 -l8
[0.444s] DEBUG:colcon.colcon_core.event_handler.log_command:Invoking command in '/home/shiva/Documents/robot_arm/build/robot_arm_bringup': CMAKE_PREFIX_PATH=${CMAKE_PREFIX_PATH}:/home/shiva/Documents/wrk_spc/install/my_pkg:/opt/ros/humble /usr/bin/cmake --install /home/shiva/Documents/robot_arm/build/robot_arm_bringup
[0.448s] DEBUG:colcon.colcon_core.event_handler.log_command:Invoking command in '/home/shiva/Documents/robot_arm/build/robot_arm_controller': CMAKE_PREFIX_PATH=${CMAKE_PREFIX_PATH}:/home/shiva/Documents/wrk_spc/install/my_pkg:/opt/ros/humble /usr/bin/cmake --install /home/shiva/Documents/robot_arm/build/robot_arm_controller
[0.455s] DEBUG:colcon.colcon_core.event_handler.log_command:Invoking command in '/home/shiva/Documents/robot_arm/build/robot_arm_moveit': CMAKE_PREFIX_PATH=${CMAKE_PREFIX_PATH}:/home/shiva/Documents/wrk_spc/install/my_pkg:/opt/ros/humble /usr/bin/cmake --install /home/shiva/Documents/robot_arm/build/robot_arm_moveit
[0.458s] DEBUG:colcon.colcon_core.event_handler.log_command:Invoking command in '/home/shiva/Documents/robot_arm/build/robot_arm_description': CMAKE_PREFIX_PATH=${CMAKE_PREFIX_PATH}:/home/shiva/Documents/wrk_spc/install/my_pkg:/opt/ros/humble /usr/bin/cmake --install /home/shiva/Documents/robot_arm/build/robot_arm_description
[0.462s] Level 1:colcon.colcon_core.environment:create_environment_scripts_only(robot_arm_bringup)
[0.466s] DEBUG:colcon.colcon_core.event_handler.log_command:Invoked command in '/home/shiva/Documents/robot_arm/build/robot_arm_bringup' returned '0': CMAKE_PREFIX_PATH=${CMAKE_PREFIX_PATH}:/home/shiva/Documents/wrk_spc/install/my_pkg:/opt/ros/humble /usr/bin/cmake --install /home/shiva/Documents/robot_arm/build/robot_arm_bringup
[0.472s] Level 1:colcon.colcon_core.environment:checking '/home/shiva/Documents/robot_arm/install/robot_arm_bringup' for CMake module files
[0.472s] Level 1:colcon.colcon_core.environment:checking '/home/shiva/Documents/robot_arm/install/robot_arm_bringup' for CMake config files
[0.472s] Level 1:colcon.colcon_core.shell:create_environment_hook('robot_arm_bringup', 'cmake_prefix_path')
[0.472s] INFO:colcon.colcon_core.shell:Creating environment hook '/home/shiva/Documents/robot_arm/install/robot_arm_bringup/share/robot_arm_bringup/hook/cmake_prefix_path.ps1'
[0.473s] INFO:colcon.colcon_core.shell:Creating environment descriptor '/home/shiva/Documents/robot_arm/install/robot_arm_bringup/share/robot_arm_bringup/hook/cmake_prefix_path.dsv'
[0.473s] INFO:colcon.colcon_core.shell:Creating environment hook '/home/shiva/Documents/robot_arm/install/robot_arm_bringup/share/robot_arm_bringup/hook/cmake_prefix_path.sh'
[0.474s] Level 1:colcon.colcon_core.environment:checking '/home/shiva/Documents/robot_arm/install/robot_arm_bringup/bin'
[0.475s] Level 1:colcon.colcon_core.environment:checking '/home/shiva/Documents/robot_arm/install/robot_arm_bringup/lib/pkgconfig/robot_arm_bringup.pc'
[0.475s] Level 1:colcon.colcon_core.environment:checking '/home/shiva/Documents/robot_arm/install/robot_arm_bringup/lib/python3.10/site-packages'
[0.475s] Level 1:colcon.colcon_core.environment:checking '/home/shiva/Documents/robot_arm/install/robot_arm_bringup/bin'
[0.475s] INFO:colcon.colcon_core.shell:Creating package script '/home/shiva/Documents/robot_arm/install/robot_arm_bringup/share/robot_arm_bringup/package.ps1'
[0.476s] INFO:colcon.colcon_core.shell:Creating package descriptor '/home/shiva/Documents/robot_arm/install/robot_arm_bringup/share/robot_arm_bringup/package.dsv'
[0.476s] INFO:colcon.colcon_core.shell:Creating package script '/home/shiva/Documents/robot_arm/install/robot_arm_bringup/share/robot_arm_bringup/package.sh'
[0.477s] INFO:colcon.colcon_core.shell:Creating package script '/home/shiva/Documents/robot_arm/install/robot_arm_bringup/share/robot_arm_bringup/package.bash'
[0.478s] INFO:colcon.colcon_core.shell:Creating package script '/home/shiva/Documents/robot_arm/install/robot_arm_bringup/share/robot_arm_bringup/package.zsh'
[0.478s] Level 1:colcon.colcon_core.environment:create_file_with_runtime_dependencies(/home/shiva/Documents/robot_arm/install/robot_arm_bringup/share/colcon-core/packages/robot_arm_bringup)
[0.479s] Level 1:colcon.colcon_core.environment:create_environment_scripts_only(robot_arm_controller)
[0.480s] Level 1:colcon.colcon_core.environment:checking '/home/shiva/Documents/robot_arm/install/robot_arm_controller' for CMake module files
[0.480s] DEBUG:colcon.colcon_core.event_handler.log_command:Invoked command in '/home/shiva/Documents/robot_arm/build/robot_arm_controller' returned '0': CMAKE_PREFIX_PATH=${CMAKE_PREFIX_PATH}:/home/shiva/Documents/wrk_spc/install/my_pkg:/opt/ros/humble /usr/bin/cmake --install /home/shiva/Documents/robot_arm/build/robot_arm_controller
[0.480s] Level 1:colcon.colcon_core.environment:checking '/home/shiva/Documents/robot_arm/install/robot_arm_controller' for CMake config files
[0.481s] Level 1:colcon.colcon_core.shell:create_environment_hook('robot_arm_controller', 'cmake_prefix_path')
[0.481s] INFO:colcon.colcon_core.shell:Creating environment hook '/home/shiva/Documents/robot_arm/install/robot_arm_controller/share/robot_arm_controller/hook/cmake_prefix_path.ps1'
[0.481s] INFO:colcon.colcon_core.shell:Creating environment descriptor '/home/shiva/Documents/robot_arm/install/robot_arm_controller/share/robot_arm_controller/hook/cmake_prefix_path.dsv'
[0.481s] INFO:colcon.colcon_core.shell:Creating environment hook '/home/shiva/Documents/robot_arm/install/robot_arm_controller/share/robot_arm_controller/hook/cmake_prefix_path.sh'
[0.482s] Level 1:colcon.colcon_core.environment:checking '/home/shiva/Documents/robot_arm/install/robot_arm_controller/bin'
[0.482s] Level 1:colcon.colcon_core.environment:checking '/home/shiva/Documents/robot_arm/install/robot_arm_controller/lib/pkgconfig/robot_arm_controller.pc'
[0.482s] Level 1:colcon.colcon_core.environment:checking '/home/shiva/Documents/robot_arm/install/robot_arm_controller/lib/python3.10/site-packages'
[0.483s] Level 1:colcon.colcon_core.environment:checking '/home/shiva/Documents/robot_arm/install/robot_arm_controller/bin'
[0.483s] INFO:colcon.colcon_core.shell:Creating package script '/home/shiva/Documents/robot_arm/install/robot_arm_controller/share/robot_arm_controller/package.ps1'
[0.483s] INFO:colcon.colcon_core.shell:Creating package descriptor '/home/shiva/Documents/robot_arm/install/robot_arm_controller/share/robot_arm_controller/package.dsv'
[0.484s] INFO:colcon.colcon_core.shell:Creating package script '/home/shiva/Documents/robot_arm/install/robot_arm_controller/share/robot_arm_controller/package.sh'
[0.484s] INFO:colcon.colcon_core.shell:Creating package script '/home/shiva/Documents/robot_arm/install/robot_arm_controller/share/robot_arm_controller/package.bash'
[0.484s] INFO:colcon.colcon_core.shell:Creating package script '/home/shiva/Documents/robot_arm/install/robot_arm_controller/share/robot_arm_controller/package.zsh'
[0.485s] Level 1:colcon.colcon_core.environment:create_file_with_runtime_dependencies(/home/shiva/Documents/robot_arm/install/robot_arm_controller/share/colcon-core/packages/robot_arm_controller)
[0.486s] Level 1:colcon.colcon_core.environment:create_environment_scripts_only(robot_arm_moveit)
[0.486s] Level 1:colcon.colcon_core.environment:checking '/home/shiva/Documents/robot_arm/install/robot_arm_moveit' for CMake module files
[0.487s] DEBUG:colcon.colcon_core.event_handler.log_command:Invoked command in '/home/shiva/Documents/robot_arm/build/robot_arm_moveit' returned '0': CMAKE_PREFIX_PATH=${CMAKE_PREFIX_PATH}:/home/shiva/Documents/wrk_spc/install/my_pkg:/opt/ros/humble /usr/bin/cmake --install /home/shiva/Documents/robot_arm/build/robot_arm_moveit
[0.487s] Level 1:colcon.colcon_core.environment:checking '/home/shiva/Documents/robot_arm/install/robot_arm_moveit' for CMake config files
[0.488s] Level 1:colcon.colcon_core.shell:create_environment_hook('robot_arm_moveit', 'cmake_prefix_path')
[0.488s] INFO:colcon.colcon_core.shell:Creating environment hook '/home/shiva/Documents/robot_arm/install/robot_arm_moveit/share/robot_arm_moveit/hook/cmake_prefix_path.ps1'
[0.488s] INFO:colcon.colcon_core.shell:Creating environment descriptor '/home/shiva/Documents/robot_arm/install/robot_arm_moveit/share/robot_arm_moveit/hook/cmake_prefix_path.dsv'
[0.489s] INFO:colcon.colcon_core.shell:Creating environment hook '/home/shiva/Documents/robot_arm/install/robot_arm_moveit/share/robot_arm_moveit/hook/cmake_prefix_path.sh'
[0.489s] Level 1:colcon.colcon_core.environment:checking '/home/shiva/Documents/robot_arm/install/robot_arm_moveit/bin'
[0.489s] Level 1:colcon.colcon_core.environment:checking '/home/shiva/Documents/robot_arm/install/robot_arm_moveit/lib/pkgconfig/robot_arm_moveit.pc'
[0.489s] Level 1:colcon.colcon_core.environment:checking '/home/shiva/Documents/robot_arm/install/robot_arm_moveit/lib/python3.10/site-packages'
[0.490s] Level 1:colcon.colcon_core.environment:checking '/home/shiva/Documents/robot_arm/install/robot_arm_moveit/bin'
[0.490s] INFO:colcon.colcon_core.shell:Creating package script '/home/shiva/Documents/robot_arm/install/robot_arm_moveit/share/robot_arm_moveit/package.ps1'
[0.491s] INFO:colcon.colcon_core.shell:Creating package descriptor '/home/shiva/Documents/robot_arm/install/robot_arm_moveit/share/robot_arm_moveit/package.dsv'
[0.491s] INFO:colcon.colcon_core.shell:Creating package script '/home/shiva/Documents/robot_arm/install/robot_arm_moveit/share/robot_arm_moveit/package.sh'
[0.492s] INFO:colcon.colcon_core.shell:Creating package script '/home/shiva/Documents/robot_arm/install/robot_arm_moveit/share/robot_arm_moveit/package.bash'
[0.492s] INFO:colcon.colcon_core.shell:Creating package script '/home/shiva/Documents/robot_arm/install/robot_arm_moveit/share/robot_arm_moveit/package.zsh'
[0.492s] Level 1:colcon.colcon_core.environment:create_file_with_runtime_dependencies(/home/shiva/Documents/robot_arm/install/robot_arm_moveit/share/colcon-core/packages/robot_arm_moveit)
[0.493s] Level 1:colcon.colcon_core.environment:create_environment_scripts_only(robot_arm_description)
[0.494s] Level 1:colcon.colcon_core.environment:checking '/home/shiva/Documents/robot_arm/install/robot_arm_description' for CMake module files
[0.494s] DEBUG:colcon.colcon_core.event_handler.log_command:Invoked command in '/home/shiva/Documents/robot_arm/build/robot_arm_description' returned '0': CMAKE_PREFIX_PATH=${CMAKE_PREFIX_PATH}:/home/shiva/Documents/wrk_spc/install/my_pkg:/opt/ros/humble /usr/bin/cmake --install /home/shiva/Documents/robot_arm/build/robot_arm_description
[0.495s] Level 1:colcon.colcon_core.environment:checking '/home/shiva/Documents/robot_arm/install/robot_arm_description' for CMake config files
[0.495s] Level 1:colcon.colcon_core.shell:create_environment_hook('robot_arm_description', 'cmake_prefix_path')
[0.495s] INFO:colcon.colcon_core.shell:Creating environment hook '/home/shiva/Documents/robot_arm/install/robot_arm_description/share/robot_arm_description/hook/cmake_prefix_path.ps1'
[0.496s] INFO:colcon.colcon_core.shell:Creating environment descriptor '/home/shiva/Documents/robot_arm/install/robot_arm_description/share/robot_arm_description/hook/cmake_prefix_path.dsv'
[0.496s] INFO:colcon.colcon_core.shell:Creating environment hook '/home/shiva/Documents/robot_arm/install/robot_arm_description/share/robot_arm_description/hook/cmake_prefix_path.sh'
[0.497s] Level 1:colcon.colcon_core.environment:checking '/home/shiva/Documents/robot_arm/install/robot_arm_description/bin'
[0.497s] Level 1:colcon.colcon_core.environment:checking '/home/shiva/Documents/robot_arm/install/robot_arm_description/lib/pkgconfig/robot_arm_description.pc'
[0.497s] Level 1:colcon.colcon_core.environment:checking '/home/shiva/Documents/robot_arm/install/robot_arm_description/lib/python3.10/site-packages'
[0.497s] Level 1:colcon.colcon_core.environment:checking '/home/shiva/Documents/robot_arm/install/robot_arm_description/bin'
[0.498s] INFO:colcon.colcon_core.shell:Creating package script '/home/shiva/Documents/robot_arm/install/robot_arm_description/share/robot_arm_description/package.ps1'
[0.498s] INFO:colcon.colcon_core.shell:Creating package descriptor '/home/shiva/Documents/robot_arm/install/robot_arm_description/share/robot_arm_description/package.dsv'
[0.499s] INFO:colcon.colcon_core.shell:Creating package script '/home/shiva/Documents/robot_arm/install/robot_arm_description/share/robot_arm_description/package.sh'
[0.499s] INFO:colcon.colcon_core.shell:Creating package script '/home/shiva/Documents/robot_arm/install/robot_arm_description/share/robot_arm_description/package.bash'
[0.499s] INFO:colcon.colcon_core.shell:Creating package script '/home/shiva/Documents/robot_arm/install/robot_arm_description/share/robot_arm_description/package.zsh'
[0.500s] Level 1:colcon.colcon_core.environment:create_file_with_runtime_dependencies(/home/shiva/Documents/robot_arm/install/robot_arm_description/share/colcon-core/packages/robot_arm_description)
[0.502s] Level 1:colcon.colcon_core.environment:create_environment_scripts_only(robot_arm_bringup)
[0.502s] Level 1:colcon.colcon_core.environment:checking '/home/shiva/Documents/robot_arm/install/robot_arm_bringup' for CMake module files
[0.503s] Level 1:colcon.colcon_core.environment:checking '/home/shiva/Documents/robot_arm/install/robot_arm_bringup' for CMake config files
[0.503s] Level 1:colcon.colcon_core.shell:create_environment_hook('robot_arm_bringup', 'cmake_prefix_path')
[0.504s] INFO:colcon.colcon_core.shell:Creating environment hook '/home/shiva/Documents/robot_arm/install/robot_arm_bringup/share/robot_arm_bringup/hook/cmake_prefix_path.ps1'
[0.505s] INFO:colcon.colcon_core.shell:Creating environment descriptor '/home/shiva/Documents/robot_arm/install/robot_arm_bringup/share/robot_arm_bringup/hook/cmake_prefix_path.dsv'
[0.505s] INFO:colcon.colcon_core.shell:Creating environment hook '/home/shiva/Documents/robot_arm/install/robot_arm_bringup/share/robot_arm_bringup/hook/cmake_prefix_path.sh'
[0.506s] Level 1:colcon.colcon_core.environment:checking '/home/shiva/Documents/robot_arm/install/robot_arm_bringup/bin'
[0.506s] Level 1:colcon.colcon_core.environment:checking '/home/shiva/Documents/robot_arm/install/robot_arm_bringup/lib/pkgconfig/robot_arm_bringup.pc'
[0.506s] Level 1:colcon.colcon_core.environment:checking '/home/shiva/Documents/robot_arm/install/robot_arm_bringup/lib/python3.10/site-packages'
[0.507s] Level 1:colcon.colcon_core.environment:checking '/home/shiva/Documents/robot_arm/install/robot_arm_bringup/bin'
[0.507s] INFO:colcon.colcon_core.shell:Creating package script '/home/shiva/Documents/robot_arm/install/robot_arm_bringup/share/robot_arm_bringup/package.ps1'
[0.508s] INFO:colcon.colcon_core.shell:Creating package descriptor '/home/shiva/Documents/robot_arm/install/robot_arm_bringup/share/robot_arm_bringup/package.dsv'
[0.509s] INFO:colcon.colcon_core.shell:Creating package script '/home/shiva/Documents/robot_arm/install/robot_arm_bringup/share/robot_arm_bringup/package.sh'
[0.509s] INFO:colcon.colcon_core.shell:Creating package script '/home/shiva/Documents/robot_arm/install/robot_arm_bringup/share/robot_arm_bringup/package.bash'
[0.510s] INFO:colcon.colcon_core.shell:Creating package script '/home/shiva/Documents/robot_arm/install/robot_arm_bringup/share/robot_arm_bringup/package.zsh'
[0.511s] Level 1:colcon.colcon_core.environment:create_file_with_runtime_dependencies(/home/shiva/Documents/robot_arm/install/robot_arm_bringup/share/colcon-core/packages/robot_arm_bringup)
[0.512s] Level 1:colcon.colcon_core.environment:create_environment_scripts_only(robot_arm_controller)
[0.512s] Level 1:colcon.colcon_core.environment:checking '/home/shiva/Documents/robot_arm/install/robot_arm_controller' for CMake module files
[0.513s] Level 1:colcon.colcon_core.environment:checking '/home/shiva/Documents/robot_arm/install/robot_arm_controller' for CMake config files
[0.513s] Level 1:colcon.colcon_core.shell:create_environment_hook('robot_arm_controller', 'cmake_prefix_path')
[0.514s] INFO:colcon.colcon_core.shell:Creating environment hook '/home/shiva/Documents/robot_arm/install/robot_arm_controller/share/robot_arm_controller/hook/cmake_prefix_path.ps1'
[0.514s] INFO:colcon.colcon_core.shell:Creating environment descriptor '/home/shiva/Documents/robot_arm/install/robot_arm_controller/share/robot_arm_controller/hook/cmake_prefix_path.dsv'
[0.515s] INFO:colcon.colcon_core.shell:Creating environment hook '/home/shiva/Documents/robot_arm/install/robot_arm_controller/share/robot_arm_controller/hook/cmake_prefix_path.sh'
[0.515s] Level 1:colcon.colcon_core.environment:checking '/home/shiva/Documents/robot_arm/install/robot_arm_controller/bin'
[0.515s] Level 1:colcon.colcon_core.environment:checking '/home/shiva/Documents/robot_arm/install/robot_arm_controller/lib/pkgconfig/robot_arm_controller.pc'
[0.516s] Level 1:colcon.colcon_core.environment:checking '/home/shiva/Documents/robot_arm/install/robot_arm_controller/lib/python3.10/site-packages'
[0.516s] Level 1:colcon.colcon_core.environment:checking '/home/shiva/Documents/robot_arm/install/robot_arm_controller/bin'
[0.516s] INFO:colcon.colcon_core.shell:Creating package script '/home/shiva/Documents/robot_arm/install/robot_arm_controller/share/robot_arm_controller/package.ps1'
[0.517s] INFO:colcon.colcon_core.shell:Creating package descriptor '/home/shiva/Documents/robot_arm/install/robot_arm_controller/share/robot_arm_controller/package.dsv'
[0.517s] INFO:colcon.colcon_core.shell:Creating package script '/home/shiva/Documents/robot_arm/install/robot_arm_controller/share/robot_arm_controller/package.sh'
[0.517s] INFO:colcon.colcon_core.shell:Creating package script '/home/shiva/Documents/robot_arm/install/robot_arm_controller/share/robot_arm_controller/package.bash'
[0.518s] INFO:colcon.colcon_core.shell:Creating package script '/home/shiva/Documents/robot_arm/install/robot_arm_controller/share/robot_arm_controller/package.zsh'
[0.518s] Level 1:colcon.colcon_core.environment:create_file_with_runtime_dependencies(/home/shiva/Documents/robot_arm/install/robot_arm_controller/share/colcon-core/packages/robot_arm_controller)
[0.520s] Level 1:colcon.colcon_core.environment:create_environment_scripts_only(robot_arm_moveit)
[0.520s] Level 1:colcon.colcon_core.environment:checking '/home/shiva/Documents/robot_arm/install/robot_arm_moveit' for CMake module files
[0.521s] Level 1:colcon.colcon_core.environment:checking '/home/shiva/Documents/robot_arm/install/robot_arm_moveit' for CMake config files
[0.521s] Level 1:colcon.colcon_core.shell:create_environment_hook('robot_arm_moveit', 'cmake_prefix_path')
[0.521s] INFO:colcon.colcon_core.shell:Creating environment hook '/home/shiva/Documents/robot_arm/install/robot_arm_moveit/share/robot_arm_moveit/hook/cmake_prefix_path.ps1'
[0.522s] INFO:colcon.colcon_core.shell:Creating environment descriptor '/home/shiva/Documents/robot_arm/install/robot_arm_moveit/share/robot_arm_moveit/hook/cmake_prefix_path.dsv'
[0.522s] INFO:colcon.colcon_core.shell:Creating environment hook '/home/shiva/Documents/robot_arm/install/robot_arm_moveit/share/robot_arm_moveit/hook/cmake_prefix_path.sh'
[0.523s] Level 1:colcon.colcon_core.environment:checking '/home/shiva/Documents/robot_arm/install/robot_arm_moveit/bin'
[0.523s] Level 1:colcon.colcon_core.environment:checking '/home/shiva/Documents/robot_arm/install/robot_arm_moveit/lib/pkgconfig/robot_arm_moveit.pc'
[0.524s] Level 1:colcon.colcon_core.environment:checking '/home/shiva/Documents/robot_arm/install/robot_arm_moveit/lib/python3.10/site-packages'
[0.524s] Level 1:colcon.colcon_core.environment:checking '/home/shiva/Documents/robot_arm/install/robot_arm_moveit/bin'
[0.525s] INFO:colcon.colcon_core.shell:Creating package script '/home/shiva/Documents/robot_arm/install/robot_arm_moveit/share/robot_arm_moveit/package.ps1'
[0.525s] INFO:colcon.colcon_core.shell:Creating package descriptor '/home/shiva/Documents/robot_arm/install/robot_arm_moveit/share/robot_arm_moveit/package.dsv'
[0.526s] INFO:colcon.colcon_core.shell:Creating package script '/home/shiva/Documents/robot_arm/install/robot_arm_moveit/share/robot_arm_moveit/package.sh'
[0.527s] INFO:colcon.colcon_core.shell:Creating package script '/home/shiva/Documents/robot_arm/install/robot_arm_moveit/share/robot_arm_moveit/package.bash'
[0.527s] INFO:colcon.colcon_core.shell:Creating package script '/home/shiva/Documents/robot_arm/install/robot_arm_moveit/share/robot_arm_moveit/package.zsh'
[0.528s] Level 1:colcon.colcon_core.environment:create_file_with_runtime_dependencies(/home/shiva/Documents/robot_arm/install/robot_arm_moveit/share/colcon-core/packages/robot_arm_moveit)
[0.529s] Level 1:colcon.colcon_core.environment:create_environment_scripts_only(robot_arm_description)
[0.529s] Level 1:colcon.colcon_core.environment:checking '/home/shiva/Documents/robot_arm/install/robot_arm_description' for CMake module files
[0.530s] Level 1:colcon.colcon_core.environment:checking '/home/shiva/Documents/robot_arm/install/robot_arm_description' for CMake config files
[0.531s] Level 1:colcon.colcon_core.shell:create_environment_hook('robot_arm_description', 'cmake_prefix_path')
[0.531s] INFO:colcon.colcon_core.shell:Creating environment hook '/home/shiva/Documents/robot_arm/install/robot_arm_description/share/robot_arm_description/hook/cmake_prefix_path.ps1'
[0.532s] INFO:colcon.colcon_core.shell:Creating environment descriptor '/home/shiva/Documents/robot_arm/install/robot_arm_description/share/robot_arm_description/hook/cmake_prefix_path.dsv'
[0.532s] INFO:colcon.colcon_core.shell:Creating environment hook '/home/shiva/Documents/robot_arm/install/robot_arm_description/share/robot_arm_description/hook/cmake_prefix_path.sh'
[0.533s] Level 1:colcon.colcon_core.environment:checking '/home/shiva/Documents/robot_arm/install/robot_arm_description/bin'
[0.533s] Level 1:colcon.colcon_core.environment:checking '/home/shiva/Documents/robot_arm/install/robot_arm_description/lib/pkgconfig/robot_arm_description.pc'
[0.534s] Level 1:colcon.colcon_core.environment:checking '/home/shiva/Documents/robot_arm/install/robot_arm_description/lib/python3.10/site-packages'
[0.534s] Level 1:colcon.colcon_core.environment:checking '/home/shiva/Documents/robot_arm/install/robot_arm_description/bin'
[0.534s] INFO:colcon.colcon_core.shell:Creating package script '/home/shiva/Documents/robot_arm/install/robot_arm_description/share/robot_arm_description/package.ps1'
[0.535s] INFO:colcon.colcon_core.shell:Creating package descriptor '/home/shiva/Documents/robot_arm/install/robot_arm_description/share/robot_arm_description/package.dsv'
[0.536s] INFO:colcon.colcon_core.shell:Creating package script '/home/shiva/Documents/robot_arm/install/robot_arm_description/share/robot_arm_description/package.sh'
[0.537s] INFO:colcon.colcon_core.shell:Creating package script '/home/shiva/Documents/robot_arm/install/robot_arm_description/share/robot_arm_description/package.bash'
[0.537s] INFO:colcon.colcon_core.shell:Creating package script '/home/shiva/Documents/robot_arm/install/robot_arm_description/share/robot_arm_description/package.zsh'
[0.538s] Level 1:colcon.colcon_core.environment:create_file_with_runtime_dependencies(/home/shiva/Documents/robot_arm/install/robot_arm_description/share/colcon-core/packages/robot_arm_description)
[0.785s] DEBUG:colcon.colcon_core.event_handler.log_command:Invoked command in '/home/shiva/Documents/robot_arm/build/robot_arm_interfaces' returned '0': CMAKE_PREFIX_PATH=${CMAKE_PREFIX_PATH}:/home/shiva/Documents/wrk_spc/install/my_pkg:/opt/ros/humble /usr/bin/cmake --build /home/shiva/Documents/robot_arm/build/robot_arm_interfaces -- -j8 -l8
[0.827s] DEBUG:colcon.colcon_core.event_handler.log_command:Invoking command in '/home/shiva/Documents/robot_arm/build/robot_arm_interfaces': CMAKE_PREFIX_PATH=${CMAKE_PREFIX_PATH}:/home/shiva/Documents/wrk_spc/install/my_pkg:/opt/ros/humble /usr/bin/cmake --install /home/shiva/Documents/robot_arm/build/robot_arm_interfaces
[0.914s] Level 1:colcon.colcon_core.environment:create_environment_scripts_only(robot_arm_interfaces)
[0.914s] Level 1:colcon.colcon_core.environment:checking '/home/shiva/Documents/robot_arm/install/robot_arm_interfaces' for CMake module files
[0.915s] DEBUG:colcon.colcon_core.event_handler.log_command:Invoked command in '/home/shiva/Documents/robot_arm/build/robot_arm_interfaces' returned '0': CMAKE_PREFIX_PATH=${CMAKE_PREFIX_PATH}:/home/shiva/Documents/wrk_spc/install/my_pkg:/opt/ros/humble /usr/bin/cmake --install /home/shiva/Documents/robot_arm/build/robot_arm_interfaces
[0.915s] Level 1:colcon.colcon_core.environment:checking '/home/shiva/Documents/robot_arm/install/robot_arm_interfaces' for CMake config files
[0.915s] Level 1:colcon.colcon_core.shell:create_environment_hook('robot_arm_interfaces', 'cmake_prefix_path')
[0.916s] INFO:colcon.colcon_core.shell:Creating environment hook '/home/shiva/Documents/robot_arm/install/robot_arm_interfaces/share/robot_arm_interfaces/hook/cmake_prefix_path.ps1'
[0.916s] INFO:colcon.colcon_core.shell:Creating environment descriptor '/home/shiva/Documents/robot_arm/install/robot_arm_interfaces/share/robot_arm_interfaces/hook/cmake_prefix_path.dsv'
[0.916s] INFO:colcon.colcon_core.shell:Creating environment hook '/home/shiva/Documents/robot_arm/install/robot_arm_interfaces/share/robot_arm_interfaces/hook/cmake_prefix_path.sh'
[0.917s] Level 1:colcon.colcon_core.environment:checking '/home/shiva/Documents/robot_arm/install/robot_arm_interfaces/lib'
[0.917s] Level 1:colcon.colcon_core.shell:create_environment_hook('robot_arm_interfaces', 'ld_library_path_lib')
[0.917s] INFO:colcon.colcon_core.shell:Creating environment hook '/home/shiva/Documents/robot_arm/install/robot_arm_interfaces/share/robot_arm_interfaces/hook/ld_library_path_lib.ps1'
[0.918s] INFO:colcon.colcon_core.shell:Creating environment descriptor '/home/shiva/Documents/robot_arm/install/robot_arm_interfaces/share/robot_arm_interfaces/hook/ld_library_path_lib.dsv'
[0.918s] INFO:colcon.colcon_core.shell:Creating environment hook '/home/shiva/Documents/robot_arm/install/robot_arm_interfaces/share/robot_arm_interfaces/hook/ld_library_path_lib.sh'
[0.918s] Level 1:colcon.colcon_core.environment:checking '/home/shiva/Documents/robot_arm/install/robot_arm_interfaces/bin'
[0.918s] Level 1:colcon.colcon_core.environment:checking '/home/shiva/Documents/robot_arm/install/robot_arm_interfaces/lib/pkgconfig/robot_arm_interfaces.pc'
[0.918s] Level 1:colcon.colcon_core.environment:checking '/home/shiva/Documents/robot_arm/install/robot_arm_interfaces/lib/python3.10/site-packages'
[0.918s] Level 1:colcon.colcon_core.shell:create_environment_hook('robot_arm_interfaces', 'pythonpath')
[0.919s] INFO:colcon.colcon_core.shell:Creating environment hook '/home/shiva/Documents/robot_arm/install/robot_arm_interfaces/share/robot_arm_interfaces/hook/pythonpath.ps1'
[0.919s] INFO:colcon.colcon_core.shell:Creating environment descriptor '/home/shiva/Documents/robot_arm/install/robot_arm_interfaces/share/robot_arm_interfaces/hook/pythonpath.dsv'
[0.919s] INFO:colcon.colcon_core.shell:Creating environment hook '/home/shiva/Documents/robot_arm/install/robot_arm_interfaces/share/robot_arm_interfaces/hook/pythonpath.sh'
[0.920s] Level 1:colcon.colcon_core.environment:checking '/home/shiva/Documents/robot_arm/install/robot_arm_interfaces/bin'
[0.920s] INFO:colcon.colcon_core.shell:Creating package script '/home/shiva/Documents/robot_arm/install/robot_arm_interfaces/share/robot_arm_interfaces/package.ps1'
[0.920s] INFO:colcon.colcon_core.shell:Creating package descriptor '/home/shiva/Documents/robot_arm/install/robot_arm_interfaces/share/robot_arm_interfaces/package.dsv'
[0.921s] INFO:colcon.colcon_core.shell:Creating package script '/home/shiva/Documents/robot_arm/install/robot_arm_interfaces/share/robot_arm_interfaces/package.sh'
[0.921s] INFO:colcon.colcon_core.shell:Creating package script '/home/shiva/Documents/robot_arm/install/robot_arm_interfaces/share/robot_arm_interfaces/package.bash'
[0.921s] INFO:colcon.colcon_core.shell:Creating package script '/home/shiva/Documents/robot_arm/install/robot_arm_interfaces/share/robot_arm_interfaces/package.zsh'
[0.922s] Level 1:colcon.colcon_core.environment:create_file_with_runtime_dependencies(/home/shiva/Documents/robot_arm/install/robot_arm_interfaces/share/colcon-core/packages/robot_arm_interfaces)
[0.965s] Level 1:colcon.colcon_core.environment:create_environment_scripts_only(robot_arm_interfaces)
[0.965s] Level 1:colcon.colcon_core.environment:checking '/home/shiva/Documents/robot_arm/install/robot_arm_interfaces' for CMake module files
[0.965s] Level 1:colcon.colcon_core.environment:checking '/home/shiva/Documents/robot_arm/install/robot_arm_interfaces' for CMake config files
[0.966s] Level 1:colcon.colcon_core.shell:create_environment_hook('robot_arm_interfaces', 'cmake_prefix_path')
[0.966s] INFO:colcon.colcon_core.shell:Creating environment hook '/home/shiva/Documents/robot_arm/install/robot_arm_interfaces/share/robot_arm_interfaces/hook/cmake_prefix_path.ps1'
[0.966s] INFO:colcon.colcon_core.shell:Creating environment descriptor '/home/shiva/Documents/robot_arm/install/robot_arm_interfaces/share/robot_arm_interfaces/hook/cmake_prefix_path.dsv'
[0.966s] INFO:colcon.colcon_core.shell:Creating environment hook '/home/shiva/Documents/robot_arm/install/robot_arm_interfaces/share/robot_arm_interfaces/hook/cmake_prefix_path.sh'
[0.967s] Level 1:colcon.colcon_core.environment:checking '/home/shiva/Documents/robot_arm/install/robot_arm_interfaces/lib'
[0.967s] Level 1:colcon.colcon_core.shell:create_environment_hook('robot_arm_interfaces', 'ld_library_path_lib')
[0.967s] INFO:colcon.colcon_core.shell:Creating environment hook '/home/shiva/Documents/robot_arm/install/robot_arm_interfaces/share/robot_arm_interfaces/hook/ld_library_path_lib.ps1'
[0.967s] INFO:colcon.colcon_core.shell:Creating environment descriptor '/home/shiva/Documents/robot_arm/install/robot_arm_interfaces/share/robot_arm_interfaces/hook/ld_library_path_lib.dsv'
[0.968s] INFO:colcon.colcon_core.shell:Creating environment hook '/home/shiva/Documents/robot_arm/install/robot_arm_interfaces/share/robot_arm_interfaces/hook/ld_library_path_lib.sh'
[0.968s] Level 1:colcon.colcon_core.environment:checking '/home/shiva/Documents/robot_arm/install/robot_arm_interfaces/bin'
[0.968s] Level 1:colcon.colcon_core.environment:checking '/home/shiva/Documents/robot_arm/install/robot_arm_interfaces/lib/pkgconfig/robot_arm_interfaces.pc'
[0.968s] Level 1:colcon.colcon_core.environment:checking '/home/shiva/Documents/robot_arm/install/robot_arm_interfaces/lib/python3.10/site-packages'
[0.968s] Level 1:colcon.colcon_core.shell:create_environment_hook('robot_arm_interfaces', 'pythonpath')
[0.968s] INFO:colcon.colcon_core.shell:Creating environment hook '/home/shiva/Documents/robot_arm/install/robot_arm_interfaces/share/robot_arm_interfaces/hook/pythonpath.ps1'
[0.969s] INFO:colcon.colcon_core.shell:Creating environment descriptor '/home/shiva/Documents/robot_arm/install/robot_arm_interfaces/share/robot_arm_interfaces/hook/pythonpath.dsv'
[0.969s] INFO:colcon.colcon_core.shell:Creating environment hook '/home/shiva/Documents/robot_arm/install/robot_arm_interfaces/share/robot_arm_interfaces/hook/pythonpath.sh'
[0.969s] Level 1:colcon.colcon_core.environment:checking '/home/shiva/Documents/robot_arm/install/robot_arm_interfaces/bin'
[0.970s] INFO:colcon.colcon_core.shell:Creating package script '/home/shiva/Documents/robot_arm/install/robot_arm_interfaces/share/robot_arm_interfaces/package.ps1'
[0.970s] INFO:colcon.colcon_core.shell:Creating package descriptor '/home/shiva/Documents/robot_arm/install/robot_arm_interfaces/share/robot_arm_interfaces/package.dsv'
[0.971s] INFO:colcon.colcon_core.shell:Creating package script '/home/shiva/Documents/robot_arm/install/robot_arm_interfaces/share/robot_arm_interfaces/package.sh'
[0.971s] INFO:colcon.colcon_core.shell:Creating package script '/home/shiva/Documents/robot_arm/install/robot_arm_interfaces/share/robot_arm_interfaces/package.bash'
[0.971s] INFO:colcon.colcon_core.shell:Creating package script '/home/shiva/Documents/robot_arm/install/robot_arm_interfaces/share/robot_arm_interfaces/package.zsh'
[0.972s] Level 1:colcon.colcon_core.environment:create_file_with_runtime_dependencies(/home/shiva/Documents/robot_arm/install/robot_arm_interfaces/share/colcon-core/packages/robot_arm_interfaces)
[0.972s] INFO:colcon.colcon_ros.task.ament_cmake.build:Building ROS package in '/home/shiva/Documents/robot_arm/src/robot_arm_remote' with build type 'ament_cmake'
[0.972s] INFO:colcon.colcon_cmake.task.cmake.build:Building CMake package in '/home/shiva/Documents/robot_arm/src/robot_arm_remote'
[0.972s] INFO:colcon.colcon_core.shell:Skip shell extension 'powershell' for command environment: Not usable outside of PowerShell
[0.972s] DEBUG:colcon.colcon_core.shell:Skip shell extension 'dsv' for command environment
[0.982s] DEBUG:colcon.colcon_core.event_handler.log_command:Invoking command in '/home/shiva/Documents/robot_arm/build/robot_arm_remote': CMAKE_PREFIX_PATH=/home/shiva/Documents/robot_arm/install/robot_arm_interfaces:/home/shiva/Documents/robot_arm/install/robot_arm_remote:/home/shiva/Documents/robot_arm/install/robot_arm_moveit:/home/shiva/Documents/robot_arm/install/robot_arm_description:/home/shiva/Documents/robot_arm/install/robot_arm_controller:/home/shiva/Documents/robot_arm/install/robot_arm_bringup:/home/shiva/Documents/robot_arm/install/cpp_examples:/home/shiva/Documents/bumperbot_wrkspc/install/bumperbot_description:/home/shiva/Documents/bumperbot_wrkspc/install/bumperbot_controller:/home/shiva/Documents/AGV_Kalman_Filter_Robot/robo_car/install/robot_car_localization:/home/shiva/Documents/AGV_Kalman_Filter_Robot/robo_car/install/robot_car_description:/home/shiva/Documents/AGV_Kalman_Filter_Robot/robo_car/install/robot_car_controller:/home/shiva/Documents/AGV_Kalman_Filter_Robot/robo_car/install/robot_car_bringup:/home/shiva/Documents/wrk_spc/install/my_robot_bringup:/home/shiva/Documents/wrk_spc/install/my_robot_interfaces:/home/shiva/Documents/wrk_spc/install/my_pkg:/opt/ros/humble LD_LIBRARY_PATH=/home/shiva/Documents/robot_arm/install/robot_arm_interfaces/lib:/home/shiva/Documents/robot_arm/install/robot_arm_remote/lib:/home/shiva/Documents/wrk_spc/install/my_robot_interfaces/lib:/opt/ros/humble/opt/rviz_ogre_vendor/lib:/opt/ros/humble/lib/x86_64-linux-gnu:/opt/ros/humble/lib:/usr/share/gazebo/../../lib/x86_64-linux-gnu/gazebo-11/plugins:/usr/share/gazebo/../../lib/x86_64-linux-gnu/gazebo-11/plugins:/usr/share/gazebo/../../lib/x86_64-linux-gnu/gazebo-11/plugins PYTHONPATH=/home/shiva/Documents/robot_arm/install/robot_arm_interfaces/lib/python3.10/site-packages:/home/shiva/Documents/robot_arm/install/robot_arm_remote/lib/python3.10/site-packages:/home/shiva/Documents/AGV_Kalman_Filter_Robot/robo_car/install/robot_car_localization/lib/python3.10/site-packages:/home/shiva/Documents/AGV_Kalman_Filter_Robot/robo_car/install/robot_car_controller/lib/python3.10/site-packages:/home/shiva/Documents/wrk_spc/install/my_pkg/lib/python3.10/site-packages:/home/shiva/Documents/wrk_spc/install/my_robot_interfaces/lib/python3.10/site-packages:/opt/ros/humble/lib/python3.10/site-packages:/opt/ros/humble/local/lib/python3.10/dist-packages /usr/bin/cmake --build /home/shiva/Documents/robot_arm/build/robot_arm_remote -- -j8 -l8
[1.342s] DEBUG:colcon.colcon_core.event_handler.log_command:Invoked command in '/home/shiva/Documents/robot_arm/build/robot_arm_remote' returned '0': CMAKE_PREFIX_PATH=/home/shiva/Documents/robot_arm/install/robot_arm_interfaces:/home/shiva/Documents/robot_arm/install/robot_arm_remote:/home/shiva/Documents/robot_arm/install/robot_arm_moveit:/home/shiva/Documents/robot_arm/install/robot_arm_description:/home/shiva/Documents/robot_arm/install/robot_arm_controller:/home/shiva/Documents/robot_arm/install/robot_arm_bringup:/home/shiva/Documents/robot_arm/install/cpp_examples:/home/shiva/Documents/bumperbot_wrkspc/install/bumperbot_description:/home/shiva/Documents/bumperbot_wrkspc/install/bumperbot_controller:/home/shiva/Documents/AGV_Kalman_Filter_Robot/robo_car/install/robot_car_localization:/home/shiva/Documents/AGV_Kalman_Filter_Robot/robo_car/install/robot_car_description:/home/shiva/Documents/AGV_Kalman_Filter_Robot/robo_car/install/robot_car_controller:/home/shiva/Documents/AGV_Kalman_Filter_Robot/robo_car/install/robot_car_bringup:/home/shiva/Documents/wrk_spc/install/my_robot_bringup:/home/shiva/Documents/wrk_spc/install/my_robot_interfaces:/home/shiva/Documents/wrk_spc/install/my_pkg:/opt/ros/humble LD_LIBRARY_PATH=/home/shiva/Documents/robot_arm/install/robot_arm_interfaces/lib:/home/shiva/Documents/robot_arm/install/robot_arm_remote/lib:/home/shiva/Documents/wrk_spc/install/my_robot_interfaces/lib:/opt/ros/humble/opt/rviz_ogre_vendor/lib:/opt/ros/humble/lib/x86_64-linux-gnu:/opt/ros/humble/lib:/usr/share/gazebo/../../lib/x86_64-linux-gnu/gazebo-11/plugins:/usr/share/gazebo/../../lib/x86_64-linux-gnu/gazebo-11/plugins:/usr/share/gazebo/../../lib/x86_64-linux-gnu/gazebo-11/plugins PYTHONPATH=/home/shiva/Documents/robot_arm/install/robot_arm_interfaces/lib/python3.10/site-packages:/home/shiva/Documents/robot_arm/install/robot_arm_remote/lib/python3.10/site-packages:/home/shiva/Documents/AGV_Kalman_Filter_Robot/robo_car/install/robot_car_localization/lib/python3.10/site-packages:/home/shiva/Documents/AGV_Kalman_Filter_Robot/robo_car/install/robot_car_controller/lib/python3.10/site-packages:/home/shiva/Documents/wrk_spc/install/my_pkg/lib/python3.10/site-packages:/home/shiva/Documents/wrk_spc/install/my_robot_interfaces/lib/python3.10/site-packages:/opt/ros/humble/lib/python3.10/site-packages:/opt/ros/humble/local/lib/python3.10/dist-packages /usr/bin/cmake --build /home/shiva/Documents/robot_arm/build/robot_arm_remote -- -j8 -l8
[1.365s] DEBUG:colcon.colcon_core.event_handler.log_command:Invoking command in '/home/shiva/Documents/robot_arm/build/robot_arm_remote': CMAKE_PREFIX_PATH=/home/shiva/Documents/robot_arm/install/robot_arm_interfaces:/home/shiva/Documents/robot_arm/install/robot_arm_remote:/home/shiva/Documents/robot_arm/install/robot_arm_moveit:/home/shiva/Documents/robot_arm/install/robot_arm_description:/home/shiva/Documents/robot_arm/install/robot_arm_controller:/home/shiva/Documents/robot_arm/install/robot_arm_bringup:/home/shiva/Documents/robot_arm/install/cpp_examples:/home/shiva/Documents/bumperbot_wrkspc/install/bumperbot_description:/home/shiva/Documents/bumperbot_wrkspc/install/bumperbot_controller:/home/shiva/Documents/AGV_Kalman_Filter_Robot/robo_car/install/robot_car_localization:/home/shiva/Documents/AGV_Kalman_Filter_Robot/robo_car/install/robot_car_description:/home/shiva/Documents/AGV_Kalman_Filter_Robot/robo_car/install/robot_car_controller:/home/shiva/Documents/AGV_Kalman_Filter_Robot/robo_car/install/robot_car_bringup:/home/shiva/Documents/wrk_spc/install/my_robot_bringup:/home/shiva/Documents/wrk_spc/install/my_robot_interfaces:/home/shiva/Documents/wrk_spc/install/my_pkg:/opt/ros/humble LD_LIBRARY_PATH=/home/shiva/Documents/robot_arm/install/robot_arm_interfaces/lib:/home/shiva/Documents/robot_arm/install/robot_arm_remote/lib:/home/shiva/Documents/wrk_spc/install/my_robot_interfaces/lib:/opt/ros/humble/opt/rviz_ogre_vendor/lib:/opt/ros/humble/lib/x86_64-linux-gnu:/opt/ros/humble/lib:/usr/share/gazebo/../../lib/x86_64-linux-gnu/gazebo-11/plugins:/usr/share/gazebo/../../lib/x86_64-linux-gnu/gazebo-11/plugins:/usr/share/gazebo/../../lib/x86_64-linux-gnu/gazebo-11/plugins PYTHONPATH=/home/shiva/Documents/robot_arm/install/robot_arm_interfaces/lib/python3.10/site-packages:/home/shiva/Documents/robot_arm/install/robot_arm_remote/lib/python3.10/site-packages:/home/shiva/Documents/AGV_Kalman_Filter_Robot/robo_car/install/robot_car_localization/lib/python3.10/site-packages:/home/shiva/Documents/AGV_Kalman_Filter_Robot/robo_car/install/robot_car_controller/lib/python3.10/site-packages:/home/shiva/Documents/wrk_spc/install/my_pkg/lib/python3.10/site-packages:/home/shiva/Documents/wrk_spc/install/my_robot_interfaces/lib/python3.10/site-packages:/opt/ros/humble/lib/python3.10/site-packages:/opt/ros/humble/local/lib/python3.10/dist-packages /usr/bin/cmake --install /home/shiva/Documents/robot_arm/build/robot_arm_remote
[1.448s] Level 1:colcon.colcon_core.environment:create_environment_scripts_only(robot_arm_remote)
[1.449s] Level 1:colcon.colcon_core.environment:checking '/home/shiva/Documents/robot_arm/install/robot_arm_remote' for CMake module files
[1.449s] DEBUG:colcon.colcon_core.event_handler.log_command:Invoked command in '/home/shiva/Documents/robot_arm/build/robot_arm_remote' returned '0': CMAKE_PREFIX_PATH=/home/shiva/Documents/robot_arm/install/robot_arm_interfaces:/home/shiva/Documents/robot_arm/install/robot_arm_remote:/home/shiva/Documents/robot_arm/install/robot_arm_moveit:/home/shiva/Documents/robot_arm/install/robot_arm_description:/home/shiva/Documents/robot_arm/install/robot_arm_controller:/home/shiva/Documents/robot_arm/install/robot_arm_bringup:/home/shiva/Documents/robot_arm/install/cpp_examples:/home/shiva/Documents/bumperbot_wrkspc/install/bumperbot_description:/home/shiva/Documents/bumperbot_wrkspc/install/bumperbot_controller:/home/shiva/Documents/AGV_Kalman_Filter_Robot/robo_car/install/robot_car_localization:/home/shiva/Documents/AGV_Kalman_Filter_Robot/robo_car/install/robot_car_description:/home/shiva/Documents/AGV_Kalman_Filter_Robot/robo_car/install/robot_car_controller:/home/shiva/Documents/AGV_Kalman_Filter_Robot/robo_car/install/robot_car_bringup:/home/shiva/Documents/wrk_spc/install/my_robot_bringup:/home/shiva/Documents/wrk_spc/install/my_robot_interfaces:/home/shiva/Documents/wrk_spc/install/my_pkg:/opt/ros/humble LD_LIBRARY_PATH=/home/shiva/Documents/robot_arm/install/robot_arm_interfaces/lib:/home/shiva/Documents/robot_arm/install/robot_arm_remote/lib:/home/shiva/Documents/wrk_spc/install/my_robot_interfaces/lib:/opt/ros/humble/opt/rviz_ogre_vendor/lib:/opt/ros/humble/lib/x86_64-linux-gnu:/opt/ros/humble/lib:/usr/share/gazebo/../../lib/x86_64-linux-gnu/gazebo-11/plugins:/usr/share/gazebo/../../lib/x86_64-linux-gnu/gazebo-11/plugins:/usr/share/gazebo/../../lib/x86_64-linux-gnu/gazebo-11/plugins PYTHONPATH=/home/shiva/Documents/robot_arm/install/robot_arm_interfaces/lib/python3.10/site-packages:/home/shiva/Documents/robot_arm/install/robot_arm_remote/lib/python3.10/site-packages:/home/shiva/Documents/AGV_Kalman_Filter_Robot/robo_car/install/robot_car_localization/lib/python3.10/site-packages:/home/shiva/Documents/AGV_Kalman_Filter_Robot/robo_car/install/robot_car_controller/lib/python3.10/site-packages:/home/shiva/Documents/wrk_spc/install/my_pkg/lib/python3.10/site-packages:/home/shiva/Documents/wrk_spc/install/my_robot_interfaces/lib/python3.10/site-packages:/opt/ros/humble/lib/python3.10/site-packages:/opt/ros/humble/local/lib/python3.10/dist-packages /usr/bin/cmake --install /home/shiva/Documents/robot_arm/build/robot_arm_remote
[1.450s] Level 1:colcon.colcon_core.environment:checking '/home/shiva/Documents/robot_arm/install/robot_arm_remote' for CMake config files
[1.450s] Level 1:colcon.colcon_core.shell:create_environment_hook('robot_arm_remote', 'cmake_prefix_path')
[1.450s] INFO:colcon.colcon_core.shell:Creating environment hook '/home/shiva/Documents/robot_arm/install/robot_arm_remote/share/robot_arm_remote/hook/cmake_prefix_path.ps1'
[1.450s] INFO:colcon.colcon_core.shell:Creating environment descriptor '/home/shiva/Documents/robot_arm/install/robot_arm_remote/share/robot_arm_remote/hook/cmake_prefix_path.dsv'
[1.451s] INFO:colcon.colcon_core.shell:Creating environment hook '/home/shiva/Documents/robot_arm/install/robot_arm_remote/share/robot_arm_remote/hook/cmake_prefix_path.sh'
[1.451s] Level 1:colcon.colcon_core.environment:checking '/home/shiva/Documents/robot_arm/install/robot_arm_remote/lib'
[1.451s] Level 1:colcon.colcon_core.shell:create_environment_hook('robot_arm_remote', 'ld_library_path_lib')
[1.451s] INFO:colcon.colcon_core.shell:Creating environment hook '/home/shiva/Documents/robot_arm/install/robot_arm_remote/share/robot_arm_remote/hook/ld_library_path_lib.ps1'
[1.451s] INFO:colcon.colcon_core.shell:Creating environment descriptor '/home/shiva/Documents/robot_arm/install/robot_arm_remote/share/robot_arm_remote/hook/ld_library_path_lib.dsv'
[1.452s] INFO:colcon.colcon_core.shell:Creating environment hook '/home/shiva/Documents/robot_arm/install/robot_arm_remote/share/robot_arm_remote/hook/ld_library_path_lib.sh'
[1.452s] Level 1:colcon.colcon_core.environment:checking '/home/shiva/Documents/robot_arm/install/robot_arm_remote/bin'
[1.452s] Level 1:colcon.colcon_core.environment:checking '/home/shiva/Documents/robot_arm/install/robot_arm_remote/lib/pkgconfig/robot_arm_remote.pc'
[1.452s] Level 1:colcon.colcon_core.environment:checking '/home/shiva/Documents/robot_arm/install/robot_arm_remote/lib/python3.10/site-packages'
[1.452s] Level 1:colcon.colcon_core.shell:create_environment_hook('robot_arm_remote', 'pythonpath')
[1.452s] INFO:colcon.colcon_core.shell:Creating environment hook '/home/shiva/Documents/robot_arm/install/robot_arm_remote/share/robot_arm_remote/hook/pythonpath.ps1'
[1.453s] INFO:colcon.colcon_core.shell:Creating environment descriptor '/home/shiva/Documents/robot_arm/install/robot_arm_remote/share/robot_arm_remote/hook/pythonpath.dsv'
[1.453s] INFO:colcon.colcon_core.shell:Creating environment hook '/home/shiva/Documents/robot_arm/install/robot_arm_remote/share/robot_arm_remote/hook/pythonpath.sh'
[1.453s] Level 1:colcon.colcon_core.environment:checking '/home/shiva/Documents/robot_arm/install/robot_arm_remote/bin'
[1.454s] INFO:colcon.colcon_core.shell:Creating package script '/home/shiva/Documents/robot_arm/install/robot_arm_remote/share/robot_arm_remote/package.ps1'
[1.454s] INFO:colcon.colcon_core.shell:Creating package descriptor '/home/shiva/Documents/robot_arm/install/robot_arm_remote/share/robot_arm_remote/package.dsv'
[1.455s] INFO:colcon.colcon_core.shell:Creating package script '/home/shiva/Documents/robot_arm/install/robot_arm_remote/share/robot_arm_remote/package.sh'
[1.455s] INFO:colcon.colcon_core.shell:Creating package script '/home/shiva/Documents/robot_arm/install/robot_arm_remote/share/robot_arm_remote/package.bash'
[1.455s] INFO:colcon.colcon_core.shell:Creating package script '/home/shiva/Documents/robot_arm/install/robot_arm_remote/share/robot_arm_remote/package.zsh'
[1.455s] Level 1:colcon.colcon_core.environment:create_file_with_runtime_dependencies(/home/shiva/Documents/robot_arm/install/robot_arm_remote/share/colcon-core/packages/robot_arm_remote)
[1.477s] Level 1:colcon.colcon_core.environment:create_environment_scripts_only(robot_arm_remote)
[1.478s] Level 1:colcon.colcon_core.environment:checking '/home/shiva/Documents/robot_arm/install/robot_arm_remote' for CMake module files
[1.478s] Level 1:colcon.colcon_core.environment:checking '/home/shiva/Documents/robot_arm/install/robot_arm_remote' for CMake config files
[1.478s] Level 1:colcon.colcon_core.shell:create_environment_hook('robot_arm_remote', 'cmake_prefix_path')
[1.478s] INFO:colcon.colcon_core.shell:Creating environment hook '/home/shiva/Documents/robot_arm/install/robot_arm_remote/share/robot_arm_remote/hook/cmake_prefix_path.ps1'
[1.479s] INFO:colcon.colcon_core.shell:Creating environment descriptor '/home/shiva/Documents/robot_arm/install/robot_arm_remote/share/robot_arm_remote/hook/cmake_prefix_path.dsv'
[1.479s] INFO:colcon.colcon_core.shell:Creating environment hook '/home/shiva/Documents/robot_arm/install/robot_arm_remote/share/robot_arm_remote/hook/cmake_prefix_path.sh'
[1.479s] Level 1:colcon.colcon_core.environment:checking '/home/shiva/Documents/robot_arm/install/robot_arm_remote/lib'
[1.479s] Level 1:colcon.colcon_core.shell:create_environment_hook('robot_arm_remote', 'ld_library_path_lib')
[1.480s] INFO:colcon.colcon_core.shell:Creating environment hook '/home/shiva/Documents/robot_arm/install/robot_arm_remote/share/robot_arm_remote/hook/ld_library_path_lib.ps1'
[1.480s] INFO:colcon.colcon_core.shell:Creating environment descriptor '/home/shiva/Documents/robot_arm/install/robot_arm_remote/share/robot_arm_remote/hook/ld_library_path_lib.dsv'
[1.480s] INFO:colcon.colcon_core.shell:Creating environment hook '/home/shiva/Documents/robot_arm/install/robot_arm_remote/share/robot_arm_remote/hook/ld_library_path_lib.sh'
[1.480s] Level 1:colcon.colcon_core.environment:checking '/home/shiva/Documents/robot_arm/install/robot_arm_remote/bin'
[1.481s] Level 1:colcon.colcon_core.environment:checking '/home/shiva/Documents/robot_arm/install/robot_arm_remote/lib/pkgconfig/robot_arm_remote.pc'
[1.481s] Level 1:colcon.colcon_core.environment:checking '/home/shiva/Documents/robot_arm/install/robot_arm_remote/lib/python3.10/site-packages'
[1.481s] Level 1:colcon.colcon_core.shell:create_environment_hook('robot_arm_remote', 'pythonpath')
[1.481s] INFO:colcon.colcon_core.shell:Creating environment hook '/home/shiva/Documents/robot_arm/install/robot_arm_remote/share/robot_arm_remote/hook/pythonpath.ps1'
[1.481s] INFO:colcon.colcon_core.shell:Creating environment descriptor '/home/shiva/Documents/robot_arm/install/robot_arm_remote/share/robot_arm_remote/hook/pythonpath.dsv'
[1.481s] INFO:colcon.colcon_core.shell:Creating environment hook '/home/shiva/Documents/robot_arm/install/robot_arm_remote/share/robot_arm_remote/hook/pythonpath.sh'
[1.482s] Level 1:colcon.colcon_core.environment:checking '/home/shiva/Documents/robot_arm/install/robot_arm_remote/bin'
[1.482s] INFO:colcon.colcon_core.shell:Creating package script '/home/shiva/Documents/robot_arm/install/robot_arm_remote/share/robot_arm_remote/package.ps1'
[1.483s] INFO:colcon.colcon_core.shell:Creating package descriptor '/home/shiva/Documents/robot_arm/install/robot_arm_remote/share/robot_arm_remote/package.dsv'
[1.483s] INFO:colcon.colcon_core.shell:Creating package script '/home/shiva/Documents/robot_arm/install/robot_arm_remote/share/robot_arm_remote/package.sh'
[1.483s] INFO:colcon.colcon_core.shell:Creating package script '/home/shiva/Documents/robot_arm/install/robot_arm_remote/share/robot_arm_remote/package.bash'
[1.484s] INFO:colcon.colcon_core.shell:Creating package script '/home/shiva/Documents/robot_arm/install/robot_arm_remote/share/robot_arm_remote/package.zsh'
[1.484s] Level 1:colcon.colcon_core.environment:create_file_with_runtime_dependencies(/home/shiva/Documents/robot_arm/install/robot_arm_remote/share/colcon-core/packages/robot_arm_remote)
[1.484s] DEBUG:colcon.colcon_parallel_executor.executor.parallel:closing loop
[1.485s] DEBUG:colcon.colcon_parallel_executor.executor.parallel:loop closed
[1.485s] DEBUG:colcon.colcon_parallel_executor.executor.parallel:run_until_complete finished with '0'
[1.485s] DEBUG:colcon.colcon_core.event_reactor:joining thread
[1.489s] INFO:colcon.colcon_core.plugin_system:Skipping extension 'colcon_notification.desktop_notification.terminal_notifier': Not used on non-Darwin systems
[1.489s] INFO:colcon.colcon_core.plugin_system:Skipping extension 'colcon_notification.desktop_notification.win32': Not used on non-Windows systems
[1.489s] INFO:colcon.colcon_notification.desktop_notification:Sending desktop notification using 'notify2'
[1.498s] DEBUG:colcon.colcon_core.event_reactor:joined thread
[1.498s] INFO:colcon.colcon_core.shell:Creating prefix script '/home/shiva/Documents/robot_arm/install/local_setup.ps1'
[1.499s] INFO:colcon.colcon_core.shell:Creating prefix util module '/home/shiva/Documents/robot_arm/install/_local_setup_util_ps1.py'
[1.500s] INFO:colcon.colcon_core.shell:Creating prefix chain script '/home/shiva/Documents/robot_arm/install/setup.ps1'
[1.502s] INFO:colcon.colcon_core.shell:Creating prefix script '/home/shiva/Documents/robot_arm/install/local_setup.sh'
[1.502s] INFO:colcon.colcon_core.shell:Creating prefix util module '/home/shiva/Documents/robot_arm/install/_local_setup_util_sh.py'
[1.502s] INFO:colcon.colcon_core.shell:Creating prefix chain script '/home/shiva/Documents/robot_arm/install/setup.sh'
[1.504s] INFO:colcon.colcon_core.shell:Creating prefix script '/home/shiva/Documents/robot_arm/install/local_setup.bash'
[1.504s] INFO:colcon.colcon_core.shell:Creating prefix chain script '/home/shiva/Documents/robot_arm/install/setup.bash'
[1.505s] INFO:colcon.colcon_core.shell:Creating prefix script '/home/shiva/Documents/robot_arm/install/local_setup.zsh'
[1.506s] INFO:colcon.colcon_core.shell:Creating prefix chain script '/home/shiva/Documents/robot_arm/install/setup.zsh'
