-- The C compiler identification is GNU 11.4.0
-- The CXX compiler identification is GNU 11.4.0
-- Detecting C compiler ABI info
-- Detecting C compiler ABI info - done
-- Check for working C compiler: /usr/bin/cc - skipped
-- Detecting C compile features
-- Detecting C compile features - done
-- Detecting CXX compiler ABI info
-- Detecting CXX compiler ABI info - done
-- Check for working CXX compiler: /usr/bin/c++ - skipped
-- Detecting CXX compile features
-- Detecting CXX compile features - done
-- Found ament_cmake: 1.3.10 (/opt/ros/humble/share/ament_cmake/cmake)
-- Found Python3: /home/shiva/.pyenv/shims/python3 (found version "3.10.9") found components: Interpreter 
-- Found rclcpp: 16.0.10 (/opt/ros/humble/share/rclcpp/cmake)
-- Found rosidl_generator_c: 3.1.5 (/opt/ros/humble/share/rosidl_generator_c/cmake)
-- Found rosidl_adapter: 3.1.5 (/opt/ros/humble/share/rosidl_adapter/cmake)
-- Found rosidl_generator_cpp: 3.1.5 (/opt/ros/humble/share/rosidl_generator_cpp/cmake)
-- Using all available rosidl_typesupport_c: rosidl_typesupport_fastrtps_c;rosidl_typesupport_introspection_c
-- Using all available rosidl_typesupport_cpp: rosidl_typesupport_fastrtps_cpp;rosidl_typesupport_introspection_cpp
-- Found rmw_implementation_cmake: 6.1.2 (/opt/ros/humble/share/rmw_implementation_cmake/cmake)
-- Found rmw_cyclonedds_cpp: 1.3.4 (/opt/ros/humble/share/rmw_cyclonedds_cpp/cmake)
-- Using RMW implementation 'rmw_cyclonedds_cpp' as default
-- Looking for pthread.h
-- Looking for pthread.h - found
-- Performing Test CMAKE_HAVE_LIBC_PTHREAD
-- Performing Test CMAKE_HAVE_LIBC_PTHREAD - Success
-- Found Threads: TRUE  
-- Found rclcpp_action: 16.0.10 (/opt/ros/humble/share/rclcpp_action/cmake)
-- Found rclcpp_components: 16.0.10 (/opt/ros/humble/share/rclcpp_components/cmake)
-- Found moveit_ros_planning_interface: 2.5.5 (/opt/ros/humble/share/moveit_ros_planning_interface/cmake)
-- Found Boost: /usr/lib/x86_64-linux-gnu/cmake/Boost-1.74.0/BoostConfig.cmake (found version "1.74.0") found components: date_time filesystem program_options system thread 
-- Found Boost: /usr/lib/x86_64-linux-gnu/cmake/Boost-1.74.0/BoostConfig.cmake (found version "1.74.0") found components: chrono date_time filesystem iostreams program_options regex serialization system thread 
-- Found parameter_traits: 0.3.8 (/opt/ros/humble/share/parameter_traits/cmake)
-- Found rclcpp_lifecycle: 16.0.10 (/opt/ros/humble/share/rclcpp_lifecycle/cmake)
-- Found Boost: /usr/lib/x86_64-linux-gnu/cmake/Boost-1.74.0/BoostConfig.cmake (found version "1.74.0") found components: filesystem 
-- library: /usr/lib/x86_64-linux-gnu/libcurl.so
-- Found Eigen3: TRUE (found version "3.4.0") 
-- Ensuring Eigen3 include directory is part of orocos-kdl CMake target
-- Found Boost: /usr/lib/x86_64-linux-gnu/cmake/Boost-1.74.0/BoostConfig.cmake (found version "1.74.0") found components: system filesystem date_time program_options thread chrono 
-- Found Boost: /usr/lib/x86_64-linux-gnu/cmake/Boost-1.74.0/BoostConfig.cmake (found version "1.74.0") found components: thread system filesystem regex date_time program_options 
-- Found Boost: /usr/lib/x86_64-linux-gnu/cmake/Boost-1.74.0/BoostConfig.cmake (found version "1.74.0") found components: system filesystem date_time program_options thread 
-- Found ament_lint_auto: 0.12.11 (/opt/ros/humble/share/ament_lint_auto/cmake)
-- Added test 'cppcheck' to perform static code analysis on C / C++ code
-- Configured cppcheck include dirs: 
-- Configured cppcheck exclude dirs and/or files: 
-- Added test 'lint_cmake' to check CMake code style
-- Added test 'uncrustify' to check C / C++ code style
-- Configured uncrustify additional arguments: 
-- Added test 'xmllint' to check XML markup files
-- Configuring done
-- Generating done
-- Build files have been written to: /home/shiva/Documents/robot_arm/build/cpp_examples
[ 50%] [32mBuilding CXX object CMakeFiles/simple_moveit_interface.dir/src/simple_moveit_interface.cpp.o[0m
[100%] [32m[1mLinking CXX executable simple_moveit_interface[0m
[100%] Built target simple_moveit_interface
-- Install configuration: ""
-- Installing: /home/shiva/Documents/robot_arm/install/cpp_examples/lib/cpp_examples/simple_moveit_interface
-- Set runtime path of "/home/shiva/Documents/robot_arm/install/cpp_examples/lib/cpp_examples/simple_moveit_interface" to ""
-- Installing: /home/shiva/Documents/robot_arm/install/cpp_examples/share/ament_index/resource_index/package_run_dependencies/cpp_examples
-- Installing: /home/shiva/Documents/robot_arm/install/cpp_examples/share/ament_index/resource_index/parent_prefix_path/cpp_examples
-- Installing: /home/shiva/Documents/robot_arm/install/cpp_examples/share/cpp_examples/environment/ament_prefix_path.sh
-- Installing: /home/shiva/Documents/robot_arm/install/cpp_examples/share/cpp_examples/environment/ament_prefix_path.dsv
-- Installing: /home/shiva/Documents/robot_arm/install/cpp_examples/share/cpp_examples/environment/path.sh
-- Installing: /home/shiva/Documents/robot_arm/install/cpp_examples/share/cpp_examples/environment/path.dsv
-- Installing: /home/shiva/Documents/robot_arm/install/cpp_examples/share/cpp_examples/local_setup.bash
-- Installing: /home/shiva/Documents/robot_arm/install/cpp_examples/share/cpp_examples/local_setup.sh
-- Installing: /home/shiva/Documents/robot_arm/install/cpp_examples/share/cpp_examples/local_setup.zsh
-- Installing: /home/shiva/Documents/robot_arm/install/cpp_examples/share/cpp_examples/local_setup.dsv
-- Installing: /home/shiva/Documents/robot_arm/install/cpp_examples/share/cpp_examples/package.dsv
-- Installing: /home/shiva/Documents/robot_arm/install/cpp_examples/share/ament_index/resource_index/packages/cpp_examples
-- Installing: /home/shiva/Documents/robot_arm/install/cpp_examples/share/cpp_examples/cmake/cpp_examplesConfig.cmake
-- Installing: /home/shiva/Documents/robot_arm/install/cpp_examples/share/cpp_examples/cmake/cpp_examplesConfig-version.cmake
-- Installing: /home/shiva/Documents/robot_arm/install/cpp_examples/share/cpp_examples/package.xml
