[0.097s] DEBUG:colcon:Command line arguments: ['/usr/bin/colcon', 'build']
[0.097s] DEBUG:colcon:Parsed command line arguments: Namespace(log_base=None, log_level=None, verb_name='build', build_base='build', install_base='install', merge_install=False, symlink_install=False, test_result_base=None, continue_on_error=False, executor='parallel', parallel_workers=8, event_handlers=None, ignore_user_meta=False, metas=['./colcon.meta'], base_paths=['.'], packages_ignore=None, packages_ignore_regex=None, paths=None, packages_up_to=None, packages_up_to_regex=None, packages_above=None, packages_above_and_dependencies=None, packages_above_depth=None, packages_select_by_dep=None, packages_skip_by_dep=None, packages_skip_up_to=None, packages_select_build_failed=False, packages_skip_build_finished=False, packages_select_test_failures=False, packages_skip_test_passed=False, packages_select=None, packages_skip=None, packages_select_regex=None, packages_skip_regex=None, packages_start=None, packages_end=None, allow_overriding=[], cmake_args=None, cmake_target=None, cmake_target_skip_unavailable=False, cmake_clean_cache=False, cmake_clean_first=False, cmake_force_configure=False, ament_cmake_args=None, catkin_cmake_args=None, catkin_skip_building_tests=False, mixin_files=None, mixin=None, verb_parser=<colcon_mixin.mixin.mixin_argument.MixinArgumentDecorator object at 0x770991e2e110>, verb_extension=<colcon_core.verb.build.BuildVerb object at 0x770991e2da80>, main=<bound method BuildVerb.main of <colcon_core.verb.build.BuildVerb object at 0x770991e2da80>>, mixin_verb=('build',))
[0.249s] Level 1:colcon.colcon_core.package_discovery:discover_packages(colcon_meta) check parameters
[0.249s] Level 1:colcon.colcon_core.package_discovery:discover_packages(recursive) check parameters
[0.249s] Level 1:colcon.colcon_core.package_discovery:discover_packages(ignore) check parameters
[0.249s] Level 1:colcon.colcon_core.package_discovery:discover_packages(path) check parameters
[0.249s] Level 1:colcon.colcon_core.package_discovery:discover_packages(colcon_meta) discover
[0.249s] Level 1:colcon.colcon_core.package_discovery:discover_packages(recursive) discover
[0.249s] INFO:colcon.colcon_core.package_discovery:Crawling recursively for packages in '/home/shiva/Documents/robot_arm'
[0.249s] Level 1:colcon.colcon_core.package_identification:_identify(.) by extensions ['ignore', 'ignore_ament_install']
[0.249s] Level 1:colcon.colcon_core.package_identification:_identify(.) by extension 'ignore'
[0.249s] Level 1:colcon.colcon_core.package_identification:_identify(.) by extension 'ignore_ament_install'
[0.250s] Level 1:colcon.colcon_core.package_identification:_identify(.) by extensions ['colcon_pkg']
[0.250s] Level 1:colcon.colcon_core.package_identification:_identify(.) by extension 'colcon_pkg'
[0.250s] Level 1:colcon.colcon_core.package_identification:_identify(.) by extensions ['colcon_meta']
[0.250s] Level 1:colcon.colcon_core.package_identification:_identify(.) by extension 'colcon_meta'
[0.250s] Level 1:colcon.colcon_core.package_identification:_identify(.) by extensions ['ros']
[0.250s] Level 1:colcon.colcon_core.package_identification:_identify(.) by extension 'ros'
[0.260s] Level 1:colcon.colcon_core.package_identification:_identify(.) by extensions ['cmake', 'python']
[0.260s] Level 1:colcon.colcon_core.package_identification:_identify(.) by extension 'cmake'
[0.260s] Level 1:colcon.colcon_core.package_identification:_identify(.) by extension 'python'
[0.260s] Level 1:colcon.colcon_core.package_identification:_identify(.) by extensions ['python_setup_py']
[0.260s] Level 1:colcon.colcon_core.package_identification:_identify(.) by extension 'python_setup_py'
[0.260s] Level 1:colcon.colcon_core.package_identification:_identify(build) by extensions ['ignore', 'ignore_ament_install']
[0.260s] Level 1:colcon.colcon_core.package_identification:_identify(build) by extension 'ignore'
[0.260s] Level 1:colcon.colcon_core.package_identification:_identify(build) ignored
[0.260s] Level 1:colcon.colcon_core.package_identification:_identify(install) by extensions ['ignore', 'ignore_ament_install']
[0.260s] Level 1:colcon.colcon_core.package_identification:_identify(install) by extension 'ignore'
[0.260s] Level 1:colcon.colcon_core.package_identification:_identify(install) ignored
[0.260s] Level 1:colcon.colcon_core.package_identification:_identify(log) by extensions ['ignore', 'ignore_ament_install']
[0.260s] Level 1:colcon.colcon_core.package_identification:_identify(log) by extension 'ignore'
[0.260s] Level 1:colcon.colcon_core.package_identification:_identify(log) ignored
[0.261s] Level 1:colcon.colcon_core.package_identification:_identify(src) by extensions ['ignore', 'ignore_ament_install']
[0.261s] Level 1:colcon.colcon_core.package_identification:_identify(src) by extension 'ignore'
[0.261s] Level 1:colcon.colcon_core.package_identification:_identify(src) by extension 'ignore_ament_install'
[0.261s] Level 1:colcon.colcon_core.package_identification:_identify(src) by extensions ['colcon_pkg']
[0.261s] Level 1:colcon.colcon_core.package_identification:_identify(src) by extension 'colcon_pkg'
[0.261s] Level 1:colcon.colcon_core.package_identification:_identify(src) by extensions ['colcon_meta']
[0.261s] Level 1:colcon.colcon_core.package_identification:_identify(src) by extension 'colcon_meta'
[0.261s] Level 1:colcon.colcon_core.package_identification:_identify(src) by extensions ['ros']
[0.261s] Level 1:colcon.colcon_core.package_identification:_identify(src) by extension 'ros'
[0.261s] Level 1:colcon.colcon_core.package_identification:_identify(src) by extensions ['cmake', 'python']
[0.261s] Level 1:colcon.colcon_core.package_identification:_identify(src) by extension 'cmake'
[0.261s] Level 1:colcon.colcon_core.package_identification:_identify(src) by extension 'python'
[0.261s] Level 1:colcon.colcon_core.package_identification:_identify(src) by extensions ['python_setup_py']
[0.261s] Level 1:colcon.colcon_core.package_identification:_identify(src) by extension 'python_setup_py'
[0.261s] Level 1:colcon.colcon_core.package_identification:_identify(src/cpp_examples) by extensions ['ignore', 'ignore_ament_install']
[0.261s] Level 1:colcon.colcon_core.package_identification:_identify(src/cpp_examples) by extension 'ignore'
[0.261s] Level 1:colcon.colcon_core.package_identification:_identify(src/cpp_examples) by extension 'ignore_ament_install'
[0.261s] Level 1:colcon.colcon_core.package_identification:_identify(src/cpp_examples) by extensions ['colcon_pkg']
[0.261s] Level 1:colcon.colcon_core.package_identification:_identify(src/cpp_examples) by extension 'colcon_pkg'
[0.261s] Level 1:colcon.colcon_core.package_identification:_identify(src/cpp_examples) by extensions ['colcon_meta']
[0.261s] Level 1:colcon.colcon_core.package_identification:_identify(src/cpp_examples) by extension 'colcon_meta'
[0.261s] Level 1:colcon.colcon_core.package_identification:_identify(src/cpp_examples) by extensions ['ros']
[0.261s] Level 1:colcon.colcon_core.package_identification:_identify(src/cpp_examples) by extension 'ros'
[0.264s] DEBUG:colcon.colcon_core.package_identification:Package 'src/cpp_examples' with type 'ros.ament_cmake' and name 'cpp_examples'
[0.264s] Level 1:colcon.colcon_core.package_identification:_identify(src/robot_arm_bringup) by extensions ['ignore', 'ignore_ament_install']
[0.264s] Level 1:colcon.colcon_core.package_identification:_identify(src/robot_arm_bringup) by extension 'ignore'
[0.264s] Level 1:colcon.colcon_core.package_identification:_identify(src/robot_arm_bringup) by extension 'ignore_ament_install'
[0.264s] Level 1:colcon.colcon_core.package_identification:_identify(src/robot_arm_bringup) by extensions ['colcon_pkg']
[0.264s] Level 1:colcon.colcon_core.package_identification:_identify(src/robot_arm_bringup) by extension 'colcon_pkg'
[0.264s] Level 1:colcon.colcon_core.package_identification:_identify(src/robot_arm_bringup) by extensions ['colcon_meta']
[0.264s] Level 1:colcon.colcon_core.package_identification:_identify(src/robot_arm_bringup) by extension 'colcon_meta'
[0.264s] Level 1:colcon.colcon_core.package_identification:_identify(src/robot_arm_bringup) by extensions ['ros']
[0.264s] Level 1:colcon.colcon_core.package_identification:_identify(src/robot_arm_bringup) by extension 'ros'
[0.265s] DEBUG:colcon.colcon_core.package_identification:Package 'src/robot_arm_bringup' with type 'ros.ament_cmake' and name 'robot_arm_bringup'
[0.265s] Level 1:colcon.colcon_core.package_identification:_identify(src/robot_arm_controller) by extensions ['ignore', 'ignore_ament_install']
[0.265s] Level 1:colcon.colcon_core.package_identification:_identify(src/robot_arm_controller) by extension 'ignore'
[0.265s] Level 1:colcon.colcon_core.package_identification:_identify(src/robot_arm_controller) by extension 'ignore_ament_install'
[0.265s] Level 1:colcon.colcon_core.package_identification:_identify(src/robot_arm_controller) by extensions ['colcon_pkg']
[0.265s] Level 1:colcon.colcon_core.package_identification:_identify(src/robot_arm_controller) by extension 'colcon_pkg'
[0.265s] Level 1:colcon.colcon_core.package_identification:_identify(src/robot_arm_controller) by extensions ['colcon_meta']
[0.265s] Level 1:colcon.colcon_core.package_identification:_identify(src/robot_arm_controller) by extension 'colcon_meta'
[0.265s] Level 1:colcon.colcon_core.package_identification:_identify(src/robot_arm_controller) by extensions ['ros']
[0.265s] Level 1:colcon.colcon_core.package_identification:_identify(src/robot_arm_controller) by extension 'ros'
[0.266s] DEBUG:colcon.colcon_core.package_identification:Package 'src/robot_arm_controller' with type 'ros.ament_cmake' and name 'robot_arm_controller'
[0.266s] Level 1:colcon.colcon_core.package_identification:_identify(src/robot_arm_description) by extensions ['ignore', 'ignore_ament_install']
[0.266s] Level 1:colcon.colcon_core.package_identification:_identify(src/robot_arm_description) by extension 'ignore'
[0.266s] Level 1:colcon.colcon_core.package_identification:_identify(src/robot_arm_description) by extension 'ignore_ament_install'
[0.266s] Level 1:colcon.colcon_core.package_identification:_identify(src/robot_arm_description) by extensions ['colcon_pkg']
[0.266s] Level 1:colcon.colcon_core.package_identification:_identify(src/robot_arm_description) by extension 'colcon_pkg'
[0.266s] Level 1:colcon.colcon_core.package_identification:_identify(src/robot_arm_description) by extensions ['colcon_meta']
[0.266s] Level 1:colcon.colcon_core.package_identification:_identify(src/robot_arm_description) by extension 'colcon_meta'
[0.266s] Level 1:colcon.colcon_core.package_identification:_identify(src/robot_arm_description) by extensions ['ros']
[0.266s] Level 1:colcon.colcon_core.package_identification:_identify(src/robot_arm_description) by extension 'ros'
[0.267s] DEBUG:colcon.colcon_core.package_identification:Package 'src/robot_arm_description' with type 'ros.ament_cmake' and name 'robot_arm_description'
[0.267s] Level 1:colcon.colcon_core.package_identification:_identify(src/robot_arm_interfaces) by extensions ['ignore', 'ignore_ament_install']
[0.267s] Level 1:colcon.colcon_core.package_identification:_identify(src/robot_arm_interfaces) by extension 'ignore'
[0.267s] Level 1:colcon.colcon_core.package_identification:_identify(src/robot_arm_interfaces) by extension 'ignore_ament_install'
[0.267s] Level 1:colcon.colcon_core.package_identification:_identify(src/robot_arm_interfaces) by extensions ['colcon_pkg']
[0.267s] Level 1:colcon.colcon_core.package_identification:_identify(src/robot_arm_interfaces) by extension 'colcon_pkg'
[0.267s] Level 1:colcon.colcon_core.package_identification:_identify(src/robot_arm_interfaces) by extensions ['colcon_meta']
[0.267s] Level 1:colcon.colcon_core.package_identification:_identify(src/robot_arm_interfaces) by extension 'colcon_meta'
[0.267s] Level 1:colcon.colcon_core.package_identification:_identify(src/robot_arm_interfaces) by extensions ['ros']
[0.267s] Level 1:colcon.colcon_core.package_identification:_identify(src/robot_arm_interfaces) by extension 'ros'
[0.268s] DEBUG:colcon.colcon_core.package_identification:Package 'src/robot_arm_interfaces' with type 'ros.ament_cmake' and name 'robot_arm_interfaces'
[0.268s] Level 1:colcon.colcon_core.package_identification:_identify(src/robot_arm_moveit) by extensions ['ignore', 'ignore_ament_install']
[0.268s] Level 1:colcon.colcon_core.package_identification:_identify(src/robot_arm_moveit) by extension 'ignore'
[0.268s] Level 1:colcon.colcon_core.package_identification:_identify(src/robot_arm_moveit) by extension 'ignore_ament_install'
[0.268s] Level 1:colcon.colcon_core.package_identification:_identify(src/robot_arm_moveit) by extensions ['colcon_pkg']
[0.268s] Level 1:colcon.colcon_core.package_identification:_identify(src/robot_arm_moveit) by extension 'colcon_pkg'
[0.268s] Level 1:colcon.colcon_core.package_identification:_identify(src/robot_arm_moveit) by extensions ['colcon_meta']
[0.268s] Level 1:colcon.colcon_core.package_identification:_identify(src/robot_arm_moveit) by extension 'colcon_meta'
[0.268s] Level 1:colcon.colcon_core.package_identification:_identify(src/robot_arm_moveit) by extensions ['ros']
[0.268s] Level 1:colcon.colcon_core.package_identification:_identify(src/robot_arm_moveit) by extension 'ros'
[0.269s] DEBUG:colcon.colcon_core.package_identification:Package 'src/robot_arm_moveit' with type 'ros.ament_cmake' and name 'robot_arm_moveit'
[0.269s] Level 1:colcon.colcon_core.package_identification:_identify(src/robot_arm_remote) by extensions ['ignore', 'ignore_ament_install']
[0.269s] Level 1:colcon.colcon_core.package_identification:_identify(src/robot_arm_remote) by extension 'ignore'
[0.269s] Level 1:colcon.colcon_core.package_identification:_identify(src/robot_arm_remote) by extension 'ignore_ament_install'
[0.269s] Level 1:colcon.colcon_core.package_identification:_identify(src/robot_arm_remote) by extensions ['colcon_pkg']
[0.269s] Level 1:colcon.colcon_core.package_identification:_identify(src/robot_arm_remote) by extension 'colcon_pkg'
[0.269s] Level 1:colcon.colcon_core.package_identification:_identify(src/robot_arm_remote) by extensions ['colcon_meta']
[0.269s] Level 1:colcon.colcon_core.package_identification:_identify(src/robot_arm_remote) by extension 'colcon_meta'
[0.269s] Level 1:colcon.colcon_core.package_identification:_identify(src/robot_arm_remote) by extensions ['ros']
[0.269s] Level 1:colcon.colcon_core.package_identification:_identify(src/robot_arm_remote) by extension 'ros'
[0.270s] DEBUG:colcon.colcon_core.package_identification:Package 'src/robot_arm_remote' with type 'ros.ament_cmake' and name 'robot_arm_remote'
[0.270s] Level 1:colcon.colcon_core.package_discovery:discover_packages(recursive) using defaults
[0.270s] Level 1:colcon.colcon_core.package_discovery:discover_packages(ignore) discover
[0.270s] Level 1:colcon.colcon_core.package_discovery:discover_packages(ignore) using defaults
[0.270s] Level 1:colcon.colcon_core.package_discovery:discover_packages(path) discover
[0.270s] Level 1:colcon.colcon_core.package_discovery:discover_packages(path) using defaults
[0.296s] Level 1:colcon.colcon_core.package_discovery:discover_packages(prefix_path) check parameters
[0.296s] Level 1:colcon.colcon_core.package_discovery:discover_packages(prefix_path) discover
[0.298s] DEBUG:colcon.colcon_installed_package_information.package_discovery:Found 2 installed packages in /home/shiva/Documents/bumperbot_wrkspc/install
[0.299s] DEBUG:colcon.colcon_installed_package_information.package_discovery:Found 6 installed packages in /home/shiva/Documents/robot_arm/install
[0.299s] DEBUG:colcon.colcon_installed_package_information.package_discovery:Found 3 installed packages in /home/shiva/Documents/wrk_spc/install
[0.300s] DEBUG:colcon.colcon_installed_package_information.package_discovery:Found 4 installed packages in /home/shiva/Documents/AGV_Kalman_Filter_Robot/robo_car/install
[0.301s] DEBUG:colcon.colcon_installed_package_information.package_discovery:Found 333 installed packages in /opt/ros/humble
[0.302s] Level 1:colcon.colcon_core.package_discovery:discover_packages(prefix_path) using defaults
[0.341s] Level 5:colcon.colcon_core.verb:set package 'cpp_examples' build argument 'cmake_args' from command line to 'None'
[0.341s] Level 5:colcon.colcon_core.verb:set package 'cpp_examples' build argument 'cmake_target' from command line to 'None'
[0.341s] Level 5:colcon.colcon_core.verb:set package 'cpp_examples' build argument 'cmake_target_skip_unavailable' from command line to 'False'
[0.341s] Level 5:colcon.colcon_core.verb:set package 'cpp_examples' build argument 'cmake_clean_cache' from command line to 'False'
[0.341s] Level 5:colcon.colcon_core.verb:set package 'cpp_examples' build argument 'cmake_clean_first' from command line to 'False'
[0.341s] Level 5:colcon.colcon_core.verb:set package 'cpp_examples' build argument 'cmake_force_configure' from command line to 'False'
[0.341s] Level 5:colcon.colcon_core.verb:set package 'cpp_examples' build argument 'ament_cmake_args' from command line to 'None'
[0.341s] Level 5:colcon.colcon_core.verb:set package 'cpp_examples' build argument 'catkin_cmake_args' from command line to 'None'
[0.341s] Level 5:colcon.colcon_core.verb:set package 'cpp_examples' build argument 'catkin_skip_building_tests' from command line to 'False'
[0.341s] DEBUG:colcon.colcon_core.verb:Building package 'cpp_examples' with the following arguments: {'ament_cmake_args': None, 'build_base': '/home/shiva/Documents/robot_arm/build/cpp_examples', 'catkin_cmake_args': None, 'catkin_skip_building_tests': False, 'cmake_args': None, 'cmake_clean_cache': False, 'cmake_clean_first': False, 'cmake_force_configure': False, 'cmake_target': None, 'cmake_target_skip_unavailable': False, 'install_base': '/home/shiva/Documents/robot_arm/install/cpp_examples', 'merge_install': False, 'path': '/home/shiva/Documents/robot_arm/src/cpp_examples', 'symlink_install': False, 'test_result_base': None}
[0.341s] Level 5:colcon.colcon_core.verb:set package 'robot_arm_bringup' build argument 'cmake_args' from command line to 'None'
[0.341s] Level 5:colcon.colcon_core.verb:set package 'robot_arm_bringup' build argument 'cmake_target' from command line to 'None'
[0.341s] Level 5:colcon.colcon_core.verb:set package 'robot_arm_bringup' build argument 'cmake_target_skip_unavailable' from command line to 'False'
[0.342s] Level 5:colcon.colcon_core.verb:set package 'robot_arm_bringup' build argument 'cmake_clean_cache' from command line to 'False'
[0.342s] Level 5:colcon.colcon_core.verb:set package 'robot_arm_bringup' build argument 'cmake_clean_first' from command line to 'False'
[0.342s] Level 5:colcon.colcon_core.verb:set package 'robot_arm_bringup' build argument 'cmake_force_configure' from command line to 'False'
[0.342s] Level 5:colcon.colcon_core.verb:set package 'robot_arm_bringup' build argument 'ament_cmake_args' from command line to 'None'
[0.342s] Level 5:colcon.colcon_core.verb:set package 'robot_arm_bringup' build argument 'catkin_cmake_args' from command line to 'None'
[0.342s] Level 5:colcon.colcon_core.verb:set package 'robot_arm_bringup' build argument 'catkin_skip_building_tests' from command line to 'False'
[0.342s] DEBUG:colcon.colcon_core.verb:Building package 'robot_arm_bringup' with the following arguments: {'ament_cmake_args': None, 'build_base': '/home/shiva/Documents/robot_arm/build/robot_arm_bringup', 'catkin_cmake_args': None, 'catkin_skip_building_tests': False, 'cmake_args': None, 'cmake_clean_cache': False, 'cmake_clean_first': False, 'cmake_force_configure': False, 'cmake_target': None, 'cmake_target_skip_unavailable': False, 'install_base': '/home/shiva/Documents/robot_arm/install/robot_arm_bringup', 'merge_install': False, 'path': '/home/shiva/Documents/robot_arm/src/robot_arm_bringup', 'symlink_install': False, 'test_result_base': None}
[0.342s] Level 5:colcon.colcon_core.verb:set package 'robot_arm_controller' build argument 'cmake_args' from command line to 'None'
[0.342s] Level 5:colcon.colcon_core.verb:set package 'robot_arm_controller' build argument 'cmake_target' from command line to 'None'
[0.342s] Level 5:colcon.colcon_core.verb:set package 'robot_arm_controller' build argument 'cmake_target_skip_unavailable' from command line to 'False'
[0.342s] Level 5:colcon.colcon_core.verb:set package 'robot_arm_controller' build argument 'cmake_clean_cache' from command line to 'False'
[0.342s] Level 5:colcon.colcon_core.verb:set package 'robot_arm_controller' build argument 'cmake_clean_first' from command line to 'False'
[0.342s] Level 5:colcon.colcon_core.verb:set package 'robot_arm_controller' build argument 'cmake_force_configure' from command line to 'False'
[0.342s] Level 5:colcon.colcon_core.verb:set package 'robot_arm_controller' build argument 'ament_cmake_args' from command line to 'None'
[0.342s] Level 5:colcon.colcon_core.verb:set package 'robot_arm_controller' build argument 'catkin_cmake_args' from command line to 'None'
[0.342s] Level 5:colcon.colcon_core.verb:set package 'robot_arm_controller' build argument 'catkin_skip_building_tests' from command line to 'False'
[0.342s] DEBUG:colcon.colcon_core.verb:Building package 'robot_arm_controller' with the following arguments: {'ament_cmake_args': None, 'build_base': '/home/shiva/Documents/robot_arm/build/robot_arm_controller', 'catkin_cmake_args': None, 'catkin_skip_building_tests': False, 'cmake_args': None, 'cmake_clean_cache': False, 'cmake_clean_first': False, 'cmake_force_configure': False, 'cmake_target': None, 'cmake_target_skip_unavailable': False, 'install_base': '/home/shiva/Documents/robot_arm/install/robot_arm_controller', 'merge_install': False, 'path': '/home/shiva/Documents/robot_arm/src/robot_arm_controller', 'symlink_install': False, 'test_result_base': None}
[0.343s] Level 5:colcon.colcon_core.verb:set package 'robot_arm_description' build argument 'cmake_args' from command line to 'None'
[0.343s] Level 5:colcon.colcon_core.verb:set package 'robot_arm_description' build argument 'cmake_target' from command line to 'None'
[0.343s] Level 5:colcon.colcon_core.verb:set package 'robot_arm_description' build argument 'cmake_target_skip_unavailable' from command line to 'False'
[0.343s] Level 5:colcon.colcon_core.verb:set package 'robot_arm_description' build argument 'cmake_clean_cache' from command line to 'False'
[0.343s] Level 5:colcon.colcon_core.verb:set package 'robot_arm_description' build argument 'cmake_clean_first' from command line to 'False'
[0.343s] Level 5:colcon.colcon_core.verb:set package 'robot_arm_description' build argument 'cmake_force_configure' from command line to 'False'
[0.343s] Level 5:colcon.colcon_core.verb:set package 'robot_arm_description' build argument 'ament_cmake_args' from command line to 'None'
[0.343s] Level 5:colcon.colcon_core.verb:set package 'robot_arm_description' build argument 'catkin_cmake_args' from command line to 'None'
[0.343s] Level 5:colcon.colcon_core.verb:set package 'robot_arm_description' build argument 'catkin_skip_building_tests' from command line to 'False'
[0.343s] DEBUG:colcon.colcon_core.verb:Building package 'robot_arm_description' with the following arguments: {'ament_cmake_args': None, 'build_base': '/home/shiva/Documents/robot_arm/build/robot_arm_description', 'catkin_cmake_args': None, 'catkin_skip_building_tests': False, 'cmake_args': None, 'cmake_clean_cache': False, 'cmake_clean_first': False, 'cmake_force_configure': False, 'cmake_target': None, 'cmake_target_skip_unavailable': False, 'install_base': '/home/shiva/Documents/robot_arm/install/robot_arm_description', 'merge_install': False, 'path': '/home/shiva/Documents/robot_arm/src/robot_arm_description', 'symlink_install': False, 'test_result_base': None}
[0.343s] Level 5:colcon.colcon_core.verb:set package 'robot_arm_interfaces' build argument 'cmake_args' from command line to 'None'
[0.343s] Level 5:colcon.colcon_core.verb:set package 'robot_arm_interfaces' build argument 'cmake_target' from command line to 'None'
[0.343s] Level 5:colcon.colcon_core.verb:set package 'robot_arm_interfaces' build argument 'cmake_target_skip_unavailable' from command line to 'False'
[0.343s] Level 5:colcon.colcon_core.verb:set package 'robot_arm_interfaces' build argument 'cmake_clean_cache' from command line to 'False'
[0.343s] Level 5:colcon.colcon_core.verb:set package 'robot_arm_interfaces' build argument 'cmake_clean_first' from command line to 'False'
[0.343s] Level 5:colcon.colcon_core.verb:set package 'robot_arm_interfaces' build argument 'cmake_force_configure' from command line to 'False'
[0.343s] Level 5:colcon.colcon_core.verb:set package 'robot_arm_interfaces' build argument 'ament_cmake_args' from command line to 'None'
[0.343s] Level 5:colcon.colcon_core.verb:set package 'robot_arm_interfaces' build argument 'catkin_cmake_args' from command line to 'None'
[0.343s] Level 5:colcon.colcon_core.verb:set package 'robot_arm_interfaces' build argument 'catkin_skip_building_tests' from command line to 'False'
[0.343s] DEBUG:colcon.colcon_core.verb:Building package 'robot_arm_interfaces' with the following arguments: {'ament_cmake_args': None, 'build_base': '/home/shiva/Documents/robot_arm/build/robot_arm_interfaces', 'catkin_cmake_args': None, 'catkin_skip_building_tests': False, 'cmake_args': None, 'cmake_clean_cache': False, 'cmake_clean_first': False, 'cmake_force_configure': False, 'cmake_target': None, 'cmake_target_skip_unavailable': False, 'install_base': '/home/shiva/Documents/robot_arm/install/robot_arm_interfaces', 'merge_install': False, 'path': '/home/shiva/Documents/robot_arm/src/robot_arm_interfaces', 'symlink_install': False, 'test_result_base': None}
[0.344s] Level 5:colcon.colcon_core.verb:set package 'robot_arm_moveit' build argument 'cmake_args' from command line to 'None'
[0.344s] Level 5:colcon.colcon_core.verb:set package 'robot_arm_moveit' build argument 'cmake_target' from command line to 'None'
[0.344s] Level 5:colcon.colcon_core.verb:set package 'robot_arm_moveit' build argument 'cmake_target_skip_unavailable' from command line to 'False'
[0.344s] Level 5:colcon.colcon_core.verb:set package 'robot_arm_moveit' build argument 'cmake_clean_cache' from command line to 'False'
[0.344s] Level 5:colcon.colcon_core.verb:set package 'robot_arm_moveit' build argument 'cmake_clean_first' from command line to 'False'
[0.344s] Level 5:colcon.colcon_core.verb:set package 'robot_arm_moveit' build argument 'cmake_force_configure' from command line to 'False'
[0.344s] Level 5:colcon.colcon_core.verb:set package 'robot_arm_moveit' build argument 'ament_cmake_args' from command line to 'None'
[0.344s] Level 5:colcon.colcon_core.verb:set package 'robot_arm_moveit' build argument 'catkin_cmake_args' from command line to 'None'
[0.344s] Level 5:colcon.colcon_core.verb:set package 'robot_arm_moveit' build argument 'catkin_skip_building_tests' from command line to 'False'
[0.344s] DEBUG:colcon.colcon_core.verb:Building package 'robot_arm_moveit' with the following arguments: {'ament_cmake_args': None, 'build_base': '/home/shiva/Documents/robot_arm/build/robot_arm_moveit', 'catkin_cmake_args': None, 'catkin_skip_building_tests': False, 'cmake_args': None, 'cmake_clean_cache': False, 'cmake_clean_first': False, 'cmake_force_configure': False, 'cmake_target': None, 'cmake_target_skip_unavailable': False, 'install_base': '/home/shiva/Documents/robot_arm/install/robot_arm_moveit', 'merge_install': False, 'path': '/home/shiva/Documents/robot_arm/src/robot_arm_moveit', 'symlink_install': False, 'test_result_base': None}
[0.344s] Level 5:colcon.colcon_core.verb:set package 'robot_arm_remote' build argument 'cmake_args' from command line to 'None'
[0.344s] Level 5:colcon.colcon_core.verb:set package 'robot_arm_remote' build argument 'cmake_target' from command line to 'None'
[0.344s] Level 5:colcon.colcon_core.verb:set package 'robot_arm_remote' build argument 'cmake_target_skip_unavailable' from command line to 'False'
[0.344s] Level 5:colcon.colcon_core.verb:set package 'robot_arm_remote' build argument 'cmake_clean_cache' from command line to 'False'
[0.344s] Level 5:colcon.colcon_core.verb:set package 'robot_arm_remote' build argument 'cmake_clean_first' from command line to 'False'
[0.344s] Level 5:colcon.colcon_core.verb:set package 'robot_arm_remote' build argument 'cmake_force_configure' from command line to 'False'
[0.344s] Level 5:colcon.colcon_core.verb:set package 'robot_arm_remote' build argument 'ament_cmake_args' from command line to 'None'
[0.344s] Level 5:colcon.colcon_core.verb:set package 'robot_arm_remote' build argument 'catkin_cmake_args' from command line to 'None'
[0.344s] Level 5:colcon.colcon_core.verb:set package 'robot_arm_remote' build argument 'catkin_skip_building_tests' from command line to 'False'
[0.344s] DEBUG:colcon.colcon_core.verb:Building package 'robot_arm_remote' with the following arguments: {'ament_cmake_args': None, 'build_base': '/home/shiva/Documents/robot_arm/build/robot_arm_remote', 'catkin_cmake_args': None, 'catkin_skip_building_tests': False, 'cmake_args': None, 'cmake_clean_cache': False, 'cmake_clean_first': False, 'cmake_force_configure': False, 'cmake_target': None, 'cmake_target_skip_unavailable': False, 'install_base': '/home/shiva/Documents/robot_arm/install/robot_arm_remote', 'merge_install': False, 'path': '/home/shiva/Documents/robot_arm/src/robot_arm_remote', 'symlink_install': False, 'test_result_base': None}
[0.345s] INFO:colcon.colcon_core.executor:Executing jobs using 'parallel' executor
[0.345s] DEBUG:colcon.colcon_parallel_executor.executor.parallel:run_until_complete
[0.346s] INFO:colcon.colcon_ros.task.ament_cmake.build:Building ROS package in '/home/shiva/Documents/robot_arm/src/robot_arm_interfaces' with build type 'ament_cmake'
[0.346s] INFO:colcon.colcon_cmake.task.cmake.build:Building CMake package in '/home/shiva/Documents/robot_arm/src/robot_arm_interfaces'
[0.348s] INFO:colcon.colcon_core.plugin_system:Skipping extension 'colcon_core.shell.bat': Not used on non-Windows systems
[0.348s] INFO:colcon.colcon_core.shell:Skip shell extension 'powershell' for command environment: Not usable outside of PowerShell
[0.348s] DEBUG:colcon.colcon_core.shell:Skip shell extension 'dsv' for command environment
[0.352s] INFO:colcon.colcon_ros.task.ament_cmake.build:Building ROS package in '/home/shiva/Documents/robot_arm/src/cpp_examples' with build type 'ament_cmake'
[0.352s] INFO:colcon.colcon_cmake.task.cmake.build:Building CMake package in '/home/shiva/Documents/robot_arm/src/cpp_examples'
[0.352s] INFO:colcon.colcon_core.shell:Skip shell extension 'powershell' for command environment: Not usable outside of PowerShell
[0.352s] DEBUG:colcon.colcon_core.shell:Skip shell extension 'dsv' for command environment
[0.357s] INFO:colcon.colcon_ros.task.ament_cmake.build:Building ROS package in '/home/shiva/Documents/robot_arm/src/robot_arm_bringup' with build type 'ament_cmake'
[0.357s] INFO:colcon.colcon_cmake.task.cmake.build:Building CMake package in '/home/shiva/Documents/robot_arm/src/robot_arm_bringup'
[0.357s] INFO:colcon.colcon_core.shell:Skip shell extension 'powershell' for command environment: Not usable outside of PowerShell
[0.357s] DEBUG:colcon.colcon_core.shell:Skip shell extension 'dsv' for command environment
[0.361s] INFO:colcon.colcon_ros.task.ament_cmake.build:Building ROS package in '/home/shiva/Documents/robot_arm/src/robot_arm_controller' with build type 'ament_cmake'
[0.361s] INFO:colcon.colcon_cmake.task.cmake.build:Building CMake package in '/home/shiva/Documents/robot_arm/src/robot_arm_controller'
[0.361s] INFO:colcon.colcon_core.shell:Skip shell extension 'powershell' for command environment: Not usable outside of PowerShell
[0.361s] DEBUG:colcon.colcon_core.shell:Skip shell extension 'dsv' for command environment
[0.365s] INFO:colcon.colcon_ros.task.ament_cmake.build:Building ROS package in '/home/shiva/Documents/robot_arm/src/robot_arm_description' with build type 'ament_cmake'
[0.365s] INFO:colcon.colcon_cmake.task.cmake.build:Building CMake package in '/home/shiva/Documents/robot_arm/src/robot_arm_description'
[0.366s] INFO:colcon.colcon_core.shell:Skip shell extension 'powershell' for command environment: Not usable outside of PowerShell
[0.366s] DEBUG:colcon.colcon_core.shell:Skip shell extension 'dsv' for command environment
[0.370s] INFO:colcon.colcon_ros.task.ament_cmake.build:Building ROS package in '/home/shiva/Documents/robot_arm/src/robot_arm_moveit' with build type 'ament_cmake'
[0.370s] INFO:colcon.colcon_cmake.task.cmake.build:Building CMake package in '/home/shiva/Documents/robot_arm/src/robot_arm_moveit'
[0.370s] INFO:colcon.colcon_core.shell:Skip shell extension 'powershell' for command environment: Not usable outside of PowerShell
[0.370s] DEBUG:colcon.colcon_core.shell:Skip shell extension 'dsv' for command environment
[0.380s] DEBUG:colcon.colcon_core.event_handler.log_command:Invoking command in '/home/shiva/Documents/robot_arm/build/robot_arm_interfaces': CMAKE_PREFIX_PATH=${CMAKE_PREFIX_PATH}:/home/shiva/Documents/wrk_spc/install/my_pkg:/opt/ros/humble /usr/bin/cmake --build /home/shiva/Documents/robot_arm/build/robot_arm_interfaces -- -j8 -l8
[0.382s] DEBUG:colcon.colcon_core.event_handler.log_command:Invoking command in '/home/shiva/Documents/robot_arm/build/cpp_examples': CMAKE_PREFIX_PATH=${CMAKE_PREFIX_PATH}:/home/shiva/Documents/wrk_spc/install/my_pkg:/opt/ros/humble /usr/bin/cmake /home/shiva/Documents/robot_arm/src/cpp_examples -DCMAKE_INSTALL_PREFIX=/home/shiva/Documents/robot_arm/install/cpp_examples
[0.385s] DEBUG:colcon.colcon_core.event_handler.log_command:Invoking command in '/home/shiva/Documents/robot_arm/build/robot_arm_bringup': CMAKE_PREFIX_PATH=${CMAKE_PREFIX_PATH}:/home/shiva/Documents/wrk_spc/install/my_pkg:/opt/ros/humble /usr/bin/cmake --build /home/shiva/Documents/robot_arm/build/robot_arm_bringup -- -j8 -l8
[0.388s] DEBUG:colcon.colcon_core.event_handler.log_command:Invoking command in '/home/shiva/Documents/robot_arm/build/robot_arm_controller': CMAKE_PREFIX_PATH=${CMAKE_PREFIX_PATH}:/home/shiva/Documents/wrk_spc/install/my_pkg:/opt/ros/humble /usr/bin/cmake --build /home/shiva/Documents/robot_arm/build/robot_arm_controller -- -j8 -l8
[0.392s] DEBUG:colcon.colcon_core.event_handler.log_command:Invoking command in '/home/shiva/Documents/robot_arm/build/robot_arm_description': CMAKE_PREFIX_PATH=${CMAKE_PREFIX_PATH}:/home/shiva/Documents/wrk_spc/install/my_pkg:/opt/ros/humble /usr/bin/cmake --build /home/shiva/Documents/robot_arm/build/robot_arm_description -- -j8 -l8
[0.397s] DEBUG:colcon.colcon_core.event_handler.log_command:Invoking command in '/home/shiva/Documents/robot_arm/build/robot_arm_moveit': CMAKE_PREFIX_PATH=${CMAKE_PREFIX_PATH}:/home/shiva/Documents/wrk_spc/install/my_pkg:/opt/ros/humble /usr/bin/cmake --build /home/shiva/Documents/robot_arm/build/robot_arm_moveit -- -j8 -l8
[0.432s] DEBUG:colcon.colcon_core.event_handler.log_command:Invoked command in '/home/shiva/Documents/robot_arm/build/robot_arm_controller' returned '0': CMAKE_PREFIX_PATH=${CMAKE_PREFIX_PATH}:/home/shiva/Documents/wrk_spc/install/my_pkg:/opt/ros/humble /usr/bin/cmake --build /home/shiva/Documents/robot_arm/build/robot_arm_controller -- -j8 -l8
[0.435s] DEBUG:colcon.colcon_core.event_handler.log_command:Invoked command in '/home/shiva/Documents/robot_arm/build/robot_arm_bringup' returned '0': CMAKE_PREFIX_PATH=${CMAKE_PREFIX_PATH}:/home/shiva/Documents/wrk_spc/install/my_pkg:/opt/ros/humble /usr/bin/cmake --build /home/shiva/Documents/robot_arm/build/robot_arm_bringup -- -j8 -l8
[0.438s] DEBUG:colcon.colcon_core.event_handler.log_command:Invoked command in '/home/shiva/Documents/robot_arm/build/robot_arm_description' returned '0': CMAKE_PREFIX_PATH=${CMAKE_PREFIX_PATH}:/home/shiva/Documents/wrk_spc/install/my_pkg:/opt/ros/humble /usr/bin/cmake --build /home/shiva/Documents/robot_arm/build/robot_arm_description -- -j8 -l8
[0.447s] DEBUG:colcon.colcon_core.event_handler.log_command:Invoked command in '/home/shiva/Documents/robot_arm/build/robot_arm_moveit' returned '0': CMAKE_PREFIX_PATH=${CMAKE_PREFIX_PATH}:/home/shiva/Documents/wrk_spc/install/my_pkg:/opt/ros/humble /usr/bin/cmake --build /home/shiva/Documents/robot_arm/build/robot_arm_moveit -- -j8 -l8
[0.487s] DEBUG:colcon.colcon_core.event_handler.log_command:Invoking command in '/home/shiva/Documents/robot_arm/build/robot_arm_controller': CMAKE_PREFIX_PATH=${CMAKE_PREFIX_PATH}:/home/shiva/Documents/wrk_spc/install/my_pkg:/opt/ros/humble /usr/bin/cmake --install /home/shiva/Documents/robot_arm/build/robot_arm_controller
[0.492s] DEBUG:colcon.colcon_core.event_handler.log_command:Invoking command in '/home/shiva/Documents/robot_arm/build/robot_arm_bringup': CMAKE_PREFIX_PATH=${CMAKE_PREFIX_PATH}:/home/shiva/Documents/wrk_spc/install/my_pkg:/opt/ros/humble /usr/bin/cmake --install /home/shiva/Documents/robot_arm/build/robot_arm_bringup
[0.494s] DEBUG:colcon.colcon_core.event_handler.log_command:Invoking command in '/home/shiva/Documents/robot_arm/build/robot_arm_description': CMAKE_PREFIX_PATH=${CMAKE_PREFIX_PATH}:/home/shiva/Documents/wrk_spc/install/my_pkg:/opt/ros/humble /usr/bin/cmake --install /home/shiva/Documents/robot_arm/build/robot_arm_description
[0.499s] DEBUG:colcon.colcon_core.event_handler.log_command:Invoking command in '/home/shiva/Documents/robot_arm/build/robot_arm_moveit': CMAKE_PREFIX_PATH=${CMAKE_PREFIX_PATH}:/home/shiva/Documents/wrk_spc/install/my_pkg:/opt/ros/humble /usr/bin/cmake --install /home/shiva/Documents/robot_arm/build/robot_arm_moveit
[0.506s] Level 1:colcon.colcon_core.environment:create_environment_scripts_only(robot_arm_controller)
[0.511s] DEBUG:colcon.colcon_core.event_handler.log_command:Invoked command in '/home/shiva/Documents/robot_arm/build/robot_arm_controller' returned '0': CMAKE_PREFIX_PATH=${CMAKE_PREFIX_PATH}:/home/shiva/Documents/wrk_spc/install/my_pkg:/opt/ros/humble /usr/bin/cmake --install /home/shiva/Documents/robot_arm/build/robot_arm_controller
[0.518s] Level 1:colcon.colcon_core.environment:checking '/home/shiva/Documents/robot_arm/install/robot_arm_controller' for CMake module files
[0.518s] Level 1:colcon.colcon_core.environment:checking '/home/shiva/Documents/robot_arm/install/robot_arm_controller' for CMake config files
[0.519s] Level 1:colcon.colcon_core.shell:create_environment_hook('robot_arm_controller', 'cmake_prefix_path')
[0.519s] INFO:colcon.colcon_core.shell:Creating environment hook '/home/shiva/Documents/robot_arm/install/robot_arm_controller/share/robot_arm_controller/hook/cmake_prefix_path.ps1'
[0.520s] INFO:colcon.colcon_core.shell:Creating environment descriptor '/home/shiva/Documents/robot_arm/install/robot_arm_controller/share/robot_arm_controller/hook/cmake_prefix_path.dsv'
[0.520s] INFO:colcon.colcon_core.shell:Creating environment hook '/home/shiva/Documents/robot_arm/install/robot_arm_controller/share/robot_arm_controller/hook/cmake_prefix_path.sh'
[0.521s] Level 1:colcon.colcon_core.environment:checking '/home/shiva/Documents/robot_arm/install/robot_arm_controller/bin'
[0.521s] Level 1:colcon.colcon_core.environment:checking '/home/shiva/Documents/robot_arm/install/robot_arm_controller/lib/pkgconfig/robot_arm_controller.pc'
[0.522s] Level 1:colcon.colcon_core.environment:checking '/home/shiva/Documents/robot_arm/install/robot_arm_controller/lib/python3.10/site-packages'
[0.522s] Level 1:colcon.colcon_core.environment:checking '/home/shiva/Documents/robot_arm/install/robot_arm_controller/bin'
[0.522s] INFO:colcon.colcon_core.shell:Creating package script '/home/shiva/Documents/robot_arm/install/robot_arm_controller/share/robot_arm_controller/package.ps1'
[0.523s] INFO:colcon.colcon_core.shell:Creating package descriptor '/home/shiva/Documents/robot_arm/install/robot_arm_controller/share/robot_arm_controller/package.dsv'
[0.524s] INFO:colcon.colcon_core.shell:Creating package script '/home/shiva/Documents/robot_arm/install/robot_arm_controller/share/robot_arm_controller/package.sh'
[0.526s] INFO:colcon.colcon_core.shell:Creating package script '/home/shiva/Documents/robot_arm/install/robot_arm_controller/share/robot_arm_controller/package.bash'
[0.526s] INFO:colcon.colcon_core.shell:Creating package script '/home/shiva/Documents/robot_arm/install/robot_arm_controller/share/robot_arm_controller/package.zsh'
[0.527s] Level 1:colcon.colcon_core.environment:create_file_with_runtime_dependencies(/home/shiva/Documents/robot_arm/install/robot_arm_controller/share/colcon-core/packages/robot_arm_controller)
[0.529s] Level 1:colcon.colcon_core.environment:create_environment_scripts_only(robot_arm_bringup)
[0.530s] Level 1:colcon.colcon_core.environment:checking '/home/shiva/Documents/robot_arm/install/robot_arm_bringup' for CMake module files
[0.531s] DEBUG:colcon.colcon_core.event_handler.log_command:Invoked command in '/home/shiva/Documents/robot_arm/build/robot_arm_bringup' returned '0': CMAKE_PREFIX_PATH=${CMAKE_PREFIX_PATH}:/home/shiva/Documents/wrk_spc/install/my_pkg:/opt/ros/humble /usr/bin/cmake --install /home/shiva/Documents/robot_arm/build/robot_arm_bringup
[0.532s] Level 1:colcon.colcon_core.environment:checking '/home/shiva/Documents/robot_arm/install/robot_arm_bringup' for CMake config files
[0.532s] Level 1:colcon.colcon_core.shell:create_environment_hook('robot_arm_bringup', 'cmake_prefix_path')
[0.532s] INFO:colcon.colcon_core.shell:Creating environment hook '/home/shiva/Documents/robot_arm/install/robot_arm_bringup/share/robot_arm_bringup/hook/cmake_prefix_path.ps1'
[0.533s] INFO:colcon.colcon_core.shell:Creating environment descriptor '/home/shiva/Documents/robot_arm/install/robot_arm_bringup/share/robot_arm_bringup/hook/cmake_prefix_path.dsv'
[0.534s] INFO:colcon.colcon_core.shell:Creating environment hook '/home/shiva/Documents/robot_arm/install/robot_arm_bringup/share/robot_arm_bringup/hook/cmake_prefix_path.sh'
[0.534s] Level 1:colcon.colcon_core.environment:checking '/home/shiva/Documents/robot_arm/install/robot_arm_bringup/bin'
[0.534s] Level 1:colcon.colcon_core.environment:checking '/home/shiva/Documents/robot_arm/install/robot_arm_bringup/lib/pkgconfig/robot_arm_bringup.pc'
[0.535s] Level 1:colcon.colcon_core.environment:checking '/home/shiva/Documents/robot_arm/install/robot_arm_bringup/lib/python3.10/site-packages'
[0.535s] Level 1:colcon.colcon_core.environment:checking '/home/shiva/Documents/robot_arm/install/robot_arm_bringup/bin'
[0.536s] INFO:colcon.colcon_core.shell:Creating package script '/home/shiva/Documents/robot_arm/install/robot_arm_bringup/share/robot_arm_bringup/package.ps1'
[0.537s] INFO:colcon.colcon_core.shell:Creating package descriptor '/home/shiva/Documents/robot_arm/install/robot_arm_bringup/share/robot_arm_bringup/package.dsv'
[0.537s] INFO:colcon.colcon_core.shell:Creating package script '/home/shiva/Documents/robot_arm/install/robot_arm_bringup/share/robot_arm_bringup/package.sh'
[0.538s] INFO:colcon.colcon_core.shell:Creating package script '/home/shiva/Documents/robot_arm/install/robot_arm_bringup/share/robot_arm_bringup/package.bash'
[0.538s] INFO:colcon.colcon_core.shell:Creating package script '/home/shiva/Documents/robot_arm/install/robot_arm_bringup/share/robot_arm_bringup/package.zsh'
[0.539s] Level 1:colcon.colcon_core.environment:create_file_with_runtime_dependencies(/home/shiva/Documents/robot_arm/install/robot_arm_bringup/share/colcon-core/packages/robot_arm_bringup)
[0.541s] Level 1:colcon.colcon_core.environment:create_environment_scripts_only(robot_arm_description)
[0.541s] Level 1:colcon.colcon_core.environment:checking '/home/shiva/Documents/robot_arm/install/robot_arm_description' for CMake module files
[0.542s] DEBUG:colcon.colcon_core.event_handler.log_command:Invoked command in '/home/shiva/Documents/robot_arm/build/robot_arm_description' returned '0': CMAKE_PREFIX_PATH=${CMAKE_PREFIX_PATH}:/home/shiva/Documents/wrk_spc/install/my_pkg:/opt/ros/humble /usr/bin/cmake --install /home/shiva/Documents/robot_arm/build/robot_arm_description
[0.543s] Level 1:colcon.colcon_core.environment:checking '/home/shiva/Documents/robot_arm/install/robot_arm_description' for CMake config files
[0.543s] Level 1:colcon.colcon_core.shell:create_environment_hook('robot_arm_description', 'cmake_prefix_path')
[0.543s] INFO:colcon.colcon_core.shell:Creating environment hook '/home/shiva/Documents/robot_arm/install/robot_arm_description/share/robot_arm_description/hook/cmake_prefix_path.ps1'
[0.544s] INFO:colcon.colcon_core.shell:Creating environment descriptor '/home/shiva/Documents/robot_arm/install/robot_arm_description/share/robot_arm_description/hook/cmake_prefix_path.dsv'
[0.544s] INFO:colcon.colcon_core.shell:Creating environment hook '/home/shiva/Documents/robot_arm/install/robot_arm_description/share/robot_arm_description/hook/cmake_prefix_path.sh'
[0.545s] Level 1:colcon.colcon_core.environment:checking '/home/shiva/Documents/robot_arm/install/robot_arm_description/bin'
[0.545s] Level 1:colcon.colcon_core.environment:checking '/home/shiva/Documents/robot_arm/install/robot_arm_description/lib/pkgconfig/robot_arm_description.pc'
[0.546s] Level 1:colcon.colcon_core.environment:checking '/home/shiva/Documents/robot_arm/install/robot_arm_description/lib/python3.10/site-packages'
[0.546s] Level 1:colcon.colcon_core.environment:checking '/home/shiva/Documents/robot_arm/install/robot_arm_description/bin'
[0.547s] INFO:colcon.colcon_core.shell:Creating package script '/home/shiva/Documents/robot_arm/install/robot_arm_description/share/robot_arm_description/package.ps1'
[0.547s] INFO:colcon.colcon_core.shell:Creating package descriptor '/home/shiva/Documents/robot_arm/install/robot_arm_description/share/robot_arm_description/package.dsv'
[0.548s] INFO:colcon.colcon_core.shell:Creating package script '/home/shiva/Documents/robot_arm/install/robot_arm_description/share/robot_arm_description/package.sh'
[0.549s] INFO:colcon.colcon_core.shell:Creating package script '/home/shiva/Documents/robot_arm/install/robot_arm_description/share/robot_arm_description/package.bash'
[0.550s] INFO:colcon.colcon_core.shell:Creating package script '/home/shiva/Documents/robot_arm/install/robot_arm_description/share/robot_arm_description/package.zsh'
[0.550s] Level 1:colcon.colcon_core.environment:create_file_with_runtime_dependencies(/home/shiva/Documents/robot_arm/install/robot_arm_description/share/colcon-core/packages/robot_arm_description)
[0.551s] Level 1:colcon.colcon_core.environment:create_environment_scripts_only(robot_arm_moveit)
[0.552s] Level 1:colcon.colcon_core.environment:checking '/home/shiva/Documents/robot_arm/install/robot_arm_moveit' for CMake module files
[0.553s] Level 1:colcon.colcon_core.environment:checking '/home/shiva/Documents/robot_arm/install/robot_arm_moveit' for CMake config files
[0.554s] DEBUG:colcon.colcon_core.event_handler.log_command:Invoked command in '/home/shiva/Documents/robot_arm/build/robot_arm_moveit' returned '0': CMAKE_PREFIX_PATH=${CMAKE_PREFIX_PATH}:/home/shiva/Documents/wrk_spc/install/my_pkg:/opt/ros/humble /usr/bin/cmake --install /home/shiva/Documents/robot_arm/build/robot_arm_moveit
[0.554s] Level 1:colcon.colcon_core.shell:create_environment_hook('robot_arm_moveit', 'cmake_prefix_path')
[0.554s] INFO:colcon.colcon_core.shell:Creating environment hook '/home/shiva/Documents/robot_arm/install/robot_arm_moveit/share/robot_arm_moveit/hook/cmake_prefix_path.ps1'
[0.555s] INFO:colcon.colcon_core.shell:Creating environment descriptor '/home/shiva/Documents/robot_arm/install/robot_arm_moveit/share/robot_arm_moveit/hook/cmake_prefix_path.dsv'
[0.556s] INFO:colcon.colcon_core.shell:Creating environment hook '/home/shiva/Documents/robot_arm/install/robot_arm_moveit/share/robot_arm_moveit/hook/cmake_prefix_path.sh'
[0.556s] Level 1:colcon.colcon_core.environment:checking '/home/shiva/Documents/robot_arm/install/robot_arm_moveit/bin'
[0.557s] Level 1:colcon.colcon_core.environment:checking '/home/shiva/Documents/robot_arm/install/robot_arm_moveit/lib/pkgconfig/robot_arm_moveit.pc'
[0.557s] Level 1:colcon.colcon_core.environment:checking '/home/shiva/Documents/robot_arm/install/robot_arm_moveit/lib/python3.10/site-packages'
[0.557s] Level 1:colcon.colcon_core.environment:checking '/home/shiva/Documents/robot_arm/install/robot_arm_moveit/bin'
[0.558s] INFO:colcon.colcon_core.shell:Creating package script '/home/shiva/Documents/robot_arm/install/robot_arm_moveit/share/robot_arm_moveit/package.ps1'
[0.559s] INFO:colcon.colcon_core.shell:Creating package descriptor '/home/shiva/Documents/robot_arm/install/robot_arm_moveit/share/robot_arm_moveit/package.dsv'
[0.559s] INFO:colcon.colcon_core.shell:Creating package script '/home/shiva/Documents/robot_arm/install/robot_arm_moveit/share/robot_arm_moveit/package.sh'
[0.560s] INFO:colcon.colcon_core.shell:Creating package script '/home/shiva/Documents/robot_arm/install/robot_arm_moveit/share/robot_arm_moveit/package.bash'
[0.560s] INFO:colcon.colcon_core.shell:Creating package script '/home/shiva/Documents/robot_arm/install/robot_arm_moveit/share/robot_arm_moveit/package.zsh'
[0.561s] Level 1:colcon.colcon_core.environment:create_file_with_runtime_dependencies(/home/shiva/Documents/robot_arm/install/robot_arm_moveit/share/colcon-core/packages/robot_arm_moveit)
[0.563s] Level 1:colcon.colcon_core.environment:create_environment_scripts_only(robot_arm_controller)
[0.564s] Level 1:colcon.colcon_core.environment:checking '/home/shiva/Documents/robot_arm/install/robot_arm_controller' for CMake module files
[0.564s] Level 1:colcon.colcon_core.environment:checking '/home/shiva/Documents/robot_arm/install/robot_arm_controller' for CMake config files
[0.565s] Level 1:colcon.colcon_core.shell:create_environment_hook('robot_arm_controller', 'cmake_prefix_path')
[0.565s] INFO:colcon.colcon_core.shell:Creating environment hook '/home/shiva/Documents/robot_arm/install/robot_arm_controller/share/robot_arm_controller/hook/cmake_prefix_path.ps1'
[0.566s] INFO:colcon.colcon_core.shell:Creating environment descriptor '/home/shiva/Documents/robot_arm/install/robot_arm_controller/share/robot_arm_controller/hook/cmake_prefix_path.dsv'
[0.567s] INFO:colcon.colcon_core.shell:Creating environment hook '/home/shiva/Documents/robot_arm/install/robot_arm_controller/share/robot_arm_controller/hook/cmake_prefix_path.sh'
[0.568s] Level 1:colcon.colcon_core.environment:checking '/home/shiva/Documents/robot_arm/install/robot_arm_controller/bin'
[0.568s] Level 1:colcon.colcon_core.environment:checking '/home/shiva/Documents/robot_arm/install/robot_arm_controller/lib/pkgconfig/robot_arm_controller.pc'
[0.568s] Level 1:colcon.colcon_core.environment:checking '/home/shiva/Documents/robot_arm/install/robot_arm_controller/lib/python3.10/site-packages'
[0.568s] Level 1:colcon.colcon_core.environment:checking '/home/shiva/Documents/robot_arm/install/robot_arm_controller/bin'
[0.569s] INFO:colcon.colcon_core.shell:Creating package script '/home/shiva/Documents/robot_arm/install/robot_arm_controller/share/robot_arm_controller/package.ps1'
[0.570s] INFO:colcon.colcon_core.shell:Creating package descriptor '/home/shiva/Documents/robot_arm/install/robot_arm_controller/share/robot_arm_controller/package.dsv'
[0.571s] INFO:colcon.colcon_core.shell:Creating package script '/home/shiva/Documents/robot_arm/install/robot_arm_controller/share/robot_arm_controller/package.sh'
[0.571s] INFO:colcon.colcon_core.shell:Creating package script '/home/shiva/Documents/robot_arm/install/robot_arm_controller/share/robot_arm_controller/package.bash'
[0.572s] INFO:colcon.colcon_core.shell:Creating package script '/home/shiva/Documents/robot_arm/install/robot_arm_controller/share/robot_arm_controller/package.zsh'
[0.573s] Level 1:colcon.colcon_core.environment:create_file_with_runtime_dependencies(/home/shiva/Documents/robot_arm/install/robot_arm_controller/share/colcon-core/packages/robot_arm_controller)
[0.575s] Level 1:colcon.colcon_core.environment:create_environment_scripts_only(robot_arm_bringup)
[0.575s] Level 1:colcon.colcon_core.environment:checking '/home/shiva/Documents/robot_arm/install/robot_arm_bringup' for CMake module files
[0.576s] Level 1:colcon.colcon_core.environment:checking '/home/shiva/Documents/robot_arm/install/robot_arm_bringup' for CMake config files
[0.577s] Level 1:colcon.colcon_core.shell:create_environment_hook('robot_arm_bringup', 'cmake_prefix_path')
[0.577s] INFO:colcon.colcon_core.shell:Creating environment hook '/home/shiva/Documents/robot_arm/install/robot_arm_bringup/share/robot_arm_bringup/hook/cmake_prefix_path.ps1'
[0.578s] INFO:colcon.colcon_core.shell:Creating environment descriptor '/home/shiva/Documents/robot_arm/install/robot_arm_bringup/share/robot_arm_bringup/hook/cmake_prefix_path.dsv'
[0.579s] INFO:colcon.colcon_core.shell:Creating environment hook '/home/shiva/Documents/robot_arm/install/robot_arm_bringup/share/robot_arm_bringup/hook/cmake_prefix_path.sh'
[0.579s] Level 1:colcon.colcon_core.environment:checking '/home/shiva/Documents/robot_arm/install/robot_arm_bringup/bin'
[0.580s] Level 1:colcon.colcon_core.environment:checking '/home/shiva/Documents/robot_arm/install/robot_arm_bringup/lib/pkgconfig/robot_arm_bringup.pc'
[0.580s] Level 1:colcon.colcon_core.environment:checking '/home/shiva/Documents/robot_arm/install/robot_arm_bringup/lib/python3.10/site-packages'
[0.580s] Level 1:colcon.colcon_core.environment:checking '/home/shiva/Documents/robot_arm/install/robot_arm_bringup/bin'
[0.581s] INFO:colcon.colcon_core.shell:Creating package script '/home/shiva/Documents/robot_arm/install/robot_arm_bringup/share/robot_arm_bringup/package.ps1'
[0.582s] INFO:colcon.colcon_core.shell:Creating package descriptor '/home/shiva/Documents/robot_arm/install/robot_arm_bringup/share/robot_arm_bringup/package.dsv'
[0.583s] INFO:colcon.colcon_core.shell:Creating package script '/home/shiva/Documents/robot_arm/install/robot_arm_bringup/share/robot_arm_bringup/package.sh'
[0.584s] INFO:colcon.colcon_core.shell:Creating package script '/home/shiva/Documents/robot_arm/install/robot_arm_bringup/share/robot_arm_bringup/package.bash'
[0.585s] INFO:colcon.colcon_core.shell:Creating package script '/home/shiva/Documents/robot_arm/install/robot_arm_bringup/share/robot_arm_bringup/package.zsh'
[0.585s] Level 1:colcon.colcon_core.environment:create_file_with_runtime_dependencies(/home/shiva/Documents/robot_arm/install/robot_arm_bringup/share/colcon-core/packages/robot_arm_bringup)
[0.587s] Level 1:colcon.colcon_core.environment:create_environment_scripts_only(robot_arm_description)
[0.587s] Level 1:colcon.colcon_core.environment:checking '/home/shiva/Documents/robot_arm/install/robot_arm_description' for CMake module files
[0.588s] Level 1:colcon.colcon_core.environment:checking '/home/shiva/Documents/robot_arm/install/robot_arm_description' for CMake config files
[0.588s] Level 1:colcon.colcon_core.shell:create_environment_hook('robot_arm_description', 'cmake_prefix_path')
[0.588s] INFO:colcon.colcon_core.shell:Creating environment hook '/home/shiva/Documents/robot_arm/install/robot_arm_description/share/robot_arm_description/hook/cmake_prefix_path.ps1'
[0.589s] INFO:colcon.colcon_core.shell:Creating environment descriptor '/home/shiva/Documents/robot_arm/install/robot_arm_description/share/robot_arm_description/hook/cmake_prefix_path.dsv'
[0.589s] INFO:colcon.colcon_core.shell:Creating environment hook '/home/shiva/Documents/robot_arm/install/robot_arm_description/share/robot_arm_description/hook/cmake_prefix_path.sh'
[0.590s] Level 1:colcon.colcon_core.environment:checking '/home/shiva/Documents/robot_arm/install/robot_arm_description/bin'
[0.590s] Level 1:colcon.colcon_core.environment:checking '/home/shiva/Documents/robot_arm/install/robot_arm_description/lib/pkgconfig/robot_arm_description.pc'
[0.591s] Level 1:colcon.colcon_core.environment:checking '/home/shiva/Documents/robot_arm/install/robot_arm_description/lib/python3.10/site-packages'
[0.591s] Level 1:colcon.colcon_core.environment:checking '/home/shiva/Documents/robot_arm/install/robot_arm_description/bin'
[0.591s] INFO:colcon.colcon_core.shell:Creating package script '/home/shiva/Documents/robot_arm/install/robot_arm_description/share/robot_arm_description/package.ps1'
[0.592s] INFO:colcon.colcon_core.shell:Creating package descriptor '/home/shiva/Documents/robot_arm/install/robot_arm_description/share/robot_arm_description/package.dsv'
[0.593s] INFO:colcon.colcon_core.shell:Creating package script '/home/shiva/Documents/robot_arm/install/robot_arm_description/share/robot_arm_description/package.sh'
[0.594s] INFO:colcon.colcon_core.shell:Creating package script '/home/shiva/Documents/robot_arm/install/robot_arm_description/share/robot_arm_description/package.bash'
[0.594s] INFO:colcon.colcon_core.shell:Creating package script '/home/shiva/Documents/robot_arm/install/robot_arm_description/share/robot_arm_description/package.zsh'
[0.595s] Level 1:colcon.colcon_core.environment:create_file_with_runtime_dependencies(/home/shiva/Documents/robot_arm/install/robot_arm_description/share/colcon-core/packages/robot_arm_description)
[0.596s] Level 1:colcon.colcon_core.environment:create_environment_scripts_only(robot_arm_moveit)
[0.596s] Level 1:colcon.colcon_core.environment:checking '/home/shiva/Documents/robot_arm/install/robot_arm_moveit' for CMake module files
[0.597s] Level 1:colcon.colcon_core.environment:checking '/home/shiva/Documents/robot_arm/install/robot_arm_moveit' for CMake config files
[0.597s] Level 1:colcon.colcon_core.shell:create_environment_hook('robot_arm_moveit', 'cmake_prefix_path')
[0.598s] INFO:colcon.colcon_core.shell:Creating environment hook '/home/shiva/Documents/robot_arm/install/robot_arm_moveit/share/robot_arm_moveit/hook/cmake_prefix_path.ps1'
[0.599s] INFO:colcon.colcon_core.shell:Creating environment descriptor '/home/shiva/Documents/robot_arm/install/robot_arm_moveit/share/robot_arm_moveit/hook/cmake_prefix_path.dsv'
[0.599s] INFO:colcon.colcon_core.shell:Creating environment hook '/home/shiva/Documents/robot_arm/install/robot_arm_moveit/share/robot_arm_moveit/hook/cmake_prefix_path.sh'
[0.600s] Level 1:colcon.colcon_core.environment:checking '/home/shiva/Documents/robot_arm/install/robot_arm_moveit/bin'
[0.600s] Level 1:colcon.colcon_core.environment:checking '/home/shiva/Documents/robot_arm/install/robot_arm_moveit/lib/pkgconfig/robot_arm_moveit.pc'
[0.601s] Level 1:colcon.colcon_core.environment:checking '/home/shiva/Documents/robot_arm/install/robot_arm_moveit/lib/python3.10/site-packages'
[0.601s] Level 1:colcon.colcon_core.environment:checking '/home/shiva/Documents/robot_arm/install/robot_arm_moveit/bin'
[0.602s] INFO:colcon.colcon_core.shell:Creating package script '/home/shiva/Documents/robot_arm/install/robot_arm_moveit/share/robot_arm_moveit/package.ps1'
[0.603s] INFO:colcon.colcon_core.shell:Creating package descriptor '/home/shiva/Documents/robot_arm/install/robot_arm_moveit/share/robot_arm_moveit/package.dsv'
[0.603s] INFO:colcon.colcon_core.shell:Creating package script '/home/shiva/Documents/robot_arm/install/robot_arm_moveit/share/robot_arm_moveit/package.sh'
[0.604s] INFO:colcon.colcon_core.shell:Creating package script '/home/shiva/Documents/robot_arm/install/robot_arm_moveit/share/robot_arm_moveit/package.bash'
[0.604s] INFO:colcon.colcon_core.shell:Creating package script '/home/shiva/Documents/robot_arm/install/robot_arm_moveit/share/robot_arm_moveit/package.zsh'
[0.605s] Level 1:colcon.colcon_core.environment:create_file_with_runtime_dependencies(/home/shiva/Documents/robot_arm/install/robot_arm_moveit/share/colcon-core/packages/robot_arm_moveit)
[0.909s] DEBUG:colcon.colcon_core.event_handler.log_command:Invoked command in '/home/shiva/Documents/robot_arm/build/robot_arm_interfaces' returned '0': CMAKE_PREFIX_PATH=${CMAKE_PREFIX_PATH}:/home/shiva/Documents/wrk_spc/install/my_pkg:/opt/ros/humble /usr/bin/cmake --build /home/shiva/Documents/robot_arm/build/robot_arm_interfaces -- -j8 -l8
[0.954s] DEBUG:colcon.colcon_core.event_handler.log_command:Invoking command in '/home/shiva/Documents/robot_arm/build/robot_arm_interfaces': CMAKE_PREFIX_PATH=${CMAKE_PREFIX_PATH}:/home/shiva/Documents/wrk_spc/install/my_pkg:/opt/ros/humble /usr/bin/cmake --install /home/shiva/Documents/robot_arm/build/robot_arm_interfaces
[1.061s] Level 1:colcon.colcon_core.environment:create_environment_scripts_only(robot_arm_interfaces)
[1.062s] Level 1:colcon.colcon_core.environment:checking '/home/shiva/Documents/robot_arm/install/robot_arm_interfaces' for CMake module files
[1.063s] Level 1:colcon.colcon_core.environment:checking '/home/shiva/Documents/robot_arm/install/robot_arm_interfaces' for CMake config files
[1.063s] Level 1:colcon.colcon_core.shell:create_environment_hook('robot_arm_interfaces', 'cmake_prefix_path')
[1.063s] INFO:colcon.colcon_core.shell:Creating environment hook '/home/shiva/Documents/robot_arm/install/robot_arm_interfaces/share/robot_arm_interfaces/hook/cmake_prefix_path.ps1'
[1.064s] INFO:colcon.colcon_core.shell:Creating environment descriptor '/home/shiva/Documents/robot_arm/install/robot_arm_interfaces/share/robot_arm_interfaces/hook/cmake_prefix_path.dsv'
[1.065s] INFO:colcon.colcon_core.shell:Creating environment hook '/home/shiva/Documents/robot_arm/install/robot_arm_interfaces/share/robot_arm_interfaces/hook/cmake_prefix_path.sh'
[1.066s] DEBUG:colcon.colcon_core.event_handler.log_command:Invoked command in '/home/shiva/Documents/robot_arm/build/robot_arm_interfaces' returned '0': CMAKE_PREFIX_PATH=${CMAKE_PREFIX_PATH}:/home/shiva/Documents/wrk_spc/install/my_pkg:/opt/ros/humble /usr/bin/cmake --install /home/shiva/Documents/robot_arm/build/robot_arm_interfaces
[1.066s] Level 1:colcon.colcon_core.environment:checking '/home/shiva/Documents/robot_arm/install/robot_arm_interfaces/lib'
[1.066s] Level 1:colcon.colcon_core.shell:create_environment_hook('robot_arm_interfaces', 'ld_library_path_lib')
[1.067s] INFO:colcon.colcon_core.shell:Creating environment hook '/home/shiva/Documents/robot_arm/install/robot_arm_interfaces/share/robot_arm_interfaces/hook/ld_library_path_lib.ps1'
[1.067s] INFO:colcon.colcon_core.shell:Creating environment descriptor '/home/shiva/Documents/robot_arm/install/robot_arm_interfaces/share/robot_arm_interfaces/hook/ld_library_path_lib.dsv'
[1.068s] INFO:colcon.colcon_core.shell:Creating environment hook '/home/shiva/Documents/robot_arm/install/robot_arm_interfaces/share/robot_arm_interfaces/hook/ld_library_path_lib.sh'
[1.069s] Level 1:colcon.colcon_core.environment:checking '/home/shiva/Documents/robot_arm/install/robot_arm_interfaces/bin'
[1.069s] Level 1:colcon.colcon_core.environment:checking '/home/shiva/Documents/robot_arm/install/robot_arm_interfaces/lib/pkgconfig/robot_arm_interfaces.pc'
[1.069s] Level 1:colcon.colcon_core.environment:checking '/home/shiva/Documents/robot_arm/install/robot_arm_interfaces/lib/python3.10/site-packages'
[1.069s] Level 1:colcon.colcon_core.shell:create_environment_hook('robot_arm_interfaces', 'pythonpath')
[1.070s] INFO:colcon.colcon_core.shell:Creating environment hook '/home/shiva/Documents/robot_arm/install/robot_arm_interfaces/share/robot_arm_interfaces/hook/pythonpath.ps1'
[1.070s] INFO:colcon.colcon_core.shell:Creating environment descriptor '/home/shiva/Documents/robot_arm/install/robot_arm_interfaces/share/robot_arm_interfaces/hook/pythonpath.dsv'
[1.071s] INFO:colcon.colcon_core.shell:Creating environment hook '/home/shiva/Documents/robot_arm/install/robot_arm_interfaces/share/robot_arm_interfaces/hook/pythonpath.sh'
[1.072s] Level 1:colcon.colcon_core.environment:checking '/home/shiva/Documents/robot_arm/install/robot_arm_interfaces/bin'
[1.072s] INFO:colcon.colcon_core.shell:Creating package script '/home/shiva/Documents/robot_arm/install/robot_arm_interfaces/share/robot_arm_interfaces/package.ps1'
[1.073s] INFO:colcon.colcon_core.shell:Creating package descriptor '/home/shiva/Documents/robot_arm/install/robot_arm_interfaces/share/robot_arm_interfaces/package.dsv'
[1.074s] INFO:colcon.colcon_core.shell:Creating package script '/home/shiva/Documents/robot_arm/install/robot_arm_interfaces/share/robot_arm_interfaces/package.sh'
[1.075s] INFO:colcon.colcon_core.shell:Creating package script '/home/shiva/Documents/robot_arm/install/robot_arm_interfaces/share/robot_arm_interfaces/package.bash'
[1.075s] INFO:colcon.colcon_core.shell:Creating package script '/home/shiva/Documents/robot_arm/install/robot_arm_interfaces/share/robot_arm_interfaces/package.zsh'
[1.076s] Level 1:colcon.colcon_core.environment:create_file_with_runtime_dependencies(/home/shiva/Documents/robot_arm/install/robot_arm_interfaces/share/colcon-core/packages/robot_arm_interfaces)
[1.129s] Level 1:colcon.colcon_core.environment:create_environment_scripts_only(robot_arm_interfaces)
[1.130s] Level 1:colcon.colcon_core.environment:checking '/home/shiva/Documents/robot_arm/install/robot_arm_interfaces' for CMake module files
[1.130s] Level 1:colcon.colcon_core.environment:checking '/home/shiva/Documents/robot_arm/install/robot_arm_interfaces' for CMake config files
[1.130s] Level 1:colcon.colcon_core.shell:create_environment_hook('robot_arm_interfaces', 'cmake_prefix_path')
[1.130s] INFO:colcon.colcon_core.shell:Creating environment hook '/home/shiva/Documents/robot_arm/install/robot_arm_interfaces/share/robot_arm_interfaces/hook/cmake_prefix_path.ps1'
[1.131s] INFO:colcon.colcon_core.shell:Creating environment descriptor '/home/shiva/Documents/robot_arm/install/robot_arm_interfaces/share/robot_arm_interfaces/hook/cmake_prefix_path.dsv'
[1.131s] INFO:colcon.colcon_core.shell:Creating environment hook '/home/shiva/Documents/robot_arm/install/robot_arm_interfaces/share/robot_arm_interfaces/hook/cmake_prefix_path.sh'
[1.132s] Level 1:colcon.colcon_core.environment:checking '/home/shiva/Documents/robot_arm/install/robot_arm_interfaces/lib'
[1.132s] Level 1:colcon.colcon_core.shell:create_environment_hook('robot_arm_interfaces', 'ld_library_path_lib')
[1.132s] INFO:colcon.colcon_core.shell:Creating environment hook '/home/shiva/Documents/robot_arm/install/robot_arm_interfaces/share/robot_arm_interfaces/hook/ld_library_path_lib.ps1'
[1.132s] INFO:colcon.colcon_core.shell:Creating environment descriptor '/home/shiva/Documents/robot_arm/install/robot_arm_interfaces/share/robot_arm_interfaces/hook/ld_library_path_lib.dsv'
[1.132s] INFO:colcon.colcon_core.shell:Creating environment hook '/home/shiva/Documents/robot_arm/install/robot_arm_interfaces/share/robot_arm_interfaces/hook/ld_library_path_lib.sh'
[1.133s] Level 1:colcon.colcon_core.environment:checking '/home/shiva/Documents/robot_arm/install/robot_arm_interfaces/bin'
[1.133s] Level 1:colcon.colcon_core.environment:checking '/home/shiva/Documents/robot_arm/install/robot_arm_interfaces/lib/pkgconfig/robot_arm_interfaces.pc'
[1.133s] Level 1:colcon.colcon_core.environment:checking '/home/shiva/Documents/robot_arm/install/robot_arm_interfaces/lib/python3.10/site-packages'
[1.133s] Level 1:colcon.colcon_core.shell:create_environment_hook('robot_arm_interfaces', 'pythonpath')
[1.133s] INFO:colcon.colcon_core.shell:Creating environment hook '/home/shiva/Documents/robot_arm/install/robot_arm_interfaces/share/robot_arm_interfaces/hook/pythonpath.ps1'
[1.133s] INFO:colcon.colcon_core.shell:Creating environment descriptor '/home/shiva/Documents/robot_arm/install/robot_arm_interfaces/share/robot_arm_interfaces/hook/pythonpath.dsv'
[1.134s] INFO:colcon.colcon_core.shell:Creating environment hook '/home/shiva/Documents/robot_arm/install/robot_arm_interfaces/share/robot_arm_interfaces/hook/pythonpath.sh'
[1.134s] Level 1:colcon.colcon_core.environment:checking '/home/shiva/Documents/robot_arm/install/robot_arm_interfaces/bin'
[1.134s] INFO:colcon.colcon_core.shell:Creating package script '/home/shiva/Documents/robot_arm/install/robot_arm_interfaces/share/robot_arm_interfaces/package.ps1'
[1.135s] INFO:colcon.colcon_core.shell:Creating package descriptor '/home/shiva/Documents/robot_arm/install/robot_arm_interfaces/share/robot_arm_interfaces/package.dsv'
[1.135s] INFO:colcon.colcon_core.shell:Creating package script '/home/shiva/Documents/robot_arm/install/robot_arm_interfaces/share/robot_arm_interfaces/package.sh'
[1.136s] INFO:colcon.colcon_core.shell:Creating package script '/home/shiva/Documents/robot_arm/install/robot_arm_interfaces/share/robot_arm_interfaces/package.bash'
[1.136s] INFO:colcon.colcon_core.shell:Creating package script '/home/shiva/Documents/robot_arm/install/robot_arm_interfaces/share/robot_arm_interfaces/package.zsh'
[1.136s] Level 1:colcon.colcon_core.environment:create_file_with_runtime_dependencies(/home/shiva/Documents/robot_arm/install/robot_arm_interfaces/share/colcon-core/packages/robot_arm_interfaces)
[1.136s] INFO:colcon.colcon_ros.task.ament_cmake.build:Building ROS package in '/home/shiva/Documents/robot_arm/src/robot_arm_remote' with build type 'ament_cmake'
[1.137s] INFO:colcon.colcon_cmake.task.cmake.build:Building CMake package in '/home/shiva/Documents/robot_arm/src/robot_arm_remote'
[1.137s] INFO:colcon.colcon_core.shell:Skip shell extension 'powershell' for command environment: Not usable outside of PowerShell
[1.137s] DEBUG:colcon.colcon_core.shell:Skip shell extension 'dsv' for command environment
[1.147s] DEBUG:colcon.colcon_core.event_handler.log_command:Invoking command in '/home/shiva/Documents/robot_arm/build/robot_arm_remote': CMAKE_PREFIX_PATH=/home/shiva/Documents/robot_arm/install/robot_arm_interfaces:/home/shiva/Documents/robot_arm/install/robot_arm_remote:/home/shiva/Documents/robot_arm/install/robot_arm_moveit:/home/shiva/Documents/robot_arm/install/robot_arm_description:/home/shiva/Documents/robot_arm/install/robot_arm_controller:/home/shiva/Documents/robot_arm/install/robot_arm_bringup:/home/shiva/Documents/bumperbot_wrkspc/install/bumperbot_description:/home/shiva/Documents/bumperbot_wrkspc/install/bumperbot_controller:/home/shiva/Documents/AGV_Kalman_Filter_Robot/robo_car/install/robot_car_localization:/home/shiva/Documents/AGV_Kalman_Filter_Robot/robo_car/install/robot_car_description:/home/shiva/Documents/AGV_Kalman_Filter_Robot/robo_car/install/robot_car_controller:/home/shiva/Documents/AGV_Kalman_Filter_Robot/robo_car/install/robot_car_bringup:/home/shiva/Documents/wrk_spc/install/my_robot_bringup:/home/shiva/Documents/wrk_spc/install/my_robot_interfaces:/home/shiva/Documents/wrk_spc/install/my_pkg:/opt/ros/humble LD_LIBRARY_PATH=/home/shiva/Documents/robot_arm/install/robot_arm_interfaces/lib:/home/shiva/Documents/robot_arm/install/robot_arm_remote/lib:/home/shiva/Documents/wrk_spc/install/my_robot_interfaces/lib:/opt/ros/humble/opt/rviz_ogre_vendor/lib:/opt/ros/humble/lib/x86_64-linux-gnu:/opt/ros/humble/lib:/usr/share/gazebo/../../lib/x86_64-linux-gnu/gazebo-11/plugins:/usr/share/gazebo/../../lib/x86_64-linux-gnu/gazebo-11/plugins:/usr/share/gazebo/../../lib/x86_64-linux-gnu/gazebo-11/plugins PYTHONPATH=/home/shiva/Documents/robot_arm/install/robot_arm_interfaces/lib/python3.10/site-packages:/home/shiva/Documents/robot_arm/install/robot_arm_remote/lib/python3.10/site-packages:/home/shiva/Documents/AGV_Kalman_Filter_Robot/robo_car/install/robot_car_localization/lib/python3.10/site-packages:/home/shiva/Documents/AGV_Kalman_Filter_Robot/robo_car/install/robot_car_controller/lib/python3.10/site-packages:/home/shiva/Documents/wrk_spc/install/my_pkg/lib/python3.10/site-packages:/home/shiva/Documents/wrk_spc/install/my_robot_interfaces/lib/python3.10/site-packages:/opt/ros/humble/lib/python3.10/site-packages:/opt/ros/humble/local/lib/python3.10/dist-packages /usr/bin/cmake --build /home/shiva/Documents/robot_arm/build/robot_arm_remote -- -j8 -l8
[1.601s] DEBUG:colcon.colcon_core.event_handler.log_command:Invoked command in '/home/shiva/Documents/robot_arm/build/robot_arm_remote' returned '0': CMAKE_PREFIX_PATH=/home/shiva/Documents/robot_arm/install/robot_arm_interfaces:/home/shiva/Documents/robot_arm/install/robot_arm_remote:/home/shiva/Documents/robot_arm/install/robot_arm_moveit:/home/shiva/Documents/robot_arm/install/robot_arm_description:/home/shiva/Documents/robot_arm/install/robot_arm_controller:/home/shiva/Documents/robot_arm/install/robot_arm_bringup:/home/shiva/Documents/bumperbot_wrkspc/install/bumperbot_description:/home/shiva/Documents/bumperbot_wrkspc/install/bumperbot_controller:/home/shiva/Documents/AGV_Kalman_Filter_Robot/robo_car/install/robot_car_localization:/home/shiva/Documents/AGV_Kalman_Filter_Robot/robo_car/install/robot_car_description:/home/shiva/Documents/AGV_Kalman_Filter_Robot/robo_car/install/robot_car_controller:/home/shiva/Documents/AGV_Kalman_Filter_Robot/robo_car/install/robot_car_bringup:/home/shiva/Documents/wrk_spc/install/my_robot_bringup:/home/shiva/Documents/wrk_spc/install/my_robot_interfaces:/home/shiva/Documents/wrk_spc/install/my_pkg:/opt/ros/humble LD_LIBRARY_PATH=/home/shiva/Documents/robot_arm/install/robot_arm_interfaces/lib:/home/shiva/Documents/robot_arm/install/robot_arm_remote/lib:/home/shiva/Documents/wrk_spc/install/my_robot_interfaces/lib:/opt/ros/humble/opt/rviz_ogre_vendor/lib:/opt/ros/humble/lib/x86_64-linux-gnu:/opt/ros/humble/lib:/usr/share/gazebo/../../lib/x86_64-linux-gnu/gazebo-11/plugins:/usr/share/gazebo/../../lib/x86_64-linux-gnu/gazebo-11/plugins:/usr/share/gazebo/../../lib/x86_64-linux-gnu/gazebo-11/plugins PYTHONPATH=/home/shiva/Documents/robot_arm/install/robot_arm_interfaces/lib/python3.10/site-packages:/home/shiva/Documents/robot_arm/install/robot_arm_remote/lib/python3.10/site-packages:/home/shiva/Documents/AGV_Kalman_Filter_Robot/robo_car/install/robot_car_localization/lib/python3.10/site-packages:/home/shiva/Documents/AGV_Kalman_Filter_Robot/robo_car/install/robot_car_controller/lib/python3.10/site-packages:/home/shiva/Documents/wrk_spc/install/my_pkg/lib/python3.10/site-packages:/home/shiva/Documents/wrk_spc/install/my_robot_interfaces/lib/python3.10/site-packages:/opt/ros/humble/lib/python3.10/site-packages:/opt/ros/humble/local/lib/python3.10/dist-packages /usr/bin/cmake --build /home/shiva/Documents/robot_arm/build/robot_arm_remote -- -j8 -l8
[1.630s] DEBUG:colcon.colcon_core.event_handler.log_command:Invoking command in '/home/shiva/Documents/robot_arm/build/robot_arm_remote': CMAKE_PREFIX_PATH=/home/shiva/Documents/robot_arm/install/robot_arm_interfaces:/home/shiva/Documents/robot_arm/install/robot_arm_remote:/home/shiva/Documents/robot_arm/install/robot_arm_moveit:/home/shiva/Documents/robot_arm/install/robot_arm_description:/home/shiva/Documents/robot_arm/install/robot_arm_controller:/home/shiva/Documents/robot_arm/install/robot_arm_bringup:/home/shiva/Documents/bumperbot_wrkspc/install/bumperbot_description:/home/shiva/Documents/bumperbot_wrkspc/install/bumperbot_controller:/home/shiva/Documents/AGV_Kalman_Filter_Robot/robo_car/install/robot_car_localization:/home/shiva/Documents/AGV_Kalman_Filter_Robot/robo_car/install/robot_car_description:/home/shiva/Documents/AGV_Kalman_Filter_Robot/robo_car/install/robot_car_controller:/home/shiva/Documents/AGV_Kalman_Filter_Robot/robo_car/install/robot_car_bringup:/home/shiva/Documents/wrk_spc/install/my_robot_bringup:/home/shiva/Documents/wrk_spc/install/my_robot_interfaces:/home/shiva/Documents/wrk_spc/install/my_pkg:/opt/ros/humble LD_LIBRARY_PATH=/home/shiva/Documents/robot_arm/install/robot_arm_interfaces/lib:/home/shiva/Documents/robot_arm/install/robot_arm_remote/lib:/home/shiva/Documents/wrk_spc/install/my_robot_interfaces/lib:/opt/ros/humble/opt/rviz_ogre_vendor/lib:/opt/ros/humble/lib/x86_64-linux-gnu:/opt/ros/humble/lib:/usr/share/gazebo/../../lib/x86_64-linux-gnu/gazebo-11/plugins:/usr/share/gazebo/../../lib/x86_64-linux-gnu/gazebo-11/plugins:/usr/share/gazebo/../../lib/x86_64-linux-gnu/gazebo-11/plugins PYTHONPATH=/home/shiva/Documents/robot_arm/install/robot_arm_interfaces/lib/python3.10/site-packages:/home/shiva/Documents/robot_arm/install/robot_arm_remote/lib/python3.10/site-packages:/home/shiva/Documents/AGV_Kalman_Filter_Robot/robo_car/install/robot_car_localization/lib/python3.10/site-packages:/home/shiva/Documents/AGV_Kalman_Filter_Robot/robo_car/install/robot_car_controller/lib/python3.10/site-packages:/home/shiva/Documents/wrk_spc/install/my_pkg/lib/python3.10/site-packages:/home/shiva/Documents/wrk_spc/install/my_robot_interfaces/lib/python3.10/site-packages:/opt/ros/humble/lib/python3.10/site-packages:/opt/ros/humble/local/lib/python3.10/dist-packages /usr/bin/cmake --install /home/shiva/Documents/robot_arm/build/robot_arm_remote
[1.732s] Level 1:colcon.colcon_core.environment:create_environment_scripts_only(robot_arm_remote)
[1.733s] DEBUG:colcon.colcon_core.event_handler.log_command:Invoked command in '/home/shiva/Documents/robot_arm/build/robot_arm_remote' returned '0': CMAKE_PREFIX_PATH=/home/shiva/Documents/robot_arm/install/robot_arm_interfaces:/home/shiva/Documents/robot_arm/install/robot_arm_remote:/home/shiva/Documents/robot_arm/install/robot_arm_moveit:/home/shiva/Documents/robot_arm/install/robot_arm_description:/home/shiva/Documents/robot_arm/install/robot_arm_controller:/home/shiva/Documents/robot_arm/install/robot_arm_bringup:/home/shiva/Documents/bumperbot_wrkspc/install/bumperbot_description:/home/shiva/Documents/bumperbot_wrkspc/install/bumperbot_controller:/home/shiva/Documents/AGV_Kalman_Filter_Robot/robo_car/install/robot_car_localization:/home/shiva/Documents/AGV_Kalman_Filter_Robot/robo_car/install/robot_car_description:/home/shiva/Documents/AGV_Kalman_Filter_Robot/robo_car/install/robot_car_controller:/home/shiva/Documents/AGV_Kalman_Filter_Robot/robo_car/install/robot_car_bringup:/home/shiva/Documents/wrk_spc/install/my_robot_bringup:/home/shiva/Documents/wrk_spc/install/my_robot_interfaces:/home/shiva/Documents/wrk_spc/install/my_pkg:/opt/ros/humble LD_LIBRARY_PATH=/home/shiva/Documents/robot_arm/install/robot_arm_interfaces/lib:/home/shiva/Documents/robot_arm/install/robot_arm_remote/lib:/home/shiva/Documents/wrk_spc/install/my_robot_interfaces/lib:/opt/ros/humble/opt/rviz_ogre_vendor/lib:/opt/ros/humble/lib/x86_64-linux-gnu:/opt/ros/humble/lib:/usr/share/gazebo/../../lib/x86_64-linux-gnu/gazebo-11/plugins:/usr/share/gazebo/../../lib/x86_64-linux-gnu/gazebo-11/plugins:/usr/share/gazebo/../../lib/x86_64-linux-gnu/gazebo-11/plugins PYTHONPATH=/home/shiva/Documents/robot_arm/install/robot_arm_interfaces/lib/python3.10/site-packages:/home/shiva/Documents/robot_arm/install/robot_arm_remote/lib/python3.10/site-packages:/home/shiva/Documents/AGV_Kalman_Filter_Robot/robo_car/install/robot_car_localization/lib/python3.10/site-packages:/home/shiva/Documents/AGV_Kalman_Filter_Robot/robo_car/install/robot_car_controller/lib/python3.10/site-packages:/home/shiva/Documents/wrk_spc/install/my_pkg/lib/python3.10/site-packages:/home/shiva/Documents/wrk_spc/install/my_robot_interfaces/lib/python3.10/site-packages:/opt/ros/humble/lib/python3.10/site-packages:/opt/ros/humble/local/lib/python3.10/dist-packages /usr/bin/cmake --install /home/shiva/Documents/robot_arm/build/robot_arm_remote
[1.733s] Level 1:colcon.colcon_core.environment:checking '/home/shiva/Documents/robot_arm/install/robot_arm_remote' for CMake module files
[1.734s] Level 1:colcon.colcon_core.environment:checking '/home/shiva/Documents/robot_arm/install/robot_arm_remote' for CMake config files
[1.734s] Level 1:colcon.colcon_core.shell:create_environment_hook('robot_arm_remote', 'cmake_prefix_path')
[1.734s] INFO:colcon.colcon_core.shell:Creating environment hook '/home/shiva/Documents/robot_arm/install/robot_arm_remote/share/robot_arm_remote/hook/cmake_prefix_path.ps1'
[1.734s] INFO:colcon.colcon_core.shell:Creating environment descriptor '/home/shiva/Documents/robot_arm/install/robot_arm_remote/share/robot_arm_remote/hook/cmake_prefix_path.dsv'
[1.735s] INFO:colcon.colcon_core.shell:Creating environment hook '/home/shiva/Documents/robot_arm/install/robot_arm_remote/share/robot_arm_remote/hook/cmake_prefix_path.sh'
[1.735s] Level 1:colcon.colcon_core.environment:checking '/home/shiva/Documents/robot_arm/install/robot_arm_remote/lib'
[1.735s] Level 1:colcon.colcon_core.shell:create_environment_hook('robot_arm_remote', 'ld_library_path_lib')
[1.736s] INFO:colcon.colcon_core.shell:Creating environment hook '/home/shiva/Documents/robot_arm/install/robot_arm_remote/share/robot_arm_remote/hook/ld_library_path_lib.ps1'
[1.736s] INFO:colcon.colcon_core.shell:Creating environment descriptor '/home/shiva/Documents/robot_arm/install/robot_arm_remote/share/robot_arm_remote/hook/ld_library_path_lib.dsv'
[1.736s] INFO:colcon.colcon_core.shell:Creating environment hook '/home/shiva/Documents/robot_arm/install/robot_arm_remote/share/robot_arm_remote/hook/ld_library_path_lib.sh'
[1.737s] Level 1:colcon.colcon_core.environment:checking '/home/shiva/Documents/robot_arm/install/robot_arm_remote/bin'
[1.737s] Level 1:colcon.colcon_core.environment:checking '/home/shiva/Documents/robot_arm/install/robot_arm_remote/lib/pkgconfig/robot_arm_remote.pc'
[1.737s] Level 1:colcon.colcon_core.environment:checking '/home/shiva/Documents/robot_arm/install/robot_arm_remote/lib/python3.10/site-packages'
[1.737s] Level 1:colcon.colcon_core.shell:create_environment_hook('robot_arm_remote', 'pythonpath')
[1.737s] INFO:colcon.colcon_core.shell:Creating environment hook '/home/shiva/Documents/robot_arm/install/robot_arm_remote/share/robot_arm_remote/hook/pythonpath.ps1'
[1.738s] INFO:colcon.colcon_core.shell:Creating environment descriptor '/home/shiva/Documents/robot_arm/install/robot_arm_remote/share/robot_arm_remote/hook/pythonpath.dsv'
[1.738s] INFO:colcon.colcon_core.shell:Creating environment hook '/home/shiva/Documents/robot_arm/install/robot_arm_remote/share/robot_arm_remote/hook/pythonpath.sh'
[1.739s] Level 1:colcon.colcon_core.environment:checking '/home/shiva/Documents/robot_arm/install/robot_arm_remote/bin'
[1.739s] INFO:colcon.colcon_core.shell:Creating package script '/home/shiva/Documents/robot_arm/install/robot_arm_remote/share/robot_arm_remote/package.ps1'
[1.740s] INFO:colcon.colcon_core.shell:Creating package descriptor '/home/shiva/Documents/robot_arm/install/robot_arm_remote/share/robot_arm_remote/package.dsv'
[1.740s] INFO:colcon.colcon_core.shell:Creating package script '/home/shiva/Documents/robot_arm/install/robot_arm_remote/share/robot_arm_remote/package.sh'
[1.741s] INFO:colcon.colcon_core.shell:Creating package script '/home/shiva/Documents/robot_arm/install/robot_arm_remote/share/robot_arm_remote/package.bash'
[1.741s] INFO:colcon.colcon_core.shell:Creating package script '/home/shiva/Documents/robot_arm/install/robot_arm_remote/share/robot_arm_remote/package.zsh'
[1.741s] Level 1:colcon.colcon_core.environment:create_file_with_runtime_dependencies(/home/shiva/Documents/robot_arm/install/robot_arm_remote/share/colcon-core/packages/robot_arm_remote)
[1.770s] Level 1:colcon.colcon_core.environment:create_environment_scripts_only(robot_arm_remote)
[1.770s] Level 1:colcon.colcon_core.environment:checking '/home/shiva/Documents/robot_arm/install/robot_arm_remote' for CMake module files
[1.770s] Level 1:colcon.colcon_core.environment:checking '/home/shiva/Documents/robot_arm/install/robot_arm_remote' for CMake config files
[1.770s] Level 1:colcon.colcon_core.shell:create_environment_hook('robot_arm_remote', 'cmake_prefix_path')
[1.771s] INFO:colcon.colcon_core.shell:Creating environment hook '/home/shiva/Documents/robot_arm/install/robot_arm_remote/share/robot_arm_remote/hook/cmake_prefix_path.ps1'
[1.771s] INFO:colcon.colcon_core.shell:Creating environment descriptor '/home/shiva/Documents/robot_arm/install/robot_arm_remote/share/robot_arm_remote/hook/cmake_prefix_path.dsv'
[1.771s] INFO:colcon.colcon_core.shell:Creating environment hook '/home/shiva/Documents/robot_arm/install/robot_arm_remote/share/robot_arm_remote/hook/cmake_prefix_path.sh'
[1.772s] Level 1:colcon.colcon_core.environment:checking '/home/shiva/Documents/robot_arm/install/robot_arm_remote/lib'
[1.772s] Level 1:colcon.colcon_core.shell:create_environment_hook('robot_arm_remote', 'ld_library_path_lib')
[1.772s] INFO:colcon.colcon_core.shell:Creating environment hook '/home/shiva/Documents/robot_arm/install/robot_arm_remote/share/robot_arm_remote/hook/ld_library_path_lib.ps1'
[1.773s] INFO:colcon.colcon_core.shell:Creating environment descriptor '/home/shiva/Documents/robot_arm/install/robot_arm_remote/share/robot_arm_remote/hook/ld_library_path_lib.dsv'
[1.773s] INFO:colcon.colcon_core.shell:Creating environment hook '/home/shiva/Documents/robot_arm/install/robot_arm_remote/share/robot_arm_remote/hook/ld_library_path_lib.sh'
[1.773s] Level 1:colcon.colcon_core.environment:checking '/home/shiva/Documents/robot_arm/install/robot_arm_remote/bin'
[1.773s] Level 1:colcon.colcon_core.environment:checking '/home/shiva/Documents/robot_arm/install/robot_arm_remote/lib/pkgconfig/robot_arm_remote.pc'
[1.774s] Level 1:colcon.colcon_core.environment:checking '/home/shiva/Documents/robot_arm/install/robot_arm_remote/lib/python3.10/site-packages'
[1.774s] Level 1:colcon.colcon_core.shell:create_environment_hook('robot_arm_remote', 'pythonpath')
[1.774s] INFO:colcon.colcon_core.shell:Creating environment hook '/home/shiva/Documents/robot_arm/install/robot_arm_remote/share/robot_arm_remote/hook/pythonpath.ps1'
[1.775s] INFO:colcon.colcon_core.shell:Creating environment descriptor '/home/shiva/Documents/robot_arm/install/robot_arm_remote/share/robot_arm_remote/hook/pythonpath.dsv'
[1.775s] INFO:colcon.colcon_core.shell:Creating environment hook '/home/shiva/Documents/robot_arm/install/robot_arm_remote/share/robot_arm_remote/hook/pythonpath.sh'
[1.776s] Level 1:colcon.colcon_core.environment:checking '/home/shiva/Documents/robot_arm/install/robot_arm_remote/bin'
[1.777s] INFO:colcon.colcon_core.shell:Creating package script '/home/shiva/Documents/robot_arm/install/robot_arm_remote/share/robot_arm_remote/package.ps1'
[1.777s] INFO:colcon.colcon_core.shell:Creating package descriptor '/home/shiva/Documents/robot_arm/install/robot_arm_remote/share/robot_arm_remote/package.dsv'
[1.778s] INFO:colcon.colcon_core.shell:Creating package script '/home/shiva/Documents/robot_arm/install/robot_arm_remote/share/robot_arm_remote/package.sh'
[1.779s] INFO:colcon.colcon_core.shell:Creating package script '/home/shiva/Documents/robot_arm/install/robot_arm_remote/share/robot_arm_remote/package.bash'
[1.779s] INFO:colcon.colcon_core.shell:Creating package script '/home/shiva/Documents/robot_arm/install/robot_arm_remote/share/robot_arm_remote/package.zsh'
[1.780s] Level 1:colcon.colcon_core.environment:create_file_with_runtime_dependencies(/home/shiva/Documents/robot_arm/install/robot_arm_remote/share/colcon-core/packages/robot_arm_remote)
[2.884s] DEBUG:colcon.colcon_core.event_handler.log_command:Invoked command in '/home/shiva/Documents/robot_arm/build/cpp_examples' returned '0': CMAKE_PREFIX_PATH=${CMAKE_PREFIX_PATH}:/home/shiva/Documents/wrk_spc/install/my_pkg:/opt/ros/humble /usr/bin/cmake /home/shiva/Documents/robot_arm/src/cpp_examples -DCMAKE_INSTALL_PREFIX=/home/shiva/Documents/robot_arm/install/cpp_examples
[2.885s] DEBUG:colcon.colcon_core.event_handler.log_command:Invoking command in '/home/shiva/Documents/robot_arm/build/cpp_examples': CMAKE_PREFIX_PATH=${CMAKE_PREFIX_PATH}:/home/shiva/Documents/wrk_spc/install/my_pkg:/opt/ros/humble /usr/bin/cmake --build /home/shiva/Documents/robot_arm/build/cpp_examples -- -j8 -l8
[9.102s] DEBUG:colcon.colcon_core.event_handler.log_command:Invoked command in '/home/shiva/Documents/robot_arm/build/cpp_examples' returned '0': CMAKE_PREFIX_PATH=${CMAKE_PREFIX_PATH}:/home/shiva/Documents/wrk_spc/install/my_pkg:/opt/ros/humble /usr/bin/cmake --build /home/shiva/Documents/robot_arm/build/cpp_examples -- -j8 -l8
[9.122s] DEBUG:colcon.colcon_core.event_handler.log_command:Invoking command in '/home/shiva/Documents/robot_arm/build/cpp_examples': CMAKE_PREFIX_PATH=${CMAKE_PREFIX_PATH}:/home/shiva/Documents/wrk_spc/install/my_pkg:/opt/ros/humble /usr/bin/cmake --install /home/shiva/Documents/robot_arm/build/cpp_examples
[9.130s] Level 1:colcon.colcon_core.environment:create_environment_scripts_only(cpp_examples)
[9.130s] Level 1:colcon.colcon_core.environment:checking '/home/shiva/Documents/robot_arm/install/cpp_examples' for CMake module files
[9.131s] DEBUG:colcon.colcon_core.event_handler.log_command:Invoked command in '/home/shiva/Documents/robot_arm/build/cpp_examples' returned '0': CMAKE_PREFIX_PATH=${CMAKE_PREFIX_PATH}:/home/shiva/Documents/wrk_spc/install/my_pkg:/opt/ros/humble /usr/bin/cmake --install /home/shiva/Documents/robot_arm/build/cpp_examples
[9.131s] Level 1:colcon.colcon_core.environment:checking '/home/shiva/Documents/robot_arm/install/cpp_examples' for CMake config files
[9.131s] Level 1:colcon.colcon_core.shell:create_environment_hook('cpp_examples', 'cmake_prefix_path')
[9.131s] INFO:colcon.colcon_core.shell:Creating environment hook '/home/shiva/Documents/robot_arm/install/cpp_examples/share/cpp_examples/hook/cmake_prefix_path.ps1'
[9.132s] INFO:colcon.colcon_core.shell:Creating environment descriptor '/home/shiva/Documents/robot_arm/install/cpp_examples/share/cpp_examples/hook/cmake_prefix_path.dsv'
[9.132s] INFO:colcon.colcon_core.shell:Creating environment hook '/home/shiva/Documents/robot_arm/install/cpp_examples/share/cpp_examples/hook/cmake_prefix_path.sh'
[9.132s] Level 1:colcon.colcon_core.environment:checking '/home/shiva/Documents/robot_arm/install/cpp_examples/lib'
[9.132s] Level 1:colcon.colcon_core.environment:checking '/home/shiva/Documents/robot_arm/install/cpp_examples/bin'
[9.133s] Level 1:colcon.colcon_core.environment:checking '/home/shiva/Documents/robot_arm/install/cpp_examples/lib/pkgconfig/cpp_examples.pc'
[9.133s] Level 1:colcon.colcon_core.environment:checking '/home/shiva/Documents/robot_arm/install/cpp_examples/lib/python3.10/site-packages'
[9.133s] Level 1:colcon.colcon_core.environment:checking '/home/shiva/Documents/robot_arm/install/cpp_examples/bin'
[9.133s] INFO:colcon.colcon_core.shell:Creating package script '/home/shiva/Documents/robot_arm/install/cpp_examples/share/cpp_examples/package.ps1'
[9.133s] INFO:colcon.colcon_core.shell:Creating package descriptor '/home/shiva/Documents/robot_arm/install/cpp_examples/share/cpp_examples/package.dsv'
[9.134s] INFO:colcon.colcon_core.shell:Creating package script '/home/shiva/Documents/robot_arm/install/cpp_examples/share/cpp_examples/package.sh'
[9.134s] INFO:colcon.colcon_core.shell:Creating package script '/home/shiva/Documents/robot_arm/install/cpp_examples/share/cpp_examples/package.bash'
[9.134s] INFO:colcon.colcon_core.shell:Creating package script '/home/shiva/Documents/robot_arm/install/cpp_examples/share/cpp_examples/package.zsh'
[9.135s] Level 1:colcon.colcon_core.environment:create_file_with_runtime_dependencies(/home/shiva/Documents/robot_arm/install/cpp_examples/share/colcon-core/packages/cpp_examples)
[9.153s] Level 1:colcon.colcon_core.environment:create_environment_scripts_only(cpp_examples)
[9.154s] Level 1:colcon.colcon_core.environment:checking '/home/shiva/Documents/robot_arm/install/cpp_examples' for CMake module files
[9.154s] Level 1:colcon.colcon_core.environment:checking '/home/shiva/Documents/robot_arm/install/cpp_examples' for CMake config files
[9.154s] Level 1:colcon.colcon_core.shell:create_environment_hook('cpp_examples', 'cmake_prefix_path')
[9.154s] INFO:colcon.colcon_core.shell:Creating environment hook '/home/shiva/Documents/robot_arm/install/cpp_examples/share/cpp_examples/hook/cmake_prefix_path.ps1'
[9.155s] INFO:colcon.colcon_core.shell:Creating environment descriptor '/home/shiva/Documents/robot_arm/install/cpp_examples/share/cpp_examples/hook/cmake_prefix_path.dsv'
[9.155s] INFO:colcon.colcon_core.shell:Creating environment hook '/home/shiva/Documents/robot_arm/install/cpp_examples/share/cpp_examples/hook/cmake_prefix_path.sh'
[9.155s] Level 1:colcon.colcon_core.environment:checking '/home/shiva/Documents/robot_arm/install/cpp_examples/lib'
[9.155s] Level 1:colcon.colcon_core.environment:checking '/home/shiva/Documents/robot_arm/install/cpp_examples/bin'
[9.155s] Level 1:colcon.colcon_core.environment:checking '/home/shiva/Documents/robot_arm/install/cpp_examples/lib/pkgconfig/cpp_examples.pc'
[9.156s] Level 1:colcon.colcon_core.environment:checking '/home/shiva/Documents/robot_arm/install/cpp_examples/lib/python3.10/site-packages'
[9.156s] Level 1:colcon.colcon_core.environment:checking '/home/shiva/Documents/robot_arm/install/cpp_examples/bin'
[9.156s] INFO:colcon.colcon_core.shell:Creating package script '/home/shiva/Documents/robot_arm/install/cpp_examples/share/cpp_examples/package.ps1'
[9.156s] INFO:colcon.colcon_core.shell:Creating package descriptor '/home/shiva/Documents/robot_arm/install/cpp_examples/share/cpp_examples/package.dsv'
[9.157s] INFO:colcon.colcon_core.shell:Creating package script '/home/shiva/Documents/robot_arm/install/cpp_examples/share/cpp_examples/package.sh'
[9.157s] INFO:colcon.colcon_core.shell:Creating package script '/home/shiva/Documents/robot_arm/install/cpp_examples/share/cpp_examples/package.bash'
[9.157s] INFO:colcon.colcon_core.shell:Creating package script '/home/shiva/Documents/robot_arm/install/cpp_examples/share/cpp_examples/package.zsh'
[9.158s] Level 1:colcon.colcon_core.environment:create_file_with_runtime_dependencies(/home/shiva/Documents/robot_arm/install/cpp_examples/share/colcon-core/packages/cpp_examples)
[9.158s] DEBUG:colcon.colcon_parallel_executor.executor.parallel:closing loop
[9.158s] DEBUG:colcon.colcon_parallel_executor.executor.parallel:loop closed
[9.158s] DEBUG:colcon.colcon_parallel_executor.executor.parallel:run_until_complete finished with '0'
[9.158s] DEBUG:colcon.colcon_core.event_reactor:joining thread
[9.162s] INFO:colcon.colcon_core.plugin_system:Skipping extension 'colcon_notification.desktop_notification.terminal_notifier': Not used on non-Darwin systems
[9.162s] INFO:colcon.colcon_core.plugin_system:Skipping extension 'colcon_notification.desktop_notification.win32': Not used on non-Windows systems
[9.163s] INFO:colcon.colcon_notification.desktop_notification:Sending desktop notification using 'notify2'
[9.172s] DEBUG:colcon.colcon_core.event_reactor:joined thread
[9.172s] INFO:colcon.colcon_core.shell:Creating prefix script '/home/shiva/Documents/robot_arm/install/local_setup.ps1'
[9.173s] INFO:colcon.colcon_core.shell:Creating prefix util module '/home/shiva/Documents/robot_arm/install/_local_setup_util_ps1.py'
[9.174s] INFO:colcon.colcon_core.shell:Creating prefix chain script '/home/shiva/Documents/robot_arm/install/setup.ps1'
[9.175s] INFO:colcon.colcon_core.shell:Creating prefix script '/home/shiva/Documents/robot_arm/install/local_setup.sh'
[9.176s] INFO:colcon.colcon_core.shell:Creating prefix util module '/home/shiva/Documents/robot_arm/install/_local_setup_util_sh.py'
[9.176s] INFO:colcon.colcon_core.shell:Creating prefix chain script '/home/shiva/Documents/robot_arm/install/setup.sh'
[9.177s] INFO:colcon.colcon_core.shell:Creating prefix script '/home/shiva/Documents/robot_arm/install/local_setup.bash'
[9.178s] INFO:colcon.colcon_core.shell:Creating prefix chain script '/home/shiva/Documents/robot_arm/install/setup.bash'
[9.179s] INFO:colcon.colcon_core.shell:Creating prefix script '/home/shiva/Documents/robot_arm/install/local_setup.zsh'
[9.179s] INFO:colcon.colcon_core.shell:Creating prefix chain script '/home/shiva/Documents/robot_arm/install/setup.zsh'
