[0.008s] Invoking command in '/home/shiva/Documents/robot_arm/build/robot_arm_remote': CMAKE_PREFIX_PATH=/home/shiva/Documents/robot_arm/install/robot_arm_interfaces:/home/shiva/Documents/robot_arm/install/robot_arm_remote:/home/shiva/Documents/robot_arm/install/robot_arm_moveit:/home/shiva/Documents/robot_arm/install/robot_arm_description:/home/shiva/Documents/robot_arm/install/robot_arm_controller:/home/shiva/Documents/robot_arm/install/robot_arm_bringup:/home/shiva/Documents/robot_arm/install/cpp_examples:/home/shiva/Documents/bumperbot_wrkspc/install/bumperbot_description:/home/shiva/Documents/bumperbot_wrkspc/install/bumperbot_controller:/home/shiva/Documents/AGV_Kalman_Filter_Robot/robo_car/install/robot_car_localization:/home/shiva/Documents/AGV_Kalman_Filter_Robot/robo_car/install/robot_car_description:/home/shiva/Documents/AGV_Kalman_Filter_Robot/robo_car/install/robot_car_controller:/home/shiva/Documents/AGV_Kalman_Filter_Robot/robo_car/install/robot_car_bringup:/home/shiva/Documents/wrk_spc/install/my_robot_bringup:/home/shiva/Documents/wrk_spc/install/my_robot_interfaces:/home/shiva/Documents/wrk_spc/install/my_pkg:/opt/ros/humble LD_LIBRARY_PATH=/home/shiva/Documents/robot_arm/install/robot_arm_interfaces/lib:/home/shiva/Documents/robot_arm/install/robot_arm_remote/lib:/home/shiva/Documents/wrk_spc/install/my_robot_interfaces/lib:/opt/ros/humble/opt/rviz_ogre_vendor/lib:/opt/ros/humble/lib/x86_64-linux-gnu:/opt/ros/humble/lib:/usr/share/gazebo/../../lib/x86_64-linux-gnu/gazebo-11/plugins PYTHONPATH=/home/shiva/Documents/robot_arm/install/robot_arm_interfaces/lib/python3.10/site-packages:/home/shiva/Documents/robot_arm/install/robot_arm_remote/lib/python3.10/site-packages:/home/shiva/Documents/AGV_Kalman_Filter_Robot/robo_car/install/robot_car_localization/lib/python3.10/site-packages:/home/shiva/Documents/AGV_Kalman_Filter_Robot/robo_car/install/robot_car_controller/lib/python3.10/site-packages:/home/shiva/Documents/wrk_spc/install/my_pkg/lib/python3.10/site-packages:/home/shiva/Documents/wrk_spc/install/my_robot_interfaces/lib/python3.10/site-packages:/opt/ros/humble/lib/python3.10/site-packages:/opt/ros/humble/local/lib/python3.10/dist-packages /usr/bin/cmake /home/shiva/Documents/robot_arm/src/robot_arm_remote -DCMAKE_INSTALL_PREFIX=/home/shiva/Documents/robot_arm/install/robot_arm_remote
[0.048s] -- The C compiler identification is GNU 11.4.0
[0.091s] -- The CXX compiler identification is GNU 11.4.0
[0.097s] -- Detecting C compiler ABI info
[0.145s] -- Detecting C compiler ABI info - done
[0.152s] -- Check for working C compiler: /usr/bin/cc - skipped
[0.152s] -- Detecting C compile features
[0.152s] -- Detecting C compile features - done
[0.155s] -- Detecting CXX compiler ABI info
[0.213s] -- Detecting CXX compiler ABI info - done
[0.219s] -- Check for working CXX compiler: /usr/bin/c++ - skipped
[0.220s] -- Detecting CXX compile features
[0.220s] -- Detecting CXX compile features - done
[0.223s] -- Found ament_cmake: 1.3.10 (/opt/ros/humble/share/ament_cmake/cmake)
[0.822s] -- Found Python3: /home/shiva/.pyenv/shims/python3 (found version "3.10.9") found components: Interpreter 
[0.958s] -- Found rclcpp: 16.0.10 (/opt/ros/humble/share/rclcpp/cmake)
[1.002s] -- Found rosidl_generator_c: 3.1.5 (/opt/ros/humble/share/rosidl_generator_c/cmake)
[1.008s] -- Found rosidl_adapter: 3.1.5 (/opt/ros/humble/share/rosidl_adapter/cmake)
[1.017s] -- Found rosidl_generator_cpp: 3.1.5 (/opt/ros/humble/share/rosidl_generator_cpp/cmake)
[1.029s] -- Using all available rosidl_typesupport_c: rosidl_typesupport_fastrtps_c;rosidl_typesupport_introspection_c
[1.047s] -- Using all available rosidl_typesupport_cpp: rosidl_typesupport_fastrtps_cpp;rosidl_typesupport_introspection_cpp
[1.104s] -- Found rmw_implementation_cmake: 6.1.2 (/opt/ros/humble/share/rmw_implementation_cmake/cmake)
[1.108s] -- Found rmw_cyclonedds_cpp: 1.3.4 (/opt/ros/humble/share/rmw_cyclonedds_cpp/cmake)
[1.141s] -- Using RMW implementation 'rmw_cyclonedds_cpp' as default
[1.152s] -- Looking for pthread.h
[1.205s] -- Looking for pthread.h - found
[1.206s] -- Performing Test CMAKE_HAVE_LIBC_PTHREAD
[1.262s] -- Performing Test CMAKE_HAVE_LIBC_PTHREAD - Success
[1.263s] -- Found Threads: TRUE  
[1.325s] -- Found rclcpp_action: 16.0.10 (/opt/ros/humble/share/rclcpp_action/cmake)
[1.360s] -- Found rclcpp_components: 16.0.10 (/opt/ros/humble/share/rclcpp_components/cmake)
[1.392s] -- Found robot_arm_interfaces: 0.0.0 (/home/shiva/Documents/robot_arm/install/robot_arm_interfaces/share/robot_arm_interfaces/cmake)
[1.406s] -- Found moveit_ros_planning_interface: 2.5.5 (/opt/ros/humble/share/moveit_ros_planning_interface/cmake)
[1.439s] -- Found Boost: /usr/lib/x86_64-linux-gnu/cmake/Boost-1.74.0/BoostConfig.cmake (found version "1.74.0") found components: date_time filesystem program_options system thread 
[1.623s] -- Found Boost: /usr/lib/x86_64-linux-gnu/cmake/Boost-1.74.0/BoostConfig.cmake (found version "1.74.0") found components: chrono date_time filesystem iostreams program_options regex serialization system thread 
[1.639s] -- Found parameter_traits: 0.3.8 (/opt/ros/humble/share/parameter_traits/cmake)
[1.661s] -- Found rclcpp_lifecycle: 16.0.10 (/opt/ros/humble/share/rclcpp_lifecycle/cmake)
[1.692s] -- Found Boost: /usr/lib/x86_64-linux-gnu/cmake/Boost-1.74.0/BoostConfig.cmake (found version "1.74.0") found components: filesystem 
[1.767s] -- library: /usr/lib/x86_64-linux-gnu/libcurl.so
[1.805s] -- Found Eigen3: TRUE (found version "3.4.0") 
[1.805s] -- Ensuring Eigen3 include directory is part of orocos-kdl CMake target
[1.931s] -- Found Boost: /usr/lib/x86_64-linux-gnu/cmake/Boost-1.74.0/BoostConfig.cmake (found version "1.74.0") found components: system filesystem date_time program_options thread chrono 
[1.968s] -- Found Boost: /usr/lib/x86_64-linux-gnu/cmake/Boost-1.74.0/BoostConfig.cmake (found version "1.74.0") found components: thread system filesystem regex date_time program_options 
[2.032s] -- Found Boost: /usr/lib/x86_64-linux-gnu/cmake/Boost-1.74.0/BoostConfig.cmake (found version "1.74.0") found components: system filesystem date_time program_options thread 
[2.065s] -- Found rclpy: 3.3.14 (/opt/ros/humble/share/rclpy/cmake)
[2.251s] -- Found ament_lint_auto: 0.12.11 (/opt/ros/humble/share/ament_lint_auto/cmake)
[2.388s] -- Added test 'cppcheck' to perform static code analysis on C / C++ code
[2.389s] -- Configured cppcheck include dirs: $<BUILD_INTERFACE:/home/shiva/Documents/robot_arm/src/robot_arm_remote/include>
[2.389s] -- Configured cppcheck exclude dirs and/or files: 
[2.389s] -- Added test 'flake8' to check Python code syntax and style conventions
[2.390s] -- Added test 'lint_cmake' to check CMake code style
[2.390s] -- Added test 'pep257' to check Python code against some of the docstring style conventions in PEP 257
[2.391s] -- Added test 'uncrustify' to check C / C++ code style
[2.391s] -- Configured uncrustify additional arguments: 
[2.392s] -- Added test 'xmllint' to check XML markup files
[2.393s] -- Configuring done
[2.423s] -- Generating done
[2.425s] -- Build files have been written to: /home/shiva/Documents/robot_arm/build/robot_arm_remote
[2.435s] Invoked command in '/home/shiva/Documents/robot_arm/build/robot_arm_remote' returned '0': CMAKE_PREFIX_PATH=/home/shiva/Documents/robot_arm/install/robot_arm_interfaces:/home/shiva/Documents/robot_arm/install/robot_arm_remote:/home/shiva/Documents/robot_arm/install/robot_arm_moveit:/home/shiva/Documents/robot_arm/install/robot_arm_description:/home/shiva/Documents/robot_arm/install/robot_arm_controller:/home/shiva/Documents/robot_arm/install/robot_arm_bringup:/home/shiva/Documents/robot_arm/install/cpp_examples:/home/shiva/Documents/bumperbot_wrkspc/install/bumperbot_description:/home/shiva/Documents/bumperbot_wrkspc/install/bumperbot_controller:/home/shiva/Documents/AGV_Kalman_Filter_Robot/robo_car/install/robot_car_localization:/home/shiva/Documents/AGV_Kalman_Filter_Robot/robo_car/install/robot_car_description:/home/shiva/Documents/AGV_Kalman_Filter_Robot/robo_car/install/robot_car_controller:/home/shiva/Documents/AGV_Kalman_Filter_Robot/robo_car/install/robot_car_bringup:/home/shiva/Documents/wrk_spc/install/my_robot_bringup:/home/shiva/Documents/wrk_spc/install/my_robot_interfaces:/home/shiva/Documents/wrk_spc/install/my_pkg:/opt/ros/humble LD_LIBRARY_PATH=/home/shiva/Documents/robot_arm/install/robot_arm_interfaces/lib:/home/shiva/Documents/robot_arm/install/robot_arm_remote/lib:/home/shiva/Documents/wrk_spc/install/my_robot_interfaces/lib:/opt/ros/humble/opt/rviz_ogre_vendor/lib:/opt/ros/humble/lib/x86_64-linux-gnu:/opt/ros/humble/lib:/usr/share/gazebo/../../lib/x86_64-linux-gnu/gazebo-11/plugins PYTHONPATH=/home/shiva/Documents/robot_arm/install/robot_arm_interfaces/lib/python3.10/site-packages:/home/shiva/Documents/robot_arm/install/robot_arm_remote/lib/python3.10/site-packages:/home/shiva/Documents/AGV_Kalman_Filter_Robot/robo_car/install/robot_car_localization/lib/python3.10/site-packages:/home/shiva/Documents/AGV_Kalman_Filter_Robot/robo_car/install/robot_car_controller/lib/python3.10/site-packages:/home/shiva/Documents/wrk_spc/install/my_pkg/lib/python3.10/site-packages:/home/shiva/Documents/wrk_spc/install/my_robot_interfaces/lib/python3.10/site-packages:/opt/ros/humble/lib/python3.10/site-packages:/opt/ros/humble/local/lib/python3.10/dist-packages /usr/bin/cmake /home/shiva/Documents/robot_arm/src/robot_arm_remote -DCMAKE_INSTALL_PREFIX=/home/shiva/Documents/robot_arm/install/robot_arm_remote
[2.436s] Invoking command in '/home/shiva/Documents/robot_arm/build/robot_arm_remote': CMAKE_PREFIX_PATH=/home/shiva/Documents/robot_arm/install/robot_arm_interfaces:/home/shiva/Documents/robot_arm/install/robot_arm_remote:/home/shiva/Documents/robot_arm/install/robot_arm_moveit:/home/shiva/Documents/robot_arm/install/robot_arm_description:/home/shiva/Documents/robot_arm/install/robot_arm_controller:/home/shiva/Documents/robot_arm/install/robot_arm_bringup:/home/shiva/Documents/robot_arm/install/cpp_examples:/home/shiva/Documents/bumperbot_wrkspc/install/bumperbot_description:/home/shiva/Documents/bumperbot_wrkspc/install/bumperbot_controller:/home/shiva/Documents/AGV_Kalman_Filter_Robot/robo_car/install/robot_car_localization:/home/shiva/Documents/AGV_Kalman_Filter_Robot/robo_car/install/robot_car_description:/home/shiva/Documents/AGV_Kalman_Filter_Robot/robo_car/install/robot_car_controller:/home/shiva/Documents/AGV_Kalman_Filter_Robot/robo_car/install/robot_car_bringup:/home/shiva/Documents/wrk_spc/install/my_robot_bringup:/home/shiva/Documents/wrk_spc/install/my_robot_interfaces:/home/shiva/Documents/wrk_spc/install/my_pkg:/opt/ros/humble LD_LIBRARY_PATH=/home/shiva/Documents/robot_arm/install/robot_arm_interfaces/lib:/home/shiva/Documents/robot_arm/install/robot_arm_remote/lib:/home/shiva/Documents/wrk_spc/install/my_robot_interfaces/lib:/opt/ros/humble/opt/rviz_ogre_vendor/lib:/opt/ros/humble/lib/x86_64-linux-gnu:/opt/ros/humble/lib:/usr/share/gazebo/../../lib/x86_64-linux-gnu/gazebo-11/plugins PYTHONPATH=/home/shiva/Documents/robot_arm/install/robot_arm_interfaces/lib/python3.10/site-packages:/home/shiva/Documents/robot_arm/install/robot_arm_remote/lib/python3.10/site-packages:/home/shiva/Documents/AGV_Kalman_Filter_Robot/robo_car/install/robot_car_localization/lib/python3.10/site-packages:/home/shiva/Documents/AGV_Kalman_Filter_Robot/robo_car/install/robot_car_controller/lib/python3.10/site-packages:/home/shiva/Documents/wrk_spc/install/my_pkg/lib/python3.10/site-packages:/home/shiva/Documents/wrk_spc/install/my_robot_interfaces/lib/python3.10/site-packages:/opt/ros/humble/lib/python3.10/site-packages:/opt/ros/humble/local/lib/python3.10/dist-packages /usr/bin/cmake --build /home/shiva/Documents/robot_arm/build/robot_arm_remote -- -j8 -l8
[2.474s] [ 25%] [32mBuilding CXX object CMakeFiles/task_server.dir/src/task_server.cpp.o[0m
[2.474s] [ 50%] [32mBuilding CXX object CMakeFiles/task_server_node.dir/rclcpp_components/node_main_task_server_node.cpp.o[0m
[2.480s] [ 50%] Built target ament_cmake_python_copy_robot_arm_remote
[2.744s] running egg_info
[2.745s] creating robot_arm_remote.egg-info
[2.759s] writing robot_arm_remote.egg-info/PKG-INFO
[2.759s] writing dependency_links to robot_arm_remote.egg-info/dependency_links.txt
[2.760s] writing top-level names to robot_arm_remote.egg-info/top_level.txt
[2.760s] writing manifest file 'robot_arm_remote.egg-info/SOURCES.txt'
[2.803s] reading manifest file 'robot_arm_remote.egg-info/SOURCES.txt'
[2.804s] writing manifest file 'robot_arm_remote.egg-info/SOURCES.txt'
[2.829s] [ 50%] Built target ament_cmake_python_build_robot_arm_remote_egg
[5.306s] [ 75%] [32m[1mLinking CXX executable task_server_node[0m
[5.420s] [ 75%] Built target task_server_node
[9.497s] [100%] [32m[1mLinking CXX shared library libtask_server.so[0m
[9.813s] [100%] Built target task_server
[9.821s] Invoked command in '/home/shiva/Documents/robot_arm/build/robot_arm_remote' returned '0': CMAKE_PREFIX_PATH=/home/shiva/Documents/robot_arm/install/robot_arm_interfaces:/home/shiva/Documents/robot_arm/install/robot_arm_remote:/home/shiva/Documents/robot_arm/install/robot_arm_moveit:/home/shiva/Documents/robot_arm/install/robot_arm_description:/home/shiva/Documents/robot_arm/install/robot_arm_controller:/home/shiva/Documents/robot_arm/install/robot_arm_bringup:/home/shiva/Documents/robot_arm/install/cpp_examples:/home/shiva/Documents/bumperbot_wrkspc/install/bumperbot_description:/home/shiva/Documents/bumperbot_wrkspc/install/bumperbot_controller:/home/shiva/Documents/AGV_Kalman_Filter_Robot/robo_car/install/robot_car_localization:/home/shiva/Documents/AGV_Kalman_Filter_Robot/robo_car/install/robot_car_description:/home/shiva/Documents/AGV_Kalman_Filter_Robot/robo_car/install/robot_car_controller:/home/shiva/Documents/AGV_Kalman_Filter_Robot/robo_car/install/robot_car_bringup:/home/shiva/Documents/wrk_spc/install/my_robot_bringup:/home/shiva/Documents/wrk_spc/install/my_robot_interfaces:/home/shiva/Documents/wrk_spc/install/my_pkg:/opt/ros/humble LD_LIBRARY_PATH=/home/shiva/Documents/robot_arm/install/robot_arm_interfaces/lib:/home/shiva/Documents/robot_arm/install/robot_arm_remote/lib:/home/shiva/Documents/wrk_spc/install/my_robot_interfaces/lib:/opt/ros/humble/opt/rviz_ogre_vendor/lib:/opt/ros/humble/lib/x86_64-linux-gnu:/opt/ros/humble/lib:/usr/share/gazebo/../../lib/x86_64-linux-gnu/gazebo-11/plugins PYTHONPATH=/home/shiva/Documents/robot_arm/install/robot_arm_interfaces/lib/python3.10/site-packages:/home/shiva/Documents/robot_arm/install/robot_arm_remote/lib/python3.10/site-packages:/home/shiva/Documents/AGV_Kalman_Filter_Robot/robo_car/install/robot_car_localization/lib/python3.10/site-packages:/home/shiva/Documents/AGV_Kalman_Filter_Robot/robo_car/install/robot_car_controller/lib/python3.10/site-packages:/home/shiva/Documents/wrk_spc/install/my_pkg/lib/python3.10/site-packages:/home/shiva/Documents/wrk_spc/install/my_robot_interfaces/lib/python3.10/site-packages:/opt/ros/humble/lib/python3.10/site-packages:/opt/ros/humble/local/lib/python3.10/dist-packages /usr/bin/cmake --build /home/shiva/Documents/robot_arm/build/robot_arm_remote -- -j8 -l8
[9.844s] Invoking command in '/home/shiva/Documents/robot_arm/build/robot_arm_remote': CMAKE_PREFIX_PATH=/home/shiva/Documents/robot_arm/install/robot_arm_interfaces:/home/shiva/Documents/robot_arm/install/robot_arm_remote:/home/shiva/Documents/robot_arm/install/robot_arm_moveit:/home/shiva/Documents/robot_arm/install/robot_arm_description:/home/shiva/Documents/robot_arm/install/robot_arm_controller:/home/shiva/Documents/robot_arm/install/robot_arm_bringup:/home/shiva/Documents/robot_arm/install/cpp_examples:/home/shiva/Documents/bumperbot_wrkspc/install/bumperbot_description:/home/shiva/Documents/bumperbot_wrkspc/install/bumperbot_controller:/home/shiva/Documents/AGV_Kalman_Filter_Robot/robo_car/install/robot_car_localization:/home/shiva/Documents/AGV_Kalman_Filter_Robot/robo_car/install/robot_car_description:/home/shiva/Documents/AGV_Kalman_Filter_Robot/robo_car/install/robot_car_controller:/home/shiva/Documents/AGV_Kalman_Filter_Robot/robo_car/install/robot_car_bringup:/home/shiva/Documents/wrk_spc/install/my_robot_bringup:/home/shiva/Documents/wrk_spc/install/my_robot_interfaces:/home/shiva/Documents/wrk_spc/install/my_pkg:/opt/ros/humble LD_LIBRARY_PATH=/home/shiva/Documents/robot_arm/install/robot_arm_interfaces/lib:/home/shiva/Documents/robot_arm/install/robot_arm_remote/lib:/home/shiva/Documents/wrk_spc/install/my_robot_interfaces/lib:/opt/ros/humble/opt/rviz_ogre_vendor/lib:/opt/ros/humble/lib/x86_64-linux-gnu:/opt/ros/humble/lib:/usr/share/gazebo/../../lib/x86_64-linux-gnu/gazebo-11/plugins PYTHONPATH=/home/shiva/Documents/robot_arm/install/robot_arm_interfaces/lib/python3.10/site-packages:/home/shiva/Documents/robot_arm/install/robot_arm_remote/lib/python3.10/site-packages:/home/shiva/Documents/AGV_Kalman_Filter_Robot/robo_car/install/robot_car_localization/lib/python3.10/site-packages:/home/shiva/Documents/AGV_Kalman_Filter_Robot/robo_car/install/robot_car_controller/lib/python3.10/site-packages:/home/shiva/Documents/wrk_spc/install/my_pkg/lib/python3.10/site-packages:/home/shiva/Documents/wrk_spc/install/my_robot_interfaces/lib/python3.10/site-packages:/opt/ros/humble/lib/python3.10/site-packages:/opt/ros/humble/local/lib/python3.10/dist-packages /usr/bin/cmake --install /home/shiva/Documents/robot_arm/build/robot_arm_remote
[9.849s] -- Install configuration: ""
[9.849s] -- Installing: /home/shiva/Documents/robot_arm/install/robot_arm_remote/lib/robot_arm_remote/task_server_node
[9.850s] -- Set runtime path of "/home/shiva/Documents/robot_arm/install/robot_arm_remote/lib/robot_arm_remote/task_server_node" to ""
[9.850s] -- Installing: /home/shiva/Documents/robot_arm/install/robot_arm_remote/share/robot_arm_remote/environment/pythonpath.sh
[9.850s] -- Installing: /home/shiva/Documents/robot_arm/install/robot_arm_remote/share/robot_arm_remote/environment/pythonpath.dsv
[9.850s] -- Installing: /home/shiva/Documents/robot_arm/install/robot_arm_remote/lib/python3.10/site-packages/robot_arm_remote-0.0.0-py3.10.egg-info
[9.850s] -- Installing: /home/shiva/Documents/robot_arm/install/robot_arm_remote/lib/python3.10/site-packages/robot_arm_remote-0.0.0-py3.10.egg-info/PKG-INFO
[9.850s] -- Installing: /home/shiva/Documents/robot_arm/install/robot_arm_remote/lib/python3.10/site-packages/robot_arm_remote-0.0.0-py3.10.egg-info/top_level.txt
[9.850s] -- Installing: /home/shiva/Documents/robot_arm/install/robot_arm_remote/lib/python3.10/site-packages/robot_arm_remote-0.0.0-py3.10.egg-info/SOURCES.txt
[9.850s] -- Installing: /home/shiva/Documents/robot_arm/install/robot_arm_remote/lib/python3.10/site-packages/robot_arm_remote-0.0.0-py3.10.egg-info/dependency_links.txt
[9.850s] -- Installing: /home/shiva/Documents/robot_arm/install/robot_arm_remote/lib/python3.10/site-packages/robot_arm_remote
[9.850s] -- Installing: /home/shiva/Documents/robot_arm/install/robot_arm_remote/lib/python3.10/site-packages/robot_arm_remote/__init__.py
[9.851s] -- Installing: /home/shiva/Documents/robot_arm/install/robot_arm_remote/lib/python3.10/site-packages/robot_arm_remote/alexa_interface.py
[9.925s] Listing '/home/shiva/Documents/robot_arm/install/robot_arm_remote/lib/python3.10/site-packages/robot_arm_remote'...
[9.925s] Compiling '/home/shiva/Documents/robot_arm/install/robot_arm_remote/lib/python3.10/site-packages/robot_arm_remote/__init__.py'...
[9.925s] Compiling '/home/shiva/Documents/robot_arm/install/robot_arm_remote/lib/python3.10/site-packages/robot_arm_remote/alexa_interface.py'...
[9.928s] -- Installing: /home/shiva/Documents/robot_arm/install/robot_arm_remote/share/robot_arm_remote/launch
[9.928s] -- Installing: /home/shiva/Documents/robot_arm/install/robot_arm_remote/share/robot_arm_remote/launch/alexa_remote_interface.launch.py
[9.933s] -- Installing: /home/shiva/Documents/robot_arm/install/robot_arm_remote/lib/libtask_server.so
[9.936s] -- Set runtime path of "/home/shiva/Documents/robot_arm/install/robot_arm_remote/lib/libtask_server.so" to ""
[9.936s] -- Installing: /home/shiva/Documents/robot_arm/install/robot_arm_remote/lib/robot_arm_remote/alexa_interface.py
[9.936s] -- Installing: /home/shiva/Documents/robot_arm/install/robot_arm_remote/share/ament_index/resource_index/package_run_dependencies/robot_arm_remote
[9.937s] -- Installing: /home/shiva/Documents/robot_arm/install/robot_arm_remote/share/ament_index/resource_index/parent_prefix_path/robot_arm_remote
[9.937s] -- Installing: /home/shiva/Documents/robot_arm/install/robot_arm_remote/share/robot_arm_remote/environment/ament_prefix_path.sh
[9.938s] -- Installing: /home/shiva/Documents/robot_arm/install/robot_arm_remote/share/robot_arm_remote/environment/ament_prefix_path.dsv
[9.938s] -- Installing: /home/shiva/Documents/robot_arm/install/robot_arm_remote/share/robot_arm_remote/environment/path.sh
[9.939s] -- Installing: /home/shiva/Documents/robot_arm/install/robot_arm_remote/share/robot_arm_remote/environment/path.dsv
[9.939s] -- Installing: /home/shiva/Documents/robot_arm/install/robot_arm_remote/share/robot_arm_remote/local_setup.bash
[9.939s] -- Installing: /home/shiva/Documents/robot_arm/install/robot_arm_remote/share/robot_arm_remote/local_setup.sh
[9.939s] -- Installing: /home/shiva/Documents/robot_arm/install/robot_arm_remote/share/robot_arm_remote/local_setup.zsh
[9.940s] -- Installing: /home/shiva/Documents/robot_arm/install/robot_arm_remote/share/robot_arm_remote/local_setup.dsv
[9.940s] -- Installing: /home/shiva/Documents/robot_arm/install/robot_arm_remote/share/robot_arm_remote/package.dsv
[9.940s] -- Installing: /home/shiva/Documents/robot_arm/install/robot_arm_remote/share/ament_index/resource_index/packages/robot_arm_remote
[9.941s] -- Installing: /home/shiva/Documents/robot_arm/install/robot_arm_remote/share/ament_index/resource_index/rclcpp_components/robot_arm_remote
[9.941s] -- Installing: /home/shiva/Documents/robot_arm/install/robot_arm_remote/share/robot_arm_remote/cmake/robot_arm_remoteConfig.cmake
[9.942s] -- Installing: /home/shiva/Documents/robot_arm/install/robot_arm_remote/share/robot_arm_remote/cmake/robot_arm_remoteConfig-version.cmake
[9.942s] -- Installing: /home/shiva/Documents/robot_arm/install/robot_arm_remote/share/robot_arm_remote/package.xml
[9.947s] Invoked command in '/home/shiva/Documents/robot_arm/build/robot_arm_remote' returned '0': CMAKE_PREFIX_PATH=/home/shiva/Documents/robot_arm/install/robot_arm_interfaces:/home/shiva/Documents/robot_arm/install/robot_arm_remote:/home/shiva/Documents/robot_arm/install/robot_arm_moveit:/home/shiva/Documents/robot_arm/install/robot_arm_description:/home/shiva/Documents/robot_arm/install/robot_arm_controller:/home/shiva/Documents/robot_arm/install/robot_arm_bringup:/home/shiva/Documents/robot_arm/install/cpp_examples:/home/shiva/Documents/bumperbot_wrkspc/install/bumperbot_description:/home/shiva/Documents/bumperbot_wrkspc/install/bumperbot_controller:/home/shiva/Documents/AGV_Kalman_Filter_Robot/robo_car/install/robot_car_localization:/home/shiva/Documents/AGV_Kalman_Filter_Robot/robo_car/install/robot_car_description:/home/shiva/Documents/AGV_Kalman_Filter_Robot/robo_car/install/robot_car_controller:/home/shiva/Documents/AGV_Kalman_Filter_Robot/robo_car/install/robot_car_bringup:/home/shiva/Documents/wrk_spc/install/my_robot_bringup:/home/shiva/Documents/wrk_spc/install/my_robot_interfaces:/home/shiva/Documents/wrk_spc/install/my_pkg:/opt/ros/humble LD_LIBRARY_PATH=/home/shiva/Documents/robot_arm/install/robot_arm_interfaces/lib:/home/shiva/Documents/robot_arm/install/robot_arm_remote/lib:/home/shiva/Documents/wrk_spc/install/my_robot_interfaces/lib:/opt/ros/humble/opt/rviz_ogre_vendor/lib:/opt/ros/humble/lib/x86_64-linux-gnu:/opt/ros/humble/lib:/usr/share/gazebo/../../lib/x86_64-linux-gnu/gazebo-11/plugins PYTHONPATH=/home/shiva/Documents/robot_arm/install/robot_arm_interfaces/lib/python3.10/site-packages:/home/shiva/Documents/robot_arm/install/robot_arm_remote/lib/python3.10/site-packages:/home/shiva/Documents/AGV_Kalman_Filter_Robot/robo_car/install/robot_car_localization/lib/python3.10/site-packages:/home/shiva/Documents/AGV_Kalman_Filter_Robot/robo_car/install/robot_car_controller/lib/python3.10/site-packages:/home/shiva/Documents/wrk_spc/install/my_pkg/lib/python3.10/site-packages:/home/shiva/Documents/wrk_spc/install/my_robot_interfaces/lib/python3.10/site-packages:/opt/ros/humble/lib/python3.10/site-packages:/opt/ros/humble/local/lib/python3.10/dist-packages /usr/bin/cmake --install /home/shiva/Documents/robot_arm/build/robot_arm_remote
