[0.021s] Invoking command in '/home/shiva/Documents/robot_arm/build/robot_arm_bringup': CMAKE_PREFIX_PATH=${CMAKE_PREFIX_PATH}:/home/shiva/Documents/wrk_spc/install/my_pkg:/opt/ros/humble /usr/bin/cmake /home/shiva/Documents/robot_arm/src/robot_arm_bringup -DCMAKE_INSTALL_PREFIX=/home/shiva/Documents/robot_arm/install/robot_arm_bringup
[0.122s] -- The C compiler identification is GNU 11.4.0
[0.174s] -- The CXX compiler identification is GNU 11.4.0
[0.182s] -- Detecting C compiler ABI info
[0.250s] -- Detecting C compiler ABI info - done
[0.265s] -- Check for working C compiler: /usr/bin/cc - skipped
[0.265s] -- Detecting C compile features
[0.266s] -- Detecting C compile features - done
[0.271s] -- Detecting CXX compiler ABI info
[0.358s] -- Detecting CXX compiler ABI info - done
[0.375s] -- Check for working CXX compiler: /usr/bin/c++ - skipped
[0.375s] -- Detecting CXX compile features
[0.376s] -- Detecting CXX compile features - done
[0.381s] -- Found ament_cmake: 1.3.10 (/opt/ros/humble/share/ament_cmake/cmake)
[1.233s] -- Found Python3: /home/shiva/.pyenv/shims/python3 (found version "3.10.9") found components: Interpreter 
[1.444s] -- Found ament_lint_auto: 0.12.11 (/opt/ros/humble/share/ament_lint_auto/cmake)
[1.667s] -- Added test 'flake8' to check Python code syntax and style conventions
[1.668s] -- Added test 'lint_cmake' to check CMake code style
[1.669s] -- Added test 'pep257' to check Python code against some of the docstring style conventions in PEP 257
[1.671s] -- Added test 'xmllint' to check XML markup files
[1.673s] -- Configuring done
[1.676s] -- Generating done
[1.677s] -- Build files have been written to: /home/shiva/Documents/robot_arm/build/robot_arm_bringup
[1.682s] Invoked command in '/home/shiva/Documents/robot_arm/build/robot_arm_bringup' returned '0': CMAKE_PREFIX_PATH=${CMAKE_PREFIX_PATH}:/home/shiva/Documents/wrk_spc/install/my_pkg:/opt/ros/humble /usr/bin/cmake /home/shiva/Documents/robot_arm/src/robot_arm_bringup -DCMAKE_INSTALL_PREFIX=/home/shiva/Documents/robot_arm/install/robot_arm_bringup
[1.684s] Invoking command in '/home/shiva/Documents/robot_arm/build/robot_arm_bringup': CMAKE_PREFIX_PATH=${CMAKE_PREFIX_PATH}:/home/shiva/Documents/wrk_spc/install/my_pkg:/opt/ros/humble /usr/bin/cmake --build /home/shiva/Documents/robot_arm/build/robot_arm_bringup -- -j8 -l8
[1.720s] Invoked command in '/home/shiva/Documents/robot_arm/build/robot_arm_bringup' returned '0': CMAKE_PREFIX_PATH=${CMAKE_PREFIX_PATH}:/home/shiva/Documents/wrk_spc/install/my_pkg:/opt/ros/humble /usr/bin/cmake --build /home/shiva/Documents/robot_arm/build/robot_arm_bringup -- -j8 -l8
[1.752s] Invoking command in '/home/shiva/Documents/robot_arm/build/robot_arm_bringup': CMAKE_PREFIX_PATH=${CMAKE_PREFIX_PATH}:/home/shiva/Documents/wrk_spc/install/my_pkg:/opt/ros/humble /usr/bin/cmake --install /home/shiva/Documents/robot_arm/build/robot_arm_bringup
[1.760s] -- Install configuration: ""
[1.760s] -- Installing: /home/shiva/Documents/robot_arm/install/robot_arm_bringup/share/robot_arm_bringup/launch
[1.760s] -- Installing: /home/shiva/Documents/robot_arm/install/robot_arm_bringup/share/robot_arm_bringup/launch/final_robot_arm.launch.py
[1.760s] -- Installing: /home/shiva/Documents/robot_arm/install/robot_arm_bringup/share/ament_index/resource_index/package_run_dependencies/robot_arm_bringup
[1.760s] -- Installing: /home/shiva/Documents/robot_arm/install/robot_arm_bringup/share/ament_index/resource_index/parent_prefix_path/robot_arm_bringup
[1.761s] -- Installing: /home/shiva/Documents/robot_arm/install/robot_arm_bringup/share/robot_arm_bringup/environment/ament_prefix_path.sh
[1.761s] -- Installing: /home/shiva/Documents/robot_arm/install/robot_arm_bringup/share/robot_arm_bringup/environment/ament_prefix_path.dsv
[1.761s] -- Installing: /home/shiva/Documents/robot_arm/install/robot_arm_bringup/share/robot_arm_bringup/environment/path.sh
[1.761s] -- Installing: /home/shiva/Documents/robot_arm/install/robot_arm_bringup/share/robot_arm_bringup/environment/path.dsv
[1.761s] -- Installing: /home/shiva/Documents/robot_arm/install/robot_arm_bringup/share/robot_arm_bringup/local_setup.bash
[1.761s] -- Installing: /home/shiva/Documents/robot_arm/install/robot_arm_bringup/share/robot_arm_bringup/local_setup.sh
[1.761s] -- Installing: /home/shiva/Documents/robot_arm/install/robot_arm_bringup/share/robot_arm_bringup/local_setup.zsh
[1.762s] -- Installing: /home/shiva/Documents/robot_arm/install/robot_arm_bringup/share/robot_arm_bringup/local_setup.dsv
[1.762s] -- Installing: /home/shiva/Documents/robot_arm/install/robot_arm_bringup/share/robot_arm_bringup/package.dsv
[1.762s] -- Installing: /home/shiva/Documents/robot_arm/install/robot_arm_bringup/share/ament_index/resource_index/packages/robot_arm_bringup
[1.762s] -- Installing: /home/shiva/Documents/robot_arm/install/robot_arm_bringup/share/robot_arm_bringup/cmake/robot_arm_bringupConfig.cmake
[1.762s] -- Installing: /home/shiva/Documents/robot_arm/install/robot_arm_bringup/share/robot_arm_bringup/cmake/robot_arm_bringupConfig-version.cmake
[1.763s] -- Installing: /home/shiva/Documents/robot_arm/install/robot_arm_bringup/share/robot_arm_bringup/package.xml
[1.764s] Invoked command in '/home/shiva/Documents/robot_arm/build/robot_arm_bringup' returned '0': CMAKE_PREFIX_PATH=${CMAKE_PREFIX_PATH}:/home/shiva/Documents/wrk_spc/install/my_pkg:/opt/ros/humble /usr/bin/cmake --install /home/shiva/Documents/robot_arm/build/robot_arm_bringup
