[0.023s] Invoking command in '/home/shiva/Documents/robot_arm/build/robot_arm_description': CMAKE_PREFIX_PATH=${CMAKE_PREFIX_PATH}:/home/shiva/Documents/wrk_spc/install/my_pkg:/opt/ros/humble /usr/bin/cmake --build /home/shiva/Documents/robot_arm/build/robot_arm_description -- -j8 -l8
[0.064s] Invoked command in '/home/shiva/Documents/robot_arm/build/robot_arm_description' returned '0': CMAKE_PREFIX_PATH=${CMAKE_PREFIX_PATH}:/home/shiva/Documents/wrk_spc/install/my_pkg:/opt/ros/humble /usr/bin/cmake --build /home/shiva/Documents/robot_arm/build/robot_arm_description -- -j8 -l8
[0.131s] Invoking command in '/home/shiva/Documents/robot_arm/build/robot_arm_description': CMAKE_PREFIX_PATH=${CMAKE_PREFIX_PATH}:/home/shiva/Documents/wrk_spc/install/my_pkg:/opt/ros/humble /usr/bin/cmake --install /home/shiva/Documents/robot_arm/build/robot_arm_description
[0.138s] -- Install configuration: ""
[0.138s] -- Up-to-date: /home/shiva/Documents/robot_arm/install/robot_arm_description/share/robot_arm_description/meshes
[0.138s] -- Up-to-date: /home/shiva/Documents/robot_arm/install/robot_arm_description/share/robot_arm_description/meshes/claw_support.STL
[0.138s] -- Up-to-date: /home/shiva/Documents/robot_arm/install/robot_arm_description/share/robot_arm_description/meshes/vertical_drive_arm.STL
[0.138s] -- Up-to-date: /home/shiva/Documents/robot_arm/install/robot_arm_description/share/robot_arm_description/meshes/basement.STL
[0.138s] -- Up-to-date: /home/shiva/Documents/robot_arm/install/robot_arm_description/share/robot_arm_description/meshes/servo_plate.STL
[0.139s] -- Up-to-date: /home/shiva/Documents/robot_arm/install/robot_arm_description/share/robot_arm_description/meshes/left_finger.STL
[0.139s] -- Up-to-date: /home/shiva/Documents/robot_arm/install/robot_arm_description/share/robot_arm_description/meshes/base_plate.STL
[0.140s] -- Up-to-date: /home/shiva/Documents/robot_arm/install/robot_arm_description/share/robot_arm_description/meshes/round_plate.STL
[0.140s] -- Up-to-date: /home/shiva/Documents/robot_arm/install/robot_arm_description/share/robot_arm_description/meshes/horizontal_arm.STL
[0.140s] -- Up-to-date: /home/shiva/Documents/robot_arm/install/robot_arm_description/share/robot_arm_description/meshes/plate.STL
[0.140s] -- Up-to-date: /home/shiva/Documents/robot_arm/install/robot_arm_description/share/robot_arm_description/meshes/link.STL
[0.140s] -- Up-to-date: /home/shiva/Documents/robot_arm/install/robot_arm_description/share/robot_arm_description/meshes/triangular_link.STL
[0.140s] -- Up-to-date: /home/shiva/Documents/robot_arm/install/robot_arm_description/share/robot_arm_description/meshes/forward_drive_arm.STL
[0.140s] -- Up-to-date: /home/shiva/Documents/robot_arm/install/robot_arm_description/share/robot_arm_description/meshes/right_finger.STL
[0.140s] -- Up-to-date: /home/shiva/Documents/robot_arm/install/robot_arm_description/share/robot_arm_description/urdf
[0.141s] -- Up-to-date: /home/shiva/Documents/robot_arm/install/robot_arm_description/share/robot_arm_description/urdf/robot_arm_gazebo_control.xacro
[0.141s] -- Up-to-date: /home/shiva/Documents/robot_arm/install/robot_arm_description/share/robot_arm_description/urdf/robot_arm_gazebo.xacro
[0.141s] -- Up-to-date: /home/shiva/Documents/robot_arm/install/robot_arm_description/share/robot_arm_description/urdf/robot_arm_urdf.urdf.xacro
[0.141s] -- Up-to-date: /home/shiva/Documents/robot_arm/install/robot_arm_description/share/robot_arm_description/rviz
[0.141s] -- Up-to-date: /home/shiva/Documents/robot_arm/install/robot_arm_description/share/robot_arm_description/rviz/urdf_config.rviz
[0.141s] -- Up-to-date: /home/shiva/Documents/robot_arm/install/robot_arm_description/share/robot_arm_description/launch
[0.141s] -- Up-to-date: /home/shiva/Documents/robot_arm/install/robot_arm_description/share/robot_arm_description/launch/display.launch.py
[0.141s] -- Up-to-date: /home/shiva/Documents/robot_arm/install/robot_arm_description/share/robot_arm_description/launch/gazebo.launch.py
[0.141s] -- Up-to-date: /home/shiva/Documents/robot_arm/install/robot_arm_description/share/robot_arm_description/models
[0.142s] -- Up-to-date: /home/shiva/Documents/robot_arm/install/robot_arm_description/share/robot_arm_description/models/ground_plane
[0.142s] -- Up-to-date: /home/shiva/Documents/robot_arm/install/robot_arm_description/share/robot_arm_description/models/ground_plane/model.config
[0.142s] -- Up-to-date: /home/shiva/Documents/robot_arm/install/robot_arm_description/share/robot_arm_description/models/ground_plane/model.sdf
[0.142s] -- Up-to-date: /home/shiva/Documents/robot_arm/install/robot_arm_description/share/robot_arm_description/models/ground_plane/model-1_2.sdf
[0.142s] -- Up-to-date: /home/shiva/Documents/robot_arm/install/robot_arm_description/share/robot_arm_description/models/ground_plane/model-1_4.sdf
[0.142s] -- Up-to-date: /home/shiva/Documents/robot_arm/install/robot_arm_description/share/robot_arm_description/models/ground_plane/model-1_3.sdf
[0.142s] -- Up-to-date: /home/shiva/Documents/robot_arm/install/robot_arm_description/share/robot_arm_description/models/sun
[0.142s] -- Up-to-date: /home/shiva/Documents/robot_arm/install/robot_arm_description/share/robot_arm_description/models/sun/model.config
[0.143s] -- Up-to-date: /home/shiva/Documents/robot_arm/install/robot_arm_description/share/robot_arm_description/models/sun/model.sdf
[0.143s] -- Up-to-date: /home/shiva/Documents/robot_arm/install/robot_arm_description/share/robot_arm_description/models/sun/model-1_2.sdf
[0.143s] -- Up-to-date: /home/shiva/Documents/robot_arm/install/robot_arm_description/share/robot_arm_description/models/sun/model-1_4.sdf
[0.143s] -- Up-to-date: /home/shiva/Documents/robot_arm/install/robot_arm_description/share/robot_arm_description/models/sun/model-1_3.sdf
[0.143s] -- Up-to-date: /home/shiva/Documents/robot_arm/install/robot_arm_description/share/ament_index/resource_index/package_run_dependencies/robot_arm_description
[0.143s] -- Up-to-date: /home/shiva/Documents/robot_arm/install/robot_arm_description/share/ament_index/resource_index/parent_prefix_path/robot_arm_description
[0.143s] -- Up-to-date: /home/shiva/Documents/robot_arm/install/robot_arm_description/share/robot_arm_description/environment/ament_prefix_path.sh
[0.143s] -- Up-to-date: /home/shiva/Documents/robot_arm/install/robot_arm_description/share/robot_arm_description/environment/ament_prefix_path.dsv
[0.143s] -- Up-to-date: /home/shiva/Documents/robot_arm/install/robot_arm_description/share/robot_arm_description/environment/path.sh
[0.143s] -- Up-to-date: /home/shiva/Documents/robot_arm/install/robot_arm_description/share/robot_arm_description/environment/path.dsv
[0.143s] -- Up-to-date: /home/shiva/Documents/robot_arm/install/robot_arm_description/share/robot_arm_description/local_setup.bash
[0.143s] -- Up-to-date: /home/shiva/Documents/robot_arm/install/robot_arm_description/share/robot_arm_description/local_setup.sh
[0.143s] -- Up-to-date: /home/shiva/Documents/robot_arm/install/robot_arm_description/share/robot_arm_description/local_setup.zsh
[0.143s] -- Up-to-date: /home/shiva/Documents/robot_arm/install/robot_arm_description/share/robot_arm_description/local_setup.dsv
[0.144s] -- Installing: /home/shiva/Documents/robot_arm/install/robot_arm_description/share/robot_arm_description/package.dsv
[0.144s] -- Up-to-date: /home/shiva/Documents/robot_arm/install/robot_arm_description/share/ament_index/resource_index/packages/robot_arm_description
[0.144s] -- Up-to-date: /home/shiva/Documents/robot_arm/install/robot_arm_description/share/robot_arm_description/cmake/robot_arm_descriptionConfig.cmake
[0.144s] -- Up-to-date: /home/shiva/Documents/robot_arm/install/robot_arm_description/share/robot_arm_description/cmake/robot_arm_descriptionConfig-version.cmake
[0.144s] -- Up-to-date: /home/shiva/Documents/robot_arm/install/robot_arm_description/share/robot_arm_description/package.xml
[0.160s] Invoked command in '/home/shiva/Documents/robot_arm/build/robot_arm_description' returned '0': CMAKE_PREFIX_PATH=${CMAKE_PREFIX_PATH}:/home/shiva/Documents/wrk_spc/install/my_pkg:/opt/ros/humble /usr/bin/cmake --install /home/shiva/Documents/robot_arm/build/robot_arm_description
