-- Install configuration: ""
-- Up-to-date: /home/shiva/Documents/robot_arm/install/robot_arm_moveit/share/robot_arm_moveit/launch
-- Up-to-date: /home/shiva/Documents/robot_arm/install/robot_arm_moveit/share/robot_arm_moveit/launch/moveit.launch.py
-- Up-to-date: /home/shiva/Documents/robot_arm/install/robot_arm_moveit/share/robot_arm_moveit/config
-- Up-to-date: /home/shiva/Documents/robot_arm/install/robot_arm_moveit/share/robot_arm_moveit/config/initial_positions.yaml
-- Up-to-date: /home/shiva/Documents/robot_arm/install/robot_arm_moveit/share/robot_arm_moveit/config/pilz_cartesian_limits.yaml
-- Up-to-date: /home/shiva/Documents/robot_arm/install/robot_arm_moveit/share/robot_arm_moveit/config/joint_limits.yaml
-- Up-to-date: /home/shiva/Documents/robot_arm/install/robot_arm_moveit/share/robot_arm_moveit/config/moveit_rviz_config.rviz
-- Up-to-date: /home/shiva/Documents/robot_arm/install/robot_arm_moveit/share/robot_arm_moveit/config/kinematics.yaml
-- Up-to-date: /home/shiva/Documents/robot_arm/install/robot_arm_moveit/share/robot_arm_moveit/config/robot_arm.srdf
-- Up-to-date: /home/shiva/Documents/robot_arm/install/robot_arm_moveit/share/robot_arm_moveit/config/moveit_controllers.yaml
-- Up-to-date: /home/shiva/Documents/robot_arm/install/robot_arm_moveit/share/ament_index/resource_index/package_run_dependencies/robot_arm_moveit
-- Up-to-date: /home/shiva/Documents/robot_arm/install/robot_arm_moveit/share/ament_index/resource_index/parent_prefix_path/robot_arm_moveit
-- Up-to-date: /home/shiva/Documents/robot_arm/install/robot_arm_moveit/share/robot_arm_moveit/environment/ament_prefix_path.sh
-- Up-to-date: /home/shiva/Documents/robot_arm/install/robot_arm_moveit/share/robot_arm_moveit/environment/ament_prefix_path.dsv
-- Up-to-date: /home/shiva/Documents/robot_arm/install/robot_arm_moveit/share/robot_arm_moveit/environment/path.sh
-- Up-to-date: /home/shiva/Documents/robot_arm/install/robot_arm_moveit/share/robot_arm_moveit/environment/path.dsv
-- Up-to-date: /home/shiva/Documents/robot_arm/install/robot_arm_moveit/share/robot_arm_moveit/local_setup.bash
-- Up-to-date: /home/shiva/Documents/robot_arm/install/robot_arm_moveit/share/robot_arm_moveit/local_setup.sh
-- Up-to-date: /home/shiva/Documents/robot_arm/install/robot_arm_moveit/share/robot_arm_moveit/local_setup.zsh
-- Up-to-date: /home/shiva/Documents/robot_arm/install/robot_arm_moveit/share/robot_arm_moveit/local_setup.dsv
-- Installing: /home/shiva/Documents/robot_arm/install/robot_arm_moveit/share/robot_arm_moveit/package.dsv
-- Up-to-date: /home/shiva/Documents/robot_arm/install/robot_arm_moveit/share/ament_index/resource_index/packages/robot_arm_moveit
-- Up-to-date: /home/shiva/Documents/robot_arm/install/robot_arm_moveit/share/robot_arm_moveit/cmake/robot_arm_moveitConfig.cmake
-- Up-to-date: /home/shiva/Documents/robot_arm/install/robot_arm_moveit/share/robot_arm_moveit/cmake/robot_arm_moveitConfig-version.cmake
-- Up-to-date: /home/shiva/Documents/robot_arm/install/robot_arm_moveit/share/robot_arm_moveit/package.xml
