[0.027s] Invoking command in '/home/shiva/Documents/robot_arm/build/robot_arm_interfaces': CMAKE_PREFIX_PATH=${CMAKE_PREFIX_PATH}:/home/shiva/Documents/wrk_spc/install/my_pkg:/opt/ros/humble /usr/bin/cmake --build /home/shiva/Documents/robot_arm/build/robot_arm_interfaces -- -j8 -l8
[0.074s] [  3%] Built target robot_arm_interfaces__cpp
[0.075s] [ 12%] Built target robot_arm_interfaces__rosidl_generator_c
[0.091s] [ 12%] Built target ament_cmake_python_copy_robot_arm_interfaces
[0.103s] [ 22%] Built target robot_arm_interfaces__rosidl_typesupport_cpp
[0.107s] [ 32%] Built target robot_arm_interfaces__rosidl_typesupport_fastrtps_cpp
[0.114s] [ 41%] Built target robot_arm_interfaces__rosidl_typesupport_fastrtps_c
[0.114s] [ 51%] Built target robot_arm_interfaces__rosidl_typesupport_introspection_cpp
[0.114s] [ 61%] Built target robot_arm_interfaces__rosidl_typesupport_introspection_c
[0.118s] [ 70%] Built target robot_arm_interfaces__rosidl_typesupport_c
[0.140s] [ 70%] Built target robot_arm_interfaces
[0.157s] [ 74%] Built target robot_arm_interfaces__py
[0.179s] [ 80%] Built target robot_arm_interfaces__rosidl_generator_py
[0.205s] [ 87%] Built target robot_arm_interfaces__rosidl_typesupport_fastrtps_c__pyext
[0.206s] [ 93%] Built target robot_arm_interfaces__rosidl_typesupport_c__pyext
[0.209s] [100%] Built target robot_arm_interfaces__rosidl_typesupport_introspection_c__pyext
[0.390s] running egg_info
[0.404s] writing robot_arm_interfaces.egg-info/PKG-INFO
[0.405s] writing dependency_links to robot_arm_interfaces.egg-info/dependency_links.txt
[0.405s] writing top-level names to robot_arm_interfaces.egg-info/top_level.txt
[0.447s] reading manifest file 'robot_arm_interfaces.egg-info/SOURCES.txt'
[0.449s] writing manifest file 'robot_arm_interfaces.egg-info/SOURCES.txt'
[0.471s] [100%] Built target ament_cmake_python_build_robot_arm_interfaces_egg
[0.479s] Invoked command in '/home/shiva/Documents/robot_arm/build/robot_arm_interfaces' returned '0': CMAKE_PREFIX_PATH=${CMAKE_PREFIX_PATH}:/home/shiva/Documents/wrk_spc/install/my_pkg:/opt/ros/humble /usr/bin/cmake --build /home/shiva/Documents/robot_arm/build/robot_arm_interfaces -- -j8 -l8
[0.522s] Invoking command in '/home/shiva/Documents/robot_arm/build/robot_arm_interfaces': CMAKE_PREFIX_PATH=${CMAKE_PREFIX_PATH}:/home/shiva/Documents/wrk_spc/install/my_pkg:/opt/ros/humble /usr/bin/cmake --install /home/shiva/Documents/robot_arm/build/robot_arm_interfaces
[0.529s] -- Install configuration: ""
[0.529s] -- Up-to-date: /home/shiva/Documents/robot_arm/install/robot_arm_interfaces/share/ament_index/resource_index/rosidl_interfaces/robot_arm_interfaces
[0.529s] -- Up-to-date: /home/shiva/Documents/robot_arm/install/robot_arm_interfaces/include/robot_arm_interfaces/robot_arm_interfaces
[0.529s] -- Up-to-date: /home/shiva/Documents/robot_arm/install/robot_arm_interfaces/include/robot_arm_interfaces/robot_arm_interfaces/msg
[0.529s] -- Up-to-date: /home/shiva/Documents/robot_arm/install/robot_arm_interfaces/include/robot_arm_interfaces/robot_arm_interfaces/msg/rosidl_generator_c__visibility_control.h
[0.529s] -- Up-to-date: /home/shiva/Documents/robot_arm/install/robot_arm_interfaces/include/robot_arm_interfaces/robot_arm_interfaces/action
[0.529s] -- Up-to-date: /home/shiva/Documents/robot_arm/install/robot_arm_interfaces/include/robot_arm_interfaces/robot_arm_interfaces/action/robot_arm_task.h
[0.529s] -- Up-to-date: /home/shiva/Documents/robot_arm/install/robot_arm_interfaces/include/robot_arm_interfaces/robot_arm_interfaces/action/detail
[0.530s] -- Up-to-date: /home/shiva/Documents/robot_arm/install/robot_arm_interfaces/include/robot_arm_interfaces/robot_arm_interfaces/action/detail/robot_arm_task__struct.h
[0.530s] -- Up-to-date: /home/shiva/Documents/robot_arm/install/robot_arm_interfaces/include/robot_arm_interfaces/robot_arm_interfaces/action/detail/robot_arm_task__functions.h
[0.530s] -- Up-to-date: /home/shiva/Documents/robot_arm/install/robot_arm_interfaces/include/robot_arm_interfaces/robot_arm_interfaces/action/detail/robot_arm_task__type_support.h
[0.530s] -- Up-to-date: /home/shiva/Documents/robot_arm/install/robot_arm_interfaces/include/robot_arm_interfaces/robot_arm_interfaces/action/detail/robot_arm_task__functions.c
[0.530s] -- Up-to-date: /home/shiva/Documents/robot_arm/install/robot_arm_interfaces/share/robot_arm_interfaces/environment/library_path.sh
[0.530s] -- Up-to-date: /home/shiva/Documents/robot_arm/install/robot_arm_interfaces/share/robot_arm_interfaces/environment/library_path.dsv
[0.530s] -- Up-to-date: /home/shiva/Documents/robot_arm/install/robot_arm_interfaces/lib/librobot_arm_interfaces__rosidl_generator_c.so
[0.530s] -- Up-to-date: /home/shiva/Documents/robot_arm/install/robot_arm_interfaces/include/robot_arm_interfaces/robot_arm_interfaces
[0.530s] -- Up-to-date: /home/shiva/Documents/robot_arm/install/robot_arm_interfaces/include/robot_arm_interfaces/robot_arm_interfaces/msg
[0.530s] -- Up-to-date: /home/shiva/Documents/robot_arm/install/robot_arm_interfaces/include/robot_arm_interfaces/robot_arm_interfaces/msg/rosidl_typesupport_fastrtps_c__visibility_control.h
[0.530s] -- Up-to-date: /home/shiva/Documents/robot_arm/install/robot_arm_interfaces/include/robot_arm_interfaces/robot_arm_interfaces/action
[0.530s] -- Up-to-date: /home/shiva/Documents/robot_arm/install/robot_arm_interfaces/include/robot_arm_interfaces/robot_arm_interfaces/action/detail
[0.530s] -- Up-to-date: /home/shiva/Documents/robot_arm/install/robot_arm_interfaces/include/robot_arm_interfaces/robot_arm_interfaces/action/detail/robot_arm_task__rosidl_typesupport_fastrtps_c.h
[0.530s] -- Up-to-date: /home/shiva/Documents/robot_arm/install/robot_arm_interfaces/lib/librobot_arm_interfaces__rosidl_typesupport_fastrtps_c.so
[0.530s] -- Up-to-date: /home/shiva/Documents/robot_arm/install/robot_arm_interfaces/include/robot_arm_interfaces/robot_arm_interfaces
[0.530s] -- Up-to-date: /home/shiva/Documents/robot_arm/install/robot_arm_interfaces/include/robot_arm_interfaces/robot_arm_interfaces/action
[0.530s] -- Up-to-date: /home/shiva/Documents/robot_arm/install/robot_arm_interfaces/include/robot_arm_interfaces/robot_arm_interfaces/action/robot_arm_task.hpp
[0.531s] -- Up-to-date: /home/shiva/Documents/robot_arm/install/robot_arm_interfaces/include/robot_arm_interfaces/robot_arm_interfaces/action/detail
[0.531s] -- Up-to-date: /home/shiva/Documents/robot_arm/install/robot_arm_interfaces/include/robot_arm_interfaces/robot_arm_interfaces/action/detail/robot_arm_task__traits.hpp
[0.531s] -- Up-to-date: /home/shiva/Documents/robot_arm/install/robot_arm_interfaces/include/robot_arm_interfaces/robot_arm_interfaces/action/detail/robot_arm_task__struct.hpp
[0.531s] -- Up-to-date: /home/shiva/Documents/robot_arm/install/robot_arm_interfaces/include/robot_arm_interfaces/robot_arm_interfaces/action/detail/robot_arm_task__builder.hpp
[0.531s] -- Up-to-date: /home/shiva/Documents/robot_arm/install/robot_arm_interfaces/include/robot_arm_interfaces/robot_arm_interfaces
[0.531s] -- Up-to-date: /home/shiva/Documents/robot_arm/install/robot_arm_interfaces/include/robot_arm_interfaces/robot_arm_interfaces/msg
[0.531s] -- Up-to-date: /home/shiva/Documents/robot_arm/install/robot_arm_interfaces/include/robot_arm_interfaces/robot_arm_interfaces/msg/rosidl_typesupport_fastrtps_cpp__visibility_control.h
[0.531s] -- Up-to-date: /home/shiva/Documents/robot_arm/install/robot_arm_interfaces/include/robot_arm_interfaces/robot_arm_interfaces/action
[0.531s] -- Up-to-date: /home/shiva/Documents/robot_arm/install/robot_arm_interfaces/include/robot_arm_interfaces/robot_arm_interfaces/action/detail
[0.531s] -- Up-to-date: /home/shiva/Documents/robot_arm/install/robot_arm_interfaces/include/robot_arm_interfaces/robot_arm_interfaces/action/detail/dds_fastrtps
[0.531s] -- Up-to-date: /home/shiva/Documents/robot_arm/install/robot_arm_interfaces/include/robot_arm_interfaces/robot_arm_interfaces/action/detail/robot_arm_task__rosidl_typesupport_fastrtps_cpp.hpp
[0.531s] -- Up-to-date: /home/shiva/Documents/robot_arm/install/robot_arm_interfaces/lib/librobot_arm_interfaces__rosidl_typesupport_fastrtps_cpp.so
[0.531s] -- Up-to-date: /home/shiva/Documents/robot_arm/install/robot_arm_interfaces/include/robot_arm_interfaces/robot_arm_interfaces
[0.531s] -- Up-to-date: /home/shiva/Documents/robot_arm/install/robot_arm_interfaces/include/robot_arm_interfaces/robot_arm_interfaces/msg
[0.531s] -- Up-to-date: /home/shiva/Documents/robot_arm/install/robot_arm_interfaces/include/robot_arm_interfaces/robot_arm_interfaces/msg/rosidl_typesupport_introspection_c__visibility_control.h
[0.531s] -- Up-to-date: /home/shiva/Documents/robot_arm/install/robot_arm_interfaces/include/robot_arm_interfaces/robot_arm_interfaces/action
[0.531s] -- Up-to-date: /home/shiva/Documents/robot_arm/install/robot_arm_interfaces/include/robot_arm_interfaces/robot_arm_interfaces/action/detail
[0.531s] -- Up-to-date: /home/shiva/Documents/robot_arm/install/robot_arm_interfaces/include/robot_arm_interfaces/robot_arm_interfaces/action/detail/robot_arm_task__rosidl_typesupport_introspection_c.h
[0.531s] -- Up-to-date: /home/shiva/Documents/robot_arm/install/robot_arm_interfaces/include/robot_arm_interfaces/robot_arm_interfaces/action/detail/robot_arm_task__type_support.c
[0.532s] -- Up-to-date: /home/shiva/Documents/robot_arm/install/robot_arm_interfaces/lib/librobot_arm_interfaces__rosidl_typesupport_introspection_c.so
[0.532s] -- Up-to-date: /home/shiva/Documents/robot_arm/install/robot_arm_interfaces/lib/librobot_arm_interfaces__rosidl_typesupport_c.so
[0.532s] -- Up-to-date: /home/shiva/Documents/robot_arm/install/robot_arm_interfaces/include/robot_arm_interfaces/robot_arm_interfaces
[0.532s] -- Up-to-date: /home/shiva/Documents/robot_arm/install/robot_arm_interfaces/include/robot_arm_interfaces/robot_arm_interfaces/action
[0.532s] -- Up-to-date: /home/shiva/Documents/robot_arm/install/robot_arm_interfaces/include/robot_arm_interfaces/robot_arm_interfaces/action/detail
[0.532s] -- Up-to-date: /home/shiva/Documents/robot_arm/install/robot_arm_interfaces/include/robot_arm_interfaces/robot_arm_interfaces/action/detail/robot_arm_task__rosidl_typesupport_introspection_cpp.hpp
[0.532s] -- Up-to-date: /home/shiva/Documents/robot_arm/install/robot_arm_interfaces/include/robot_arm_interfaces/robot_arm_interfaces/action/detail/robot_arm_task__type_support.cpp
[0.532s] -- Up-to-date: /home/shiva/Documents/robot_arm/install/robot_arm_interfaces/lib/librobot_arm_interfaces__rosidl_typesupport_introspection_cpp.so
[0.532s] -- Up-to-date: /home/shiva/Documents/robot_arm/install/robot_arm_interfaces/lib/librobot_arm_interfaces__rosidl_typesupport_cpp.so
[0.532s] -- Up-to-date: /home/shiva/Documents/robot_arm/install/robot_arm_interfaces/share/robot_arm_interfaces/environment/pythonpath.sh
[0.532s] -- Up-to-date: /home/shiva/Documents/robot_arm/install/robot_arm_interfaces/share/robot_arm_interfaces/environment/pythonpath.dsv
[0.532s] -- Up-to-date: /home/shiva/Documents/robot_arm/install/robot_arm_interfaces/lib/python3.10/site-packages/robot_arm_interfaces-0.0.0-py3.10.egg-info
[0.532s] -- Installing: /home/shiva/Documents/robot_arm/install/robot_arm_interfaces/lib/python3.10/site-packages/robot_arm_interfaces-0.0.0-py3.10.egg-info/PKG-INFO
[0.532s] -- Installing: /home/shiva/Documents/robot_arm/install/robot_arm_interfaces/lib/python3.10/site-packages/robot_arm_interfaces-0.0.0-py3.10.egg-info/top_level.txt
[0.532s] -- Installing: /home/shiva/Documents/robot_arm/install/robot_arm_interfaces/lib/python3.10/site-packages/robot_arm_interfaces-0.0.0-py3.10.egg-info/SOURCES.txt
[0.532s] -- Installing: /home/shiva/Documents/robot_arm/install/robot_arm_interfaces/lib/python3.10/site-packages/robot_arm_interfaces-0.0.0-py3.10.egg-info/dependency_links.txt
[0.532s] -- Up-to-date: /home/shiva/Documents/robot_arm/install/robot_arm_interfaces/lib/python3.10/site-packages/robot_arm_interfaces
[0.533s] -- Up-to-date: /home/shiva/Documents/robot_arm/install/robot_arm_interfaces/lib/python3.10/site-packages/robot_arm_interfaces/librobot_arm_interfaces__rosidl_generator_py.so
[0.533s] -- Up-to-date: /home/shiva/Documents/robot_arm/install/robot_arm_interfaces/lib/python3.10/site-packages/robot_arm_interfaces/_robot_arm_interfaces_s.ep.rosidl_typesupport_introspection_c.c
[0.533s] -- Up-to-date: /home/shiva/Documents/robot_arm/install/robot_arm_interfaces/lib/python3.10/site-packages/robot_arm_interfaces/robot_arm_interfaces_s__rosidl_typesupport_introspection_c.cpython-310-x86_64-linux-gnu.so
[0.533s] -- Up-to-date: /home/shiva/Documents/robot_arm/install/robot_arm_interfaces/lib/python3.10/site-packages/robot_arm_interfaces/_robot_arm_interfaces_s.ep.rosidl_typesupport_fastrtps_c.c
[0.533s] -- Up-to-date: /home/shiva/Documents/robot_arm/install/robot_arm_interfaces/lib/python3.10/site-packages/robot_arm_interfaces/robot_arm_interfaces_s__rosidl_typesupport_c.cpython-310-x86_64-linux-gnu.so
[0.533s] -- Up-to-date: /home/shiva/Documents/robot_arm/install/robot_arm_interfaces/lib/python3.10/site-packages/robot_arm_interfaces/__init__.py
[0.533s] -- Up-to-date: /home/shiva/Documents/robot_arm/install/robot_arm_interfaces/lib/python3.10/site-packages/robot_arm_interfaces/_robot_arm_interfaces_s.ep.rosidl_typesupport_c.c
[0.533s] -- Up-to-date: /home/shiva/Documents/robot_arm/install/robot_arm_interfaces/lib/python3.10/site-packages/robot_arm_interfaces/action
[0.533s] -- Up-to-date: /home/shiva/Documents/robot_arm/install/robot_arm_interfaces/lib/python3.10/site-packages/robot_arm_interfaces/action/_robot_arm_task_s.c
[0.533s] -- Up-to-date: /home/shiva/Documents/robot_arm/install/robot_arm_interfaces/lib/python3.10/site-packages/robot_arm_interfaces/action/__init__.py
[0.533s] -- Up-to-date: /home/shiva/Documents/robot_arm/install/robot_arm_interfaces/lib/python3.10/site-packages/robot_arm_interfaces/action/_robot_arm_task.py
[0.533s] -- Up-to-date: /home/shiva/Documents/robot_arm/install/robot_arm_interfaces/lib/python3.10/site-packages/robot_arm_interfaces/robot_arm_interfaces_s__rosidl_typesupport_fastrtps_c.cpython-310-x86_64-linux-gnu.so
[0.603s] Listing '/home/shiva/Documents/robot_arm/install/robot_arm_interfaces/lib/python3.10/site-packages/robot_arm_interfaces'...
[0.603s] Listing '/home/shiva/Documents/robot_arm/install/robot_arm_interfaces/lib/python3.10/site-packages/robot_arm_interfaces/action'...
[0.607s] -- Up-to-date: /home/shiva/Documents/robot_arm/install/robot_arm_interfaces/lib/python3.10/site-packages/robot_arm_interfaces/robot_arm_interfaces_s__rosidl_typesupport_fastrtps_c.cpython-310-x86_64-linux-gnu.so
[0.607s] -- Up-to-date: /home/shiva/Documents/robot_arm/install/robot_arm_interfaces/lib/python3.10/site-packages/robot_arm_interfaces/robot_arm_interfaces_s__rosidl_typesupport_introspection_c.cpython-310-x86_64-linux-gnu.so
[0.607s] -- Up-to-date: /home/shiva/Documents/robot_arm/install/robot_arm_interfaces/lib/python3.10/site-packages/robot_arm_interfaces/robot_arm_interfaces_s__rosidl_typesupport_c.cpython-310-x86_64-linux-gnu.so
[0.608s] -- Up-to-date: /home/shiva/Documents/robot_arm/install/robot_arm_interfaces/lib/librobot_arm_interfaces__rosidl_generator_py.so
[0.608s] -- Up-to-date: /home/shiva/Documents/robot_arm/install/robot_arm_interfaces/share/robot_arm_interfaces/action/RobotArmTask.idl
[0.608s] -- Up-to-date: /home/shiva/Documents/robot_arm/install/robot_arm_interfaces/share/robot_arm_interfaces/action/RobotArmTask.action
[0.608s] -- Up-to-date: /home/shiva/Documents/robot_arm/install/robot_arm_interfaces/share/ament_index/resource_index/package_run_dependencies/robot_arm_interfaces
[0.608s] -- Up-to-date: /home/shiva/Documents/robot_arm/install/robot_arm_interfaces/share/ament_index/resource_index/parent_prefix_path/robot_arm_interfaces
[0.608s] -- Up-to-date: /home/shiva/Documents/robot_arm/install/robot_arm_interfaces/share/robot_arm_interfaces/environment/ament_prefix_path.sh
[0.608s] -- Up-to-date: /home/shiva/Documents/robot_arm/install/robot_arm_interfaces/share/robot_arm_interfaces/environment/ament_prefix_path.dsv
[0.608s] -- Up-to-date: /home/shiva/Documents/robot_arm/install/robot_arm_interfaces/share/robot_arm_interfaces/environment/path.sh
[0.608s] -- Up-to-date: /home/shiva/Documents/robot_arm/install/robot_arm_interfaces/share/robot_arm_interfaces/environment/path.dsv
[0.608s] -- Up-to-date: /home/shiva/Documents/robot_arm/install/robot_arm_interfaces/share/robot_arm_interfaces/local_setup.bash
[0.608s] -- Up-to-date: /home/shiva/Documents/robot_arm/install/robot_arm_interfaces/share/robot_arm_interfaces/local_setup.sh
[0.608s] -- Up-to-date: /home/shiva/Documents/robot_arm/install/robot_arm_interfaces/share/robot_arm_interfaces/local_setup.zsh
[0.608s] -- Up-to-date: /home/shiva/Documents/robot_arm/install/robot_arm_interfaces/share/robot_arm_interfaces/local_setup.dsv
[0.609s] -- Installing: /home/shiva/Documents/robot_arm/install/robot_arm_interfaces/share/robot_arm_interfaces/package.dsv
[0.609s] -- Up-to-date: /home/shiva/Documents/robot_arm/install/robot_arm_interfaces/share/ament_index/resource_index/packages/robot_arm_interfaces
[0.609s] -- Up-to-date: /home/shiva/Documents/robot_arm/install/robot_arm_interfaces/share/robot_arm_interfaces/cmake/export_robot_arm_interfaces__rosidl_generator_cExport.cmake
[0.609s] -- Up-to-date: /home/shiva/Documents/robot_arm/install/robot_arm_interfaces/share/robot_arm_interfaces/cmake/export_robot_arm_interfaces__rosidl_generator_cExport-noconfig.cmake
[0.609s] -- Up-to-date: /home/shiva/Documents/robot_arm/install/robot_arm_interfaces/share/robot_arm_interfaces/cmake/export_robot_arm_interfaces__rosidl_typesupport_fastrtps_cExport.cmake
[0.609s] -- Up-to-date: /home/shiva/Documents/robot_arm/install/robot_arm_interfaces/share/robot_arm_interfaces/cmake/export_robot_arm_interfaces__rosidl_typesupport_fastrtps_cExport-noconfig.cmake
[0.609s] -- Up-to-date: /home/shiva/Documents/robot_arm/install/robot_arm_interfaces/share/robot_arm_interfaces/cmake/export_robot_arm_interfaces__rosidl_generator_cppExport.cmake
[0.609s] -- Up-to-date: /home/shiva/Documents/robot_arm/install/robot_arm_interfaces/share/robot_arm_interfaces/cmake/export_robot_arm_interfaces__rosidl_typesupport_fastrtps_cppExport.cmake
[0.609s] -- Up-to-date: /home/shiva/Documents/robot_arm/install/robot_arm_interfaces/share/robot_arm_interfaces/cmake/export_robot_arm_interfaces__rosidl_typesupport_fastrtps_cppExport-noconfig.cmake
[0.609s] -- Up-to-date: /home/shiva/Documents/robot_arm/install/robot_arm_interfaces/share/robot_arm_interfaces/cmake/robot_arm_interfaces__rosidl_typesupport_introspection_cExport.cmake
[0.609s] -- Up-to-date: /home/shiva/Documents/robot_arm/install/robot_arm_interfaces/share/robot_arm_interfaces/cmake/robot_arm_interfaces__rosidl_typesupport_introspection_cExport-noconfig.cmake
[0.609s] -- Up-to-date: /home/shiva/Documents/robot_arm/install/robot_arm_interfaces/share/robot_arm_interfaces/cmake/robot_arm_interfaces__rosidl_typesupport_cExport.cmake
[0.609s] -- Up-to-date: /home/shiva/Documents/robot_arm/install/robot_arm_interfaces/share/robot_arm_interfaces/cmake/robot_arm_interfaces__rosidl_typesupport_cExport-noconfig.cmake
[0.609s] -- Up-to-date: /home/shiva/Documents/robot_arm/install/robot_arm_interfaces/share/robot_arm_interfaces/cmake/robot_arm_interfaces__rosidl_typesupport_introspection_cppExport.cmake
[0.609s] -- Up-to-date: /home/shiva/Documents/robot_arm/install/robot_arm_interfaces/share/robot_arm_interfaces/cmake/robot_arm_interfaces__rosidl_typesupport_introspection_cppExport-noconfig.cmake
[0.610s] -- Up-to-date: /home/shiva/Documents/robot_arm/install/robot_arm_interfaces/share/robot_arm_interfaces/cmake/robot_arm_interfaces__rosidl_typesupport_cppExport.cmake
[0.610s] -- Up-to-date: /home/shiva/Documents/robot_arm/install/robot_arm_interfaces/share/robot_arm_interfaces/cmake/robot_arm_interfaces__rosidl_typesupport_cppExport-noconfig.cmake
[0.610s] -- Up-to-date: /home/shiva/Documents/robot_arm/install/robot_arm_interfaces/share/robot_arm_interfaces/cmake/export_robot_arm_interfaces__rosidl_generator_pyExport.cmake
[0.610s] -- Up-to-date: /home/shiva/Documents/robot_arm/install/robot_arm_interfaces/share/robot_arm_interfaces/cmake/export_robot_arm_interfaces__rosidl_generator_pyExport-noconfig.cmake
[0.610s] -- Up-to-date: /home/shiva/Documents/robot_arm/install/robot_arm_interfaces/share/robot_arm_interfaces/cmake/rosidl_cmake-extras.cmake
[0.610s] -- Up-to-date: /home/shiva/Documents/robot_arm/install/robot_arm_interfaces/share/robot_arm_interfaces/cmake/ament_cmake_export_dependencies-extras.cmake
[0.610s] -- Up-to-date: /home/shiva/Documents/robot_arm/install/robot_arm_interfaces/share/robot_arm_interfaces/cmake/ament_cmake_export_include_directories-extras.cmake
[0.610s] -- Up-to-date: /home/shiva/Documents/robot_arm/install/robot_arm_interfaces/share/robot_arm_interfaces/cmake/ament_cmake_export_libraries-extras.cmake
[0.610s] -- Up-to-date: /home/shiva/Documents/robot_arm/install/robot_arm_interfaces/share/robot_arm_interfaces/cmake/ament_cmake_export_targets-extras.cmake
[0.610s] -- Up-to-date: /home/shiva/Documents/robot_arm/install/robot_arm_interfaces/share/robot_arm_interfaces/cmake/rosidl_cmake_export_typesupport_targets-extras.cmake
[0.610s] -- Up-to-date: /home/shiva/Documents/robot_arm/install/robot_arm_interfaces/share/robot_arm_interfaces/cmake/rosidl_cmake_export_typesupport_libraries-extras.cmake
[0.610s] -- Up-to-date: /home/shiva/Documents/robot_arm/install/robot_arm_interfaces/share/robot_arm_interfaces/cmake/robot_arm_interfacesConfig.cmake
[0.610s] -- Up-to-date: /home/shiva/Documents/robot_arm/install/robot_arm_interfaces/share/robot_arm_interfaces/cmake/robot_arm_interfacesConfig-version.cmake
[0.610s] -- Up-to-date: /home/shiva/Documents/robot_arm/install/robot_arm_interfaces/share/robot_arm_interfaces/package.xml
[0.612s] Invoked command in '/home/shiva/Documents/robot_arm/build/robot_arm_interfaces' returned '0': CMAKE_PREFIX_PATH=${CMAKE_PREFIX_PATH}:/home/shiva/Documents/wrk_spc/install/my_pkg:/opt/ros/humble /usr/bin/cmake --install /home/shiva/Documents/robot_arm/build/robot_arm_interfaces
