[0.017s] Invoking command in '/home/shiva/Documents/robot_arm/build/robot_arm_moveit': CMAKE_PREFIX_PATH=${CMAKE_PREFIX_PATH}:/home/shiva/Documents/wrk_spc/install/my_pkg:/opt/ros/humble /usr/bin/cmake /home/shiva/Documents/robot_arm/src/robot_arm_moveit -DCMAKE_INSTALL_PREFIX=/home/shiva/Documents/robot_arm/install/robot_arm_moveit
[0.105s] -- The C compiler identification is GNU 11.4.0
[0.168s] -- The CXX compiler identification is GNU 11.4.0
[0.176s] -- Detecting C compiler ABI info
[0.249s] -- Detecting C compiler ABI info - done
[0.261s] -- Check for working C compiler: /usr/bin/cc - skipped
[0.262s] -- Detecting C compile features
[0.262s] -- Detecting C compile features - done
[0.267s] -- Detecting CXX compiler ABI info
[0.369s] -- Detecting CXX compiler ABI info - done
[0.378s] -- Check for working CXX compiler: /usr/bin/c++ - skipped
[0.378s] -- Detecting CXX compile features
[0.379s] -- Detecting CXX compile features - done
[0.382s] -- Found ament_cmake: 1.3.10 (/opt/ros/humble/share/ament_cmake/cmake)
[1.426s] -- Found Python3: /home/shiva/.pyenv/shims/python3 (found version "3.10.9") found components: Interpreter 
[1.617s] -- Found ament_lint_auto: 0.12.11 (/opt/ros/humble/share/ament_lint_auto/cmake)
[1.822s] -- Added test 'flake8' to check Python code syntax and style conventions
[1.823s] -- Added test 'lint_cmake' to check CMake code style
[1.824s] -- Added test 'pep257' to check Python code against some of the docstring style conventions in PEP 257
[1.825s] -- Added test 'xmllint' to check XML markup files
[1.828s] -- Configuring done
[1.831s] -- Generating done
[1.833s] -- Build files have been written to: /home/shiva/Documents/robot_arm/build/robot_arm_moveit
[1.838s] Invoked command in '/home/shiva/Documents/robot_arm/build/robot_arm_moveit' returned '0': CMAKE_PREFIX_PATH=${CMAKE_PREFIX_PATH}:/home/shiva/Documents/wrk_spc/install/my_pkg:/opt/ros/humble /usr/bin/cmake /home/shiva/Documents/robot_arm/src/robot_arm_moveit -DCMAKE_INSTALL_PREFIX=/home/shiva/Documents/robot_arm/install/robot_arm_moveit
[1.839s] Invoking command in '/home/shiva/Documents/robot_arm/build/robot_arm_moveit': CMAKE_PREFIX_PATH=${CMAKE_PREFIX_PATH}:/home/shiva/Documents/wrk_spc/install/my_pkg:/opt/ros/humble /usr/bin/cmake --build /home/shiva/Documents/robot_arm/build/robot_arm_moveit -- -j8 -l8
[1.875s] Invoked command in '/home/shiva/Documents/robot_arm/build/robot_arm_moveit' returned '0': CMAKE_PREFIX_PATH=${CMAKE_PREFIX_PATH}:/home/shiva/Documents/wrk_spc/install/my_pkg:/opt/ros/humble /usr/bin/cmake --build /home/shiva/Documents/robot_arm/build/robot_arm_moveit -- -j8 -l8
[1.898s] Invoking command in '/home/shiva/Documents/robot_arm/build/robot_arm_moveit': CMAKE_PREFIX_PATH=${CMAKE_PREFIX_PATH}:/home/shiva/Documents/wrk_spc/install/my_pkg:/opt/ros/humble /usr/bin/cmake --install /home/shiva/Documents/robot_arm/build/robot_arm_moveit
[1.905s] -- Install configuration: ""
[1.905s] -- Installing: /home/shiva/Documents/robot_arm/install/robot_arm_moveit/share/robot_arm_moveit/launch
[1.905s] -- Installing: /home/shiva/Documents/robot_arm/install/robot_arm_moveit/share/robot_arm_moveit/launch/moveit.launch.py
[1.905s] -- Installing: /home/shiva/Documents/robot_arm/install/robot_arm_moveit/share/robot_arm_moveit/config
[1.906s] -- Installing: /home/shiva/Documents/robot_arm/install/robot_arm_moveit/share/robot_arm_moveit/config/initial_positions.yaml
[1.906s] -- Installing: /home/shiva/Documents/robot_arm/install/robot_arm_moveit/share/robot_arm_moveit/config/pilz_cartesian_limits.yaml
[1.906s] -- Installing: /home/shiva/Documents/robot_arm/install/robot_arm_moveit/share/robot_arm_moveit/config/joint_limits.yaml
[1.906s] -- Installing: /home/shiva/Documents/robot_arm/install/robot_arm_moveit/share/robot_arm_moveit/config/moveit_rviz_config.rviz
[1.906s] -- Installing: /home/shiva/Documents/robot_arm/install/robot_arm_moveit/share/robot_arm_moveit/config/kinematics.yaml
[1.907s] -- Installing: /home/shiva/Documents/robot_arm/install/robot_arm_moveit/share/robot_arm_moveit/config/robot_arm.srdf
[1.907s] -- Installing: /home/shiva/Documents/robot_arm/install/robot_arm_moveit/share/robot_arm_moveit/config/moveit_controllers.yaml
[1.907s] -- Installing: /home/shiva/Documents/robot_arm/install/robot_arm_moveit/share/ament_index/resource_index/package_run_dependencies/robot_arm_moveit
[1.907s] -- Installing: /home/shiva/Documents/robot_arm/install/robot_arm_moveit/share/ament_index/resource_index/parent_prefix_path/robot_arm_moveit
[1.908s] -- Installing: /home/shiva/Documents/robot_arm/install/robot_arm_moveit/share/robot_arm_moveit/environment/ament_prefix_path.sh
[1.908s] -- Installing: /home/shiva/Documents/robot_arm/install/robot_arm_moveit/share/robot_arm_moveit/environment/ament_prefix_path.dsv
[1.908s] -- Installing: /home/shiva/Documents/robot_arm/install/robot_arm_moveit/share/robot_arm_moveit/environment/path.sh
[1.908s] -- Installing: /home/shiva/Documents/robot_arm/install/robot_arm_moveit/share/robot_arm_moveit/environment/path.dsv
[1.908s] -- Installing: /home/shiva/Documents/robot_arm/install/robot_arm_moveit/share/robot_arm_moveit/local_setup.bash
[1.908s] -- Installing: /home/shiva/Documents/robot_arm/install/robot_arm_moveit/share/robot_arm_moveit/local_setup.sh
[1.909s] -- Installing: /home/shiva/Documents/robot_arm/install/robot_arm_moveit/share/robot_arm_moveit/local_setup.zsh
[1.909s] -- Installing: /home/shiva/Documents/robot_arm/install/robot_arm_moveit/share/robot_arm_moveit/local_setup.dsv
[1.909s] -- Installing: /home/shiva/Documents/robot_arm/install/robot_arm_moveit/share/robot_arm_moveit/package.dsv
[1.909s] -- Installing: /home/shiva/Documents/robot_arm/install/robot_arm_moveit/share/ament_index/resource_index/packages/robot_arm_moveit
[1.909s] -- Installing: /home/shiva/Documents/robot_arm/install/robot_arm_moveit/share/robot_arm_moveit/cmake/robot_arm_moveitConfig.cmake
[1.910s] -- Installing: /home/shiva/Documents/robot_arm/install/robot_arm_moveit/share/robot_arm_moveit/cmake/robot_arm_moveitConfig-version.cmake
[1.910s] -- Installing: /home/shiva/Documents/robot_arm/install/robot_arm_moveit/share/robot_arm_moveit/package.xml
[1.911s] Invoked command in '/home/shiva/Documents/robot_arm/build/robot_arm_moveit' returned '0': CMAKE_PREFIX_PATH=${CMAKE_PREFIX_PATH}:/home/shiva/Documents/wrk_spc/install/my_pkg:/opt/ros/humble /usr/bin/cmake --install /home/shiva/Documents/robot_arm/build/robot_arm_moveit
