-- Install configuration: ""
-- Up-to-date: /home/shiva/Documents/robot_arm/install/robot_arm_controller/share/robot_arm_controller/launch
-- Up-to-date: /home/shiva/Documents/robot_arm/install/robot_arm_controller/share/robot_arm_controller/launch/robot_arm_controller.launch.py
-- Up-to-date: /home/shiva/Documents/robot_arm/install/robot_arm_controller/share/robot_arm_controller/config
-- Up-to-date: /home/shiva/Documents/robot_arm/install/robot_arm_controller/share/robot_arm_controller/config/robot_arm_controller_config.yaml
-- Up-to-date: /home/shiva/Documents/robot_arm/install/robot_arm_controller/share/ament_index/resource_index/package_run_dependencies/robot_arm_controller
-- Up-to-date: /home/shiva/Documents/robot_arm/install/robot_arm_controller/share/ament_index/resource_index/parent_prefix_path/robot_arm_controller
-- Up-to-date: /home/shiva/Documents/robot_arm/install/robot_arm_controller/share/robot_arm_controller/environment/ament_prefix_path.sh
-- Up-to-date: /home/shiva/Documents/robot_arm/install/robot_arm_controller/share/robot_arm_controller/environment/ament_prefix_path.dsv
-- Up-to-date: /home/shiva/Documents/robot_arm/install/robot_arm_controller/share/robot_arm_controller/environment/path.sh
-- Up-to-date: /home/shiva/Documents/robot_arm/install/robot_arm_controller/share/robot_arm_controller/environment/path.dsv
-- Up-to-date: /home/shiva/Documents/robot_arm/install/robot_arm_controller/share/robot_arm_controller/local_setup.bash
-- Up-to-date: /home/shiva/Documents/robot_arm/install/robot_arm_controller/share/robot_arm_controller/local_setup.sh
-- Up-to-date: /home/shiva/Documents/robot_arm/install/robot_arm_controller/share/robot_arm_controller/local_setup.zsh
-- Up-to-date: /home/shiva/Documents/robot_arm/install/robot_arm_controller/share/robot_arm_controller/local_setup.dsv
-- Up-to-date: /home/shiva/Documents/robot_arm/install/robot_arm_controller/share/robot_arm_controller/package.dsv
-- Up-to-date: /home/shiva/Documents/robot_arm/install/robot_arm_controller/share/ament_index/resource_index/packages/robot_arm_controller
-- Up-to-date: /home/shiva/Documents/robot_arm/install/robot_arm_controller/share/robot_arm_controller/cmake/robot_arm_controllerConfig.cmake
-- Up-to-date: /home/shiva/Documents/robot_arm/install/robot_arm_controller/share/robot_arm_controller/cmake/robot_arm_controllerConfig-version.cmake
-- Up-to-date: /home/shiva/Documents/robot_arm/install/robot_arm_controller/share/robot_arm_controller/package.xml
