[0.029s] Invoking command in '/home/shiva/Documents/robot_arm/build/robot_arm_interfaces': CMAKE_PREFIX_PATH=${CMAKE_PREFIX_PATH}:/home/shiva/Documents/wrk_spc/install/my_pkg:/opt/ros/humble /usr/bin/cmake --build /home/shiva/Documents/robot_arm/build/robot_arm_interfaces -- -j8 -l8
[0.089s] [  6%] Built target robot_arm_interfaces__cpp
[0.089s] [ 12%] Built target robot_arm_interfaces__rosidl_generator_c
[0.106s] [ 12%] Built target ament_cmake_python_copy_robot_arm_interfaces
[0.127s] [ 22%] Built target robot_arm_interfaces__rosidl_typesupport_cpp
[0.127s] [ 32%] Built target robot_arm_interfaces__rosidl_typesupport_introspection_cpp
[0.132s] [ 41%] Built target robot_arm_interfaces__rosidl_typesupport_fastrtps_cpp
[0.138s] [ 51%] Built target robot_arm_interfaces__rosidl_typesupport_c
[0.147s] [ 61%] Built target robot_arm_interfaces__rosidl_typesupport_introspection_c
[0.149s] [ 70%] Built target robot_arm_interfaces__rosidl_typesupport_fastrtps_c
[0.168s] [ 70%] Built target robot_arm_interfaces
[0.189s] [ 74%] Built target robot_arm_interfaces__py
[0.216s] [ 80%] Built target robot_arm_interfaces__rosidl_generator_py
[0.248s] [ 87%] Built target robot_arm_interfaces__rosidl_typesupport_fastrtps_c__pyext
[0.249s] [ 93%] Built target robot_arm_interfaces__rosidl_typesupport_introspection_c__pyext
[0.251s] [100%] Built target robot_arm_interfaces__rosidl_typesupport_c__pyext
[0.484s] running egg_info
[0.500s] writing robot_arm_interfaces.egg-info/PKG-INFO
[0.501s] writing dependency_links to robot_arm_interfaces.egg-info/dependency_links.txt
[0.501s] writing top-level names to robot_arm_interfaces.egg-info/top_level.txt
[0.548s] reading manifest file 'robot_arm_interfaces.egg-info/SOURCES.txt'
[0.549s] writing manifest file 'robot_arm_interfaces.egg-info/SOURCES.txt'
[0.574s] [100%] Built target ament_cmake_python_build_robot_arm_interfaces_egg
[0.583s] Invoked command in '/home/shiva/Documents/robot_arm/build/robot_arm_interfaces' returned '0': CMAKE_PREFIX_PATH=${CMAKE_PREFIX_PATH}:/home/shiva/Documents/wrk_spc/install/my_pkg:/opt/ros/humble /usr/bin/cmake --build /home/shiva/Documents/robot_arm/build/robot_arm_interfaces -- -j8 -l8
[0.630s] Invoking command in '/home/shiva/Documents/robot_arm/build/robot_arm_interfaces': CMAKE_PREFIX_PATH=${CMAKE_PREFIX_PATH}:/home/shiva/Documents/wrk_spc/install/my_pkg:/opt/ros/humble /usr/bin/cmake --install /home/shiva/Documents/robot_arm/build/robot_arm_interfaces
[0.636s] -- Install configuration: ""
[0.636s] -- Up-to-date: /home/shiva/Documents/robot_arm/install/robot_arm_interfaces/share/ament_index/resource_index/rosidl_interfaces/robot_arm_interfaces
[0.636s] -- Up-to-date: /home/shiva/Documents/robot_arm/install/robot_arm_interfaces/include/robot_arm_interfaces/robot_arm_interfaces
[0.636s] -- Up-to-date: /home/shiva/Documents/robot_arm/install/robot_arm_interfaces/include/robot_arm_interfaces/robot_arm_interfaces/msg
[0.636s] -- Up-to-date: /home/shiva/Documents/robot_arm/install/robot_arm_interfaces/include/robot_arm_interfaces/robot_arm_interfaces/msg/rosidl_generator_c__visibility_control.h
[0.637s] -- Up-to-date: /home/shiva/Documents/robot_arm/install/robot_arm_interfaces/include/robot_arm_interfaces/robot_arm_interfaces/action
[0.637s] -- Up-to-date: /home/shiva/Documents/robot_arm/install/robot_arm_interfaces/include/robot_arm_interfaces/robot_arm_interfaces/action/robot_arm_task.h
[0.637s] -- Up-to-date: /home/shiva/Documents/robot_arm/install/robot_arm_interfaces/include/robot_arm_interfaces/robot_arm_interfaces/action/detail
[0.637s] -- Up-to-date: /home/shiva/Documents/robot_arm/install/robot_arm_interfaces/include/robot_arm_interfaces/robot_arm_interfaces/action/detail/robot_arm_task__struct.h
[0.637s] -- Up-to-date: /home/shiva/Documents/robot_arm/install/robot_arm_interfaces/include/robot_arm_interfaces/robot_arm_interfaces/action/detail/robot_arm_task__functions.h
[0.637s] -- Up-to-date: /home/shiva/Documents/robot_arm/install/robot_arm_interfaces/include/robot_arm_interfaces/robot_arm_interfaces/action/detail/robot_arm_task__type_support.h
[0.637s] -- Up-to-date: /home/shiva/Documents/robot_arm/install/robot_arm_interfaces/include/robot_arm_interfaces/robot_arm_interfaces/action/detail/robot_arm_task__functions.c
[0.637s] -- Up-to-date: /home/shiva/Documents/robot_arm/install/robot_arm_interfaces/share/robot_arm_interfaces/environment/library_path.sh
[0.637s] -- Up-to-date: /home/shiva/Documents/robot_arm/install/robot_arm_interfaces/share/robot_arm_interfaces/environment/library_path.dsv
[0.637s] -- Up-to-date: /home/shiva/Documents/robot_arm/install/robot_arm_interfaces/lib/librobot_arm_interfaces__rosidl_generator_c.so
[0.637s] -- Up-to-date: /home/shiva/Documents/robot_arm/install/robot_arm_interfaces/include/robot_arm_interfaces/robot_arm_interfaces
[0.637s] -- Up-to-date: /home/shiva/Documents/robot_arm/install/robot_arm_interfaces/include/robot_arm_interfaces/robot_arm_interfaces/msg
[0.637s] -- Up-to-date: /home/shiva/Documents/robot_arm/install/robot_arm_interfaces/include/robot_arm_interfaces/robot_arm_interfaces/msg/rosidl_typesupport_fastrtps_c__visibility_control.h
[0.637s] -- Up-to-date: /home/shiva/Documents/robot_arm/install/robot_arm_interfaces/include/robot_arm_interfaces/robot_arm_interfaces/action
[0.637s] -- Up-to-date: /home/shiva/Documents/robot_arm/install/robot_arm_interfaces/include/robot_arm_interfaces/robot_arm_interfaces/action/detail
[0.638s] -- Up-to-date: /home/shiva/Documents/robot_arm/install/robot_arm_interfaces/include/robot_arm_interfaces/robot_arm_interfaces/action/detail/robot_arm_task__rosidl_typesupport_fastrtps_c.h
[0.638s] -- Up-to-date: /home/shiva/Documents/robot_arm/install/robot_arm_interfaces/lib/librobot_arm_interfaces__rosidl_typesupport_fastrtps_c.so
[0.638s] -- Up-to-date: /home/shiva/Documents/robot_arm/install/robot_arm_interfaces/include/robot_arm_interfaces/robot_arm_interfaces
[0.638s] -- Up-to-date: /home/shiva/Documents/robot_arm/install/robot_arm_interfaces/include/robot_arm_interfaces/robot_arm_interfaces/action
[0.638s] -- Up-to-date: /home/shiva/Documents/robot_arm/install/robot_arm_interfaces/include/robot_arm_interfaces/robot_arm_interfaces/action/robot_arm_task.hpp
[0.638s] -- Up-to-date: /home/shiva/Documents/robot_arm/install/robot_arm_interfaces/include/robot_arm_interfaces/robot_arm_interfaces/action/detail
[0.638s] -- Up-to-date: /home/shiva/Documents/robot_arm/install/robot_arm_interfaces/include/robot_arm_interfaces/robot_arm_interfaces/action/detail/robot_arm_task__traits.hpp
[0.638s] -- Up-to-date: /home/shiva/Documents/robot_arm/install/robot_arm_interfaces/include/robot_arm_interfaces/robot_arm_interfaces/action/detail/robot_arm_task__struct.hpp
[0.638s] -- Up-to-date: /home/shiva/Documents/robot_arm/install/robot_arm_interfaces/include/robot_arm_interfaces/robot_arm_interfaces/action/detail/robot_arm_task__builder.hpp
[0.638s] -- Up-to-date: /home/shiva/Documents/robot_arm/install/robot_arm_interfaces/include/robot_arm_interfaces/robot_arm_interfaces
[0.638s] -- Up-to-date: /home/shiva/Documents/robot_arm/install/robot_arm_interfaces/include/robot_arm_interfaces/robot_arm_interfaces/msg
[0.638s] -- Up-to-date: /home/shiva/Documents/robot_arm/install/robot_arm_interfaces/include/robot_arm_interfaces/robot_arm_interfaces/msg/rosidl_typesupport_fastrtps_cpp__visibility_control.h
[0.638s] -- Up-to-date: /home/shiva/Documents/robot_arm/install/robot_arm_interfaces/include/robot_arm_interfaces/robot_arm_interfaces/action
[0.638s] -- Up-to-date: /home/shiva/Documents/robot_arm/install/robot_arm_interfaces/include/robot_arm_interfaces/robot_arm_interfaces/action/detail
[0.638s] -- Up-to-date: /home/shiva/Documents/robot_arm/install/robot_arm_interfaces/include/robot_arm_interfaces/robot_arm_interfaces/action/detail/dds_fastrtps
[0.638s] -- Up-to-date: /home/shiva/Documents/robot_arm/install/robot_arm_interfaces/include/robot_arm_interfaces/robot_arm_interfaces/action/detail/robot_arm_task__rosidl_typesupport_fastrtps_cpp.hpp
[0.639s] -- Up-to-date: /home/shiva/Documents/robot_arm/install/robot_arm_interfaces/lib/librobot_arm_interfaces__rosidl_typesupport_fastrtps_cpp.so
[0.639s] -- Up-to-date: /home/shiva/Documents/robot_arm/install/robot_arm_interfaces/include/robot_arm_interfaces/robot_arm_interfaces
[0.639s] -- Up-to-date: /home/shiva/Documents/robot_arm/install/robot_arm_interfaces/include/robot_arm_interfaces/robot_arm_interfaces/msg
[0.639s] -- Up-to-date: /home/shiva/Documents/robot_arm/install/robot_arm_interfaces/include/robot_arm_interfaces/robot_arm_interfaces/msg/rosidl_typesupport_introspection_c__visibility_control.h
[0.639s] -- Up-to-date: /home/shiva/Documents/robot_arm/install/robot_arm_interfaces/include/robot_arm_interfaces/robot_arm_interfaces/action
[0.639s] -- Up-to-date: /home/shiva/Documents/robot_arm/install/robot_arm_interfaces/include/robot_arm_interfaces/robot_arm_interfaces/action/detail
[0.639s] -- Up-to-date: /home/shiva/Documents/robot_arm/install/robot_arm_interfaces/include/robot_arm_interfaces/robot_arm_interfaces/action/detail/robot_arm_task__rosidl_typesupport_introspection_c.h
[0.639s] -- Up-to-date: /home/shiva/Documents/robot_arm/install/robot_arm_interfaces/include/robot_arm_interfaces/robot_arm_interfaces/action/detail/robot_arm_task__type_support.c
[0.639s] -- Up-to-date: /home/shiva/Documents/robot_arm/install/robot_arm_interfaces/lib/librobot_arm_interfaces__rosidl_typesupport_introspection_c.so
[0.639s] -- Up-to-date: /home/shiva/Documents/robot_arm/install/robot_arm_interfaces/lib/librobot_arm_interfaces__rosidl_typesupport_c.so
[0.639s] -- Up-to-date: /home/shiva/Documents/robot_arm/install/robot_arm_interfaces/include/robot_arm_interfaces/robot_arm_interfaces
[0.639s] -- Up-to-date: /home/shiva/Documents/robot_arm/install/robot_arm_interfaces/include/robot_arm_interfaces/robot_arm_interfaces/action
[0.639s] -- Up-to-date: /home/shiva/Documents/robot_arm/install/robot_arm_interfaces/include/robot_arm_interfaces/robot_arm_interfaces/action/detail
[0.639s] -- Up-to-date: /home/shiva/Documents/robot_arm/install/robot_arm_interfaces/include/robot_arm_interfaces/robot_arm_interfaces/action/detail/robot_arm_task__rosidl_typesupport_introspection_cpp.hpp
[0.640s] -- Up-to-date: /home/shiva/Documents/robot_arm/install/robot_arm_interfaces/include/robot_arm_interfaces/robot_arm_interfaces/action/detail/robot_arm_task__type_support.cpp
[0.640s] -- Up-to-date: /home/shiva/Documents/robot_arm/install/robot_arm_interfaces/lib/librobot_arm_interfaces__rosidl_typesupport_introspection_cpp.so
[0.640s] -- Up-to-date: /home/shiva/Documents/robot_arm/install/robot_arm_interfaces/lib/librobot_arm_interfaces__rosidl_typesupport_cpp.so
[0.640s] -- Up-to-date: /home/shiva/Documents/robot_arm/install/robot_arm_interfaces/share/robot_arm_interfaces/environment/pythonpath.sh
[0.640s] -- Up-to-date: /home/shiva/Documents/robot_arm/install/robot_arm_interfaces/share/robot_arm_interfaces/environment/pythonpath.dsv
[0.640s] -- Up-to-date: /home/shiva/Documents/robot_arm/install/robot_arm_interfaces/lib/python3.10/site-packages/robot_arm_interfaces-0.0.0-py3.10.egg-info
[0.640s] -- Installing: /home/shiva/Documents/robot_arm/install/robot_arm_interfaces/lib/python3.10/site-packages/robot_arm_interfaces-0.0.0-py3.10.egg-info/PKG-INFO
[0.640s] -- Installing: /home/shiva/Documents/robot_arm/install/robot_arm_interfaces/lib/python3.10/site-packages/robot_arm_interfaces-0.0.0-py3.10.egg-info/top_level.txt
[0.640s] -- Installing: /home/shiva/Documents/robot_arm/install/robot_arm_interfaces/lib/python3.10/site-packages/robot_arm_interfaces-0.0.0-py3.10.egg-info/SOURCES.txt
[0.640s] -- Installing: /home/shiva/Documents/robot_arm/install/robot_arm_interfaces/lib/python3.10/site-packages/robot_arm_interfaces-0.0.0-py3.10.egg-info/dependency_links.txt
[0.640s] -- Up-to-date: /home/shiva/Documents/robot_arm/install/robot_arm_interfaces/lib/python3.10/site-packages/robot_arm_interfaces
[0.640s] -- Up-to-date: /home/shiva/Documents/robot_arm/install/robot_arm_interfaces/lib/python3.10/site-packages/robot_arm_interfaces/librobot_arm_interfaces__rosidl_generator_py.so
[0.640s] -- Up-to-date: /home/shiva/Documents/robot_arm/install/robot_arm_interfaces/lib/python3.10/site-packages/robot_arm_interfaces/_robot_arm_interfaces_s.ep.rosidl_typesupport_introspection_c.c
[0.640s] -- Up-to-date: /home/shiva/Documents/robot_arm/install/robot_arm_interfaces/lib/python3.10/site-packages/robot_arm_interfaces/robot_arm_interfaces_s__rosidl_typesupport_introspection_c.cpython-310-x86_64-linux-gnu.so
[0.640s] -- Up-to-date: /home/shiva/Documents/robot_arm/install/robot_arm_interfaces/lib/python3.10/site-packages/robot_arm_interfaces/_robot_arm_interfaces_s.ep.rosidl_typesupport_fastrtps_c.c
[0.640s] -- Up-to-date: /home/shiva/Documents/robot_arm/install/robot_arm_interfaces/lib/python3.10/site-packages/robot_arm_interfaces/robot_arm_interfaces_s__rosidl_typesupport_c.cpython-310-x86_64-linux-gnu.so
[0.640s] -- Up-to-date: /home/shiva/Documents/robot_arm/install/robot_arm_interfaces/lib/python3.10/site-packages/robot_arm_interfaces/__init__.py
[0.640s] -- Up-to-date: /home/shiva/Documents/robot_arm/install/robot_arm_interfaces/lib/python3.10/site-packages/robot_arm_interfaces/_robot_arm_interfaces_s.ep.rosidl_typesupport_c.c
[0.641s] -- Up-to-date: /home/shiva/Documents/robot_arm/install/robot_arm_interfaces/lib/python3.10/site-packages/robot_arm_interfaces/action
[0.641s] -- Up-to-date: /home/shiva/Documents/robot_arm/install/robot_arm_interfaces/lib/python3.10/site-packages/robot_arm_interfaces/action/_robot_arm_task_s.c
[0.641s] -- Up-to-date: /home/shiva/Documents/robot_arm/install/robot_arm_interfaces/lib/python3.10/site-packages/robot_arm_interfaces/action/__init__.py
[0.641s] -- Up-to-date: /home/shiva/Documents/robot_arm/install/robot_arm_interfaces/lib/python3.10/site-packages/robot_arm_interfaces/action/_robot_arm_task.py
[0.641s] -- Up-to-date: /home/shiva/Documents/robot_arm/install/robot_arm_interfaces/lib/python3.10/site-packages/robot_arm_interfaces/robot_arm_interfaces_s__rosidl_typesupport_fastrtps_c.cpython-310-x86_64-linux-gnu.so
[0.720s] Listing '/home/shiva/Documents/robot_arm/install/robot_arm_interfaces/lib/python3.10/site-packages/robot_arm_interfaces'...
[0.720s] Listing '/home/shiva/Documents/robot_arm/install/robot_arm_interfaces/lib/python3.10/site-packages/robot_arm_interfaces/action'...
[0.724s] -- Up-to-date: /home/shiva/Documents/robot_arm/install/robot_arm_interfaces/lib/python3.10/site-packages/robot_arm_interfaces/robot_arm_interfaces_s__rosidl_typesupport_fastrtps_c.cpython-310-x86_64-linux-gnu.so
[0.725s] -- Up-to-date: /home/shiva/Documents/robot_arm/install/robot_arm_interfaces/lib/python3.10/site-packages/robot_arm_interfaces/robot_arm_interfaces_s__rosidl_typesupport_introspection_c.cpython-310-x86_64-linux-gnu.so
[0.725s] -- Up-to-date: /home/shiva/Documents/robot_arm/install/robot_arm_interfaces/lib/python3.10/site-packages/robot_arm_interfaces/robot_arm_interfaces_s__rosidl_typesupport_c.cpython-310-x86_64-linux-gnu.so
[0.726s] -- Up-to-date: /home/shiva/Documents/robot_arm/install/robot_arm_interfaces/lib/librobot_arm_interfaces__rosidl_generator_py.so
[0.726s] -- Up-to-date: /home/shiva/Documents/robot_arm/install/robot_arm_interfaces/share/robot_arm_interfaces/action/RobotArmTask.idl
[0.726s] -- Up-to-date: /home/shiva/Documents/robot_arm/install/robot_arm_interfaces/share/robot_arm_interfaces/action/RobotArmTask.action
[0.726s] -- Up-to-date: /home/shiva/Documents/robot_arm/install/robot_arm_interfaces/share/ament_index/resource_index/package_run_dependencies/robot_arm_interfaces
[0.726s] -- Up-to-date: /home/shiva/Documents/robot_arm/install/robot_arm_interfaces/share/ament_index/resource_index/parent_prefix_path/robot_arm_interfaces
[0.726s] -- Up-to-date: /home/shiva/Documents/robot_arm/install/robot_arm_interfaces/share/robot_arm_interfaces/environment/ament_prefix_path.sh
[0.727s] -- Up-to-date: /home/shiva/Documents/robot_arm/install/robot_arm_interfaces/share/robot_arm_interfaces/environment/ament_prefix_path.dsv
[0.727s] -- Up-to-date: /home/shiva/Documents/robot_arm/install/robot_arm_interfaces/share/robot_arm_interfaces/environment/path.sh
[0.727s] -- Up-to-date: /home/shiva/Documents/robot_arm/install/robot_arm_interfaces/share/robot_arm_interfaces/environment/path.dsv
[0.727s] -- Up-to-date: /home/shiva/Documents/robot_arm/install/robot_arm_interfaces/share/robot_arm_interfaces/local_setup.bash
[0.727s] -- Up-to-date: /home/shiva/Documents/robot_arm/install/robot_arm_interfaces/share/robot_arm_interfaces/local_setup.sh
[0.727s] -- Up-to-date: /home/shiva/Documents/robot_arm/install/robot_arm_interfaces/share/robot_arm_interfaces/local_setup.zsh
[0.727s] -- Up-to-date: /home/shiva/Documents/robot_arm/install/robot_arm_interfaces/share/robot_arm_interfaces/local_setup.dsv
[0.727s] -- Installing: /home/shiva/Documents/robot_arm/install/robot_arm_interfaces/share/robot_arm_interfaces/package.dsv
[0.727s] -- Up-to-date: /home/shiva/Documents/robot_arm/install/robot_arm_interfaces/share/ament_index/resource_index/packages/robot_arm_interfaces
[0.727s] -- Up-to-date: /home/shiva/Documents/robot_arm/install/robot_arm_interfaces/share/robot_arm_interfaces/cmake/export_robot_arm_interfaces__rosidl_generator_cExport.cmake
[0.727s] -- Up-to-date: /home/shiva/Documents/robot_arm/install/robot_arm_interfaces/share/robot_arm_interfaces/cmake/export_robot_arm_interfaces__rosidl_generator_cExport-noconfig.cmake
[0.728s] -- Up-to-date: /home/shiva/Documents/robot_arm/install/robot_arm_interfaces/share/robot_arm_interfaces/cmake/export_robot_arm_interfaces__rosidl_typesupport_fastrtps_cExport.cmake
[0.728s] -- Up-to-date: /home/shiva/Documents/robot_arm/install/robot_arm_interfaces/share/robot_arm_interfaces/cmake/export_robot_arm_interfaces__rosidl_typesupport_fastrtps_cExport-noconfig.cmake
[0.728s] -- Up-to-date: /home/shiva/Documents/robot_arm/install/robot_arm_interfaces/share/robot_arm_interfaces/cmake/export_robot_arm_interfaces__rosidl_generator_cppExport.cmake
[0.728s] -- Up-to-date: /home/shiva/Documents/robot_arm/install/robot_arm_interfaces/share/robot_arm_interfaces/cmake/export_robot_arm_interfaces__rosidl_typesupport_fastrtps_cppExport.cmake
[0.728s] -- Up-to-date: /home/shiva/Documents/robot_arm/install/robot_arm_interfaces/share/robot_arm_interfaces/cmake/export_robot_arm_interfaces__rosidl_typesupport_fastrtps_cppExport-noconfig.cmake
[0.728s] -- Up-to-date: /home/shiva/Documents/robot_arm/install/robot_arm_interfaces/share/robot_arm_interfaces/cmake/robot_arm_interfaces__rosidl_typesupport_introspection_cExport.cmake
[0.728s] -- Up-to-date: /home/shiva/Documents/robot_arm/install/robot_arm_interfaces/share/robot_arm_interfaces/cmake/robot_arm_interfaces__rosidl_typesupport_introspection_cExport-noconfig.cmake
[0.728s] -- Up-to-date: /home/shiva/Documents/robot_arm/install/robot_arm_interfaces/share/robot_arm_interfaces/cmake/robot_arm_interfaces__rosidl_typesupport_cExport.cmake
[0.728s] -- Up-to-date: /home/shiva/Documents/robot_arm/install/robot_arm_interfaces/share/robot_arm_interfaces/cmake/robot_arm_interfaces__rosidl_typesupport_cExport-noconfig.cmake
[0.728s] -- Up-to-date: /home/shiva/Documents/robot_arm/install/robot_arm_interfaces/share/robot_arm_interfaces/cmake/robot_arm_interfaces__rosidl_typesupport_introspection_cppExport.cmake
[0.729s] -- Up-to-date: /home/shiva/Documents/robot_arm/install/robot_arm_interfaces/share/robot_arm_interfaces/cmake/robot_arm_interfaces__rosidl_typesupport_introspection_cppExport-noconfig.cmake
[0.729s] -- Up-to-date: /home/shiva/Documents/robot_arm/install/robot_arm_interfaces/share/robot_arm_interfaces/cmake/robot_arm_interfaces__rosidl_typesupport_cppExport.cmake
[0.729s] -- Up-to-date: /home/shiva/Documents/robot_arm/install/robot_arm_interfaces/share/robot_arm_interfaces/cmake/robot_arm_interfaces__rosidl_typesupport_cppExport-noconfig.cmake
[0.729s] -- Up-to-date: /home/shiva/Documents/robot_arm/install/robot_arm_interfaces/share/robot_arm_interfaces/cmake/export_robot_arm_interfaces__rosidl_generator_pyExport.cmake
[0.729s] -- Up-to-date: /home/shiva/Documents/robot_arm/install/robot_arm_interfaces/share/robot_arm_interfaces/cmake/export_robot_arm_interfaces__rosidl_generator_pyExport-noconfig.cmake
[0.729s] -- Up-to-date: /home/shiva/Documents/robot_arm/install/robot_arm_interfaces/share/robot_arm_interfaces/cmake/rosidl_cmake-extras.cmake
[0.729s] -- Up-to-date: /home/shiva/Documents/robot_arm/install/robot_arm_interfaces/share/robot_arm_interfaces/cmake/ament_cmake_export_dependencies-extras.cmake
[0.729s] -- Up-to-date: /home/shiva/Documents/robot_arm/install/robot_arm_interfaces/share/robot_arm_interfaces/cmake/ament_cmake_export_include_directories-extras.cmake
[0.729s] -- Up-to-date: /home/shiva/Documents/robot_arm/install/robot_arm_interfaces/share/robot_arm_interfaces/cmake/ament_cmake_export_libraries-extras.cmake
[0.729s] -- Up-to-date: /home/shiva/Documents/robot_arm/install/robot_arm_interfaces/share/robot_arm_interfaces/cmake/ament_cmake_export_targets-extras.cmake
[0.729s] -- Up-to-date: /home/shiva/Documents/robot_arm/install/robot_arm_interfaces/share/robot_arm_interfaces/cmake/rosidl_cmake_export_typesupport_targets-extras.cmake
[0.730s] -- Up-to-date: /home/shiva/Documents/robot_arm/install/robot_arm_interfaces/share/robot_arm_interfaces/cmake/rosidl_cmake_export_typesupport_libraries-extras.cmake
[0.730s] -- Up-to-date: /home/shiva/Documents/robot_arm/install/robot_arm_interfaces/share/robot_arm_interfaces/cmake/robot_arm_interfacesConfig.cmake
[0.730s] -- Up-to-date: /home/shiva/Documents/robot_arm/install/robot_arm_interfaces/share/robot_arm_interfaces/cmake/robot_arm_interfacesConfig-version.cmake
[0.730s] -- Up-to-date: /home/shiva/Documents/robot_arm/install/robot_arm_interfaces/share/robot_arm_interfaces/package.xml
[0.732s] Invoked command in '/home/shiva/Documents/robot_arm/build/robot_arm_interfaces' returned '0': CMAKE_PREFIX_PATH=${CMAKE_PREFIX_PATH}:/home/shiva/Documents/wrk_spc/install/my_pkg:/opt/ros/humble /usr/bin/cmake --install /home/shiva/Documents/robot_arm/build/robot_arm_interfaces
