[0.025s] Invoking command in '/home/shiva/Documents/robot_arm/build/robot_arm_interfaces': CMAKE_PREFIX_PATH=${CMAKE_PREFIX_PATH}:/home/shiva/Documents/wrk_spc/install/my_pkg:/opt/ros/humble /usr/bin/cmake /home/shiva/Documents/robot_arm/src/robot_arm_interfaces -DCMAKE_INSTALL_PREFIX=/home/shiva/Documents/robot_arm/install/robot_arm_interfaces
[0.123s] -- The C compiler identification is GNU 11.4.0
[0.186s] -- The CXX compiler identification is GNU 11.4.0
[0.196s] -- Detecting C compiler ABI info
[0.271s] -- Detecting C compiler ABI info - done
[0.287s] -- Check for working C compiler: /usr/bin/cc - skipped
[0.287s] -- Detecting C compile features
[0.288s] -- Detecting C compile features - done
[0.293s] -- Detecting CXX compiler ABI info
[0.390s] -- Detecting CXX compiler ABI info - done
[0.403s] -- Check for working CXX compiler: /usr/bin/c++ - skipped
[0.404s] -- Detecting CXX compile features
[0.404s] -- Detecting CXX compile features - done
[0.407s] -- Found ament_cmake: 1.3.10 (/opt/ros/humble/share/ament_cmake/cmake)
[1.275s] -- Found Python3: /home/shiva/.pyenv/shims/python3 (found version "3.10.9") found components: Interpreter 
[1.499s] -- Found std_msgs: 4.2.4 (/opt/ros/humble/share/std_msgs/cmake)
[1.574s] -- Found rosidl_generator_c: 3.1.5 (/opt/ros/humble/share/rosidl_generator_c/cmake)
[1.587s] -- Found rosidl_adapter: 3.1.5 (/opt/ros/humble/share/rosidl_adapter/cmake)
[1.606s] -- Found rosidl_generator_cpp: 3.1.5 (/opt/ros/humble/share/rosidl_generator_cpp/cmake)
[1.634s] -- Using all available rosidl_typesupport_c: rosidl_typesupport_fastrtps_c;rosidl_typesupport_introspection_c
[1.662s] -- Using all available rosidl_typesupport_cpp: rosidl_typesupport_fastrtps_cpp;rosidl_typesupport_introspection_cpp
[1.703s] -- Found rosidl_default_generators: 1.2.0 (/opt/ros/humble/share/rosidl_default_generators/cmake)
[2.267s] -- Found ament_cmake_ros: 0.10.0 (/opt/ros/humble/share/ament_cmake_ros/cmake)
[2.709s] -- Using all available rosidl_typesupport_c: rosidl_typesupport_fastrtps_c;rosidl_typesupport_introspection_c
[2.882s] -- Using all available rosidl_typesupport_cpp: rosidl_typesupport_fastrtps_cpp;rosidl_typesupport_introspection_cpp
[2.937s] -- Found PythonInterp: /home/shiva/.pyenv/shims/python3 (found suitable version "3.10.9", minimum required is "3.6") 
[2.939s] -- Found python_cmake_module: 0.10.0 (/opt/ros/humble/share/python_cmake_module/cmake)
[2.997s] -- Found PythonLibs: /usr/lib/x86_64-linux-gnu/libpython3.10.so (found suitable version "3.10.12", minimum required is "3.5") 
[2.998s] -- Using PYTHON_EXECUTABLE: /home/shiva/.pyenv/shims/python3
[2.998s] -- Using PYTHON_INCLUDE_DIRS: /usr/include/python3.10
[2.998s] -- Using PYTHON_LIBRARIES: /usr/lib/x86_64-linux-gnu/libpython3.10.so
[3.052s] -- Found PythonExtra: .so  
[3.145s] -- Found ament_lint_auto: 0.12.11 (/opt/ros/humble/share/ament_lint_auto/cmake)
[3.165s] -- Added test 'lint_cmake' to check CMake code style
[3.166s] -- Added test 'xmllint' to check XML markup files
[3.168s] -- Configuring done
[3.193s] -- Generating done
[3.195s] -- Build files have been written to: /home/shiva/Documents/robot_arm/build/robot_arm_interfaces
[3.202s] Invoked command in '/home/shiva/Documents/robot_arm/build/robot_arm_interfaces' returned '0': CMAKE_PREFIX_PATH=${CMAKE_PREFIX_PATH}:/home/shiva/Documents/wrk_spc/install/my_pkg:/opt/ros/humble /usr/bin/cmake /home/shiva/Documents/robot_arm/src/robot_arm_interfaces -DCMAKE_INSTALL_PREFIX=/home/shiva/Documents/robot_arm/install/robot_arm_interfaces
[3.203s] Invoking command in '/home/shiva/Documents/robot_arm/build/robot_arm_interfaces': CMAKE_PREFIX_PATH=${CMAKE_PREFIX_PATH}:/home/shiva/Documents/wrk_spc/install/my_pkg:/opt/ros/humble /usr/bin/cmake --build /home/shiva/Documents/robot_arm/build/robot_arm_interfaces -- -j8 -l8
[3.233s] [  3%] [34m[1mGenerating C code for ROS interfaces[0m
[3.240s] [  6%] [34m[1mGenerating C++ code for ROS interfaces[0m
[3.247s] [  6%] Built target ament_cmake_python_copy_robot_arm_interfaces
[3.534s] running egg_info
[3.536s] creating robot_arm_interfaces.egg-info
[3.552s] writing robot_arm_interfaces.egg-info/PKG-INFO
[3.552s] writing dependency_links to robot_arm_interfaces.egg-info/dependency_links.txt
[3.553s] writing top-level names to robot_arm_interfaces.egg-info/top_level.txt
[3.553s] writing manifest file 'robot_arm_interfaces.egg-info/SOURCES.txt'
[3.601s] reading manifest file 'robot_arm_interfaces.egg-info/SOURCES.txt'
[3.603s] writing manifest file 'robot_arm_interfaces.egg-info/SOURCES.txt'
[3.631s] [  6%] Built target ament_cmake_python_build_robot_arm_interfaces_egg
[3.899s] [  6%] Built target robot_arm_interfaces__cpp
[3.907s] [ 12%] [34m[1mGenerating C++ type support dispatch for ROS interfaces[0m
[3.907s] [ 12%] [34m[1mGenerating C++ type support for eProsima Fast-RTPS[0m
[3.907s] [ 16%] [34m[1mGenerating C++ introspection for ROS interfaces[0m
[3.908s] [ 19%] [32mBuilding C object CMakeFiles/robot_arm_interfaces__rosidl_generator_c.dir/rosidl_generator_c/robot_arm_interfaces/action/detail/robot_arm_task__functions.c.o[0m
[4.044s] [ 22%] [32m[1mLinking C shared library librobot_arm_interfaces__rosidl_generator_c.so[0m
[4.081s] [ 22%] Built target robot_arm_interfaces__rosidl_generator_c
[4.092s] [ 25%] [34m[1mGenerating C introspection for ROS interfaces[0m
[4.095s] [ 29%] [34m[1mGenerating C type support for eProsima Fast-RTPS[0m
[4.095s] [ 32%] [34m[1mGenerating C type support dispatch for ROS interfaces[0m
[4.621s] [ 35%] [32mBuilding CXX object CMakeFiles/robot_arm_interfaces__rosidl_typesupport_cpp.dir/rosidl_typesupport_cpp/robot_arm_interfaces/action/robot_arm_task__type_support.cpp.o[0m
[4.656s] [ 38%] [32mBuilding CXX object CMakeFiles/robot_arm_interfaces__rosidl_typesupport_fastrtps_cpp.dir/rosidl_typesupport_fastrtps_cpp/robot_arm_interfaces/action/detail/dds_fastrtps/robot_arm_task__type_support.cpp.o[0m
[4.779s] [ 41%] [32mBuilding C object CMakeFiles/robot_arm_interfaces__rosidl_typesupport_introspection_c.dir/rosidl_typesupport_introspection_c/robot_arm_interfaces/action/detail/robot_arm_task__type_support.c.o[0m
[4.819s] [ 45%] [32mBuilding CXX object CMakeFiles/robot_arm_interfaces__rosidl_typesupport_introspection_cpp.dir/rosidl_typesupport_introspection_cpp/robot_arm_interfaces/action/detail/robot_arm_task__type_support.cpp.o[0m
[4.837s] [ 48%] [32mBuilding CXX object CMakeFiles/robot_arm_interfaces__rosidl_typesupport_c.dir/rosidl_typesupport_c/robot_arm_interfaces/action/robot_arm_task__type_support.cpp.o[0m
[4.840s] [ 51%] [32m[1mLinking C shared library librobot_arm_interfaces__rosidl_typesupport_introspection_c.so[0m
[4.888s] [ 51%] Built target robot_arm_interfaces__rosidl_typesupport_introspection_c
[4.893s] [ 54%] [32m[1mLinking CXX shared library librobot_arm_interfaces__rosidl_typesupport_c.so[0m
[4.936s] [ 54%] Built target robot_arm_interfaces__rosidl_typesupport_c
[5.144s] [ 58%] [32mBuilding CXX object CMakeFiles/robot_arm_interfaces__rosidl_typesupport_fastrtps_c.dir/rosidl_typesupport_fastrtps_c/robot_arm_interfaces/action/detail/robot_arm_task__type_support_c.cpp.o[0m
[5.190s] [ 61%] [32m[1mLinking CXX shared library librobot_arm_interfaces__rosidl_typesupport_cpp.so[0m
[5.230s] [ 61%] Built target robot_arm_interfaces__rosidl_typesupport_cpp
[5.374s] [ 64%] [32m[1mLinking CXX shared library librobot_arm_interfaces__rosidl_typesupport_fastrtps_cpp.so[0m
[5.452s] [ 67%] [32m[1mLinking CXX shared library librobot_arm_interfaces__rosidl_typesupport_introspection_cpp.so[0m
[5.453s] [ 67%] Built target robot_arm_interfaces__rosidl_typesupport_fastrtps_cpp
[5.511s] [ 67%] Built target robot_arm_interfaces__rosidl_typesupport_introspection_cpp
[5.528s] [ 70%] [32m[1mLinking CXX shared library librobot_arm_interfaces__rosidl_typesupport_fastrtps_c.so[0m
[5.585s] [ 70%] Built target robot_arm_interfaces__rosidl_typesupport_fastrtps_c
[5.600s] [ 70%] Built target robot_arm_interfaces
[5.615s] [ 74%] [34m[1mGenerating Python code for ROS interfaces[0m
[6.649s] [ 74%] Built target robot_arm_interfaces__py
[6.664s] [ 77%] [32mBuilding C object CMakeFiles/robot_arm_interfaces__rosidl_generator_py.dir/rosidl_generator_py/robot_arm_interfaces/action/_robot_arm_task_s.c.o[0m
[6.777s] [ 80%] [32m[1mLinking C shared library rosidl_generator_py/robot_arm_interfaces/librobot_arm_interfaces__rosidl_generator_py.so[0m
[6.808s] [ 80%] Built target robot_arm_interfaces__rosidl_generator_py
[6.823s] [ 87%] [32mBuilding C object CMakeFiles/robot_arm_interfaces__rosidl_typesupport_c__pyext.dir/rosidl_generator_py/robot_arm_interfaces/_robot_arm_interfaces_s.ep.rosidl_typesupport_c.c.o[0m
[6.823s] [ 87%] [32mBuilding C object CMakeFiles/robot_arm_interfaces__rosidl_typesupport_fastrtps_c__pyext.dir/rosidl_generator_py/robot_arm_interfaces/_robot_arm_interfaces_s.ep.rosidl_typesupport_fastrtps_c.c.o[0m
[6.823s] [ 90%] [32mBuilding C object CMakeFiles/robot_arm_interfaces__rosidl_typesupport_introspection_c__pyext.dir/rosidl_generator_py/robot_arm_interfaces/_robot_arm_interfaces_s.ep.rosidl_typesupport_introspection_c.c.o[0m
[6.924s] [ 96%] [32m[1mLinking C shared library rosidl_generator_py/robot_arm_interfaces/robot_arm_interfaces_s__rosidl_typesupport_fastrtps_c.cpython-310-x86_64-linux-gnu.so[0m
[6.924s] [ 96%] [32m[1mLinking C shared library rosidl_generator_py/robot_arm_interfaces/robot_arm_interfaces_s__rosidl_typesupport_introspection_c.cpython-310-x86_64-linux-gnu.so[0m
[6.927s] [100%] [32m[1mLinking C shared library rosidl_generator_py/robot_arm_interfaces/robot_arm_interfaces_s__rosidl_typesupport_c.cpython-310-x86_64-linux-gnu.so[0m
[6.958s] [100%] Built target robot_arm_interfaces__rosidl_typesupport_fastrtps_c__pyext
[6.958s] [100%] Built target robot_arm_interfaces__rosidl_typesupport_introspection_c__pyext
[6.959s] [100%] Built target robot_arm_interfaces__rosidl_typesupport_c__pyext
[6.968s] Invoked command in '/home/shiva/Documents/robot_arm/build/robot_arm_interfaces' returned '0': CMAKE_PREFIX_PATH=${CMAKE_PREFIX_PATH}:/home/shiva/Documents/wrk_spc/install/my_pkg:/opt/ros/humble /usr/bin/cmake --build /home/shiva/Documents/robot_arm/build/robot_arm_interfaces -- -j8 -l8
[7.011s] Invoking command in '/home/shiva/Documents/robot_arm/build/robot_arm_interfaces': CMAKE_PREFIX_PATH=${CMAKE_PREFIX_PATH}:/home/shiva/Documents/wrk_spc/install/my_pkg:/opt/ros/humble /usr/bin/cmake --install /home/shiva/Documents/robot_arm/build/robot_arm_interfaces
[7.018s] -- Install configuration: ""
[7.018s] -- Installing: /home/shiva/Documents/robot_arm/install/robot_arm_interfaces/share/ament_index/resource_index/rosidl_interfaces/robot_arm_interfaces
[7.018s] -- Installing: /home/shiva/Documents/robot_arm/install/robot_arm_interfaces/include/robot_arm_interfaces/robot_arm_interfaces
[7.018s] -- Installing: /home/shiva/Documents/robot_arm/install/robot_arm_interfaces/include/robot_arm_interfaces/robot_arm_interfaces/msg
[7.018s] -- Installing: /home/shiva/Documents/robot_arm/install/robot_arm_interfaces/include/robot_arm_interfaces/robot_arm_interfaces/msg/rosidl_generator_c__visibility_control.h
[7.018s] -- Installing: /home/shiva/Documents/robot_arm/install/robot_arm_interfaces/include/robot_arm_interfaces/robot_arm_interfaces/action
[7.018s] -- Installing: /home/shiva/Documents/robot_arm/install/robot_arm_interfaces/include/robot_arm_interfaces/robot_arm_interfaces/action/robot_arm_task.h
[7.018s] -- Installing: /home/shiva/Documents/robot_arm/install/robot_arm_interfaces/include/robot_arm_interfaces/robot_arm_interfaces/action/detail
[7.019s] -- Installing: /home/shiva/Documents/robot_arm/install/robot_arm_interfaces/include/robot_arm_interfaces/robot_arm_interfaces/action/detail/robot_arm_task__struct.h
[7.019s] -- Installing: /home/shiva/Documents/robot_arm/install/robot_arm_interfaces/include/robot_arm_interfaces/robot_arm_interfaces/action/detail/robot_arm_task__functions.h
[7.019s] -- Installing: /home/shiva/Documents/robot_arm/install/robot_arm_interfaces/include/robot_arm_interfaces/robot_arm_interfaces/action/detail/robot_arm_task__type_support.h
[7.019s] -- Installing: /home/shiva/Documents/robot_arm/install/robot_arm_interfaces/include/robot_arm_interfaces/robot_arm_interfaces/action/detail/robot_arm_task__functions.c
[7.019s] -- Installing: /home/shiva/Documents/robot_arm/install/robot_arm_interfaces/share/robot_arm_interfaces/environment/library_path.sh
[7.019s] -- Installing: /home/shiva/Documents/robot_arm/install/robot_arm_interfaces/share/robot_arm_interfaces/environment/library_path.dsv
[7.019s] -- Installing: /home/shiva/Documents/robot_arm/install/robot_arm_interfaces/lib/librobot_arm_interfaces__rosidl_generator_c.so
[7.019s] -- Set runtime path of "/home/shiva/Documents/robot_arm/install/robot_arm_interfaces/lib/librobot_arm_interfaces__rosidl_generator_c.so" to ""
[7.019s] -- Up-to-date: /home/shiva/Documents/robot_arm/install/robot_arm_interfaces/include/robot_arm_interfaces/robot_arm_interfaces
[7.019s] -- Up-to-date: /home/shiva/Documents/robot_arm/install/robot_arm_interfaces/include/robot_arm_interfaces/robot_arm_interfaces/msg
[7.019s] -- Installing: /home/shiva/Documents/robot_arm/install/robot_arm_interfaces/include/robot_arm_interfaces/robot_arm_interfaces/msg/rosidl_typesupport_fastrtps_c__visibility_control.h
[7.020s] -- Up-to-date: /home/shiva/Documents/robot_arm/install/robot_arm_interfaces/include/robot_arm_interfaces/robot_arm_interfaces/action
[7.020s] -- Up-to-date: /home/shiva/Documents/robot_arm/install/robot_arm_interfaces/include/robot_arm_interfaces/robot_arm_interfaces/action/detail
[7.020s] -- Installing: /home/shiva/Documents/robot_arm/install/robot_arm_interfaces/include/robot_arm_interfaces/robot_arm_interfaces/action/detail/robot_arm_task__rosidl_typesupport_fastrtps_c.h
[7.020s] -- Installing: /home/shiva/Documents/robot_arm/install/robot_arm_interfaces/lib/librobot_arm_interfaces__rosidl_typesupport_fastrtps_c.so
[7.020s] -- Set runtime path of "/home/shiva/Documents/robot_arm/install/robot_arm_interfaces/lib/librobot_arm_interfaces__rosidl_typesupport_fastrtps_c.so" to ""
[7.020s] -- Up-to-date: /home/shiva/Documents/robot_arm/install/robot_arm_interfaces/include/robot_arm_interfaces/robot_arm_interfaces
[7.020s] -- Up-to-date: /home/shiva/Documents/robot_arm/install/robot_arm_interfaces/include/robot_arm_interfaces/robot_arm_interfaces/action
[7.020s] -- Installing: /home/shiva/Documents/robot_arm/install/robot_arm_interfaces/include/robot_arm_interfaces/robot_arm_interfaces/action/robot_arm_task.hpp
[7.020s] -- Up-to-date: /home/shiva/Documents/robot_arm/install/robot_arm_interfaces/include/robot_arm_interfaces/robot_arm_interfaces/action/detail
[7.020s] -- Installing: /home/shiva/Documents/robot_arm/install/robot_arm_interfaces/include/robot_arm_interfaces/robot_arm_interfaces/action/detail/robot_arm_task__traits.hpp
[7.020s] -- Installing: /home/shiva/Documents/robot_arm/install/robot_arm_interfaces/include/robot_arm_interfaces/robot_arm_interfaces/action/detail/robot_arm_task__struct.hpp
[7.020s] -- Installing: /home/shiva/Documents/robot_arm/install/robot_arm_interfaces/include/robot_arm_interfaces/robot_arm_interfaces/action/detail/robot_arm_task__builder.hpp
[7.020s] -- Up-to-date: /home/shiva/Documents/robot_arm/install/robot_arm_interfaces/include/robot_arm_interfaces/robot_arm_interfaces
[7.021s] -- Up-to-date: /home/shiva/Documents/robot_arm/install/robot_arm_interfaces/include/robot_arm_interfaces/robot_arm_interfaces/msg
[7.021s] -- Installing: /home/shiva/Documents/robot_arm/install/robot_arm_interfaces/include/robot_arm_interfaces/robot_arm_interfaces/msg/rosidl_typesupport_fastrtps_cpp__visibility_control.h
[7.021s] -- Up-to-date: /home/shiva/Documents/robot_arm/install/robot_arm_interfaces/include/robot_arm_interfaces/robot_arm_interfaces/action
[7.021s] -- Up-to-date: /home/shiva/Documents/robot_arm/install/robot_arm_interfaces/include/robot_arm_interfaces/robot_arm_interfaces/action/detail
[7.021s] -- Installing: /home/shiva/Documents/robot_arm/install/robot_arm_interfaces/include/robot_arm_interfaces/robot_arm_interfaces/action/detail/dds_fastrtps
[7.021s] -- Installing: /home/shiva/Documents/robot_arm/install/robot_arm_interfaces/include/robot_arm_interfaces/robot_arm_interfaces/action/detail/robot_arm_task__rosidl_typesupport_fastrtps_cpp.hpp
[7.021s] -- Installing: /home/shiva/Documents/robot_arm/install/robot_arm_interfaces/lib/librobot_arm_interfaces__rosidl_typesupport_fastrtps_cpp.so
[7.021s] -- Set runtime path of "/home/shiva/Documents/robot_arm/install/robot_arm_interfaces/lib/librobot_arm_interfaces__rosidl_typesupport_fastrtps_cpp.so" to ""
[7.021s] -- Up-to-date: /home/shiva/Documents/robot_arm/install/robot_arm_interfaces/include/robot_arm_interfaces/robot_arm_interfaces
[7.021s] -- Up-to-date: /home/shiva/Documents/robot_arm/install/robot_arm_interfaces/include/robot_arm_interfaces/robot_arm_interfaces/msg
[7.021s] -- Installing: /home/shiva/Documents/robot_arm/install/robot_arm_interfaces/include/robot_arm_interfaces/robot_arm_interfaces/msg/rosidl_typesupport_introspection_c__visibility_control.h
[7.021s] -- Up-to-date: /home/shiva/Documents/robot_arm/install/robot_arm_interfaces/include/robot_arm_interfaces/robot_arm_interfaces/action
[7.021s] -- Up-to-date: /home/shiva/Documents/robot_arm/install/robot_arm_interfaces/include/robot_arm_interfaces/robot_arm_interfaces/action/detail
[7.021s] -- Installing: /home/shiva/Documents/robot_arm/install/robot_arm_interfaces/include/robot_arm_interfaces/robot_arm_interfaces/action/detail/robot_arm_task__rosidl_typesupport_introspection_c.h
[7.021s] -- Installing: /home/shiva/Documents/robot_arm/install/robot_arm_interfaces/include/robot_arm_interfaces/robot_arm_interfaces/action/detail/robot_arm_task__type_support.c
[7.022s] -- Installing: /home/shiva/Documents/robot_arm/install/robot_arm_interfaces/lib/librobot_arm_interfaces__rosidl_typesupport_introspection_c.so
[7.022s] -- Set runtime path of "/home/shiva/Documents/robot_arm/install/robot_arm_interfaces/lib/librobot_arm_interfaces__rosidl_typesupport_introspection_c.so" to ""
[7.022s] -- Installing: /home/shiva/Documents/robot_arm/install/robot_arm_interfaces/lib/librobot_arm_interfaces__rosidl_typesupport_c.so
[7.022s] -- Set runtime path of "/home/shiva/Documents/robot_arm/install/robot_arm_interfaces/lib/librobot_arm_interfaces__rosidl_typesupport_c.so" to ""
[7.022s] -- Up-to-date: /home/shiva/Documents/robot_arm/install/robot_arm_interfaces/include/robot_arm_interfaces/robot_arm_interfaces
[7.022s] -- Up-to-date: /home/shiva/Documents/robot_arm/install/robot_arm_interfaces/include/robot_arm_interfaces/robot_arm_interfaces/action
[7.022s] -- Up-to-date: /home/shiva/Documents/robot_arm/install/robot_arm_interfaces/include/robot_arm_interfaces/robot_arm_interfaces/action/detail
[7.022s] -- Installing: /home/shiva/Documents/robot_arm/install/robot_arm_interfaces/include/robot_arm_interfaces/robot_arm_interfaces/action/detail/robot_arm_task__rosidl_typesupport_introspection_cpp.hpp
[7.022s] -- Installing: /home/shiva/Documents/robot_arm/install/robot_arm_interfaces/include/robot_arm_interfaces/robot_arm_interfaces/action/detail/robot_arm_task__type_support.cpp
[7.022s] -- Installing: /home/shiva/Documents/robot_arm/install/robot_arm_interfaces/lib/librobot_arm_interfaces__rosidl_typesupport_introspection_cpp.so
[7.022s] -- Set runtime path of "/home/shiva/Documents/robot_arm/install/robot_arm_interfaces/lib/librobot_arm_interfaces__rosidl_typesupport_introspection_cpp.so" to ""
[7.022s] -- Installing: /home/shiva/Documents/robot_arm/install/robot_arm_interfaces/lib/librobot_arm_interfaces__rosidl_typesupport_cpp.so
[7.023s] -- Set runtime path of "/home/shiva/Documents/robot_arm/install/robot_arm_interfaces/lib/librobot_arm_interfaces__rosidl_typesupport_cpp.so" to ""
[7.023s] -- Installing: /home/shiva/Documents/robot_arm/install/robot_arm_interfaces/share/robot_arm_interfaces/environment/pythonpath.sh
[7.023s] -- Installing: /home/shiva/Documents/robot_arm/install/robot_arm_interfaces/share/robot_arm_interfaces/environment/pythonpath.dsv
[7.023s] -- Installing: /home/shiva/Documents/robot_arm/install/robot_arm_interfaces/lib/python3.10/site-packages/robot_arm_interfaces-0.0.0-py3.10.egg-info
[7.023s] -- Installing: /home/shiva/Documents/robot_arm/install/robot_arm_interfaces/lib/python3.10/site-packages/robot_arm_interfaces-0.0.0-py3.10.egg-info/PKG-INFO
[7.023s] -- Installing: /home/shiva/Documents/robot_arm/install/robot_arm_interfaces/lib/python3.10/site-packages/robot_arm_interfaces-0.0.0-py3.10.egg-info/top_level.txt
[7.023s] -- Installing: /home/shiva/Documents/robot_arm/install/robot_arm_interfaces/lib/python3.10/site-packages/robot_arm_interfaces-0.0.0-py3.10.egg-info/SOURCES.txt
[7.023s] -- Installing: /home/shiva/Documents/robot_arm/install/robot_arm_interfaces/lib/python3.10/site-packages/robot_arm_interfaces-0.0.0-py3.10.egg-info/dependency_links.txt
[7.023s] -- Installing: /home/shiva/Documents/robot_arm/install/robot_arm_interfaces/lib/python3.10/site-packages/robot_arm_interfaces
[7.023s] -- Installing: /home/shiva/Documents/robot_arm/install/robot_arm_interfaces/lib/python3.10/site-packages/robot_arm_interfaces/librobot_arm_interfaces__rosidl_generator_py.so
[7.023s] -- Installing: /home/shiva/Documents/robot_arm/install/robot_arm_interfaces/lib/python3.10/site-packages/robot_arm_interfaces/_robot_arm_interfaces_s.ep.rosidl_typesupport_introspection_c.c
[7.024s] -- Installing: /home/shiva/Documents/robot_arm/install/robot_arm_interfaces/lib/python3.10/site-packages/robot_arm_interfaces/robot_arm_interfaces_s__rosidl_typesupport_introspection_c.cpython-310-x86_64-linux-gnu.so
[7.024s] -- Installing: /home/shiva/Documents/robot_arm/install/robot_arm_interfaces/lib/python3.10/site-packages/robot_arm_interfaces/_robot_arm_interfaces_s.ep.rosidl_typesupport_fastrtps_c.c
[7.024s] -- Installing: /home/shiva/Documents/robot_arm/install/robot_arm_interfaces/lib/python3.10/site-packages/robot_arm_interfaces/robot_arm_interfaces_s__rosidl_typesupport_c.cpython-310-x86_64-linux-gnu.so
[7.024s] -- Installing: /home/shiva/Documents/robot_arm/install/robot_arm_interfaces/lib/python3.10/site-packages/robot_arm_interfaces/__init__.py
[7.024s] -- Installing: /home/shiva/Documents/robot_arm/install/robot_arm_interfaces/lib/python3.10/site-packages/robot_arm_interfaces/_robot_arm_interfaces_s.ep.rosidl_typesupport_c.c
[7.024s] -- Installing: /home/shiva/Documents/robot_arm/install/robot_arm_interfaces/lib/python3.10/site-packages/robot_arm_interfaces/action
[7.024s] -- Installing: /home/shiva/Documents/robot_arm/install/robot_arm_interfaces/lib/python3.10/site-packages/robot_arm_interfaces/action/_robot_arm_task_s.c
[7.024s] -- Installing: /home/shiva/Documents/robot_arm/install/robot_arm_interfaces/lib/python3.10/site-packages/robot_arm_interfaces/action/__init__.py
[7.024s] -- Installing: /home/shiva/Documents/robot_arm/install/robot_arm_interfaces/lib/python3.10/site-packages/robot_arm_interfaces/action/_robot_arm_task.py
[7.024s] -- Installing: /home/shiva/Documents/robot_arm/install/robot_arm_interfaces/lib/python3.10/site-packages/robot_arm_interfaces/robot_arm_interfaces_s__rosidl_typesupport_fastrtps_c.cpython-310-x86_64-linux-gnu.so
[7.102s] Listing '/home/shiva/Documents/robot_arm/install/robot_arm_interfaces/lib/python3.10/site-packages/robot_arm_interfaces'...
[7.102s] Compiling '/home/shiva/Documents/robot_arm/install/robot_arm_interfaces/lib/python3.10/site-packages/robot_arm_interfaces/__init__.py'...
[7.102s] Listing '/home/shiva/Documents/robot_arm/install/robot_arm_interfaces/lib/python3.10/site-packages/robot_arm_interfaces/action'...
[7.102s] Compiling '/home/shiva/Documents/robot_arm/install/robot_arm_interfaces/lib/python3.10/site-packages/robot_arm_interfaces/action/__init__.py'...
[7.103s] Compiling '/home/shiva/Documents/robot_arm/install/robot_arm_interfaces/lib/python3.10/site-packages/robot_arm_interfaces/action/_robot_arm_task.py'...
[7.106s] -- Installing: /home/shiva/Documents/robot_arm/install/robot_arm_interfaces/lib/python3.10/site-packages/robot_arm_interfaces/robot_arm_interfaces_s__rosidl_typesupport_fastrtps_c.cpython-310-x86_64-linux-gnu.so
[7.106s] -- Set runtime path of "/home/shiva/Documents/robot_arm/install/robot_arm_interfaces/lib/python3.10/site-packages/robot_arm_interfaces/robot_arm_interfaces_s__rosidl_typesupport_fastrtps_c.cpython-310-x86_64-linux-gnu.so" to ""
[7.107s] -- Installing: /home/shiva/Documents/robot_arm/install/robot_arm_interfaces/lib/python3.10/site-packages/robot_arm_interfaces/robot_arm_interfaces_s__rosidl_typesupport_introspection_c.cpython-310-x86_64-linux-gnu.so
[7.107s] -- Set runtime path of "/home/shiva/Documents/robot_arm/install/robot_arm_interfaces/lib/python3.10/site-packages/robot_arm_interfaces/robot_arm_interfaces_s__rosidl_typesupport_introspection_c.cpython-310-x86_64-linux-gnu.so" to ""
[7.107s] -- Installing: /home/shiva/Documents/robot_arm/install/robot_arm_interfaces/lib/python3.10/site-packages/robot_arm_interfaces/robot_arm_interfaces_s__rosidl_typesupport_c.cpython-310-x86_64-linux-gnu.so
[7.107s] -- Set runtime path of "/home/shiva/Documents/robot_arm/install/robot_arm_interfaces/lib/python3.10/site-packages/robot_arm_interfaces/robot_arm_interfaces_s__rosidl_typesupport_c.cpython-310-x86_64-linux-gnu.so" to ""
[7.107s] -- Installing: /home/shiva/Documents/robot_arm/install/robot_arm_interfaces/lib/librobot_arm_interfaces__rosidl_generator_py.so
[7.107s] -- Set runtime path of "/home/shiva/Documents/robot_arm/install/robot_arm_interfaces/lib/librobot_arm_interfaces__rosidl_generator_py.so" to ""
[7.107s] -- Installing: /home/shiva/Documents/robot_arm/install/robot_arm_interfaces/share/robot_arm_interfaces/action/RobotArmTask.idl
[7.108s] -- Installing: /home/shiva/Documents/robot_arm/install/robot_arm_interfaces/share/robot_arm_interfaces/action/RobotArmTask.action
[7.108s] -- Installing: /home/shiva/Documents/robot_arm/install/robot_arm_interfaces/share/ament_index/resource_index/package_run_dependencies/robot_arm_interfaces
[7.108s] -- Installing: /home/shiva/Documents/robot_arm/install/robot_arm_interfaces/share/ament_index/resource_index/parent_prefix_path/robot_arm_interfaces
[7.108s] -- Installing: /home/shiva/Documents/robot_arm/install/robot_arm_interfaces/share/robot_arm_interfaces/environment/ament_prefix_path.sh
[7.108s] -- Installing: /home/shiva/Documents/robot_arm/install/robot_arm_interfaces/share/robot_arm_interfaces/environment/ament_prefix_path.dsv
[7.108s] -- Installing: /home/shiva/Documents/robot_arm/install/robot_arm_interfaces/share/robot_arm_interfaces/environment/path.sh
[7.108s] -- Installing: /home/shiva/Documents/robot_arm/install/robot_arm_interfaces/share/robot_arm_interfaces/environment/path.dsv
[7.108s] -- Installing: /home/shiva/Documents/robot_arm/install/robot_arm_interfaces/share/robot_arm_interfaces/local_setup.bash
[7.108s] -- Installing: /home/shiva/Documents/robot_arm/install/robot_arm_interfaces/share/robot_arm_interfaces/local_setup.sh
[7.108s] -- Installing: /home/shiva/Documents/robot_arm/install/robot_arm_interfaces/share/robot_arm_interfaces/local_setup.zsh
[7.108s] -- Installing: /home/shiva/Documents/robot_arm/install/robot_arm_interfaces/share/robot_arm_interfaces/local_setup.dsv
[7.109s] -- Installing: /home/shiva/Documents/robot_arm/install/robot_arm_interfaces/share/robot_arm_interfaces/package.dsv
[7.109s] -- Installing: /home/shiva/Documents/robot_arm/install/robot_arm_interfaces/share/ament_index/resource_index/packages/robot_arm_interfaces
[7.109s] -- Installing: /home/shiva/Documents/robot_arm/install/robot_arm_interfaces/share/robot_arm_interfaces/cmake/export_robot_arm_interfaces__rosidl_generator_cExport.cmake
[7.109s] -- Installing: /home/shiva/Documents/robot_arm/install/robot_arm_interfaces/share/robot_arm_interfaces/cmake/export_robot_arm_interfaces__rosidl_generator_cExport-noconfig.cmake
[7.109s] -- Installing: /home/shiva/Documents/robot_arm/install/robot_arm_interfaces/share/robot_arm_interfaces/cmake/export_robot_arm_interfaces__rosidl_typesupport_fastrtps_cExport.cmake
[7.109s] -- Installing: /home/shiva/Documents/robot_arm/install/robot_arm_interfaces/share/robot_arm_interfaces/cmake/export_robot_arm_interfaces__rosidl_typesupport_fastrtps_cExport-noconfig.cmake
[7.109s] -- Installing: /home/shiva/Documents/robot_arm/install/robot_arm_interfaces/share/robot_arm_interfaces/cmake/export_robot_arm_interfaces__rosidl_generator_cppExport.cmake
[7.109s] -- Installing: /home/shiva/Documents/robot_arm/install/robot_arm_interfaces/share/robot_arm_interfaces/cmake/export_robot_arm_interfaces__rosidl_typesupport_fastrtps_cppExport.cmake
[7.109s] -- Installing: /home/shiva/Documents/robot_arm/install/robot_arm_interfaces/share/robot_arm_interfaces/cmake/export_robot_arm_interfaces__rosidl_typesupport_fastrtps_cppExport-noconfig.cmake
[7.109s] -- Installing: /home/shiva/Documents/robot_arm/install/robot_arm_interfaces/share/robot_arm_interfaces/cmake/robot_arm_interfaces__rosidl_typesupport_introspection_cExport.cmake
[7.110s] -- Installing: /home/shiva/Documents/robot_arm/install/robot_arm_interfaces/share/robot_arm_interfaces/cmake/robot_arm_interfaces__rosidl_typesupport_introspection_cExport-noconfig.cmake
[7.110s] -- Installing: /home/shiva/Documents/robot_arm/install/robot_arm_interfaces/share/robot_arm_interfaces/cmake/robot_arm_interfaces__rosidl_typesupport_cExport.cmake
[7.110s] -- Installing: /home/shiva/Documents/robot_arm/install/robot_arm_interfaces/share/robot_arm_interfaces/cmake/robot_arm_interfaces__rosidl_typesupport_cExport-noconfig.cmake
[7.110s] -- Installing: /home/shiva/Documents/robot_arm/install/robot_arm_interfaces/share/robot_arm_interfaces/cmake/robot_arm_interfaces__rosidl_typesupport_introspection_cppExport.cmake
[7.110s] -- Installing: /home/shiva/Documents/robot_arm/install/robot_arm_interfaces/share/robot_arm_interfaces/cmake/robot_arm_interfaces__rosidl_typesupport_introspection_cppExport-noconfig.cmake
[7.110s] -- Installing: /home/shiva/Documents/robot_arm/install/robot_arm_interfaces/share/robot_arm_interfaces/cmake/robot_arm_interfaces__rosidl_typesupport_cppExport.cmake
[7.110s] -- Installing: /home/shiva/Documents/robot_arm/install/robot_arm_interfaces/share/robot_arm_interfaces/cmake/robot_arm_interfaces__rosidl_typesupport_cppExport-noconfig.cmake
[7.110s] -- Installing: /home/shiva/Documents/robot_arm/install/robot_arm_interfaces/share/robot_arm_interfaces/cmake/export_robot_arm_interfaces__rosidl_generator_pyExport.cmake
[7.110s] -- Installing: /home/shiva/Documents/robot_arm/install/robot_arm_interfaces/share/robot_arm_interfaces/cmake/export_robot_arm_interfaces__rosidl_generator_pyExport-noconfig.cmake
[7.110s] -- Installing: /home/shiva/Documents/robot_arm/install/robot_arm_interfaces/share/robot_arm_interfaces/cmake/rosidl_cmake-extras.cmake
[7.110s] -- Installing: /home/shiva/Documents/robot_arm/install/robot_arm_interfaces/share/robot_arm_interfaces/cmake/ament_cmake_export_dependencies-extras.cmake
[7.111s] -- Installing: /home/shiva/Documents/robot_arm/install/robot_arm_interfaces/share/robot_arm_interfaces/cmake/ament_cmake_export_include_directories-extras.cmake
[7.111s] -- Installing: /home/shiva/Documents/robot_arm/install/robot_arm_interfaces/share/robot_arm_interfaces/cmake/ament_cmake_export_libraries-extras.cmake
[7.111s] -- Installing: /home/shiva/Documents/robot_arm/install/robot_arm_interfaces/share/robot_arm_interfaces/cmake/ament_cmake_export_targets-extras.cmake
[7.111s] -- Installing: /home/shiva/Documents/robot_arm/install/robot_arm_interfaces/share/robot_arm_interfaces/cmake/rosidl_cmake_export_typesupport_targets-extras.cmake
[7.111s] -- Installing: /home/shiva/Documents/robot_arm/install/robot_arm_interfaces/share/robot_arm_interfaces/cmake/rosidl_cmake_export_typesupport_libraries-extras.cmake
[7.111s] -- Installing: /home/shiva/Documents/robot_arm/install/robot_arm_interfaces/share/robot_arm_interfaces/cmake/robot_arm_interfacesConfig.cmake
[7.111s] -- Installing: /home/shiva/Documents/robot_arm/install/robot_arm_interfaces/share/robot_arm_interfaces/cmake/robot_arm_interfacesConfig-version.cmake
[7.111s] -- Installing: /home/shiva/Documents/robot_arm/install/robot_arm_interfaces/share/robot_arm_interfaces/package.xml
[7.113s] Invoked command in '/home/shiva/Documents/robot_arm/build/robot_arm_interfaces' returned '0': CMAKE_PREFIX_PATH=${CMAKE_PREFIX_PATH}:/home/shiva/Documents/wrk_spc/install/my_pkg:/opt/ros/humble /usr/bin/cmake --install /home/shiva/Documents/robot_arm/build/robot_arm_interfaces
