[0.030s] Invoking command in '/home/shiva/Documents/robot_arm/build/cpp_examples': CMAKE_PREFIX_PATH=${CMAKE_PREFIX_PATH}:/home/shiva/Documents/wrk_spc/install/my_pkg:/opt/ros/humble /usr/bin/cmake --build /home/shiva/Documents/robot_arm/build/cpp_examples -- -j8 -l8
[0.074s] [35m[1mConsolidate compiler generated dependencies of target simple_moveit_interface[0m
[0.118s] [100%] Built target simple_moveit_interface
[0.172s] Invoked command in '/home/shiva/Documents/robot_arm/build/cpp_examples' returned '0': CMAKE_PREFIX_PATH=${CMAKE_PREFIX_PATH}:/home/shiva/Documents/wrk_spc/install/my_pkg:/opt/ros/humble /usr/bin/cmake --build /home/shiva/Documents/robot_arm/build/cpp_examples -- -j8 -l8
[0.224s] Invoking command in '/home/shiva/Documents/robot_arm/build/cpp_examples': CMAKE_PREFIX_PATH=${CMAKE_PREFIX_PATH}:/home/shiva/Documents/wrk_spc/install/my_pkg:/opt/ros/humble /usr/bin/cmake --install /home/shiva/Documents/robot_arm/build/cpp_examples
[0.232s] -- Install configuration: ""
[0.234s] -- Up-to-date: /home/shiva/Documents/robot_arm/install/cpp_examples/lib/cpp_examples/simple_moveit_interface
[0.234s] -- Up-to-date: /home/shiva/Documents/robot_arm/install/cpp_examples/share/ament_index/resource_index/package_run_dependencies/cpp_examples
[0.235s] -- Up-to-date: /home/shiva/Documents/robot_arm/install/cpp_examples/share/ament_index/resource_index/parent_prefix_path/cpp_examples
[0.235s] -- Up-to-date: /home/shiva/Documents/robot_arm/install/cpp_examples/share/cpp_examples/environment/ament_prefix_path.sh
[0.235s] -- Up-to-date: /home/shiva/Documents/robot_arm/install/cpp_examples/share/cpp_examples/environment/ament_prefix_path.dsv
[0.235s] -- Up-to-date: /home/shiva/Documents/robot_arm/install/cpp_examples/share/cpp_examples/environment/path.sh
[0.235s] -- Up-to-date: /home/shiva/Documents/robot_arm/install/cpp_examples/share/cpp_examples/environment/path.dsv
[0.236s] -- Up-to-date: /home/shiva/Documents/robot_arm/install/cpp_examples/share/cpp_examples/local_setup.bash
[0.237s] -- Up-to-date: /home/shiva/Documents/robot_arm/install/cpp_examples/share/cpp_examples/local_setup.sh
[0.237s] -- Up-to-date: /home/shiva/Documents/robot_arm/install/cpp_examples/share/cpp_examples/local_setup.zsh
[0.237s] -- Up-to-date: /home/shiva/Documents/robot_arm/install/cpp_examples/share/cpp_examples/local_setup.dsv
[0.237s] -- Installing: /home/shiva/Documents/robot_arm/install/cpp_examples/share/cpp_examples/package.dsv
[0.237s] -- Up-to-date: /home/shiva/Documents/robot_arm/install/cpp_examples/share/ament_index/resource_index/packages/cpp_examples
[0.237s] -- Up-to-date: /home/shiva/Documents/robot_arm/install/cpp_examples/share/cpp_examples/cmake/cpp_examplesConfig.cmake
[0.238s] -- Up-to-date: /home/shiva/Documents/robot_arm/install/cpp_examples/share/cpp_examples/cmake/cpp_examplesConfig-version.cmake
[0.238s] -- Up-to-date: /home/shiva/Documents/robot_arm/install/cpp_examples/share/cpp_examples/package.xml
[0.241s] Invoked command in '/home/shiva/Documents/robot_arm/build/cpp_examples' returned '0': CMAKE_PREFIX_PATH=${CMAKE_PREFIX_PATH}:/home/shiva/Documents/wrk_spc/install/my_pkg:/opt/ros/humble /usr/bin/cmake --install /home/shiva/Documents/robot_arm/build/cpp_examples
