[35m[1mConsolidate compiler generated dependencies of target task_server_node[0m
[35m[1mConsolidate compiler generated dependencies of target task_server[0m
[ 50%] Built target task_server_node
[ 50%] Built target ament_cmake_python_copy_robot_arm_remote
[100%] Built target task_server
running egg_info
writing robot_arm_remote.egg-info/PKG-INFO
writing dependency_links to robot_arm_remote.egg-info/dependency_links.txt
writing top-level names to robot_arm_remote.egg-info/top_level.txt
reading manifest file 'robot_arm_remote.egg-info/SOURCES.txt'
writing manifest file 'robot_arm_remote.egg-info/SOURCES.txt'
[100%] Built target ament_cmake_python_build_robot_arm_remote_egg
-- Install configuration: ""
-- Up-to-date: /home/shiva/Documents/robot_arm/install/robot_arm_remote/lib/robot_arm_remote/task_server_node
-- Up-to-date: /home/shiva/Documents/robot_arm/install/robot_arm_remote/share/robot_arm_remote/environment/pythonpath.sh
-- Up-to-date: /home/shiva/Documents/robot_arm/install/robot_arm_remote/share/robot_arm_remote/environment/pythonpath.dsv
-- Up-to-date: /home/shiva/Documents/robot_arm/install/robot_arm_remote/lib/python3.10/site-packages/robot_arm_remote-0.0.0-py3.10.egg-info
-- Installing: /home/shiva/Documents/robot_arm/install/robot_arm_remote/lib/python3.10/site-packages/robot_arm_remote-0.0.0-py3.10.egg-info/PKG-INFO
-- Installing: /home/shiva/Documents/robot_arm/install/robot_arm_remote/lib/python3.10/site-packages/robot_arm_remote-0.0.0-py3.10.egg-info/top_level.txt
-- Installing: /home/shiva/Documents/robot_arm/install/robot_arm_remote/lib/python3.10/site-packages/robot_arm_remote-0.0.0-py3.10.egg-info/SOURCES.txt
-- Installing: /home/shiva/Documents/robot_arm/install/robot_arm_remote/lib/python3.10/site-packages/robot_arm_remote-0.0.0-py3.10.egg-info/dependency_links.txt
-- Up-to-date: /home/shiva/Documents/robot_arm/install/robot_arm_remote/lib/python3.10/site-packages/robot_arm_remote
-- Up-to-date: /home/shiva/Documents/robot_arm/install/robot_arm_remote/lib/python3.10/site-packages/robot_arm_remote/__init__.py
-- Up-to-date: /home/shiva/Documents/robot_arm/install/robot_arm_remote/lib/python3.10/site-packages/robot_arm_remote/alexa_interface.py
Listing '/home/shiva/Documents/robot_arm/install/robot_arm_remote/lib/python3.10/site-packages/robot_arm_remote'...
-- Up-to-date: /home/shiva/Documents/robot_arm/install/robot_arm_remote/share/robot_arm_remote/launch
-- Up-to-date: /home/shiva/Documents/robot_arm/install/robot_arm_remote/share/robot_arm_remote/launch/alexa_remote_interface.launch.py
-- Up-to-date: /home/shiva/Documents/robot_arm/install/robot_arm_remote/lib/libtask_server.so
-- Up-to-date: /home/shiva/Documents/robot_arm/install/robot_arm_remote/lib/robot_arm_remote/alexa_interface.py
-- Up-to-date: /home/shiva/Documents/robot_arm/install/robot_arm_remote/share/ament_index/resource_index/package_run_dependencies/robot_arm_remote
-- Up-to-date: /home/shiva/Documents/robot_arm/install/robot_arm_remote/share/ament_index/resource_index/parent_prefix_path/robot_arm_remote
-- Up-to-date: /home/shiva/Documents/robot_arm/install/robot_arm_remote/share/robot_arm_remote/environment/ament_prefix_path.sh
-- Up-to-date: /home/shiva/Documents/robot_arm/install/robot_arm_remote/share/robot_arm_remote/environment/ament_prefix_path.dsv
-- Up-to-date: /home/shiva/Documents/robot_arm/install/robot_arm_remote/share/robot_arm_remote/environment/path.sh
-- Up-to-date: /home/shiva/Documents/robot_arm/install/robot_arm_remote/share/robot_arm_remote/environment/path.dsv
-- Up-to-date: /home/shiva/Documents/robot_arm/install/robot_arm_remote/share/robot_arm_remote/local_setup.bash
-- Up-to-date: /home/shiva/Documents/robot_arm/install/robot_arm_remote/share/robot_arm_remote/local_setup.sh
-- Up-to-date: /home/shiva/Documents/robot_arm/install/robot_arm_remote/share/robot_arm_remote/local_setup.zsh
-- Up-to-date: /home/shiva/Documents/robot_arm/install/robot_arm_remote/share/robot_arm_remote/local_setup.dsv
-- Installing: /home/shiva/Documents/robot_arm/install/robot_arm_remote/share/robot_arm_remote/package.dsv
-- Up-to-date: /home/shiva/Documents/robot_arm/install/robot_arm_remote/share/ament_index/resource_index/packages/robot_arm_remote
-- Up-to-date: /home/shiva/Documents/robot_arm/install/robot_arm_remote/share/ament_index/resource_index/rclcpp_components/robot_arm_remote
-- Up-to-date: /home/shiva/Documents/robot_arm/install/robot_arm_remote/share/robot_arm_remote/cmake/robot_arm_remoteConfig.cmake
-- Up-to-date: /home/shiva/Documents/robot_arm/install/robot_arm_remote/share/robot_arm_remote/cmake/robot_arm_remoteConfig-version.cmake
-- Up-to-date: /home/shiva/Documents/robot_arm/install/robot_arm_remote/share/robot_arm_remote/package.xml
