[0.026s] Invoking command in '/home/shiva/Documents/robot_arm/build/robot_arm_controller': CMAKE_PREFIX_PATH=${CMAKE_PREFIX_PATH}:/home/shiva/Documents/wrk_spc/install/my_pkg:/opt/ros/humble /usr/bin/cmake --build /home/shiva/Documents/robot_arm/build/robot_arm_controller -- -j8 -l8
[0.064s] Invoked command in '/home/shiva/Documents/robot_arm/build/robot_arm_controller' returned '0': CMAKE_PREFIX_PATH=${CMAKE_PREFIX_PATH}:/home/shiva/Documents/wrk_spc/install/my_pkg:/opt/ros/humble /usr/bin/cmake --build /home/shiva/Documents/robot_arm/build/robot_arm_controller -- -j8 -l8
[0.112s] Invoking command in '/home/shiva/Documents/robot_arm/build/robot_arm_controller': CMAKE_PREFIX_PATH=${CMAKE_PREFIX_PATH}:/home/shiva/Documents/wrk_spc/install/my_pkg:/opt/ros/humble /usr/bin/cmake --install /home/shiva/Documents/robot_arm/build/robot_arm_controller
[0.128s] -- Install configuration: ""
[0.130s] -- Up-to-date: /home/shiva/Documents/robot_arm/install/robot_arm_controller/share/robot_arm_controller/launch
[0.130s] -- Up-to-date: /home/shiva/Documents/robot_arm/install/robot_arm_controller/share/robot_arm_controller/launch/robot_arm_controller.launch.py
[0.131s] -- Up-to-date: /home/shiva/Documents/robot_arm/install/robot_arm_controller/share/robot_arm_controller/config
[0.131s] -- Up-to-date: /home/shiva/Documents/robot_arm/install/robot_arm_controller/share/robot_arm_controller/config/robot_arm_controller_config.yaml
[0.131s] -- Up-to-date: /home/shiva/Documents/robot_arm/install/robot_arm_controller/share/ament_index/resource_index/package_run_dependencies/robot_arm_controller
[0.131s] -- Up-to-date: /home/shiva/Documents/robot_arm/install/robot_arm_controller/share/ament_index/resource_index/parent_prefix_path/robot_arm_controller
[0.131s] -- Up-to-date: /home/shiva/Documents/robot_arm/install/robot_arm_controller/share/robot_arm_controller/environment/ament_prefix_path.sh
[0.131s] -- Up-to-date: /home/shiva/Documents/robot_arm/install/robot_arm_controller/share/robot_arm_controller/environment/ament_prefix_path.dsv
[0.131s] -- Up-to-date: /home/shiva/Documents/robot_arm/install/robot_arm_controller/share/robot_arm_controller/environment/path.sh
[0.132s] -- Up-to-date: /home/shiva/Documents/robot_arm/install/robot_arm_controller/share/robot_arm_controller/environment/path.dsv
[0.132s] -- Up-to-date: /home/shiva/Documents/robot_arm/install/robot_arm_controller/share/robot_arm_controller/local_setup.bash
[0.132s] -- Up-to-date: /home/shiva/Documents/robot_arm/install/robot_arm_controller/share/robot_arm_controller/local_setup.sh
[0.132s] -- Up-to-date: /home/shiva/Documents/robot_arm/install/robot_arm_controller/share/robot_arm_controller/local_setup.zsh
[0.132s] -- Up-to-date: /home/shiva/Documents/robot_arm/install/robot_arm_controller/share/robot_arm_controller/local_setup.dsv
[0.132s] -- Installing: /home/shiva/Documents/robot_arm/install/robot_arm_controller/share/robot_arm_controller/package.dsv
[0.132s] -- Up-to-date: /home/shiva/Documents/robot_arm/install/robot_arm_controller/share/ament_index/resource_index/packages/robot_arm_controller
[0.132s] -- Up-to-date: /home/shiva/Documents/robot_arm/install/robot_arm_controller/share/robot_arm_controller/cmake/robot_arm_controllerConfig.cmake
[0.132s] -- Up-to-date: /home/shiva/Documents/robot_arm/install/robot_arm_controller/share/robot_arm_controller/cmake/robot_arm_controllerConfig-version.cmake
[0.133s] -- Up-to-date: /home/shiva/Documents/robot_arm/install/robot_arm_controller/share/robot_arm_controller/package.xml
[0.156s] Invoked command in '/home/shiva/Documents/robot_arm/build/robot_arm_controller' returned '0': CMAKE_PREFIX_PATH=${CMAKE_PREFIX_PATH}:/home/shiva/Documents/wrk_spc/install/my_pkg:/opt/ros/humble /usr/bin/cmake --install /home/shiva/Documents/robot_arm/build/robot_arm_controller
